4.4710 	WARNING 	Font Manager failed to load file C:\Users\jimmy\AppData\Local\Microsoft\Windows\Fonts\複製 -DFFN.TTC
4.5130 	WARNING 	Font Manager failed to load file C:\Users\jimmy\AppData\Local\Microsoft\Windows\Fonts\文鼎古印體.TTF
4.5385 	WARNING 	Font Manager failed to load file C:\Users\jimmy\AppData\Local\Microsoft\Windows\Fonts\wp010-08王漢宗中楷體注音.ttf
4.5677 	WARNING 	Font Manager failed to load file C:\Users\jimmy\AppData\Local\Microsoft\Windows\Fonts\華康超特圓體(P).ttc
4.6487 	WARNING 	Font Manager failed to load file C:\Users\jimmy\AppData\Local\Microsoft\Windows\Fonts\華康超特明體(P).ttc
4.7222 	WARNING 	Font Manager failed to load file C:\Users\jimmy\AppData\Local\Microsoft\Windows\Fonts\華康娃娃體.TTC
4.7306 	WARNING 	Font Manager failed to load file C:\Users\jimmy\AppData\Local\Microsoft\Windows\Fonts\華康超特黑體(P).ttc
4.7685 	WARNING 	Font Manager failed to load file C:\Users\jimmy\AppData\Local\Microsoft\Windows\Fonts\文鼎勘亭.TTF
4.7986 	WARNING 	Font Manager failed to load file C:\Users\jimmy\AppData\Local\Microsoft\Windows\Fonts\文鼎粗行楷.TTF
4.8236 	WARNING 	Font Manager failed to load file C:\Users\jimmy\AppData\Local\Microsoft\Windows\Fonts\文鼎花瓣體.TTF
4.8419 	WARNING 	Font Manager failed to load file C:\Users\jimmy\AppData\Local\Microsoft\Windows\Fonts\文鼎海報體.TTF
4.8468 	WARNING 	Font Manager failed to load file C:\Users\jimmy\AppData\Local\Microsoft\Windows\Fonts\華康童童體(P).TTC
4.8744 	WARNING 	Font Manager failed to load file C:\Users\jimmy\AppData\Local\Microsoft\Windows\Fonts\wp010-05王漢宗中明體注音.ttf
4.9461 	WARNING 	Font Manager failed to load file C:\Users\jimmy\AppData\Local\Microsoft\Windows\Fonts\文鼎新藝體.TTF
4.9492 	WARNING 	Font Manager failed to load file C:\Users\jimmy\AppData\Local\Microsoft\Windows\Fonts\複製 -DFFN_0.TTC
5.5232 	WARNING 	Font Manager failed to load file C:\Users\jimmy\AppData\Local\Microsoft\Windows\Fonts\複製 -DFFN.TTC
5.5714 	WARNING 	Font Manager failed to load file C:\Users\jimmy\AppData\Local\Microsoft\Windows\Fonts\文鼎古印體.TTF
5.6017 	WARNING 	Font Manager failed to load file C:\Users\jimmy\AppData\Local\Microsoft\Windows\Fonts\wp010-08王漢宗中楷體注音.ttf
5.6240 	WARNING 	Font Manager failed to load file C:\Users\jimmy\AppData\Local\Microsoft\Windows\Fonts\華康超特圓體(P).ttc
5.7020 	WARNING 	Font Manager failed to load file C:\Users\jimmy\AppData\Local\Microsoft\Windows\Fonts\華康超特明體(P).ttc
5.7535 	WARNING 	Font Manager failed to load file C:\Users\jimmy\AppData\Local\Microsoft\Windows\Fonts\華康娃娃體.TTC
5.7604 	WARNING 	Font Manager failed to load file C:\Users\jimmy\AppData\Local\Microsoft\Windows\Fonts\華康超特黑體(P).ttc
5.7974 	WARNING 	Font Manager failed to load file C:\Users\jimmy\AppData\Local\Microsoft\Windows\Fonts\文鼎勘亭.TTF
5.8313 	WARNING 	Font Manager failed to load file C:\Users\jimmy\AppData\Local\Microsoft\Windows\Fonts\文鼎粗行楷.TTF
5.8541 	WARNING 	Font Manager failed to load file C:\Users\jimmy\AppData\Local\Microsoft\Windows\Fonts\文鼎花瓣體.TTF
5.8645 	WARNING 	Font Manager failed to load file C:\Users\jimmy\AppData\Local\Microsoft\Windows\Fonts\文鼎海報體.TTF
5.8671 	WARNING 	Font Manager failed to load file C:\Users\jimmy\AppData\Local\Microsoft\Windows\Fonts\華康童童體(P).TTC
5.9097 	WARNING 	Font Manager failed to load file C:\Users\jimmy\AppData\Local\Microsoft\Windows\Fonts\wp010-05王漢宗中明體注音.ttf
5.9671 	WARNING 	Font Manager failed to load file C:\Users\jimmy\AppData\Local\Microsoft\Windows\Fonts\文鼎新藝體.TTF
5.9706 	WARNING 	Font Manager failed to load file C:\Users\jimmy\AppData\Local\Microsoft\Windows\Fonts\複製 -DFFN_0.TTC
44.3464 	WARNING 	User requested fullscreen with size [1536  864], but screen is actually [2736, 1824]. Using actual size
47.3925 	EXP 	Created window1 = Window(allowGUI=True, allowStencil=False, autoLog=True, backendConf=UNKNOWN, bitsMode=UNKNOWN, blendMode='avg', bpc=(8, 8, 8), color=array([0, 0, 0]), colorSpace='rgb', depthBits=8, fullscr=<method-wrapper '__getattribute__' of attributeSetter object at 0x000001C940D02070>, gamma=None, gammaErrorPolicy='raise', lms=UNKNOWN, monitor=<psychopy.monitors.calibTools.Monitor object at 0x000001C942D8AF70>, multiSample=False, name='window1', numSamples=2, pos=(0, 0), screen=0, size=array([2736, 1824]), stencilBits=0, stereo=False, units='height', useFBO=True, useRetina=False, viewOri=0.0, viewPos=None, viewScale=None, waitBlanking=True, winType='pyglet')
47.3929 	EXP 	window1: mouseVisible = True
47.3932 	EXP 	window1: mouseVisible = False
47.3932 	EXP 	window1: Attempting to measure frame rate of screen (0) ...
47.3933 	EXP 	window1: recordFrameIntervals = False
47.5579 	EXP 	window1: recordFrameIntervals = True
47.7421 	EXP 	Screen (0) actual frame rate measured at 59.99Hz
47.7422 	EXP 	window1: recordFrameIntervals = False
51.6596 	EXP 	Created textreproductionstart = TextStim(__class__=<class 'psychopy.visual.text.TextStim'>, alignHoriz=method-wrapper(...), alignText='center', alignVert=method-wrapper(...), anchorHoriz='center', anchorVert='center', antialias=True, autoDraw=False, autoLog=True, bold=False, color=array([1, 1, 1]), colorSpace='rgb', contrast=1.0, depth=0.0, flipHoriz=False, flipVert=False, font='Open Sans', fontFiles=[], height=0.05, italic=False, languageStyle='LTR', name='textreproductionstart', opacity=1.0, ori=0.0, pos=array([0., 0.]), rgb=UNKNOWN, text='', units='height', win=Window(...), wrapWidth=1)
51.6702 	EXP 	window1: mouseVisible = True
52.5526 	EXP 	Created scale = Slider(__class__=<class 'psychopy.visual.slider.Slider'>, autoDraw=False, autoLog=True, borderColor=None, color=None, colorSpace='rgb', depth=-1, fillColor=None, flip=False, font='Open Sans', granularity=0.0, labelColor=None, labelHeight=0.04000000000000001, labelWrapWidth=None, labels=list(...), lineColor=None, markerColor=None, name='scale', opacity=None, ori=0.0, pos=array([ 0. , -0.2]), readOnly=False, self=UNKNOWN, size=array([1.2 , 0.04]), startValue=None, style='rating', styleTweaks=['triangleMarker'], ticks=ndarray(...), units='height', win=Window(...))
52.7254 	EXP 	Created textWelcomeMessage = TextStim(__class__=<class 'psychopy.visual.text.TextStim'>, alignHoriz=method-wrapper(...), alignText='center', alignVert=method-wrapper(...), anchorHoriz='center', anchorVert='center', antialias=True, autoDraw=False, autoLog=True, bold=False, color=array([1, 1, 1]), colorSpace='rgb', contrast=1.0, depth=0.0, flipHoriz=False, flipVert=False, font='Open Sans', fontFiles=[], height=0.05, italic=False, languageStyle='LTR', name='textWelcomeMessage', opacity=1.0, ori=0.0, pos=array([0., 0.]), rgb=UNKNOWN, text='歡迎來到本次的實驗\n\n請按"空白鍵"開始實驗', units='height', win=Window(...), wrapWidth=1)
52.7321 	EXP 	Created textblank1000 = TextStim(__class__=<class 'psychopy.visual.text.TextStim'>, alignHoriz=method-wrapper(...), alignText='center', alignVert=method-wrapper(...), anchorHoriz='center', anchorVert='center', antialias=True, autoDraw=False, autoLog=True, bold=False, color=array([1, 1, 1]), colorSpace='rgb', contrast=1.0, depth=0.0, flipHoriz=False, flipVert=False, font='Open Sans', fontFiles=[], height=0.05, italic=False, languageStyle='LTR', name='textblank1000', opacity=1.0, ori=0.0, pos=array([0., 0.]), rgb=UNKNOWN, text='+', units='height', win=Window(...), wrapWidth=1)
53.1199 	EXP 	Sound sound_1 set volume 1.000
53.1448 	EXP 	Created image = ImageStim(__class__=<class 'psychopy.visual.image.ImageStim'>, anchor=('center', 'center'), autoLog=True, color=array([1, 1, 1]), colorSpace='rgb', contrast=1.0, depth=0.0, flipHoriz=False, flipVert=False, image='sin', interpolate=True, mask=None, maskParams=None, name='image', opacity=1.0, ori=0.0, pos=array([0., 0.]), size=array([0.95, 0.7 ]), texRes=128.0, units='height', win=Window(...))
53.1460 	EXP 	Created textreproductionstart = TextStim(__class__=<class 'psychopy.visual.text.TextStim'>, alignHoriz=method-wrapper(...), alignText='center', alignVert=method-wrapper(...), anchorHoriz='center', anchorVert='center', antialias=True, autoDraw=False, autoLog=True, bold=False, color=array([1, 1, 1]), colorSpace='rgb', contrast=1.0, depth=0.0, flipHoriz=False, flipVert=False, font='Open Sans', fontFiles=[], height=0.05, italic=False, languageStyle='LTR', name='textreproductionstart', opacity=1.0, ori=0.0, pos=array([0., 0.]), rgb=UNKNOWN, text='', units='height', win=Window(...), wrapWidth=1)
53.1495 	EXP 	window1: mouseVisible = True
53.6610 	EXP 	Created scale = Slider(__class__=<class 'psychopy.visual.slider.Slider'>, autoDraw=False, autoLog=True, borderColor=None, color=None, colorSpace='rgb', depth=-1, fillColor=None, flip=False, font='Open Sans', granularity=0.0, labelColor=None, labelHeight=0.04000000000000001, labelWrapWidth=None, labels=list(...), lineColor=None, markerColor=None, name='scale', opacity=None, ori=0.0, pos=array([ 0. , -0.2]), readOnly=False, self=UNKNOWN, size=array([1.2 , 0.04]), startValue=None, style='rating', styleTweaks=['triangleMarker'], ticks=ndarray(...), units='height', win=Window(...))
53.7437 	EXP 	Created textrest = TextStim(__class__=<class 'psychopy.visual.text.TextStim'>, alignHoriz=method-wrapper(...), alignText='center', alignVert=method-wrapper(...), anchorHoriz='center', anchorVert='center', antialias=True, autoDraw=False, autoLog=True, bold=False, color=array([1, 1, 1]), colorSpace='rgb', contrast=1.0, depth=0.0, flipHoriz=False, flipVert=False, font='Open Sans', fontFiles=[], height=0.05, italic=False, languageStyle='LTR', name='textrest', opacity=1.0, ori=0.0, pos=array([0., 0.]), rgb=UNKNOWN, text='休息30秒\n\n時間結束會自動進入下一題', units='height', win=Window(...), wrapWidth=1)
53.7602 	EXP 	Created textready = TextStim(__class__=<class 'psychopy.visual.text.TextStim'>, alignHoriz=method-wrapper(...), alignText='center', alignVert=method-wrapper(...), anchorHoriz='center', anchorVert='center', antialias=True, autoDraw=False, autoLog=True, bold=False, color=array([1, 1, 1]), colorSpace='rgb', contrast=1.0, depth=-1.0, flipHoriz=False, flipVert=False, font='Open Sans', fontFiles=[], height=0.05, italic=False, languageStyle='LTR', name='textready', opacity=1.0, ori=0.0, pos=array([0., 0.]), rgb=UNKNOWN, text='即將進入下一題', units='height', win=Window(...), wrapWidth=1)
53.7630 	EXP 	Sound sound_2 set volume 1.000
53.8056 	EXP 	Created text = TextStim(__class__=<class 'psychopy.visual.text.TextStim'>, alignHoriz=method-wrapper(...), alignText='center', alignVert=method-wrapper(...), anchorHoriz='center', anchorVert='center', antialias=True, autoDraw=False, autoLog=True, bold=False, color=array([1, 1, 1]), colorSpace='rgb', contrast=1.0, depth=0.0, flipHoriz=False, flipVert=False, font='Open Sans', fontFiles=[], height=0.05, italic=False, languageStyle='LTR', name='text', opacity=1.0, ori=0.0, pos=array([0., 0.]), rgb=UNKNOWN, text='練習階段結束\n\n準備好請按"空白鍵"開始正式階段', units='height', win=Window(...), wrapWidth=1)
53.8081 	EXP 	Created textblank1000 = TextStim(__class__=<class 'psychopy.visual.text.TextStim'>, alignHoriz=method-wrapper(...), alignText='center', alignVert=method-wrapper(...), anchorHoriz='center', anchorVert='center', antialias=True, autoDraw=False, autoLog=True, bold=False, color=array([1, 1, 1]), colorSpace='rgb', contrast=1.0, depth=0.0, flipHoriz=False, flipVert=False, font='Open Sans', fontFiles=[], height=0.05, italic=False, languageStyle='LTR', name='textblank1000', opacity=1.0, ori=0.0, pos=array([0., 0.]), rgb=UNKNOWN, text='+', units='height', win=Window(...), wrapWidth=1)
53.8099 	EXP 	Sound sound_1 set volume 1.000
53.8184 	EXP 	Created emopic = ImageStim(__class__=<class 'psychopy.visual.image.ImageStim'>, anchor=('center', 'center'), autoLog=True, color=array([1, 1, 1]), colorSpace='rgb', contrast=1.0, depth=0.0, flipHoriz=False, flipVert=False, image='sin', interpolate=True, mask=None, maskParams=None, name='emopic', opacity=1.0, ori=0.0, pos=array([0., 0.]), size=array([1., 1.]), texRes=128.0, units='height', win=Window(...))
53.8193 	EXP 	Created textreproductionstart = TextStim(__class__=<class 'psychopy.visual.text.TextStim'>, alignHoriz=method-wrapper(...), alignText='center', alignVert=method-wrapper(...), anchorHoriz='center', anchorVert='center', antialias=True, autoDraw=False, autoLog=True, bold=False, color=array([1, 1, 1]), colorSpace='rgb', contrast=1.0, depth=0.0, flipHoriz=False, flipVert=False, font='Open Sans', fontFiles=[], height=0.05, italic=False, languageStyle='LTR', name='textreproductionstart', opacity=1.0, ori=0.0, pos=array([0., 0.]), rgb=UNKNOWN, text='', units='height', win=Window(...), wrapWidth=1)
53.8218 	EXP 	window1: mouseVisible = True
54.6232 	EXP 	Created scale = Slider(__class__=<class 'psychopy.visual.slider.Slider'>, autoDraw=False, autoLog=True, borderColor=None, color=None, colorSpace='rgb', depth=-1, fillColor=None, flip=False, font='Open Sans', granularity=0.0, labelColor=None, labelHeight=0.04000000000000001, labelWrapWidth=None, labels=list(...), lineColor=None, markerColor=None, name='scale', opacity=None, ori=0.0, pos=array([ 0. , -0.2]), readOnly=False, self=UNKNOWN, size=array([1.2 , 0.04]), startValue=None, style='rating', styleTweaks=['triangleMarker'], ticks=ndarray(...), units='height', win=Window(...))
54.6331 	EXP 	Created textrest = TextStim(__class__=<class 'psychopy.visual.text.TextStim'>, alignHoriz=method-wrapper(...), alignText='center', alignVert=method-wrapper(...), anchorHoriz='center', anchorVert='center', antialias=True, autoDraw=False, autoLog=True, bold=False, color=array([1, 1, 1]), colorSpace='rgb', contrast=1.0, depth=0.0, flipHoriz=False, flipVert=False, font='Open Sans', fontFiles=[], height=0.05, italic=False, languageStyle='LTR', name='textrest', opacity=1.0, ori=0.0, pos=array([0., 0.]), rgb=UNKNOWN, text='休息30秒\n\n時間結束會自動進入下一題', units='height', win=Window(...), wrapWidth=1)
54.6393 	EXP 	Created textready = TextStim(__class__=<class 'psychopy.visual.text.TextStim'>, alignHoriz=method-wrapper(...), alignText='center', alignVert=method-wrapper(...), anchorHoriz='center', anchorVert='center', antialias=True, autoDraw=False, autoLog=True, bold=False, color=array([1, 1, 1]), colorSpace='rgb', contrast=1.0, depth=-1.0, flipHoriz=False, flipVert=False, font='Open Sans', fontFiles=[], height=0.05, italic=False, languageStyle='LTR', name='textready', opacity=1.0, ori=0.0, pos=array([0., 0.]), rgb=UNKNOWN, text='即將進入下一題', units='height', win=Window(...), wrapWidth=1)
54.6435 	EXP 	Sound sound_2 set volume 1.000
54.6920 	EXP 	Created textEndMessage = TextStim(__class__=<class 'psychopy.visual.text.TextStim'>, alignHoriz=method-wrapper(...), alignText='center', alignVert=method-wrapper(...), anchorHoriz='center', anchorVert='center', antialias=True, autoDraw=False, autoLog=True, bold=False, color=array([1, 1, 1]), colorSpace='rgb', contrast=1.0, depth=0.0, flipHoriz=False, flipVert=False, font='Open Sans', fontFiles=[], height=0.05, italic=False, languageStyle='LTR', name='textEndMessage', opacity=1.0, ori=0.0, pos=array([0., 0.]), rgb=UNKNOWN, text='本次實驗到此結束\n\n感謝您的參與', units='height', win=Window(...), wrapWidth=1)
54.9438 	EXP 	scale: autoLog = True
54.9438 	EXP 	scale: markerPos = None
54.9438 	EXP 	scale: styleTweaks = []
54.9438 	EXP 	scale: styleTweaks = []
54.9438 	EXP 	scale: styleTweaks = ['triangleMarker']
54.9438 	EXP 	scale: styleTweaks = ['triangleMarker']
54.9438 	EXP 	scale: contrast = 1.0
54.9438 	EXP 	scale: autoLog = True
54.9438 	EXP 	scale: autoLog = True
54.9438 	EXP 	scale: markerPos = None
54.9438 	EXP 	scale: styleTweaks = []
54.9438 	EXP 	scale: styleTweaks = []
54.9438 	EXP 	scale: styleTweaks = ['triangleMarker']
54.9438 	EXP 	scale: styleTweaks = ['triangleMarker']
54.9438 	EXP 	scale: contrast = 1.0
54.9438 	EXP 	scale: autoLog = True
54.9438 	EXP 	scale: autoLog = True
54.9438 	EXP 	scale: markerPos = None
54.9438 	EXP 	scale: styleTweaks = []
54.9438 	EXP 	scale: styleTweaks = []
54.9438 	EXP 	scale: styleTweaks = ['triangleMarker']
54.9438 	EXP 	scale: styleTweaks = ['triangleMarker']
54.9438 	EXP 	scale: contrast = 1.0
54.9438 	EXP 	scale: autoLog = True
54.9438 	EXP 	textreproductionstart: height = 0.05
54.9438 	EXP 	textreproductionstart: height = 0.05
54.9438 	EXP 	textreproductionstart: height = 0.05
54.9438 	EXP 	textreproductionstart: text = '時間估計作業\n\n請透過滑鼠將刺激呈現時間點在以下量尺中\n按下空白鍵進入下一題'
54.9438 	EXP 	scale: markerPos = None
54.9438 	EXP 	scale: markerPos = None
54.9438 	EXP 	textreproductionstart: autoDraw = True
54.9438 	EXP 	scale: autoDraw = True
97.8676 	DATA 	Mouse: Left button down, pos=(1312,536)
97.9273 	EXP 	scale: markerPos = 7.116228070175438
97.9745 	EXP 	scale: markerPos = 7.116228070175438
98.0345 	EXP 	scale: markerPos = 7.116228070175438
98.0965 	EXP 	scale: markerPos = 7.116228070175438
98.1458 	EXP 	scale: markerPos = 6.828399122807018
98.1866 	EXP 	scale: markerPos = 6.478892543859649
98.2418 	EXP 	scale: markerPos = 6.088267543859649
98.3033 	EXP 	scale: markerPos = 5.738760964912281
98.3591 	EXP 	scale: markerPos = 5.409813596491228
98.4034 	EXP 	scale: markerPos = 5.1219846491228065
98.4365 	EXP 	scale: markerPos = 4.902686403508771
98.4916 	EXP 	scale: markerPos = 4.834155701754385
98.5536 	EXP 	scale: markerPos = 4.751918859649123
98.6060 	EXP 	scale: markerPos = 4.902686403508771
98.6420 	EXP 	scale: markerPos = 5.163103070175438
98.6992 	EXP 	scale: markerPos = 6.136239035087719
98.7479 	EXP 	scale: markerPos = 6.239035087719298
98.7864 	EXP 	scale: markerPos = 6.663925438596491
98.8171 	EXP 	scale: markerPos = 6.753015350877193
98.8506 	EXP 	scale: markerPos = 6.9449013157894735
98.8835 	EXP 	scale: markerPos = 7.1847587719298245
98.9375 	EXP 	scale: markerPos = 7.198464912280701
98.9958 	EXP 	scale: markerPos = 7.198464912280701
99.0483 	EXP 	scale: markerPos = 7.232730263157895
99.1152 	EXP 	scale: markerPos = 8.075657894736842
99.1721 	EXP 	scale: markerPos = 8.246984649122806
99.2332 	EXP 	scale: markerPos = 8.42516447368421
99.2974 	EXP 	scale: markerPos = 8.42516447368421
99.3629 	EXP 	scale: markerPos = 8.665021929824562
99.3972 	EXP 	scale: markerPos = 8.665021929824562
99.4481 	EXP 	scale: markerPos = 8.665021929824562
99.5039 	EXP 	scale: markerPos = 8.651315789473683
99.5487 	EXP 	scale: markerPos = 8.637609649122808
99.6105 	EXP 	scale: markerPos = 8.589638157894738
99.6713 	EXP 	scale: markerPos = 8.548519736842104
99.7251 	EXP 	scale: markerPos = 8.52796052631579
99.7811 	EXP 	scale: markerPos = 8.47998903508772
99.8434 	EXP 	scale: markerPos = 8.466282894736842
99.9043 	EXP 	scale: markerPos = 8.466282894736842
99.9479 	EXP 	scale: markerPos = 8.384046052631579
99.9911 	EXP 	scale: markerPos = 8.356633771929825
100.0183 	EXP 	scale: markerPos = 8.356633771929825
100.0596 	EXP 	scale: markerPos = 8.322368421052632
100.1199 	EXP 	scale: markerPos = 8.260690789473685
100.1880 	EXP 	scale: markerPos = 8.246984649122806
100.2252 	EXP 	scale: markerPos = 8.164747807017545
100.2551 	EXP 	scale: markerPos = 8.13733552631579
100.2854 	EXP 	scale: markerPos = 8.13733552631579
100.3412 	EXP 	scale: markerPos = 8.13733552631579
100.3826 	EXP 	scale: markerPos = 8.13733552631579
100.4187 	EXP 	scale: markerPos = 8.13733552631579
100.4734 	EXP 	scale: markerPos = 8.13733552631579
100.5224 	EXP 	scale: markerPos = 8.13733552631579
100.5854 	EXP 	scale: markerPos = 8.13733552631579
100.6479 	EXP 	scale: markerPos = 8.157894736842106
100.7121 	EXP 	scale: markerPos = 8.32922149122807
100.7713 	EXP 	scale: markerPos = 8.404605263157896
100.8154 	EXP 	scale: markerPos = 8.534813596491228
100.8471 	EXP 	scale: markerPos = 8.548519736842104
100.8835 	EXP 	scale: markerPos = 8.562225877192983
100.9344 	EXP 	scale: markerPos = 8.57593201754386
100.9871 	EXP 	scale: markerPos = 8.610197368421053
101.0225 	EXP 	scale: markerPos = 8.610197368421053
101.0804 	EXP 	scale: markerPos = 8.610197368421053
101.1349 	EXP 	scale: markerPos = 8.610197368421053
101.1684 	EXP 	scale: markerPos = 8.5827850877193
101.1986 	EXP 	scale: markerPos = 8.541666666666666
101.2356 	EXP 	scale: markerPos = 8.493695175438596
101.2789 	EXP 	scale: markerPos = 8.459429824561404
101.3255 	EXP 	scale: markerPos = 8.363486842105262
101.3597 	EXP 	scale: markerPos = 8.301809210526315
101.3885 	EXP 	scale: markerPos = 8.301809210526315
101.4278 	EXP 	scale: markerPos = 8.301809210526315
101.4799 	EXP 	scale: markerPos = 8.301809210526315
101.5338 	EXP 	scale: markerPos = 8.301809210526315
101.6029 	EXP 	scale: markerPos = 8.57593201754386
101.6617 	EXP 	scale: markerPos = 8.637609649122808
101.7034 	EXP 	scale: markerPos = 8.774671052631579
101.7598 	EXP 	scale: markerPos = 8.788377192982455
101.8188 	EXP 	scale: markerPos = 8.788377192982455
101.8773 	EXP 	scale: markerPos = 8.76781798245614
101.9306 	EXP 	scale: markerPos = 8.671875
101.9803 	EXP 	scale: markerPos = 8.445723684210527
102.0100 	EXP 	scale: markerPos = 8.397752192982457
102.0481 	EXP 	scale: markerPos = 8.37719298245614
102.1000 	EXP 	scale: markerPos = 8.315515350877194
102.1560 	EXP 	scale: markerPos = 8.253837719298245
102.2061 	EXP 	scale: markerPos = 8.253837719298245
102.2431 	EXP 	scale: markerPos = 8.253837719298245
102.2712 	EXP 	scale: markerPos = 8.253837719298245
102.3148 	EXP 	scale: markerPos = 8.253837719298245
102.3753 	DATA 	Mouse:  Left button up, pos=(1478,536)
102.3775 	EXP 	scale: markerPos = 8.253837719298245
102.4226 	EXP 	scale: markerPos = 8.253837719298245
176.9649 	DATA 	Keypress: space
176.9674 	EXP 	textreproductionstart: autoDraw = False
176.9674 	EXP 	scale: autoDraw = False
176.9674 	EXP 	textWelcomeMessage: autoDraw = True
192.4157 	EXP 	Imported pink_con.xlsx as conditions, 3 conditions, 2 params
192.4262 	EXP 	Created sequence: random, trialTypes=3, nReps=1, seed=None
192.4270 	EXP 	New trial (rep=0, index=0): {'pink': 'pink.png', 'pra_duration': 4}
193.5758 	EXP 	Sound sound_1 stopped
193.7977 	DATA 	Keypress: space
193.8048 	EXP 	textWelcomeMessage: autoDraw = False
193.8048 	EXP 	textblank1000: autoDraw = False
193.8048 	EXP 	image: image = 'pink.png'
193.8048 	EXP 	image: autoDraw = True
197.8364 	EXP 	image: autoDraw = False
197.8364 	EXP 	image: autoDraw = False
197.8364 	EXP 	textreproductionstart: text = '時間估計作業\n\n請透過滑鼠將刺激呈現時間點在以下量尺中\n按下空白鍵進入下一題'
197.8364 	EXP 	scale: markerPos = None
197.8364 	EXP 	scale: markerPos = None
197.8364 	EXP 	textreproductionstart: autoDraw = True
197.8364 	EXP 	scale: autoDraw = True
202.3387 	DATA 	Mouse: Left button down, pos=(708,544)
202.3880 	EXP 	scale: markerPos = 2.976973684210526
202.4447 	EXP 	scale: markerPos = 2.976973684210526
202.4938 	DATA 	Mouse:  Left button up, pos=(708,544)
202.4964 	EXP 	scale: markerPos = 2.976973684210526
202.5462 	EXP 	scale: markerPos = 2.976973684210526
203.9014 	DATA 	Mouse: Left button down, pos=(730,548)
203.9380 	EXP 	scale: markerPos = 3.127741228070175
203.9897 	EXP 	scale: markerPos = 3.127741228070175
204.0479 	EXP 	scale: markerPos = 3.127741228070175
204.1127 	EXP 	scale: markerPos = 3.100328947368421
204.1516 	EXP 	scale: markerPos = 3.018092105263157
204.1987 	EXP 	scale: markerPos = 3.0043859649122804
204.2530 	EXP 	scale: markerPos = 3.0043859649122804
204.3067 	EXP 	scale: markerPos = 3.0043859649122804
204.3531 	EXP 	scale: markerPos = 2.990679824561403
204.4076 	EXP 	scale: markerPos = 2.990679824561403
204.4636 	EXP 	scale: markerPos = 2.990679824561403
204.5152 	EXP 	scale: markerPos = 2.990679824561403
204.5686 	EXP 	scale: markerPos = 2.990679824561403
204.6206 	EXP 	scale: markerPos = 2.990679824561403
204.6788 	EXP 	scale: markerPos = 2.990679824561403
204.7396 	EXP 	scale: markerPos = 2.990679824561403
204.7961 	EXP 	scale: markerPos = 2.990679824561403
204.8448 	EXP 	scale: markerPos = 2.990679824561403
204.8821 	EXP 	scale: markerPos = 2.990679824561403
204.9160 	EXP 	scale: markerPos = 2.9975328947368416
204.9748 	EXP 	scale: markerPos = 3.011239035087719
205.0284 	EXP 	scale: markerPos = 3.0317982456140347
205.0799 	EXP 	scale: markerPos = 3.0317982456140347
205.1411 	EXP 	scale: markerPos = 3.0317982456140347
205.1940 	EXP 	scale: markerPos = 3.0317982456140347
205.2349 	EXP 	scale: markerPos = 3.0317982456140347
205.2795 	EXP 	scale: markerPos = 3.0317982456140347
205.3277 	EXP 	scale: markerPos = 3.0317982456140347
205.3629 	EXP 	scale: markerPos = 3.0317982456140347
205.4041 	EXP 	scale: markerPos = 3.0317982456140347
205.4397 	EXP 	scale: markerPos = 3.0317982456140347
205.4797 	EXP 	scale: markerPos = 3.0317982456140347
205.5113 	EXP 	scale: markerPos = 3.0317982456140347
205.5405 	EXP 	scale: markerPos = 3.0317982456140347
205.5759 	EXP 	scale: markerPos = 3.0317982456140347
205.6179 	EXP 	scale: markerPos = 3.0317982456140347
205.6716 	EXP 	scale: markerPos = 3.0317982456140347
205.7220 	EXP 	scale: markerPos = 3.0317982456140347
205.7791 	EXP 	scale: markerPos = 3.0317982456140347
205.8255 	EXP 	scale: markerPos = 3.0317982456140347
205.8668 	EXP 	scale: markerPos = 3.0317982456140347
205.9124 	EXP 	scale: markerPos = 3.0317982456140347
205.9687 	EXP 	scale: markerPos = 3.0317982456140347
206.0028 	EXP 	scale: markerPos = 3.0317982456140347
206.0539 	EXP 	scale: markerPos = 3.0317982456140347
206.1119 	EXP 	scale: markerPos = 3.0317982456140347
206.1614 	EXP 	scale: markerPos = 3.0317982456140347
206.2008 	EXP 	scale: markerPos = 3.0317982456140347
206.2491 	EXP 	scale: markerPos = 3.0317982456140347
206.3071 	EXP 	scale: markerPos = 3.0317982456140347
206.3437 	EXP 	scale: markerPos = 3.0317982456140347
206.3921 	EXP 	scale: markerPos = 3.0317982456140347
206.4359 	EXP 	scale: markerPos = 3.0317982456140347
206.4730 	EXP 	scale: markerPos = 3.0317982456140347
206.5263 	EXP 	scale: markerPos = 3.0317982456140347
206.5850 	EXP 	scale: markerPos = 3.0317982456140347
206.6175 	EXP 	scale: markerPos = 3.0317982456140347
206.6593 	EXP 	scale: markerPos = 3.0317982456140347
206.7037 	EXP 	scale: markerPos = 3.0043859649122804
206.7598 	EXP 	scale: markerPos = 2.990679824561403
206.8125 	EXP 	scale: markerPos = 2.990679824561403
206.8557 	EXP 	scale: markerPos = 2.990679824561403
206.9149 	EXP 	scale: markerPos = 2.990679824561403
206.9609 	EXP 	scale: markerPos = 2.990679824561403
207.0137 	EXP 	scale: markerPos = 2.990679824561403
207.0520 	EXP 	scale: markerPos = 3.011239035087719
207.0818 	EXP 	scale: markerPos = 3.0455043859649114
207.1176 	EXP 	scale: markerPos = 3.0729166666666656
207.1452 	EXP 	scale: markerPos = 3.093475877192982
207.1811 	EXP 	scale: markerPos = 3.1071820175438587
207.2353 	EXP 	scale: markerPos = 3.1071820175438587
207.2890 	EXP 	scale: markerPos = 3.1071820175438587
207.3435 	EXP 	scale: markerPos = 3.1071820175438587
207.4042 	EXP 	scale: markerPos = 3.1071820175438587
207.4659 	EXP 	scale: markerPos = 3.100328947368421
207.5234 	EXP 	scale: markerPos = 3.100328947368421
207.5765 	EXP 	scale: markerPos = 3.100328947368421
207.6147 	EXP 	scale: markerPos = 3.0797697368421044
207.6567 	EXP 	scale: markerPos = 3.0660635964912277
207.7102 	EXP 	scale: markerPos = 3.05235745614035
207.7569 	EXP 	scale: markerPos = 3.05235745614035
207.7979 	EXP 	scale: markerPos = 3.05235745614035
207.8284 	EXP 	scale: markerPos = 3.05235745614035
207.8627 	EXP 	scale: markerPos = 3.05235745614035
207.9179 	EXP 	scale: markerPos = 3.05235745614035
207.9533 	EXP 	scale: markerPos = 3.05235745614035
207.9844 	EXP 	scale: markerPos = 3.0386513157894735
208.0188 	EXP 	scale: markerPos = 3.0386513157894735
208.0541 	EXP 	scale: markerPos = 3.0386513157894735
208.0862 	EXP 	scale: markerPos = 3.0386513157894735
208.1223 	EXP 	scale: markerPos = 3.0386513157894735
208.1749 	EXP 	scale: markerPos = 3.0386513157894735
208.2256 	EXP 	scale: markerPos = 3.0386513157894735
208.2728 	EXP 	scale: markerPos = 3.0386513157894735
208.3275 	EXP 	scale: markerPos = 3.0386513157894735
208.3846 	EXP 	scale: markerPos = 3.0386513157894735
208.4388 	EXP 	scale: markerPos = 3.0386513157894735
208.4869 	EXP 	scale: markerPos = 3.0386513157894735
208.5232 	EXP 	scale: markerPos = 3.0386513157894735
208.5694 	EXP 	scale: markerPos = 3.0386513157894735
208.6250 	EXP 	scale: markerPos = 3.0386513157894735
208.6825 	DATA 	Mouse:  Left button up, pos=(717,545)
208.6848 	EXP 	scale: markerPos = 3.0386513157894735
208.7261 	EXP 	scale: markerPos = 3.0386513157894735
231.0456 	EXP 	textreproductionstart: autoDraw = False
231.0456 	EXP 	scale: autoDraw = False
231.0456 	EXP 	textrest: autoDraw = True
231.0494 	DATA 	Keypress: space
256.0370 	EXP 	Sound sound_2 started
256.0371 	EXP 	textready: autoDraw = True
256.0537 	EXP 	textrest: autoDraw = False
256.5760 	EXP 	Sound sound_2 reached end of file
261.0265 	EXP 	New trial (rep=0, index=1): {'pink': 'pink.png', 'pra_duration': 6}
261.0406 	EXP 	Sound sound_1 started
261.0405 	EXP 	textready: autoDraw = False
261.0405 	EXP 	textrest: autoDraw = False
261.0405 	EXP 	textready: autoDraw = False
261.0405 	EXP 	textblank1000: autoDraw = True
261.5842 	EXP 	Sound sound_1 reached end of file
262.1257 	EXP 	textblank1000: autoDraw = False
262.1257 	EXP 	textblank1000: autoDraw = False
262.1257 	EXP 	image: image = 'pink.png'
262.1257 	EXP 	image: autoDraw = True
268.1780 	EXP 	image: autoDraw = False
268.1780 	EXP 	image: autoDraw = False
268.1780 	EXP 	textreproductionstart: text = '時間估計作業\n\n請透過滑鼠將刺激呈現時間點在以下量尺中\n按下空白鍵進入下一題'
268.1780 	EXP 	scale: markerPos = None
268.1780 	EXP 	scale: markerPos = None
268.1780 	EXP 	textreproductionstart: autoDraw = True
268.1780 	EXP 	scale: autoDraw = True
272.3529 	DATA 	Mouse: Left button down, pos=(1156,547)
272.3837 	EXP 	scale: markerPos = 6.047149122807017
272.4148 	EXP 	scale: markerPos = 6.047149122807017
272.4570 	DATA 	Mouse:  Left button up, pos=(1156,547)
272.4605 	EXP 	scale: markerPos = 6.047149122807017
272.5107 	EXP 	scale: markerPos = 6.047149122807017
296.2762 	DATA 	Keypress: space
296.2822 	EXP 	textreproductionstart: autoDraw = False
296.2822 	EXP 	scale: autoDraw = False
296.2822 	EXP 	textrest: autoDraw = True
321.2834 	EXP 	Sound sound_2 started
321.2829 	EXP 	textrest: autoDraw = False
321.2829 	EXP 	textready: autoDraw = True
321.8256 	EXP 	Sound sound_2 reached end of file
326.2715 	EXP 	New trial (rep=0, index=2): {'pink': 'pink.png', 'pra_duration': 2}
326.2861 	EXP 	Sound sound_1 started
326.2865 	EXP 	textready: autoDraw = False
326.2865 	EXP 	textrest: autoDraw = False
326.2865 	EXP 	textready: autoDraw = False
326.2865 	EXP 	textblank1000: autoDraw = True
326.8254 	EXP 	Sound sound_1 reached end of file
327.3642 	EXP 	textblank1000: autoDraw = False
327.3642 	EXP 	image: image = 'pink.png'
327.3642 	EXP 	image: autoDraw = True
329.4201 	EXP 	image: autoDraw = False
329.4201 	EXP 	image: autoDraw = False
329.4201 	EXP 	textreproductionstart: text = '時間估計作業\n\n請透過滑鼠將刺激呈現時間點在以下量尺中\n按下空白鍵進入下一題'
329.4201 	EXP 	scale: markerPos = None
329.4201 	EXP 	scale: markerPos = None
329.4201 	EXP 	textreproductionstart: autoDraw = True
329.4201 	EXP 	scale: autoDraw = True
333.9011 	DATA 	Mouse: Left button down, pos=(617,551)
333.9500 	EXP 	scale: markerPos = 2.3533442982456134
333.9815 	EXP 	scale: markerPos = 2.3533442982456134
334.0239 	DATA 	Mouse:  Left button up, pos=(615,551)
334.0262 	EXP 	scale: markerPos = 2.339638157894736
334.0664 	EXP 	scale: markerPos = 2.339638157894736
334.7489 	DATA 	Mouse: Left button down, pos=(634,547)
334.7806 	EXP 	scale: markerPos = 2.4698464912280698
334.8088 	EXP 	scale: markerPos = 2.4698464912280698
334.8362 	EXP 	scale: markerPos = 2.4698464912280698
334.8759 	EXP 	scale: markerPos = 2.4698464912280698
334.9274 	EXP 	scale: markerPos = 2.4698464912280698
334.9835 	EXP 	scale: markerPos = 2.4698464912280698
335.0269 	EXP 	scale: markerPos = 2.4492872807017543
335.0566 	EXP 	scale: markerPos = 2.4492872807017543
335.1066 	EXP 	scale: markerPos = 2.4287280701754375
335.1581 	EXP 	scale: markerPos = 2.4150219298245608
335.2091 	EXP 	scale: markerPos = 2.401315789473683
335.2540 	EXP 	scale: markerPos = 2.3876096491228065
335.3092 	EXP 	scale: markerPos = 2.3876096491228065
335.3491 	EXP 	scale: markerPos = 2.3876096491228065
335.3801 	EXP 	scale: markerPos = 2.36705043859649
335.4081 	EXP 	scale: markerPos = 2.36705043859649
335.4521 	EXP 	scale: markerPos = 2.3533442982456134
335.5030 	EXP 	scale: markerPos = 2.339638157894736
335.5523 	EXP 	scale: markerPos = 2.339638157894736
335.5999 	EXP 	scale: markerPos = 2.339638157894736
335.6354 	EXP 	scale: markerPos = 2.339638157894736
335.6680 	EXP 	scale: markerPos = 2.339638157894736
335.7155 	EXP 	scale: markerPos = 2.339638157894736
335.7711 	EXP 	scale: markerPos = 2.339638157894736
335.8252 	EXP 	scale: markerPos = 2.339638157894736
335.8871 	EXP 	scale: markerPos = 2.339638157894736
335.9374 	EXP 	scale: markerPos = 2.339638157894736
335.9769 	EXP 	scale: markerPos = 2.339638157894736
336.0240 	EXP 	scale: markerPos = 2.339638157894736
336.0797 	EXP 	scale: markerPos = 2.339638157894736
336.1312 	EXP 	scale: markerPos = 2.339638157894736
336.1874 	EXP 	scale: markerPos = 2.339638157894736
336.2347 	EXP 	scale: markerPos = 2.339638157894736
336.2807 	EXP 	scale: markerPos = 2.339638157894736
336.3404 	EXP 	scale: markerPos = 2.339638157894736
336.3475 	DATA 	Mouse:  Left button up, pos=(615,545)
336.3895 	EXP 	scale: markerPos = 2.339638157894736
379.0069 	DATA 	Keypress: space
379.0095 	EXP 	textreproductionstart: autoDraw = False
379.0095 	EXP 	scale: autoDraw = False
379.0095 	EXP 	textrest: autoDraw = True
404.0074 	EXP 	Sound sound_2 started
404.0075 	EXP 	textready: autoDraw = True
404.0241 	EXP 	textrest: autoDraw = False
404.5470 	EXP 	Sound sound_2 reached end of file
409.0112 	EXP 	textready: autoDraw = False
409.0112 	EXP 	textrest: autoDraw = False
409.0112 	EXP 	textready: autoDraw = False
409.0112 	EXP 	text: autoDraw = True
454.3804 	EXP 	Imported pic_condition.xlsx as conditions, 20 conditions, 2 params
454.3822 	EXP 	Created sequence: random, trialTypes=20, nReps=1, seed=None
454.3830 	EXP 	New trial (rep=0, index=0): {'emo_pic': 'emo_pic\\pnegative_high_1201.jpg', 'duration': 5}
454.3925 	EXP 	Sound sound_1 started
454.3915 	EXP 	text: autoDraw = False
454.3915 	EXP 	textblank1000: autoDraw = True
454.3965 	DATA 	Keypress: space
454.9368 	EXP 	Sound sound_1 reached end of file
456.5743 	EXP 	textblank1000: autoDraw = False
456.5743 	EXP 	emopic: image = 'emo_pic\\pnegative_high_1201.jpg'
456.5743 	EXP 	emopic: autoDraw = True
461.6355 	EXP 	emopic: autoDraw = False
461.6355 	EXP 	emopic: autoDraw = False
461.6355 	EXP 	textreproductionstart: text = '時間估計作業\n\n請透過滑鼠將刺激呈現時間點在以下量尺中\n按下空白鍵進入下一題'
461.6355 	EXP 	scale: markerPos = None
461.6355 	EXP 	scale: markerPos = None
461.6355 	EXP 	textreproductionstart: autoDraw = True
461.6355 	EXP 	scale: autoDraw = True
465.3079 	DATA 	Mouse: Left button down, pos=(965,551)
465.3514 	EXP 	scale: markerPos = 4.738212719298246
465.4024 	EXP 	scale: markerPos = 4.738212719298246
465.4551 	DATA 	Mouse:  Left button up, pos=(965,551)
465.4575 	EXP 	scale: markerPos = 4.738212719298246
465.4988 	EXP 	scale: markerPos = 4.738212719298246
482.7464 	DATA 	Keypress: space
482.7617 	EXP 	textreproductionstart: autoDraw = False
482.7617 	EXP 	scale: autoDraw = False
482.7617 	EXP 	textrest: autoDraw = True
507.7635 	EXP 	Sound sound_2 started
507.7633 	EXP 	textrest: autoDraw = False
507.7633 	EXP 	textready: autoDraw = True
508.3021 	EXP 	Sound sound_2 reached end of file
512.7523 	EXP 	New trial (rep=0, index=1): {'emo_pic': 'emo_pic\\positive_high_8492.jpg', 'duration': 1}
512.7670 	EXP 	Sound sound_1 started
512.7671 	EXP 	textready: autoDraw = False
512.7671 	EXP 	textrest: autoDraw = False
512.7671 	EXP 	textready: autoDraw = False
512.7671 	EXP 	textblank1000: autoDraw = True
513.3074 	EXP 	Sound sound_1 reached end of file
514.9479 	EXP 	textblank1000: autoDraw = False
514.9479 	EXP 	textblank1000: autoDraw = False
514.9479 	EXP 	emopic: image = 'emo_pic\\positive_high_8492.jpg'
514.9479 	EXP 	emopic: autoDraw = True
516.0065 	EXP 	emopic: autoDraw = False
516.0065 	EXP 	emopic: autoDraw = False
516.0065 	EXP 	textreproductionstart: text = '時間估計作業\n\n請透過滑鼠將刺激呈現時間點在以下量尺中\n按下空白鍵進入下一題'
516.0065 	EXP 	scale: markerPos = None
516.0065 	EXP 	scale: markerPos = None
516.0065 	EXP 	textreproductionstart: autoDraw = True
516.0065 	EXP 	scale: autoDraw = True
520.7346 	DATA 	Mouse: Left button down, pos=(456,546)
520.7774 	EXP 	scale: markerPos = 1.249999999999999
520.8075 	EXP 	scale: markerPos = 1.249999999999999
520.8522 	DATA 	Mouse:  Left button up, pos=(456,546)
520.8545 	EXP 	scale: markerPos = 1.249999999999999
520.9052 	EXP 	scale: markerPos = 1.249999999999999
524.0978 	DATA 	Mouse: Left button down, pos=(485,525)
524.1390 	EXP 	scale: markerPos = 1.4487390350877187
524.1957 	EXP 	scale: markerPos = 1.4350328947368411
524.2490 	EXP 	scale: markerPos = 1.4213267543859645
524.3079 	EXP 	scale: markerPos = 1.3870614035087714
524.3628 	EXP 	scale: markerPos = 1.359649122807017
524.4060 	EXP 	scale: markerPos = 1.359649122807017
524.4527 	EXP 	scale: markerPos = 1.325383771929824
524.4939 	EXP 	scale: markerPos = 1.2979714912280695
524.5377 	EXP 	scale: markerPos = 1.249999999999999
524.5707 	EXP 	scale: markerPos = 1.2362938596491222
524.6168 	EXP 	scale: markerPos = 1.2362938596491222
524.6605 	EXP 	scale: markerPos = 1.2157346491228065
524.7090 	EXP 	scale: markerPos = 1.2157346491228065
524.7565 	EXP 	scale: markerPos = 1.1883223684210513
524.8124 	EXP 	scale: markerPos = 1.1883223684210513
524.8691 	EXP 	scale: markerPos = 1.1883223684210513
524.9203 	EXP 	scale: markerPos = 1.1883223684210513
524.9566 	EXP 	scale: markerPos = 1.1883223684210513
525.0158 	EXP 	scale: markerPos = 1.1677631578947367
525.0663 	EXP 	scale: markerPos = 1.1540570175438591
525.1184 	EXP 	scale: markerPos = 1.1540570175438591
525.1644 	EXP 	scale: markerPos = 1.1403508771929816
525.2007 	EXP 	scale: markerPos = 1.1403508771929816
525.2349 	EXP 	scale: markerPos = 1.1403508771929816
525.2642 	EXP 	scale: markerPos = 1.1403508771929816
525.2896 	EXP 	scale: markerPos = 1.1403508771929816
525.3150 	EXP 	scale: markerPos = 1.1403508771929816
525.3430 	EXP 	scale: markerPos = 1.1403508771929816
525.3822 	EXP 	scale: markerPos = 1.1403508771929816
525.4162 	EXP 	scale: markerPos = 1.1403508771929816
525.4515 	EXP 	scale: markerPos = 1.1403508771929816
525.4852 	EXP 	scale: markerPos = 1.1403508771929816
525.5230 	EXP 	scale: markerPos = 1.1403508771929816
525.5571 	EXP 	scale: markerPos = 1.1403508771929816
525.6061 	EXP 	scale: markerPos = 1.1403508771929816
525.6635 	EXP 	scale: markerPos = 1.1403508771929816
525.7153 	EXP 	scale: markerPos = 1.1403508771929816
525.7690 	EXP 	scale: markerPos = 1.1403508771929816
525.8192 	EXP 	scale: markerPos = 1.1403508771929816
525.8653 	EXP 	scale: markerPos = 1.1403508771929816
525.9075 	EXP 	scale: markerPos = 1.1403508771929816
525.9566 	EXP 	scale: markerPos = 1.1403508771929816
526.0135 	EXP 	scale: markerPos = 1.1403508771929816
526.0646 	EXP 	scale: markerPos = 1.1403508771929816
526.1200 	DATA 	Mouse:  Left button up, pos=(440,531)
526.1222 	EXP 	scale: markerPos = 1.1403508771929816
526.1650 	EXP 	scale: markerPos = 1.1403508771929816
526.7641 	DATA 	Mouse: Left button down, pos=(448,531)
526.8187 	EXP 	scale: markerPos = 1.1951754385964901
526.8560 	EXP 	scale: markerPos = 1.1951754385964901
526.9122 	EXP 	scale: markerPos = 1.1951754385964901
526.9679 	EXP 	scale: markerPos = 1.2088815789473677
527.0230 	EXP 	scale: markerPos = 1.2088815789473677
527.0638 	EXP 	scale: markerPos = 1.2294407894736825
527.1078 	EXP 	scale: markerPos = 1.2294407894736825
527.1415 	EXP 	scale: markerPos = 1.2294407894736825
527.1673 	EXP 	scale: markerPos = 1.2294407894736825
527.2167 	EXP 	scale: markerPos = 1.2294407894736825
527.2696 	EXP 	scale: markerPos = 1.2294407894736825
527.3128 	EXP 	scale: markerPos = 1.2294407894736825
527.3410 	EXP 	scale: markerPos = 1.2294407894736825
527.3809 	EXP 	scale: markerPos = 1.2294407894736825
527.4324 	EXP 	scale: markerPos = 1.2294407894736825
527.4815 	EXP 	scale: markerPos = 1.2294407894736825
527.5289 	EXP 	scale: markerPos = 1.2294407894736825
527.5762 	EXP 	scale: markerPos = 1.2294407894736825
527.6270 	EXP 	scale: markerPos = 1.2294407894736825
527.6695 	EXP 	scale: markerPos = 1.2294407894736825
527.7055 	EXP 	scale: markerPos = 1.2294407894736825
527.7525 	EXP 	scale: markerPos = 1.2294407894736825
527.8072 	EXP 	scale: markerPos = 1.2294407894736825
527.8503 	EXP 	scale: markerPos = 1.2294407894736825
527.8975 	EXP 	scale: markerPos = 1.2294407894736825
527.9504 	EXP 	scale: markerPos = 1.2294407894736825
527.9977 	EXP 	scale: markerPos = 1.2294407894736825
528.0444 	EXP 	scale: markerPos = 1.2294407894736825
528.0941 	EXP 	scale: markerPos = 1.2294407894736825
528.1520 	EXP 	scale: markerPos = 1.2294407894736825
528.1931 	EXP 	scale: markerPos = 1.2294407894736825
528.2362 	EXP 	scale: markerPos = 1.2294407894736825
528.2897 	EXP 	scale: markerPos = 1.2294407894736825
528.3389 	EXP 	scale: markerPos = 1.2294407894736825
528.3944 	EXP 	scale: markerPos = 1.2294407894736825
528.4444 	EXP 	scale: markerPos = 1.2294407894736825
528.5059 	EXP 	scale: markerPos = 1.2294407894736825
528.5575 	EXP 	scale: markerPos = 1.202028508771929
528.5903 	EXP 	scale: markerPos = 1.202028508771929
528.6165 	EXP 	scale: markerPos = 1.202028508771929
528.6429 	EXP 	scale: markerPos = 1.202028508771929
528.6859 	EXP 	scale: markerPos = 1.202028508771929
528.7297 	EXP 	scale: markerPos = 1.202028508771929
528.7779 	EXP 	scale: markerPos = 1.202028508771929
528.8307 	EXP 	scale: markerPos = 1.202028508771929
528.8720 	EXP 	scale: markerPos = 1.202028508771929
528.9289 	EXP 	scale: markerPos = 1.202028508771929
528.9861 	EXP 	scale: markerPos = 1.202028508771929
529.0439 	DATA 	Mouse:  Left button up, pos=(449,531)
529.0463 	EXP 	scale: markerPos = 1.202028508771929
529.1028 	EXP 	scale: markerPos = 1.202028508771929
556.2167 	DATA 	Keypress: space
556.2193 	EXP 	textreproductionstart: autoDraw = False
556.2193 	EXP 	scale: autoDraw = False
556.2193 	EXP 	textrest: autoDraw = True
581.2153 	EXP 	Sound sound_2 started
581.2153 	EXP 	textready: autoDraw = True
581.2318 	EXP 	textrest: autoDraw = False
581.7582 	EXP 	Sound sound_2 reached end of file
586.2038 	EXP 	New trial (rep=0, index=2): {'emo_pic': 'emo_pic\\positive_high_8370.jpg', 'duration': 7}
586.2183 	EXP 	Sound sound_1 started
586.2183 	EXP 	textready: autoDraw = False
586.2183 	EXP 	textrest: autoDraw = False
586.2183 	EXP 	textready: autoDraw = False
586.2183 	EXP 	textblank1000: autoDraw = True
586.7582 	EXP 	Sound sound_1 reached end of file
588.3841 	EXP 	textblank1000: autoDraw = False
588.3841 	EXP 	textblank1000: autoDraw = False
588.3841 	EXP 	emopic: image = 'emo_pic\\positive_high_8370.jpg'
588.3841 	EXP 	emopic: autoDraw = True
595.4361 	EXP 	emopic: autoDraw = False
595.4361 	EXP 	emopic: autoDraw = False
595.4361 	EXP 	textreproductionstart: text = '時間估計作業\n\n請透過滑鼠將刺激呈現時間點在以下量尺中\n按下空白鍵進入下一題'
595.4361 	EXP 	scale: markerPos = None
595.4361 	EXP 	scale: markerPos = None
595.4361 	EXP 	textreproductionstart: autoDraw = True
595.4361 	EXP 	scale: autoDraw = True
599.0628 	DATA 	Mouse: Left button down, pos=(1104,541)
599.1176 	EXP 	scale: markerPos = 5.690789473684211
599.1622 	EXP 	scale: markerPos = 5.690789473684211
599.2173 	EXP 	scale: markerPos = 5.690789473684211
599.2235 	DATA 	Mouse:  Left button up, pos=(1104,541)
599.2584 	EXP 	scale: markerPos = 5.690789473684211
621.6999 	DATA 	Keypress: space
621.7035 	EXP 	textreproductionstart: autoDraw = False
621.7035 	EXP 	scale: autoDraw = False
621.7035 	EXP 	textrest: autoDraw = True
646.6940 	EXP 	Sound sound_2 started
646.6941 	EXP 	textready: autoDraw = True
646.7106 	EXP 	textrest: autoDraw = False
647.2328 	EXP 	Sound sound_2 reached end of file
651.6827 	EXP 	New trial (rep=0, index=3): {'emo_pic': 'emo_pic\\pnegative_low_6010.jpg', 'duration': 3}
651.6973 	EXP 	Sound sound_1 started
651.6976 	EXP 	textready: autoDraw = False
651.6976 	EXP 	textrest: autoDraw = False
651.6976 	EXP 	textready: autoDraw = False
651.6976 	EXP 	textblank1000: autoDraw = True
652.2393 	EXP 	Sound sound_1 reached end of file
653.8607 	EXP 	textblank1000: autoDraw = False
653.8607 	EXP 	textblank1000: autoDraw = False
653.8607 	EXP 	emopic: image = 'emo_pic\\pnegative_low_6010.jpg'
653.8607 	EXP 	emopic: autoDraw = True
656.9193 	EXP 	emopic: autoDraw = False
656.9193 	EXP 	emopic: autoDraw = False
656.9193 	EXP 	textreproductionstart: text = '時間估計作業\n\n請透過滑鼠將刺激呈現時間點在以下量尺中\n按下空白鍵進入下一題'
656.9193 	EXP 	scale: markerPos = None
656.9193 	EXP 	scale: markerPos = None
656.9193 	EXP 	textreproductionstart: autoDraw = True
656.9193 	EXP 	scale: autoDraw = True
663.4610 	DATA 	Mouse: Left button down, pos=(658,553)
663.5024 	EXP 	scale: markerPos = 2.6343201754385954
663.5437 	EXP 	scale: markerPos = 2.6343201754385954
663.5932 	DATA 	Mouse:  Left button up, pos=(658,553)
663.5956 	EXP 	scale: markerPos = 2.6343201754385954
663.6463 	EXP 	scale: markerPos = 2.6343201754385954
687.2761 	DATA 	Keypress: space
687.2781 	EXP 	textreproductionstart: autoDraw = False
687.2781 	EXP 	scale: autoDraw = False
687.2781 	EXP 	textrest: autoDraw = True
712.2733 	EXP 	Sound sound_2 started
712.2758 	EXP 	textready: autoDraw = True
712.2898 	EXP 	textrest: autoDraw = False
712.8121 	EXP 	Sound sound_2 reached end of file
717.2632 	EXP 	New trial (rep=0, index=4): {'emo_pic': 'emo_pic\\positive_low_7325.jpg', 'duration': 3}
717.2766 	EXP 	Sound sound_1 started
717.2767 	EXP 	textready: autoDraw = False
717.2767 	EXP 	textrest: autoDraw = False
717.2767 	EXP 	textready: autoDraw = False
717.2767 	EXP 	textblank1000: autoDraw = True
717.8204 	EXP 	Sound sound_1 reached end of file
719.4455 	EXP 	textblank1000: autoDraw = False
719.4455 	EXP 	textblank1000: autoDraw = False
719.4455 	EXP 	emopic: image = 'emo_pic\\positive_low_7325.jpg'
719.4455 	EXP 	emopic: autoDraw = True
722.5031 	EXP 	emopic: autoDraw = False
722.5031 	EXP 	emopic: autoDraw = False
722.5031 	EXP 	textreproductionstart: text = '時間估計作業\n\n請透過滑鼠將刺激呈現時間點在以下量尺中\n按下空白鍵進入下一題'
722.5031 	EXP 	scale: markerPos = None
722.5031 	EXP 	scale: markerPos = None
722.5031 	EXP 	textreproductionstart: autoDraw = True
722.5031 	EXP 	scale: autoDraw = True
727.4115 	DATA 	Mouse: Left button down, pos=(647,554)
727.4739 	EXP 	scale: markerPos = 2.5589364035087714
727.5059 	EXP 	scale: markerPos = 2.5589364035087714
727.5317 	DATA 	Mouse:  Left button up, pos=(647,554)
727.5342 	EXP 	scale: markerPos = 2.5589364035087714
727.5657 	EXP 	scale: markerPos = 2.5589364035087714
750.4166 	DATA 	Keypress: space
750.4211 	EXP 	textreproductionstart: autoDraw = False
750.4211 	EXP 	scale: autoDraw = False
750.4211 	EXP 	textrest: autoDraw = True
775.4181 	EXP 	Sound sound_2 started
775.4177 	EXP 	textready: autoDraw = True
775.4342 	EXP 	textrest: autoDraw = False
775.9612 	EXP 	Sound sound_2 reached end of file
780.4066 	EXP 	New trial (rep=0, index=5): {'emo_pic': 'emo_pic\\pneutral_7233.jpg', 'duration': 5}
780.4214 	EXP 	Sound sound_1 started
780.4215 	EXP 	textready: autoDraw = False
780.4215 	EXP 	textrest: autoDraw = False
780.4215 	EXP 	textready: autoDraw = False
780.4215 	EXP 	textblank1000: autoDraw = True
780.9609 	EXP 	Sound sound_1 reached end of file
782.5969 	EXP 	textblank1000: autoDraw = False
782.5969 	EXP 	textblank1000: autoDraw = False
782.5969 	EXP 	emopic: image = 'emo_pic\\pneutral_7233.jpg'
782.5969 	EXP 	emopic: autoDraw = True
787.6551 	EXP 	emopic: autoDraw = False
787.6551 	EXP 	emopic: autoDraw = False
787.6551 	EXP 	textreproductionstart: text = '時間估計作業\n\n請透過滑鼠將刺激呈現時間點在以下量尺中\n按下空白鍵進入下一題'
787.6551 	EXP 	scale: markerPos = None
787.6551 	EXP 	scale: markerPos = None
787.6551 	EXP 	textreproductionstart: autoDraw = True
787.6551 	EXP 	scale: autoDraw = True
793.0541 	DATA 	Mouse: Left button down, pos=(855,547)
793.0940 	EXP 	scale: markerPos = 3.984375
793.1226 	EXP 	scale: markerPos = 3.984375
793.1635 	DATA 	Mouse:  Left button up, pos=(855,547)
793.1665 	EXP 	scale: markerPos = 3.984375
793.2154 	EXP 	scale: markerPos = 3.984375
793.7968 	DATA 	Mouse: Left button down, pos=(872,554)
793.8510 	EXP 	scale: markerPos = 4.100877192982456
793.8819 	EXP 	scale: markerPos = 4.100877192982456
793.9317 	EXP 	scale: markerPos = 4.100877192982456
793.9840 	EXP 	scale: markerPos = 4.114583333333334
794.0343 	EXP 	scale: markerPos = 4.148848684210526
794.0905 	EXP 	scale: markerPos = 4.148848684210526
794.1463 	EXP 	scale: markerPos = 4.148848684210526
794.2001 	EXP 	scale: markerPos = 4.148848684210526
794.2635 	EXP 	scale: markerPos = 4.148848684210526
794.3079 	EXP 	scale: markerPos = 4.094024122807017
794.3552 	EXP 	scale: markerPos = 4.094024122807017
794.3995 	EXP 	scale: markerPos = 4.0803179824561395
794.4574 	EXP 	scale: markerPos = 4.0597587719298245
794.5130 	EXP 	scale: markerPos = 4.0597587719298245
794.5690 	EXP 	scale: markerPos = 4.0597587719298245
794.6153 	EXP 	scale: markerPos = 4.0597587719298245
794.6647 	EXP 	scale: markerPos = 4.0597587719298245
794.7221 	EXP 	scale: markerPos = 4.046052631578947
794.7691 	EXP 	scale: markerPos = 4.03234649122807
794.8152 	EXP 	scale: markerPos = 4.03234649122807
794.8633 	EXP 	scale: markerPos = 4.03234649122807
794.9195 	EXP 	scale: markerPos = 4.03234649122807
794.9716 	EXP 	scale: markerPos = 4.03234649122807
795.0302 	EXP 	scale: markerPos = 4.03234649122807
795.0865 	EXP 	scale: markerPos = 4.03234649122807
795.1449 	EXP 	scale: markerPos = 4.03234649122807
795.1885 	EXP 	scale: markerPos = 4.03234649122807
795.2283 	EXP 	scale: markerPos = 4.03234649122807
795.2553 	DATA 	Mouse:  Left button up, pos=(862,562)
795.2577 	EXP 	scale: markerPos = 4.03234649122807
795.2925 	EXP 	scale: markerPos = 4.03234649122807
815.6772 	DATA 	Keypress: space
815.6860 	EXP 	textreproductionstart: autoDraw = False
815.6860 	EXP 	scale: autoDraw = False
815.6860 	EXP 	textrest: autoDraw = True
840.6799 	EXP 	Sound sound_2 started
840.6802 	EXP 	textready: autoDraw = True
840.6966 	EXP 	textrest: autoDraw = False
841.2217 	EXP 	Sound sound_2 reached end of file
845.6690 	EXP 	New trial (rep=0, index=6): {'emo_pic': 'emo_pic\\pnegative_low_2100.jpg', 'duration': 7}
845.6836 	EXP 	Sound sound_1 started
845.6835 	EXP 	textready: autoDraw = False
845.6835 	EXP 	textrest: autoDraw = False
845.6835 	EXP 	textready: autoDraw = False
845.6835 	EXP 	textblank1000: autoDraw = True
846.2228 	EXP 	Sound sound_1 reached end of file
847.8517 	EXP 	textblank1000: autoDraw = False
847.8517 	EXP 	textblank1000: autoDraw = False
847.8517 	EXP 	emopic: image = 'emo_pic\\pnegative_low_2100.jpg'
847.8517 	EXP 	emopic: autoDraw = True
854.9038 	EXP 	emopic: autoDraw = False
854.9038 	EXP 	emopic: autoDraw = False
854.9038 	EXP 	textreproductionstart: text = '時間估計作業\n\n請透過滑鼠將刺激呈現時間點在以下量尺中\n按下空白鍵進入下一題'
854.9038 	EXP 	scale: markerPos = None
854.9038 	EXP 	scale: markerPos = None
854.9038 	EXP 	textreproductionstart: autoDraw = True
854.9038 	EXP 	scale: autoDraw = True
860.5976 	DATA 	Mouse: Left button down, pos=(1088,552)
860.6485 	EXP 	scale: markerPos = 5.581140350877193
860.6871 	EXP 	scale: markerPos = 5.581140350877193
860.7403 	DATA 	Mouse:  Left button up, pos=(1088,552)
860.7425 	EXP 	scale: markerPos = 5.581140350877193
860.7898 	EXP 	scale: markerPos = 5.581140350877193
881.1494 	DATA 	Keypress: space
881.1514 	EXP 	textreproductionstart: autoDraw = False
881.1514 	EXP 	scale: autoDraw = False
881.1514 	EXP 	textrest: autoDraw = True
906.1594 	EXP 	Sound sound_2 started
906.1595 	EXP 	textrest: autoDraw = False
906.1595 	EXP 	textready: autoDraw = True
906.6980 	EXP 	Sound sound_2 reached end of file
911.1481 	EXP 	New trial (rep=0, index=7): {'emo_pic': 'emo_pic\\pnegative_high_6230.jpg', 'duration': 1}
911.1627 	EXP 	Sound sound_1 started
911.1631 	EXP 	textready: autoDraw = False
911.1631 	EXP 	textrest: autoDraw = False
911.1631 	EXP 	textready: autoDraw = False
911.1631 	EXP 	textblank1000: autoDraw = True
911.7033 	EXP 	Sound sound_1 reached end of file
913.3230 	EXP 	textblank1000: autoDraw = False
913.3230 	EXP 	emopic: image = 'emo_pic\\pnegative_high_6230.jpg'
913.3230 	EXP 	emopic: autoDraw = True
914.3882 	EXP 	emopic: autoDraw = False
914.3882 	EXP 	emopic: autoDraw = False
914.3882 	EXP 	textreproductionstart: text = '時間估計作業\n\n請透過滑鼠將刺激呈現時間點在以下量尺中\n按下空白鍵進入下一題'
914.3882 	EXP 	scale: markerPos = None
914.3882 	EXP 	scale: markerPos = None
914.3882 	EXP 	textreproductionstart: autoDraw = True
914.3882 	EXP 	scale: autoDraw = True
918.5985 	DATA 	Mouse: Left button down, pos=(376,551)
918.6518 	EXP 	scale: markerPos = 0.7017543859649114
918.6827 	DATA 	Mouse:  Left button up, pos=(376,551)
918.6847 	EXP 	scale: markerPos = 0.7017543859649114
918.7124 	EXP 	scale: markerPos = 0.7017543859649114
920.1375 	DATA 	Mouse: Left button down, pos=(408,544)
920.1957 	EXP 	scale: markerPos = 0.9210526315789469
920.2351 	EXP 	scale: markerPos = 0.886787280701753
920.2870 	EXP 	scale: markerPos = 0.886787280701753
920.3244 	EXP 	scale: markerPos = 0.8730811403508763
920.3740 	EXP 	scale: markerPos = 0.8730811403508763
920.4315 	EXP 	scale: markerPos = 0.8730811403508763
920.4871 	EXP 	scale: markerPos = 0.8593749999999994
920.5411 	EXP 	scale: markerPos = 0.8593749999999994
920.5865 	EXP 	scale: markerPos = 0.8388157894736823
920.6378 	EXP 	scale: markerPos = 0.8251096491228072
920.6953 	EXP 	scale: markerPos = 0.7908442982456123
920.7410 	EXP 	scale: markerPos = 0.7771381578947365
920.7950 	EXP 	scale: markerPos = 0.7634320175438589
920.8473 	EXP 	scale: markerPos = 0.7497258771929813
920.9115 	EXP 	scale: markerPos = 0.7291666666666665
920.9777 	EXP 	scale: markerPos = 0.6811951754385968
921.0326 	EXP 	scale: markerPos = 0.6537828947368416
921.0815 	EXP 	scale: markerPos = 0.6195175438596484
921.1363 	EXP 	scale: markerPos = 0.6058114035087708
921.1898 	EXP 	scale: markerPos = 0.6058114035087708
921.2430 	EXP 	scale: markerPos = 0.6058114035087708
921.2994 	EXP 	scale: markerPos = 0.6058114035087708
921.3388 	EXP 	scale: markerPos = 0.6058114035087708
921.3982 	EXP 	scale: markerPos = 0.633223684210526
921.4526 	EXP 	scale: markerPos = 0.6606359649122795
921.5115 	EXP 	scale: markerPos = 0.6743421052631571
921.5622 	EXP 	scale: markerPos = 0.7086074561403501
921.6172 	EXP 	scale: markerPos = 0.7428728070175425
921.6542 	EXP 	scale: markerPos = 0.7839912280701753
921.7081 	EXP 	scale: markerPos = 0.8045504385964908
921.7620 	EXP 	scale: markerPos = 0.8045504385964908
921.8098 	EXP 	scale: markerPos = 0.8045504385964908
921.8595 	DATA 	Mouse:  Left button up, pos=(391,548)
921.8619 	EXP 	scale: markerPos = 0.8045504385964908
921.9148 	EXP 	scale: markerPos = 0.8045504385964908
922.0651 	DATA 	Mouse: Left button down, pos=(391,548)
922.0978 	EXP 	scale: markerPos = 0.7908442982456123
922.1269 	EXP 	scale: markerPos = 0.7908442982456123
922.1588 	EXP 	scale: markerPos = 0.7908442982456123
922.2083 	EXP 	scale: markerPos = 0.7771381578947365
922.2568 	EXP 	scale: markerPos = 0.7771381578947365
922.2991 	EXP 	scale: markerPos = 0.7634320175438589
922.3427 	EXP 	scale: markerPos = 0.7497258771929813
922.3840 	EXP 	scale: markerPos = 0.7497258771929813
922.4128 	EXP 	scale: markerPos = 0.7497258771929813
922.4441 	EXP 	scale: markerPos = 0.7497258771929813
922.4934 	EXP 	scale: markerPos = 0.7497258771929813
922.5463 	EXP 	scale: markerPos = 0.7154605263157889
922.6070 	EXP 	scale: markerPos = 0.7154605263157889
922.6687 	EXP 	scale: markerPos = 0.7154605263157889
922.7247 	EXP 	scale: markerPos = 0.7154605263157889
922.7782 	EXP 	scale: markerPos = 0.7154605263157889
922.8254 	EXP 	scale: markerPos = 0.7154605263157889
922.8574 	EXP 	scale: markerPos = 0.7154605263157889
922.8996 	EXP 	scale: markerPos = 0.7154605263157889
922.9334 	EXP 	scale: markerPos = 0.7154605263157889
922.9600 	DATA 	Mouse:  Left button up, pos=(378,550)
922.9622 	EXP 	scale: markerPos = 0.7154605263157889
923.0058 	EXP 	scale: markerPos = 0.7154605263157889
934.2875 	DATA 	Keypress: space
934.2920 	EXP 	textreproductionstart: autoDraw = False
934.2920 	EXP 	scale: autoDraw = False
934.2920 	EXP 	textrest: autoDraw = True
959.2965 	EXP 	Sound sound_2 started
959.2962 	EXP 	textrest: autoDraw = False
959.2962 	EXP 	textready: autoDraw = True
959.8358 	EXP 	Sound sound_2 reached end of file
964.2843 	EXP 	New trial (rep=0, index=8): {'emo_pic': 'emo_pic\\pnegative_high_1120.jpg', 'duration': 7}
964.3001 	EXP 	Sound sound_1 started
964.2999 	EXP 	textrest: autoDraw = False
964.2999 	EXP 	textready: autoDraw = False
964.2999 	EXP 	textblank1000: autoDraw = True
964.8436 	EXP 	Sound sound_1 reached end of file
966.4749 	EXP 	textblank1000: autoDraw = False
966.4749 	EXP 	emopic: image = 'emo_pic\\pnegative_high_1120.jpg'
966.4749 	EXP 	emopic: autoDraw = True
973.5110 	EXP 	emopic: autoDraw = False
973.5110 	EXP 	emopic: autoDraw = False
973.5110 	EXP 	textreproductionstart: text = '時間估計作業\n\n請透過滑鼠將刺激呈現時間點在以下量尺中\n按下空白鍵進入下一題'
973.5110 	EXP 	scale: markerPos = None
973.5110 	EXP 	scale: markerPos = None
973.5110 	EXP 	textreproductionstart: autoDraw = True
973.5110 	EXP 	scale: autoDraw = True
977.5179 	DATA 	Mouse: Left button down, pos=(828,547)
977.5794 	DATA 	Mouse:  Left button up, pos=(828,547)
977.5819 	EXP 	scale: markerPos = 3.7993421052631575
977.6278 	EXP 	scale: markerPos = 3.7993421052631575
978.6519 	DATA 	Mouse: Left button down, pos=(838,539)
978.6948 	EXP 	scale: markerPos = 3.8610197368421053
978.7278 	EXP 	scale: markerPos = 3.813048245614035
978.7791 	EXP 	scale: markerPos = 3.73766447368421
978.8270 	EXP 	scale: markerPos = 3.6896929824561395
978.8592 	EXP 	scale: markerPos = 3.6622807017543852
978.9041 	EXP 	scale: markerPos = 3.6622807017543852
978.9540 	EXP 	scale: markerPos = 3.6622807017543852
979.0084 	EXP 	scale: markerPos = 3.6622807017543852
979.0679 	EXP 	scale: markerPos = 3.6622807017543852
979.1207 	EXP 	scale: markerPos = 3.6622807017543852
979.1763 	EXP 	scale: markerPos = 3.6622807017543852
979.2285 	EXP 	scale: markerPos = 3.6622807017543852
979.2885 	EXP 	scale: markerPos = 3.6622807017543852
979.3440 	EXP 	scale: markerPos = 3.6622807017543852
979.3925 	EXP 	scale: markerPos = 3.6622807017543852
979.4269 	EXP 	scale: markerPos = 3.669133771929824
979.4615 	EXP 	scale: markerPos = 3.6828399122807016
979.4890 	EXP 	scale: markerPos = 3.6828399122807016
979.5266 	EXP 	scale: markerPos = 3.6965460526315783
979.5813 	EXP 	scale: markerPos = 3.6965460526315783
979.6347 	EXP 	scale: markerPos = 3.7171052631578947
979.6813 	EXP 	scale: markerPos = 3.7171052631578947
979.7282 	EXP 	scale: markerPos = 3.7308114035087714
979.7812 	EXP 	scale: markerPos = 3.7308114035087714
979.8389 	EXP 	scale: markerPos = 3.7308114035087714
979.8851 	EXP 	scale: markerPos = 3.7308114035087714
979.9257 	EXP 	scale: markerPos = 3.7308114035087714
979.9816 	EXP 	scale: markerPos = 3.7308114035087714
980.0276 	EXP 	scale: markerPos = 3.7308114035087714
980.0866 	EXP 	scale: markerPos = 3.7308114035087714
980.1360 	EXP 	scale: markerPos = 3.7308114035087714
980.1908 	EXP 	scale: markerPos = 3.7308114035087714
980.2335 	EXP 	scale: markerPos = 3.7308114035087714
980.2893 	EXP 	scale: markerPos = 3.7239583333333326
980.3472 	EXP 	scale: markerPos = 3.7239583333333326
980.3794 	EXP 	scale: markerPos = 3.703399122807017
980.4219 	EXP 	scale: markerPos = 3.703399122807017
980.4738 	EXP 	scale: markerPos = 3.703399122807017
980.5153 	EXP 	scale: markerPos = 3.6896929824561395
980.5423 	EXP 	scale: markerPos = 3.6896929824561395
980.5859 	EXP 	scale: markerPos = 3.6896929824561395
980.6284 	EXP 	scale: markerPos = 3.6896929824561395
980.6805 	EXP 	scale: markerPos = 3.6896929824561395
980.7350 	EXP 	scale: markerPos = 3.6896929824561395
980.7839 	DATA 	Mouse:  Left button up, pos=(812,540)
980.7860 	EXP 	scale: markerPos = 3.6896929824561395
980.8167 	EXP 	scale: markerPos = 3.6896929824561395
995.4595 	DATA 	Keypress: space
995.4616 	EXP 	textreproductionstart: autoDraw = False
995.4616 	EXP 	scale: autoDraw = False
995.4616 	EXP 	textrest: autoDraw = True
1020.4726 	EXP 	Sound sound_2 started
1020.4726 	EXP 	textrest: autoDraw = False
1020.4726 	EXP 	textready: autoDraw = True
1021.0142 	EXP 	Sound sound_2 reached end of file
1025.4607 	EXP 	New trial (rep=0, index=9): {'emo_pic': 'emo_pic\\positive_low_2156.jpg', 'duration': 7}
1025.4762 	EXP 	Sound sound_1 started
1025.4763 	EXP 	textrest: autoDraw = False
1025.4763 	EXP 	textready: autoDraw = False
1025.4763 	EXP 	textblank1000: autoDraw = True
1026.0150 	EXP 	Sound sound_1 reached end of file
1027.6581 	EXP 	textblank1000: autoDraw = False
1027.6581 	EXP 	emopic: image = 'emo_pic\\positive_low_2156.jpg'
1027.6581 	EXP 	emopic: autoDraw = True
1034.7120 	EXP 	emopic: autoDraw = False
1034.7120 	EXP 	emopic: autoDraw = False
1034.7120 	EXP 	textreproductionstart: text = '時間估計作業\n\n請透過滑鼠將刺激呈現時間點在以下量尺中\n按下空白鍵進入下一題'
1034.7120 	EXP 	scale: markerPos = None
1034.7120 	EXP 	scale: markerPos = None
1034.7120 	EXP 	textreproductionstart: autoDraw = True
1034.7120 	EXP 	scale: autoDraw = True
1038.4270 	DATA 	Mouse: Left button down, pos=(723,544)
1038.4771 	EXP 	scale: markerPos = 3.0797697368421044
1038.5117 	EXP 	scale: markerPos = 3.0797697368421044
1038.5638 	DATA 	Mouse:  Left button up, pos=(723,544)
1038.5660 	EXP 	scale: markerPos = 3.0797697368421044
1038.6127 	EXP 	scale: markerPos = 3.0797697368421044
1058.8971 	DATA 	Keypress: space
1058.9006 	EXP 	textreproductionstart: autoDraw = False
1058.9006 	EXP 	scale: autoDraw = False
1058.9006 	EXP 	textrest: autoDraw = True
1083.9003 	EXP 	Sound sound_2 started
1083.9003 	EXP 	textrest: autoDraw = False
1083.9003 	EXP 	textready: autoDraw = True
1084.4397 	EXP 	Sound sound_2 reached end of file
1088.8897 	EXP 	New trial (rep=0, index=10): {'emo_pic': 'emo_pic\\positive_high_5621.jpg', 'duration': 5}
1088.9041 	EXP 	Sound sound_1 started
1088.9044 	EXP 	textready: autoDraw = False
1088.9044 	EXP 	textrest: autoDraw = False
1088.9044 	EXP 	textready: autoDraw = False
1088.9044 	EXP 	textblank1000: autoDraw = True
1089.4454 	EXP 	Sound sound_1 reached end of file
1091.0831 	EXP 	textblank1000: autoDraw = False
1091.0831 	EXP 	textblank1000: autoDraw = False
1091.0831 	EXP 	emopic: image = 'emo_pic\\positive_high_5621.jpg'
1091.0831 	EXP 	emopic: autoDraw = True
1096.1394 	EXP 	emopic: autoDraw = False
1096.1394 	EXP 	emopic: autoDraw = False
1096.1394 	EXP 	textreproductionstart: text = '時間估計作業\n\n請透過滑鼠將刺激呈現時間點在以下量尺中\n按下空白鍵進入下一題'
1096.1394 	EXP 	scale: markerPos = None
1096.1394 	EXP 	scale: markerPos = None
1096.1394 	EXP 	textreproductionstart: autoDraw = True
1096.1394 	EXP 	scale: autoDraw = True
1102.2016 	DATA 	Mouse: Left button down, pos=(676,548)
1102.2560 	EXP 	scale: markerPos = 2.7576754385964906
1102.2959 	EXP 	scale: markerPos = 2.7576754385964906
1102.3534 	DATA 	Mouse:  Left button up, pos=(676,548)
1102.3557 	EXP 	scale: markerPos = 2.7576754385964906
1102.3958 	EXP 	scale: markerPos = 2.7576754385964906
1125.4367 	DATA 	Keypress: space
1125.4393 	EXP 	textreproductionstart: autoDraw = False
1125.4393 	EXP 	scale: autoDraw = False
1125.4393 	EXP 	textrest: autoDraw = True
1150.4306 	EXP 	Sound sound_2 started
1150.4303 	EXP 	textready: autoDraw = True
1150.4470 	EXP 	textrest: autoDraw = False
1150.9696 	EXP 	Sound sound_2 reached end of file
1155.4191 	EXP 	New trial (rep=0, index=11): {'emo_pic': 'emo_pic\\pneutral_5500.jpg', 'duration': 1}
1155.4336 	EXP 	Sound sound_1 started
1155.4338 	EXP 	textready: autoDraw = False
1155.4338 	EXP 	textrest: autoDraw = False
1155.4338 	EXP 	textready: autoDraw = False
1155.4338 	EXP 	textblank1000: autoDraw = True
1155.9759 	EXP 	Sound sound_1 reached end of file
1157.6045 	EXP 	textblank1000: autoDraw = False
1157.6045 	EXP 	textblank1000: autoDraw = False
1157.6045 	EXP 	emopic: image = 'emo_pic\\pneutral_5500.jpg'
1157.6045 	EXP 	emopic: autoDraw = True
1158.6534 	EXP 	emopic: autoDraw = False
1158.6534 	EXP 	emopic: autoDraw = False
1158.6534 	EXP 	textreproductionstart: text = '時間估計作業\n\n請透過滑鼠將刺激呈現時間點在以下量尺中\n按下空白鍵進入下一題'
1158.6534 	EXP 	scale: markerPos = None
1158.6534 	EXP 	scale: markerPos = None
1158.6534 	EXP 	textreproductionstart: autoDraw = True
1158.6534 	EXP 	scale: autoDraw = True
1162.7014 	DATA 	Mouse: Left button down, pos=(451,547)
1162.7451 	DATA 	Mouse:  Left button up, pos=(451,547)
1162.7480 	EXP 	scale: markerPos = 1.2157346491228065
1162.7749 	EXP 	scale: markerPos = 1.2157346491228065
1186.3065 	DATA 	Keypress: space
1186.3106 	EXP 	textreproductionstart: autoDraw = False
1186.3106 	EXP 	scale: autoDraw = False
1186.3106 	EXP 	textrest: autoDraw = True
1211.3063 	EXP 	Sound sound_2 started
1211.3063 	EXP 	textready: autoDraw = True
1211.3230 	EXP 	textrest: autoDraw = False
1211.8465 	EXP 	Sound sound_2 reached end of file
1216.2954 	EXP 	New trial (rep=0, index=12): {'emo_pic': 'emo_pic\\pnegative_high_1300.jpg', 'duration': 3}
1216.3100 	EXP 	Sound sound_1 started
1216.3098 	EXP 	textready: autoDraw = False
1216.3098 	EXP 	textrest: autoDraw = False
1216.3098 	EXP 	textready: autoDraw = False
1216.3098 	EXP 	textblank1000: autoDraw = True
1216.8566 	EXP 	Sound sound_1 reached end of file
1218.4776 	EXP 	textblank1000: autoDraw = False
1218.4776 	EXP 	textblank1000: autoDraw = False
1218.4776 	EXP 	emopic: image = 'emo_pic\\pnegative_high_1300.jpg'
1218.4776 	EXP 	emopic: autoDraw = True
1221.5280 	EXP 	emopic: autoDraw = False
1221.5280 	EXP 	emopic: autoDraw = False
1221.5280 	EXP 	textreproductionstart: text = '時間估計作業\n\n請透過滑鼠將刺激呈現時間點在以下量尺中\n按下空白鍵進入下一題'
1221.5280 	EXP 	scale: markerPos = None
1221.5280 	EXP 	scale: markerPos = None
1221.5280 	EXP 	textreproductionstart: autoDraw = True
1221.5280 	EXP 	scale: autoDraw = True
1225.5647 	DATA 	Mouse: Left button down, pos=(605,546)
1225.6039 	EXP 	scale: markerPos = 2.2711074561403506
1225.6336 	EXP 	scale: markerPos = 2.2711074561403506
1225.6873 	DATA 	Mouse:  Left button up, pos=(605,546)
1225.6897 	EXP 	scale: markerPos = 2.2711074561403506
1225.7267 	EXP 	scale: markerPos = 2.2711074561403506
1258.9526 	DATA 	Keypress: space
1258.9560 	EXP 	textreproductionstart: autoDraw = False
1258.9560 	EXP 	scale: autoDraw = False
1258.9560 	EXP 	textrest: autoDraw = True
1283.9569 	EXP 	Sound sound_2 started
1283.9570 	EXP 	textrest: autoDraw = False
1283.9570 	EXP 	textready: autoDraw = True
1284.4982 	EXP 	Sound sound_2 reached end of file
1288.9462 	EXP 	New trial (rep=0, index=13): {'emo_pic': 'emo_pic\\pneutral_7950.jpg', 'duration': 7}
1288.9607 	EXP 	Sound sound_1 started
1288.9609 	EXP 	textready: autoDraw = False
1288.9609 	EXP 	textrest: autoDraw = False
1288.9609 	EXP 	textready: autoDraw = False
1288.9609 	EXP 	textblank1000: autoDraw = True
1289.5081 	EXP 	Sound sound_1 reached end of file
1291.1198 	EXP 	textblank1000: autoDraw = False
1291.1198 	EXP 	textblank1000: autoDraw = False
1291.1198 	EXP 	emopic: image = 'emo_pic\\pneutral_7950.jpg'
1291.1198 	EXP 	emopic: autoDraw = True
1298.1560 	EXP 	emopic: autoDraw = False
1298.1560 	EXP 	emopic: autoDraw = False
1298.1560 	EXP 	textreproductionstart: text = '時間估計作業\n\n請透過滑鼠將刺激呈現時間點在以下量尺中\n按下空白鍵進入下一題'
1298.1560 	EXP 	scale: markerPos = None
1298.1560 	EXP 	scale: markerPos = None
1298.1560 	EXP 	textreproductionstart: autoDraw = True
1298.1560 	EXP 	scale: autoDraw = True
1305.0159 	DATA 	Mouse: Left button down, pos=(1401,549)
1305.0733 	EXP 	scale: markerPos = 7.7261513157894735
1305.1015 	DATA 	Mouse:  Left button up, pos=(1401,549)
1305.1046 	EXP 	scale: markerPos = 7.7261513157894735
1305.1515 	EXP 	scale: markerPos = 7.7261513157894735
1326.4664 	DATA 	Keypress: space
1326.4713 	EXP 	textreproductionstart: autoDraw = False
1326.4713 	EXP 	scale: autoDraw = False
1326.4713 	EXP 	textrest: autoDraw = True
1351.4712 	EXP 	Sound sound_2 started
1351.4716 	EXP 	textrest: autoDraw = False
1351.4716 	EXP 	textready: autoDraw = True
1352.0097 	EXP 	Sound sound_2 reached end of file
1356.4604 	EXP 	New trial (rep=0, index=14): {'emo_pic': 'emo_pic\\positive_low_2314.jpg', 'duration': 5}
1356.4745 	EXP 	Sound sound_1 started
1356.4749 	EXP 	textready: autoDraw = False
1356.4749 	EXP 	textrest: autoDraw = False
1356.4749 	EXP 	textready: autoDraw = False
1356.4749 	EXP 	textblank1000: autoDraw = True
1357.0184 	EXP 	Sound sound_1 reached end of file
1358.7048 	EXP 	textblank1000: autoDraw = False
1358.7048 	EXP 	textblank1000: autoDraw = False
1358.7048 	EXP 	emopic: image = 'emo_pic\\positive_low_2314.jpg'
1358.7048 	EXP 	emopic: autoDraw = True
1363.7593 	EXP 	emopic: autoDraw = False
1363.7593 	EXP 	emopic: autoDraw = False
1363.7593 	EXP 	textreproductionstart: text = '時間估計作業\n\n請透過滑鼠將刺激呈現時間點在以下量尺中\n按下空白鍵進入下一題'
1363.7593 	EXP 	scale: markerPos = None
1363.7593 	EXP 	scale: markerPos = None
1363.7593 	EXP 	textreproductionstart: autoDraw = True
1363.7593 	EXP 	scale: autoDraw = True
1367.5314 	DATA 	Mouse: Left button down, pos=(946,552)
1367.5623 	EXP 	scale: markerPos = 4.608004385964912
1367.5970 	EXP 	scale: markerPos = 4.608004385964912
1367.6558 	DATA 	Mouse:  Left button up, pos=(945,552)
1367.6580 	EXP 	scale: markerPos = 4.608004385964912
1367.7051 	EXP 	scale: markerPos = 4.608004385964912
1384.9875 	DATA 	Keypress: space
1384.9908 	EXP 	textreproductionstart: autoDraw = False
1384.9908 	EXP 	scale: autoDraw = False
1384.9908 	EXP 	textrest: autoDraw = True
1409.9957 	EXP 	Sound sound_2 started
1409.9958 	EXP 	textrest: autoDraw = False
1409.9958 	EXP 	textready: autoDraw = True
1410.5393 	EXP 	Sound sound_2 reached end of file
1414.9842 	EXP 	New trial (rep=0, index=15): {'emo_pic': 'emo_pic\\pneutral_7100.jpg', 'duration': 3}
1414.9988 	EXP 	Sound sound_1 started
1414.9990 	EXP 	textready: autoDraw = False
1414.9990 	EXP 	textrest: autoDraw = False
1414.9990 	EXP 	textready: autoDraw = False
1414.9990 	EXP 	textblank1000: autoDraw = True
1415.5393 	EXP 	Sound sound_1 reached end of file
1417.1828 	EXP 	textblank1000: autoDraw = False
1417.1828 	EXP 	textblank1000: autoDraw = False
1417.1828 	EXP 	emopic: image = 'emo_pic\\pneutral_7100.jpg'
1417.1828 	EXP 	emopic: autoDraw = True
1420.2371 	EXP 	emopic: autoDraw = False
1420.2371 	EXP 	emopic: autoDraw = False
1420.2371 	EXP 	textreproductionstart: text = '時間估計作業\n\n請透過滑鼠將刺激呈現時間點在以下量尺中\n按下空白鍵進入下一題'
1420.2371 	EXP 	scale: markerPos = None
1420.2371 	EXP 	scale: markerPos = None
1420.2371 	EXP 	textreproductionstart: autoDraw = True
1420.2371 	EXP 	scale: autoDraw = True
1424.7259 	DATA 	Mouse: Left button down, pos=(724,544)
1424.7677 	EXP 	scale: markerPos = 3.086622807017543
1424.7961 	EXP 	scale: markerPos = 3.086622807017543
1424.8284 	EXP 	scale: markerPos = 3.086622807017543
1424.8786 	DATA 	Mouse:  Left button up, pos=(724,544)
1424.8811 	EXP 	scale: markerPos = 3.086622807017543
1424.9096 	EXP 	scale: markerPos = 3.086622807017543
1437.4646 	DATA 	Keypress: space
1437.4688 	EXP 	textreproductionstart: autoDraw = False
1437.4688 	EXP 	scale: autoDraw = False
1437.4688 	EXP 	textrest: autoDraw = True
1462.4654 	EXP 	Sound sound_2 started
1462.4657 	EXP 	textready: autoDraw = True
1462.4823 	EXP 	textrest: autoDraw = False
1463.0044 	EXP 	Sound sound_2 reached end of file
1467.4546 	EXP 	New trial (rep=0, index=16): {'emo_pic': 'emo_pic\\pnegative_low_9331.jpg', 'duration': 1}
1467.4692 	EXP 	Sound sound_1 started
1467.4692 	EXP 	textready: autoDraw = False
1467.4692 	EXP 	textrest: autoDraw = False
1467.4692 	EXP 	textready: autoDraw = False
1467.4692 	EXP 	textblank1000: autoDraw = True
1468.0101 	EXP 	Sound sound_1 reached end of file
1469.6380 	EXP 	textblank1000: autoDraw = False
1469.6380 	EXP 	textblank1000: autoDraw = False
1469.6380 	EXP 	emopic: image = 'emo_pic\\pnegative_low_9331.jpg'
1469.6380 	EXP 	emopic: autoDraw = True
1470.6851 	EXP 	emopic: autoDraw = False
1470.6851 	EXP 	emopic: autoDraw = False
1470.6851 	EXP 	textreproductionstart: text = '時間估計作業\n\n請透過滑鼠將刺激呈現時間點在以下量尺中\n按下空白鍵進入下一題'
1470.6851 	EXP 	scale: markerPos = None
1470.6851 	EXP 	scale: markerPos = None
1470.6851 	EXP 	textreproductionstart: autoDraw = True
1470.6851 	EXP 	scale: autoDraw = True
1474.9431 	DATA 	Mouse: Left button down, pos=(399,550)
1474.9931 	EXP 	scale: markerPos = 0.8593749999999994
1475.0291 	EXP 	scale: markerPos = 0.8593749999999994
1475.0857 	DATA 	Mouse:  Left button up, pos=(399,550)
1475.0885 	EXP 	scale: markerPos = 0.8593749999999994
1475.1410 	EXP 	scale: markerPos = 0.8593749999999994
1476.1273 	DATA 	Mouse: Left button down, pos=(413,550)
1476.1680 	EXP 	scale: markerPos = 0.9690241228070168
1476.2030 	EXP 	scale: markerPos = 0.9690241228070168
1476.2539 	EXP 	scale: markerPos = 0.9690241228070168
1476.2829 	EXP 	scale: markerPos = 0.9690241228070168
1476.3186 	EXP 	scale: markerPos = 0.9690241228070168
1476.3808 	EXP 	scale: markerPos = 0.9690241228070168
1476.4327 	EXP 	scale: markerPos = 0.9827302631578936
1476.4860 	EXP 	scale: markerPos = 0.9827302631578936
1476.5360 	EXP 	scale: markerPos = 0.9827302631578936
1476.5916 	EXP 	scale: markerPos = 0.9827302631578936
1476.6515 	EXP 	scale: markerPos = 0.9827302631578936
1476.7063 	EXP 	scale: markerPos = 0.9827302631578936
1476.7738 	EXP 	scale: markerPos = 0.9827302631578936
1476.8256 	EXP 	scale: markerPos = 0.9758771929824563
1476.8840 	EXP 	scale: markerPos = 0.9484649122807012
1476.9321 	EXP 	scale: markerPos = 0.9141995614035081
1476.9882 	EXP 	scale: markerPos = 0.9141995614035081
1477.0479 	EXP 	scale: markerPos = 0.9141995614035081
1477.1057 	EXP 	scale: markerPos = 0.9141995614035081
1477.1540 	EXP 	scale: markerPos = 0.9141995614035081
1477.1864 	EXP 	scale: markerPos = 0.9141995614035081
1477.2364 	EXP 	scale: markerPos = 0.9141995614035081
1477.2811 	EXP 	scale: markerPos = 0.9141995614035081
1477.3281 	EXP 	scale: markerPos = 0.9141995614035081
1477.3762 	EXP 	scale: markerPos = 0.9141995614035081
1477.4259 	EXP 	scale: markerPos = 0.9141995614035081
1477.4867 	EXP 	scale: markerPos = 0.9141995614035081
1477.5416 	EXP 	scale: markerPos = 0.9141995614035081
1477.5898 	EXP 	scale: markerPos = 0.9141995614035081
1477.6489 	DATA 	Mouse:  Left button up, pos=(407,550)
1477.6511 	EXP 	scale: markerPos = 0.9141995614035081
1477.7046 	EXP 	scale: markerPos = 0.9141995614035081
1505.3286 	DATA 	Keypress: space
1505.3339 	EXP 	textreproductionstart: autoDraw = False
1505.3339 	EXP 	scale: autoDraw = False
1505.3339 	EXP 	textrest: autoDraw = True
1530.3297 	EXP 	Sound sound_2 started
1530.3299 	EXP 	textready: autoDraw = True
1530.3464 	EXP 	textrest: autoDraw = False
1530.8707 	EXP 	Sound sound_2 reached end of file
1535.3193 	EXP 	New trial (rep=0, index=17): {'emo_pic': 'emo_pic\\pnegative_low_2520.jpg', 'duration': 5}
1535.3338 	EXP 	Sound sound_1 started
1535.3335 	EXP 	textready: autoDraw = False
1535.3335 	EXP 	textrest: autoDraw = False
1535.3335 	EXP 	textready: autoDraw = False
1535.3335 	EXP 	textblank1000: autoDraw = True
1535.8807 	EXP 	Sound sound_1 reached end of file
1537.5019 	EXP 	textblank1000: autoDraw = False
1537.5019 	EXP 	textblank1000: autoDraw = False
1537.5019 	EXP 	emopic: image = 'emo_pic\\pnegative_low_2520.jpg'
1537.5019 	EXP 	emopic: autoDraw = True
1542.5501 	EXP 	emopic: autoDraw = False
1542.5501 	EXP 	emopic: autoDraw = False
1542.5501 	EXP 	textreproductionstart: text = '時間估計作業\n\n請透過滑鼠將刺激呈現時間點在以下量尺中\n按下空白鍵進入下一題'
1542.5501 	EXP 	scale: markerPos = None
1542.5501 	EXP 	scale: markerPos = None
1542.5501 	EXP 	textreproductionstart: autoDraw = True
1542.5501 	EXP 	scale: autoDraw = True
1547.0430 	DATA 	Mouse: Left button down, pos=(729,549)
1547.0991 	EXP 	scale: markerPos = 3.1208881578947363
1547.1357 	DATA 	Mouse:  Left button up, pos=(729,549)
1547.1394 	EXP 	scale: markerPos = 3.1208881578947363
1547.1859 	EXP 	scale: markerPos = 3.1208881578947363
1566.5500 	DATA 	Keypress: space
1566.5521 	EXP 	textreproductionstart: autoDraw = False
1566.5521 	EXP 	scale: autoDraw = False
1566.5521 	EXP 	textrest: autoDraw = True
1591.5565 	EXP 	Sound sound_2 started
1591.5562 	EXP 	textrest: autoDraw = False
1591.5562 	EXP 	textready: autoDraw = True
1592.0958 	EXP 	Sound sound_2 reached end of file
1596.5448 	EXP 	New trial (rep=0, index=18): {'emo_pic': 'emo_pic\\positive_low_7340.jpg', 'duration': 1}
1596.5594 	EXP 	Sound sound_1 started
1596.5595 	EXP 	textready: autoDraw = False
1596.5595 	EXP 	textrest: autoDraw = False
1596.5595 	EXP 	textready: autoDraw = False
1596.5595 	EXP 	textblank1000: autoDraw = True
1597.1015 	EXP 	Sound sound_1 reached end of file
1598.7322 	EXP 	textblank1000: autoDraw = False
1598.7322 	EXP 	textblank1000: autoDraw = False
1598.7322 	EXP 	emopic: image = 'emo_pic\\positive_low_7340.jpg'
1598.7322 	EXP 	emopic: autoDraw = True
1599.7865 	EXP 	emopic: autoDraw = False
1599.7865 	EXP 	emopic: autoDraw = False
1599.7865 	EXP 	textreproductionstart: text = '時間估計作業\n\n請透過滑鼠將刺激呈現時間點在以下量尺中\n按下空白鍵進入下一題'
1599.7865 	EXP 	scale: markerPos = None
1599.7865 	EXP 	scale: markerPos = None
1599.7865 	EXP 	textreproductionstart: autoDraw = True
1599.7865 	EXP 	scale: autoDraw = True
1618.7284 	DATA 	Mouse: Left button down, pos=(591,561)
1618.7591 	EXP 	scale: markerPos = 2.1751644736842097
1618.7889 	EXP 	scale: markerPos = 2.1751644736842097
1618.8402 	DATA 	Mouse:  Left button up, pos=(591,561)
1618.8426 	EXP 	scale: markerPos = 2.1751644736842097
1618.8902 	EXP 	scale: markerPos = 2.1751644736842097
1620.4116 	DATA 	Keypress: space
1620.4144 	EXP 	textreproductionstart: autoDraw = False
1620.4144 	EXP 	scale: autoDraw = False
1620.4144 	EXP 	textrest: autoDraw = True
1645.4105 	EXP 	Sound sound_2 started
1645.4106 	EXP 	textready: autoDraw = True
1645.4271 	EXP 	textrest: autoDraw = False
1645.9523 	EXP 	Sound sound_2 reached end of file
1650.3991 	EXP 	New trial (rep=0, index=19): {'emo_pic': 'emo_pic\\positive_high_8300.jpg', 'duration': 3}
1650.4142 	EXP 	Sound sound_1 started
1650.4140 	EXP 	textready: autoDraw = False
1650.4140 	EXP 	textrest: autoDraw = False
1650.4140 	EXP 	textready: autoDraw = False
1650.4140 	EXP 	textblank1000: autoDraw = True
1650.9537 	EXP 	Sound sound_1 reached end of file
1652.5989 	EXP 	textblank1000: autoDraw = False
1652.5989 	EXP 	textblank1000: autoDraw = False
1652.5989 	EXP 	emopic: image = 'emo_pic\\positive_high_8300.jpg'
1652.5989 	EXP 	emopic: autoDraw = True
1655.6504 	EXP 	emopic: autoDraw = False
1655.6504 	EXP 	emopic: autoDraw = False
1655.6504 	EXP 	textreproductionstart: text = '時間估計作業\n\n請透過滑鼠將刺激呈現時間點在以下量尺中\n按下空白鍵進入下一題'
1655.6504 	EXP 	scale: markerPos = None
1655.6504 	EXP 	scale: markerPos = None
1655.6504 	EXP 	textreproductionstart: autoDraw = True
1655.6504 	EXP 	scale: autoDraw = True
1660.4758 	DATA 	Mouse: Left button down, pos=(668,550)
1660.5321 	EXP 	scale: markerPos = 2.702850877192982
1660.5603 	EXP 	scale: markerPos = 2.702850877192982
1660.5651 	DATA 	Mouse:  Left button up, pos=(668,550)
1660.5964 	EXP 	scale: markerPos = 2.702850877192982
1671.7492 	DATA 	Keypress: space
1671.7525 	EXP 	textreproductionstart: autoDraw = False
1671.7525 	EXP 	scale: autoDraw = False
1671.7525 	EXP 	textrest: autoDraw = True
1696.7464 	EXP 	Sound sound_2 started
1696.7467 	EXP 	textready: autoDraw = True
1696.7630 	EXP 	textrest: autoDraw = False
1697.2857 	EXP 	Sound sound_2 reached end of file
1701.7501 	EXP 	textready: autoDraw = False
1701.7501 	EXP 	textrest: autoDraw = False
1701.7501 	EXP 	textready: autoDraw = False
1701.7501 	EXP 	textEndMessage: autoDraw = True
1711.9466 	DATA 	Keypress: escape
1714.0792 	EXP 	window1: mouseVisible = True
