23.1523 	WARNING 	User requested fullscreen with size [1536  864], but screen is actually [1920, 1080]. Using actual size
25.1271 	EXP 	Created window1 = Window(allowGUI=True, allowStencil=False, autoLog=True, backendConf=UNKNOWN, bitsMode=UNKNOWN, blendMode='avg', bpc=(8, 8, 8), color=array([0, 0, 0]), colorSpace='rgb', depthBits=8, fullscr=<method-wrapper '__getattribute__' of attributeSetter object at 0x000002000962DD30>, gamma=None, gammaErrorPolicy='raise', lms=UNKNOWN, monitor=<psychopy.monitors.calibTools.Monitor object at 0x000002000B598DF0>, multiSample=False, name='window1', numSamples=2, pos=(0, 0), screen=0, size=array([1920, 1080]), stencilBits=0, stereo=False, units='height', useFBO=True, useRetina=False, viewOri=0.0, viewPos=None, viewScale=None, waitBlanking=True, winType='pyglet')
25.1273 	EXP 	window1: mouseVisible = True
25.1274 	EXP 	window1: mouseVisible = False
25.1274 	EXP 	window1: Attempting to measure frame rate of screen (0) ...
25.1275 	EXP 	window1: recordFrameIntervals = False
25.2931 	EXP 	window1: recordFrameIntervals = True
25.4773 	EXP 	Screen (0) actual frame rate measured at 60.14Hz
25.4774 	EXP 	window1: recordFrameIntervals = False
28.6646 	EXP 	Created textWelcomeMessage = TextStim(__class__=<class 'psychopy.visual.text.TextStim'>, alignHoriz=method-wrapper(...), alignText='center', alignVert=method-wrapper(...), anchorHoriz='center', anchorVert='center', antialias=True, autoDraw=False, autoLog=True, bold=False, color=array([1, 1, 1]), colorSpace='rgb', contrast=1.0, depth=0.0, flipHoriz=False, flipVert=False, font='Open Sans', fontFiles=[], height=0.05, italic=False, languageStyle='LTR', name='textWelcomeMessage', opacity=1.0, ori=0.0, pos=array([0., 0.]), rgb=UNKNOWN, text='歡迎來到本次的實驗\n\n請按"空白鍵"開始實驗', units='height', win=Window(...), wrapWidth=1)
28.6706 	EXP 	Created textblank1000 = TextStim(__class__=<class 'psychopy.visual.text.TextStim'>, alignHoriz=method-wrapper(...), alignText='center', alignVert=method-wrapper(...), anchorHoriz='center', anchorVert='center', antialias=True, autoDraw=False, autoLog=True, bold=False, color=array([1, 1, 1]), colorSpace='rgb', contrast=1.0, depth=0.0, flipHoriz=False, flipVert=False, font='Open Sans', fontFiles=[], height=0.05, italic=False, languageStyle='LTR', name='textblank1000', opacity=1.0, ori=0.0, pos=array([0., 0.]), rgb=UNKNOWN, text='+', units='height', win=Window(...), wrapWidth=1)
28.8645 	EXP 	Sound sound_1 set volume 1.000
28.8803 	EXP 	Created image = ImageStim(__class__=<class 'psychopy.visual.image.ImageStim'>, anchor=('center', 'center'), autoLog=True, color=array([1, 1, 1]), colorSpace='rgb', contrast=1.0, depth=0.0, flipHoriz=False, flipVert=False, image='sin', interpolate=True, mask=None, maskParams=None, name='image', opacity=1.0, ori=0.0, pos=array([0., 0.]), size=array([0.95, 0.7 ]), texRes=128.0, units='height', win=Window(...))
28.8812 	EXP 	Created textreproductionstart = TextStim(__class__=<class 'psychopy.visual.text.TextStim'>, alignHoriz=method-wrapper(...), alignText='center', alignVert=method-wrapper(...), anchorHoriz='center', anchorVert='center', antialias=True, autoDraw=False, autoLog=True, bold=False, color=array([1, 1, 1]), colorSpace='rgb', contrast=1.0, depth=0.0, flipHoriz=False, flipVert=False, font='Open Sans', fontFiles=[], height=0.05, italic=False, languageStyle='LTR', name='textreproductionstart', opacity=1.0, ori=0.0, pos=array([0., 0.]), rgb=UNKNOWN, text='', units='height', win=Window(...), wrapWidth=1)
28.8914 	EXP 	window1: mouseVisible = True
29.6997 	EXP 	Created scale = Slider(__class__=<class 'psychopy.visual.slider.Slider'>, autoDraw=False, autoLog=True, borderColor=None, color=None, colorSpace='rgb', depth=-1, fillColor=None, flip=False, font='Open Sans', granularity=0.0, labelColor=None, labelHeight=0.04, labelWrapWidth=None, labels=list(...), lineColor=None, markerColor=None, name='scale', opacity=None, ori=0.0, pos=array([ 0. , -0.2]), readOnly=False, self=UNKNOWN, size=array([1.2 , 0.04]), startValue=None, style='rating', styleTweaks=['triangleMarker'], ticks=ndarray(...), units='height', win=Window(...))
29.7385 	EXP 	Created textrest = TextStim(__class__=<class 'psychopy.visual.text.TextStim'>, alignHoriz=method-wrapper(...), alignText='center', alignVert=method-wrapper(...), anchorHoriz='center', anchorVert='center', antialias=True, autoDraw=False, autoLog=True, bold=False, color=array([1, 1, 1]), colorSpace='rgb', contrast=1.0, depth=0.0, flipHoriz=False, flipVert=False, font='Open Sans', fontFiles=[], height=0.05, italic=False, languageStyle='LTR', name='textrest', opacity=1.0, ori=0.0, pos=array([0., 0.]), rgb=UNKNOWN, text='休息30秒\n\n時間結束會自動進入下一題', units='height', win=Window(...), wrapWidth=1)
29.7465 	EXP 	Created textready = TextStim(__class__=<class 'psychopy.visual.text.TextStim'>, alignHoriz=method-wrapper(...), alignText='center', alignVert=method-wrapper(...), anchorHoriz='center', anchorVert='center', antialias=True, autoDraw=False, autoLog=True, bold=False, color=array([1, 1, 1]), colorSpace='rgb', contrast=1.0, depth=-1.0, flipHoriz=False, flipVert=False, font='Open Sans', fontFiles=[], height=0.05, italic=False, languageStyle='LTR', name='textready', opacity=1.0, ori=0.0, pos=array([0., 0.]), rgb=UNKNOWN, text='即將進入下一題', units='height', win=Window(...), wrapWidth=1)
29.7484 	EXP 	Sound sound_2 set volume 1.000
29.7713 	EXP 	Created text = TextStim(__class__=<class 'psychopy.visual.text.TextStim'>, alignHoriz=method-wrapper(...), alignText='center', alignVert=method-wrapper(...), anchorHoriz='center', anchorVert='center', antialias=True, autoDraw=False, autoLog=True, bold=False, color=array([1, 1, 1]), colorSpace='rgb', contrast=1.0, depth=0.0, flipHoriz=False, flipVert=False, font='Open Sans', fontFiles=[], height=0.05, italic=False, languageStyle='LTR', name='text', opacity=1.0, ori=0.0, pos=array([0., 0.]), rgb=UNKNOWN, text='練習階段結束\n\n準備好請按"空白鍵"開始正式階段', units='height', win=Window(...), wrapWidth=1)
29.7735 	EXP 	Created textblank1000 = TextStim(__class__=<class 'psychopy.visual.text.TextStim'>, alignHoriz=method-wrapper(...), alignText='center', alignVert=method-wrapper(...), anchorHoriz='center', anchorVert='center', antialias=True, autoDraw=False, autoLog=True, bold=False, color=array([1, 1, 1]), colorSpace='rgb', contrast=1.0, depth=0.0, flipHoriz=False, flipVert=False, font='Open Sans', fontFiles=[], height=0.05, italic=False, languageStyle='LTR', name='textblank1000', opacity=1.0, ori=0.0, pos=array([0., 0.]), rgb=UNKNOWN, text='+', units='height', win=Window(...), wrapWidth=1)
29.7755 	EXP 	Sound sound_1 set volume 1.000
29.7797 	EXP 	Created emopic = ImageStim(__class__=<class 'psychopy.visual.image.ImageStim'>, anchor=('center', 'center'), autoLog=True, color=array([1, 1, 1]), colorSpace='rgb', contrast=1.0, depth=0.0, flipHoriz=False, flipVert=False, image='sin', interpolate=True, mask=None, maskParams=None, name='emopic', opacity=1.0, ori=0.0, pos=array([0., 0.]), size=array([1., 1.]), texRes=128.0, units='height', win=Window(...))
29.7805 	EXP 	Created textreproductionstart = TextStim(__class__=<class 'psychopy.visual.text.TextStim'>, alignHoriz=method-wrapper(...), alignText='center', alignVert=method-wrapper(...), anchorHoriz='center', anchorVert='center', antialias=True, autoDraw=False, autoLog=True, bold=False, color=array([1, 1, 1]), colorSpace='rgb', contrast=1.0, depth=0.0, flipHoriz=False, flipVert=False, font='Open Sans', fontFiles=[], height=0.05, italic=False, languageStyle='LTR', name='textreproductionstart', opacity=1.0, ori=0.0, pos=array([0., 0.]), rgb=UNKNOWN, text='', units='height', win=Window(...), wrapWidth=1)
29.7826 	EXP 	window1: mouseVisible = True
30.2178 	EXP 	Created scale = Slider(__class__=<class 'psychopy.visual.slider.Slider'>, autoDraw=False, autoLog=True, borderColor=None, color=None, colorSpace='rgb', depth=-1, fillColor=None, flip=False, font='Open Sans', granularity=0.0, labelColor=None, labelHeight=0.04, labelWrapWidth=None, labels=list(...), lineColor=None, markerColor=None, name='scale', opacity=None, ori=0.0, pos=array([ 0. , -0.2]), readOnly=False, self=UNKNOWN, size=array([1.2 , 0.04]), startValue=None, style='rating', styleTweaks=['triangleMarker'], ticks=ndarray(...), units='height', win=Window(...))
30.2221 	EXP 	Created textrest = TextStim(__class__=<class 'psychopy.visual.text.TextStim'>, alignHoriz=method-wrapper(...), alignText='center', alignVert=method-wrapper(...), anchorHoriz='center', anchorVert='center', antialias=True, autoDraw=False, autoLog=True, bold=False, color=array([1, 1, 1]), colorSpace='rgb', contrast=1.0, depth=0.0, flipHoriz=False, flipVert=False, font='Open Sans', fontFiles=[], height=0.05, italic=False, languageStyle='LTR', name='textrest', opacity=1.0, ori=0.0, pos=array([0., 0.]), rgb=UNKNOWN, text='休息30秒\n\n時間結束會自動進入下一題', units='height', win=Window(...), wrapWidth=1)
30.2247 	EXP 	Created textready = TextStim(__class__=<class 'psychopy.visual.text.TextStim'>, alignHoriz=method-wrapper(...), alignText='center', alignVert=method-wrapper(...), anchorHoriz='center', anchorVert='center', antialias=True, autoDraw=False, autoLog=True, bold=False, color=array([1, 1, 1]), colorSpace='rgb', contrast=1.0, depth=-1.0, flipHoriz=False, flipVert=False, font='Open Sans', fontFiles=[], height=0.05, italic=False, languageStyle='LTR', name='textready', opacity=1.0, ori=0.0, pos=array([0., 0.]), rgb=UNKNOWN, text='即將進入下一題', units='height', win=Window(...), wrapWidth=1)
30.2267 	EXP 	Sound sound_2 set volume 1.000
30.2440 	EXP 	Created textEndMessage = TextStim(__class__=<class 'psychopy.visual.text.TextStim'>, alignHoriz=method-wrapper(...), alignText='center', alignVert=method-wrapper(...), anchorHoriz='center', anchorVert='center', antialias=True, autoDraw=False, autoLog=True, bold=False, color=array([1, 1, 1]), colorSpace='rgb', contrast=1.0, depth=0.0, flipHoriz=False, flipVert=False, font='Open Sans', fontFiles=[], height=0.05, italic=False, languageStyle='LTR', name='textEndMessage', opacity=1.0, ori=0.0, pos=array([0., 0.]), rgb=UNKNOWN, text='本次實驗到此結束\n\n感謝您的參與', units='height', win=Window(...), wrapWidth=1)
30.2588 	EXP 	scale: autoLog = True
30.2588 	EXP 	scale: markerPos = None
30.2588 	EXP 	scale: styleTweaks = []
30.2588 	EXP 	scale: styleTweaks = []
30.2588 	EXP 	scale: styleTweaks = ['triangleMarker']
30.2588 	EXP 	scale: styleTweaks = ['triangleMarker']
30.2588 	EXP 	scale: contrast = 1.0
30.2588 	EXP 	scale: autoLog = True
30.2588 	EXP 	scale: autoLog = True
30.2588 	EXP 	scale: markerPos = None
30.2588 	EXP 	scale: styleTweaks = []
30.2588 	EXP 	scale: styleTweaks = []
30.2588 	EXP 	scale: styleTweaks = ['triangleMarker']
30.2588 	EXP 	scale: styleTweaks = ['triangleMarker']
30.2588 	EXP 	scale: contrast = 1.0
30.2588 	EXP 	scale: autoLog = True
30.2588 	EXP 	textWelcomeMessage: autoDraw = True
273.6327 	EXP 	Imported pink_con.xlsx as conditions, 3 conditions, 2 params
273.6339 	EXP 	Created sequence: random, trialTypes=3, nReps=1, seed=None
273.6346 	EXP 	New trial (rep=0, index=0): {'pink': 'pink.png', 'pra_duration': 4}
273.6489 	EXP 	Sound sound_1 started
273.6418 	EXP 	textWelcomeMessage: autoDraw = False
273.6418 	EXP 	textblank1000: autoDraw = True
273.6632 	DATA 	KeyPress:  
274.1729 	EXP 	Sound sound_1 reached end of file
274.7645 	EXP 	textblank1000: autoDraw = False
274.7645 	EXP 	image: image = 'pink.png'
274.7645 	EXP 	image: autoDraw = True
278.8764 	EXP 	image: autoDraw = False
278.8764 	EXP 	image: autoDraw = False
278.8764 	EXP 	textreproductionstart: height = 0.05
278.8764 	EXP 	textreproductionstart: height = 0.05
278.8764 	EXP 	textreproductionstart: height = 0.05
278.8764 	EXP 	textreproductionstart: text = '時間估計作業\n\n請透過滑鼠將刺激呈現時間點在以下量尺中\n按下空白鍵進入下一題'
278.8764 	EXP 	scale: markerPos = None
278.8764 	EXP 	scale: markerPos = None
278.8764 	EXP 	textreproductionstart: autoDraw = True
278.8764 	EXP 	scale: autoDraw = True
285.8097 	DATA 	Mouse: Left button down, pos=(742,329)
285.8395 	EXP 	scale: markerPos = 4.976851851851851
285.8699 	EXP 	scale: markerPos = 4.976851851851851
285.9060 	EXP 	scale: markerPos = 4.976851851851851
285.9391 	EXP 	scale: markerPos = 4.976851851851851
285.9695 	EXP 	scale: markerPos = 4.976851851851851
285.9965 	EXP 	scale: markerPos = 4.976851851851851
286.0310 	DATA 	Mouse:  Left button up, pos=(742,328)
286.0334 	EXP 	scale: markerPos = 4.976851851851851
286.0642 	EXP 	scale: markerPos = 4.976851851851851
290.0622 	DATA 	Mouse: Left button down, pos=(748,322)
290.0908 	EXP 	scale: markerPos = 5.034722222222222
290.1322 	EXP 	scale: markerPos = 5.023148148148148
290.1707 	EXP 	scale: markerPos = 5.023148148148148
290.2081 	EXP 	scale: markerPos = 5.000000000000001
290.2377 	EXP 	scale: markerPos = 4.432870370370371
290.2683 	EXP 	scale: markerPos = 4.0740740740740735
290.3045 	EXP 	scale: markerPos = 3.8888888888888893
290.3324 	EXP 	scale: markerPos = 3.854166666666666
290.3688 	EXP 	scale: markerPos = 3.854166666666666
290.4058 	EXP 	scale: markerPos = 3.842592592592593
290.4377 	EXP 	scale: markerPos = 3.7962962962962967
290.4676 	EXP 	scale: markerPos = 3.6921296296296293
290.4984 	EXP 	scale: markerPos = 3.599537037037037
290.5325 	EXP 	scale: markerPos = 3.5300925925925926
290.5654 	EXP 	scale: markerPos = 3.472222222222222
290.6083 	EXP 	scale: markerPos = 3.3449074074074074
290.6352 	EXP 	scale: markerPos = 3.171296296296297
290.6615 	EXP 	scale: markerPos = 3.171296296296297
290.6893 	EXP 	scale: markerPos = 3.171296296296297
290.7176 	EXP 	scale: markerPos = 3.171296296296297
290.7531 	EXP 	scale: markerPos = 3.171296296296297
290.7866 	EXP 	scale: markerPos = 3.171296296296297
290.8371 	EXP 	scale: markerPos = 3.148148148148148
290.8773 	EXP 	scale: markerPos = 2.7893518518518516
290.9212 	EXP 	scale: markerPos = 2.7893518518518516
290.9571 	EXP 	scale: markerPos = 2.8703703703703707
290.9875 	EXP 	scale: markerPos = 3.2754629629629632
291.0264 	EXP 	scale: markerPos = 3.7268518518518516
291.0726 	EXP 	scale: markerPos = 3.9467592592592595
291.1000 	EXP 	scale: markerPos = 4.004629629629629
291.1344 	EXP 	scale: markerPos = 4.004629629629629
291.1707 	EXP 	scale: markerPos = 4.004629629629629
291.2066 	EXP 	scale: markerPos = 4.016203703703703
291.2440 	EXP 	scale: markerPos = 4.027777777777778
291.2853 	EXP 	scale: markerPos = 4.050925925925926
291.3164 	EXP 	scale: markerPos = 4.12037037037037
291.3512 	EXP 	scale: markerPos = 4.212962962962964
291.3878 	EXP 	scale: markerPos = 4.270833333333333
291.4157 	EXP 	scale: markerPos = 4.31712962962963
291.4520 	EXP 	scale: markerPos = 4.328703703703704
291.4884 	EXP 	scale: markerPos = 4.351851851851852
291.5267 	EXP 	scale: markerPos = 4.386574074074074
291.5631 	EXP 	scale: markerPos = 4.583333333333334
291.5967 	EXP 	scale: markerPos = 4.618055555555555
291.6244 	EXP 	scale: markerPos = 4.62962962962963
291.6545 	EXP 	scale: markerPos = 4.62962962962963
291.6883 	EXP 	scale: markerPos = 4.62962962962963
291.7263 	EXP 	scale: markerPos = 4.710648148148148
291.7629 	EXP 	scale: markerPos = 4.74537037037037
291.8004 	EXP 	scale: markerPos = 4.7800925925925934
291.8370 	EXP 	scale: markerPos = 4.861111111111111
291.8767 	EXP 	scale: markerPos = 4.895833333333333
291.9165 	EXP 	scale: markerPos = 4.907407407407407
291.9579 	EXP 	scale: markerPos = 4.965277777777778
291.9879 	EXP 	scale: markerPos = 4.988425925925926
292.0233 	EXP 	scale: markerPos = 5.023148148148148
292.0556 	EXP 	scale: markerPos = 5.023148148148148
292.0944 	EXP 	scale: markerPos = 5.046296296296296
292.1278 	EXP 	scale: markerPos = 5.046296296296296
292.1576 	EXP 	scale: markerPos = 5.046296296296296
292.1925 	EXP 	scale: markerPos = 5.046296296296296
292.2267 	EXP 	scale: markerPos = 5.046296296296296
292.2605 	EXP 	scale: markerPos = 5.046296296296296
292.2904 	EXP 	scale: markerPos = 5.046296296296296
292.3273 	EXP 	scale: markerPos = 5.046296296296296
292.3664 	EXP 	scale: markerPos = 5.046296296296296
292.3922 	EXP 	scale: markerPos = 5.046296296296296
292.4237 	EXP 	scale: markerPos = 5.046296296296296
292.4602 	EXP 	scale: markerPos = 5.046296296296296
292.4944 	EXP 	scale: markerPos = 5.046296296296296
292.5243 	EXP 	scale: markerPos = 5.046296296296296
292.5596 	EXP 	scale: markerPos = 5.046296296296296
292.5891 	EXP 	scale: markerPos = 5.046296296296296
292.6262 	EXP 	scale: markerPos = 5.046296296296296
292.6724 	EXP 	scale: markerPos = 5.046296296296296
292.7044 	EXP 	scale: markerPos = 5.046296296296296
292.7476 	EXP 	scale: markerPos = 5.034722222222222
292.7789 	EXP 	scale: markerPos = 5.034722222222222
292.8072 	EXP 	scale: markerPos = 5.023148148148148
292.8421 	EXP 	scale: markerPos = 5.023148148148148
292.8824 	EXP 	scale: markerPos = 5.000000000000001
292.9237 	EXP 	scale: markerPos = 4.988425925925926
292.9601 	EXP 	scale: markerPos = 4.976851851851851
292.9926 	EXP 	scale: markerPos = 4.976851851851851
293.0334 	EXP 	scale: markerPos = 4.976851851851851
293.0635 	EXP 	scale: markerPos = 4.976851851851851
293.0905 	EXP 	scale: markerPos = 4.976851851851851
293.1248 	EXP 	scale: markerPos = 4.976851851851851
293.1631 	EXP 	scale: markerPos = 4.976851851851851
293.1945 	EXP 	scale: markerPos = 4.976851851851851
293.2337 	EXP 	scale: markerPos = 4.976851851851851
293.2647 	EXP 	scale: markerPos = 4.976851851851851
293.2925 	EXP 	scale: markerPos = 4.976851851851851
293.3253 	EXP 	scale: markerPos = 4.988425925925926
293.3612 	EXP 	scale: markerPos = 5.0115740740740735
293.3972 	EXP 	scale: markerPos = 5.0115740740740735
293.4301 	EXP 	scale: markerPos = 5.0115740740740735
293.4682 	EXP 	scale: markerPos = 5.0115740740740735
293.5148 	EXP 	scale: markerPos = 5.0115740740740735
293.5598 	EXP 	scale: markerPos = 5.0115740740740735
293.5985 	EXP 	scale: markerPos = 5.0115740740740735
293.6396 	EXP 	scale: markerPos = 5.0115740740740735
293.6925 	EXP 	scale: markerPos = 5.0115740740740735
293.7300 	EXP 	scale: markerPos = 5.0115740740740735
293.7774 	EXP 	scale: markerPos = 5.0115740740740735
293.8114 	EXP 	scale: markerPos = 5.0115740740740735
293.8564 	EXP 	scale: markerPos = 5.0115740740740735
293.8969 	EXP 	scale: markerPos = 5.0115740740740735
293.9265 	EXP 	scale: markerPos = 5.0115740740740735
293.9524 	EXP 	scale: markerPos = 5.0115740740740735
293.9852 	EXP 	scale: markerPos = 5.0115740740740735
294.0268 	EXP 	scale: markerPos = 5.0115740740740735
294.0601 	EXP 	scale: markerPos = 5.0115740740740735
294.0919 	EXP 	scale: markerPos = 5.0115740740740735
294.1217 	EXP 	scale: markerPos = 5.0115740740740735
294.1658 	EXP 	scale: markerPos = 5.0115740740740735
294.1993 	EXP 	scale: markerPos = 5.0115740740740735
294.2408 	EXP 	scale: markerPos = 5.0115740740740735
294.2852 	EXP 	scale: markerPos = 5.0115740740740735
294.3159 	EXP 	scale: markerPos = 5.0115740740740735
294.3427 	EXP 	scale: markerPos = 5.0115740740740735
294.3739 	EXP 	scale: markerPos = 5.0115740740740735
294.4118 	EXP 	scale: markerPos = 5.0115740740740735
294.4488 	EXP 	scale: markerPos = 5.0115740740740735
294.4772 	EXP 	scale: markerPos = 5.0115740740740735
294.5102 	EXP 	scale: markerPos = 5.0115740740740735
294.5467 	EXP 	scale: markerPos = 5.0115740740740735
294.5808 	EXP 	scale: markerPos = 5.0115740740740735
294.6211 	EXP 	scale: markerPos = 5.0115740740740735
294.6645 	EXP 	scale: markerPos = 5.0115740740740735
294.7014 	EXP 	scale: markerPos = 5.0115740740740735
294.7288 	EXP 	scale: markerPos = 5.0115740740740735
294.7598 	EXP 	scale: markerPos = 5.0115740740740735
294.7864 	EXP 	scale: markerPos = 5.0115740740740735
294.8244 	EXP 	scale: markerPos = 5.0115740740740735
294.8643 	EXP 	scale: markerPos = 5.0115740740740735
294.9109 	EXP 	scale: markerPos = 5.0115740740740735
294.9514 	EXP 	scale: markerPos = 5.0115740740740735
294.9791 	EXP 	scale: markerPos = 5.0115740740740735
295.0089 	EXP 	scale: markerPos = 5.0115740740740735
295.0495 	DATA 	Mouse:  Left button up, pos=(745,326)
295.0516 	EXP 	scale: markerPos = 5.0115740740740735
295.0891 	EXP 	scale: markerPos = 5.0115740740740735
323.5893 	DATA 	KeyPress:  
323.5913 	EXP 	textreproductionstart: autoDraw = False
323.5913 	EXP 	scale: autoDraw = False
323.5913 	EXP 	textrest: autoDraw = True
348.5647 	EXP 	Sound sound_2 started
348.5648 	EXP 	textready: autoDraw = True
348.5980 	EXP 	textrest: autoDraw = False
349.1047 	EXP 	Sound sound_2 reached end of file
353.5550 	EXP 	New trial (rep=0, index=1): {'pink': 'pink.png', 'pra_duration': 6}
353.5702 	EXP 	Sound sound_1 started
353.5702 	EXP 	textready: autoDraw = False
353.5702 	EXP 	textrest: autoDraw = False
353.5702 	EXP 	textready: autoDraw = False
353.5702 	EXP 	textblank1000: autoDraw = True
354.1087 	EXP 	Sound sound_1 reached end of file
354.6323 	EXP 	textblank1000: autoDraw = False
354.6323 	EXP 	textblank1000: autoDraw = False
354.6323 	EXP 	image: image = 'pink.png'
354.6323 	EXP 	image: autoDraw = True
360.6793 	EXP 	image: autoDraw = False
360.6793 	EXP 	image: autoDraw = False
360.6793 	EXP 	textreproductionstart: text = '時間估計作業\n\n請透過滑鼠將刺激呈現時間點在以下量尺中\n按下空白鍵進入下一題'
360.6793 	EXP 	scale: markerPos = None
360.6793 	EXP 	scale: markerPos = None
360.6793 	EXP 	textreproductionstart: autoDraw = True
360.6793 	EXP 	scale: autoDraw = True
363.7554 	DATA 	Mouse: Left button down, pos=(808,333)
363.7889 	EXP 	scale: markerPos = 5.740740740740741
363.8297 	EXP 	scale: markerPos = 5.763888888888888
363.8722 	EXP 	scale: markerPos = 5.914351851851852
363.9088 	EXP 	scale: markerPos = 5.960648148148148
363.9476 	EXP 	scale: markerPos = 6.064814814814815
363.9802 	EXP 	scale: markerPos = 6.157407407407407
364.0284 	EXP 	scale: markerPos = 6.19212962962963
364.0600 	EXP 	scale: markerPos = 6.226851851851852
364.0892 	EXP 	scale: markerPos = 6.226851851851852
364.1205 	EXP 	scale: markerPos = 6.2384259259259265
364.1534 	EXP 	scale: markerPos = 6.2384259259259265
364.1993 	EXP 	scale: markerPos = 6.2384259259259265
364.2458 	EXP 	scale: markerPos = 6.2384259259259265
364.2854 	EXP 	scale: markerPos = 6.19212962962963
364.3194 	EXP 	scale: markerPos = 6.157407407407407
364.3563 	EXP 	scale: markerPos = 6.122685185185185
364.3906 	EXP 	scale: markerPos = 6.111111111111112
364.4233 	EXP 	scale: markerPos = 6.111111111111112
364.4546 	EXP 	scale: markerPos = 6.087962962962964
364.4998 	EXP 	scale: markerPos = 6.087962962962964
364.5466 	EXP 	scale: markerPos = 6.041666666666667
364.5862 	EXP 	scale: markerPos = 5.99537037037037
364.6291 	EXP 	scale: markerPos = 5.99537037037037
364.6598 	EXP 	scale: markerPos = 5.99537037037037
364.6887 	EXP 	scale: markerPos = 5.99537037037037
364.7187 	EXP 	scale: markerPos = 5.99537037037037
364.7669 	EXP 	scale: markerPos = 5.99537037037037
364.8105 	EXP 	scale: markerPos = 5.99537037037037
364.8566 	EXP 	scale: markerPos = 5.99537037037037
364.9037 	EXP 	scale: markerPos = 5.99537037037037
364.9487 	EXP 	scale: markerPos = 5.99537037037037
364.9919 	EXP 	scale: markerPos = 6.041666666666667
365.0208 	EXP 	scale: markerPos = 6.064814814814815
365.0535 	EXP 	scale: markerPos = 6.064814814814815
365.1008 	EXP 	scale: markerPos = 6.064814814814815
365.1472 	EXP 	scale: markerPos = 6.064814814814815
365.2052 	EXP 	scale: markerPos = 6.064814814814815
365.2346 	EXP 	scale: markerPos = 6.064814814814815
365.2662 	EXP 	scale: markerPos = 6.064814814814815
365.2928 	EXP 	scale: markerPos = 6.064814814814815
365.3208 	EXP 	scale: markerPos = 6.064814814814815
365.3581 	EXP 	scale: markerPos = 6.064814814814815
365.3964 	EXP 	scale: markerPos = 6.064814814814815
365.4242 	EXP 	scale: markerPos = 6.041666666666667
365.4545 	EXP 	scale: markerPos = 6.030092592592593
365.4870 	EXP 	scale: markerPos = 6.030092592592593
365.5199 	EXP 	scale: markerPos = 6.030092592592593
365.5471 	EXP 	scale: markerPos = 6.030092592592593
365.5747 	DATA 	Mouse: Right button down, pos=(833,331)
365.5769 	EXP 	scale: markerPos = 6.030092592592593
365.6049 	EXP 	scale: markerPos = 6.030092592592593
365.6349 	EXP 	scale: markerPos = 6.030092592592593
365.6613 	EXP 	scale: markerPos = 6.030092592592593
365.6894 	EXP 	scale: markerPos = 6.030092592592593
365.7170 	EXP 	scale: markerPos = 6.030092592592593
365.7544 	EXP 	scale: markerPos = 6.030092592592593
365.7923 	EXP 	scale: markerPos = 6.030092592592593
365.8220 	EXP 	scale: markerPos = 6.030092592592593
365.8524 	EXP 	scale: markerPos = 6.030092592592593
365.8790 	EXP 	scale: markerPos = 6.030092592592593
365.9063 	EXP 	scale: markerPos = 6.030092592592593
365.9342 	DATA 	Mouse:  Right button up, pos=(833,331)
365.9369 	EXP 	scale: markerPos = 6.030092592592593
365.9738 	EXP 	scale: markerPos = 6.030092592592593
366.0064 	EXP 	scale: markerPos = 6.030092592592593
366.0375 	EXP 	scale: markerPos = 6.030092592592593
366.0799 	DATA 	Mouse:  Left button up, pos=(833,332)
366.0824 	EXP 	scale: markerPos = 6.030092592592593
366.1194 	EXP 	scale: markerPos = 6.030092592592593
377.7561 	DATA 	KeyPress:  
377.7580 	EXP 	textreproductionstart: autoDraw = False
377.7580 	EXP 	scale: autoDraw = False
377.7580 	EXP 	textrest: autoDraw = True
402.7409 	EXP 	Sound sound_2 started
402.7410 	EXP 	textready: autoDraw = True
402.7577 	EXP 	textrest: autoDraw = False
403.2756 	EXP 	Sound sound_2 reached end of file
407.7316 	EXP 	New trial (rep=0, index=2): {'pink': 'pink.png', 'pra_duration': 2}
407.7467 	EXP 	Sound sound_1 started
407.7469 	EXP 	textready: autoDraw = False
407.7469 	EXP 	textrest: autoDraw = False
407.7469 	EXP 	textready: autoDraw = False
407.7469 	EXP 	textblank1000: autoDraw = True
408.2862 	EXP 	Sound sound_1 reached end of file
408.8027 	EXP 	textblank1000: autoDraw = False
408.8027 	EXP 	textblank1000: autoDraw = False
408.8027 	EXP 	image: image = 'pink.png'
408.8027 	EXP 	image: autoDraw = True
410.8540 	EXP 	image: autoDraw = False
410.8540 	EXP 	image: autoDraw = False
410.8540 	EXP 	textreproductionstart: text = '時間估計作業\n\n請透過滑鼠將刺激呈現時間點在以下量尺中\n按下空白鍵進入下一題'
410.8540 	EXP 	scale: markerPos = None
410.8540 	EXP 	scale: markerPos = None
410.8540 	EXP 	textreproductionstart: autoDraw = True
410.8540 	EXP 	scale: autoDraw = True
414.0991 	DATA 	Mouse: Left button down, pos=(487,338)
414.1401 	EXP 	scale: markerPos = 2.025462962962963
414.1749 	EXP 	scale: markerPos = 2.025462962962963
414.2143 	EXP 	scale: markerPos = 2.025462962962963
414.2435 	EXP 	scale: markerPos = 2.060185185185185
414.2792 	EXP 	scale: markerPos = 2.0717592592592595
414.3183 	EXP 	scale: markerPos = 2.118055555555556
414.3510 	EXP 	scale: markerPos = 2.1643518518518516
414.3782 	EXP 	scale: markerPos = 2.1874999999999996
414.4067 	EXP 	scale: markerPos = 2.1874999999999996
414.4410 	EXP 	scale: markerPos = 2.1874999999999996
414.4829 	EXP 	scale: markerPos = 2.2337962962962963
414.5120 	EXP 	scale: markerPos = 2.2569444444444446
414.5411 	EXP 	scale: markerPos = 2.2569444444444446
414.5734 	EXP 	scale: markerPos = 2.2569444444444446
414.5991 	EXP 	scale: markerPos = 2.2569444444444446
414.6255 	EXP 	scale: markerPos = 2.2569444444444446
414.6522 	EXP 	scale: markerPos = 2.2569444444444446
414.6798 	EXP 	scale: markerPos = 2.2569444444444446
414.7139 	EXP 	scale: markerPos = 2.2569444444444446
414.7454 	EXP 	scale: markerPos = 2.2569444444444446
414.7845 	EXP 	scale: markerPos = 2.2569444444444446
414.8197 	EXP 	scale: markerPos = 2.2685185185185186
414.8480 	EXP 	scale: markerPos = 2.2800925925925926
414.8774 	DATA 	Mouse:  Left button up, pos=(512,308)
414.8798 	EXP 	scale: markerPos = 2.2800925925925926
414.9109 	EXP 	scale: markerPos = 2.2800925925925926
425.8026 	DATA 	KeyPress:  
425.8049 	EXP 	textreproductionstart: autoDraw = False
425.8049 	EXP 	scale: autoDraw = False
425.8049 	EXP 	textrest: autoDraw = True
450.7771 	EXP 	Sound sound_2 started
450.7772 	EXP 	textready: autoDraw = True
450.8103 	EXP 	textrest: autoDraw = False
451.3148 	EXP 	Sound sound_2 reached end of file
455.7827 	EXP 	textrest: autoDraw = False
455.7827 	EXP 	textready: autoDraw = False
455.7827 	EXP 	text: autoDraw = True
460.1722 	EXP 	Imported pic_condition.xlsx as conditions, 20 conditions, 2 params
460.1747 	EXP 	Created sequence: random, trialTypes=20, nReps=1, seed=None
460.1754 	EXP 	New trial (rep=0, index=0): {'emo_pic': 'emo_pic\\pnegative_low_9331.jpg', 'duration': 1}
460.1873 	EXP 	Sound sound_1 started
460.1823 	EXP 	text: autoDraw = False
460.1823 	EXP 	textblank1000: autoDraw = True
460.1996 	DATA 	KeyPress:  
460.7326 	EXP 	Sound sound_1 reached end of file
461.2139 	EXP 	textblank1000: autoDraw = False
461.2139 	EXP 	emopic: image = 'emo_pic\\pnegative_low_9331.jpg'
461.2139 	EXP 	emopic: autoDraw = True
462.2577 	EXP 	emopic: autoDraw = False
462.2577 	EXP 	emopic: autoDraw = False
462.2577 	EXP 	textreproductionstart: text = '時間估計作業\n\n請透過滑鼠將刺激呈現時間點在以下量尺中\n按下空白鍵進入下一題'
462.2577 	EXP 	scale: markerPos = None
462.2577 	EXP 	scale: markerPos = None
462.2577 	EXP 	textreproductionstart: autoDraw = True
462.2577 	EXP 	scale: autoDraw = True
463.9398 	DATA 	Mouse: wheel shift=(0,1), pos=(1919,529)
465.5355 	DATA 	Mouse: Left button down, pos=(450,326)
465.5763 	EXP 	scale: markerPos = 1.5972222222222219
465.6161 	EXP 	scale: markerPos = 1.5972222222222219
465.6515 	EXP 	scale: markerPos = 1.7245370370370372
465.6815 	EXP 	scale: markerPos = 1.782407407407407
465.7141 	EXP 	scale: markerPos = 1.7939814814814812
465.7542 	EXP 	scale: markerPos = 1.7939814814814812
465.7864 	EXP 	scale: markerPos = 1.7939814814814812
465.8247 	EXP 	scale: markerPos = 1.8402777777777777
465.8619 	EXP 	scale: markerPos = 1.875
465.8892 	EXP 	scale: markerPos = 1.875
465.9322 	EXP 	scale: markerPos = 1.875
465.9743 	EXP 	scale: markerPos = 1.875
466.0231 	EXP 	scale: markerPos = 1.875
466.0682 	EXP 	scale: markerPos = 1.8287037037037035
466.1083 	EXP 	scale: markerPos = 1.8287037037037035
466.1363 	EXP 	scale: markerPos = 1.8287037037037035
466.1649 	EXP 	scale: markerPos = 1.8287037037037035
466.1922 	EXP 	scale: markerPos = 1.8287037037037035
466.2202 	EXP 	scale: markerPos = 1.8287037037037035
466.2514 	EXP 	scale: markerPos = 1.8287037037037035
466.2952 	EXP 	scale: markerPos = 1.8055555555555554
466.3341 	EXP 	scale: markerPos = 1.8055555555555554
466.3674 	EXP 	scale: markerPos = 1.8055555555555554
466.4012 	EXP 	scale: markerPos = 1.7361111111111105
466.4325 	EXP 	scale: markerPos = 1.6782407407407407
466.4612 	EXP 	scale: markerPos = 1.6550925925925926
466.4944 	EXP 	scale: markerPos = 1.6550925925925926
466.5262 	EXP 	scale: markerPos = 1.6550925925925926
466.5605 	EXP 	scale: markerPos = 1.6550925925925926
466.5873 	EXP 	scale: markerPos = 1.6550925925925926
466.6295 	EXP 	scale: markerPos = 1.6550925925925926
466.6679 	EXP 	scale: markerPos = 1.6550925925925926
466.7039 	EXP 	scale: markerPos = 1.6550925925925926
466.7350 	EXP 	scale: markerPos = 1.712962962962963
466.7671 	EXP 	scale: markerPos = 1.7476851851851856
466.8017 	EXP 	scale: markerPos = 1.7592592592592595
466.8404 	EXP 	scale: markerPos = 1.782407407407407
466.8705 	EXP 	scale: markerPos = 1.782407407407407
466.8984 	EXP 	scale: markerPos = 1.782407407407407
466.9257 	EXP 	scale: markerPos = 1.782407407407407
466.9560 	EXP 	scale: markerPos = 1.782407407407407
466.9851 	EXP 	scale: markerPos = 1.782407407407407
467.0124 	DATA 	Mouse:  Left button up, pos=(466,314)
467.0148 	EXP 	scale: markerPos = 1.782407407407407
467.0465 	EXP 	scale: markerPos = 1.782407407407407
490.1619 	DATA 	KeyPress:  
490.1644 	EXP 	textreproductionstart: autoDraw = False
490.1644 	EXP 	scale: autoDraw = False
490.1644 	EXP 	textrest: autoDraw = True
515.1480 	EXP 	Sound sound_2 started
515.1479 	EXP 	textready: autoDraw = True
515.1647 	EXP 	textrest: autoDraw = False
515.6845 	EXP 	Sound sound_2 reached end of file
520.1380 	EXP 	New trial (rep=0, index=1): {'emo_pic': 'emo_pic\\pneutral_5500.jpg', 'duration': 1}
520.1533 	EXP 	Sound sound_1 started
520.1534 	EXP 	textrest: autoDraw = False
520.1534 	EXP 	textready: autoDraw = False
520.1534 	EXP 	textblank1000: autoDraw = True
520.6935 	EXP 	Sound sound_1 reached end of file
521.1766 	EXP 	textblank1000: autoDraw = False
521.1766 	EXP 	emopic: image = 'emo_pic\\pneutral_5500.jpg'
521.1766 	EXP 	emopic: autoDraw = True
522.2327 	EXP 	emopic: autoDraw = False
522.2327 	EXP 	emopic: autoDraw = False
522.2327 	EXP 	textreproductionstart: text = '時間估計作業\n\n請透過滑鼠將刺激呈現時間點在以下量尺中\n按下空白鍵進入下一題'
522.2327 	EXP 	scale: markerPos = None
522.2327 	EXP 	scale: markerPos = None
522.2327 	EXP 	textreproductionstart: autoDraw = True
522.2327 	EXP 	scale: autoDraw = True
524.2449 	DATA 	Mouse: wheel shift=(0,1), pos=(763,514)
525.7626 	DATA 	Mouse: Left button down, pos=(412,337)
525.8041 	EXP 	scale: markerPos = 1.1574074074074074
525.8421 	EXP 	scale: markerPos = 1.1574074074074074
525.8859 	EXP 	scale: markerPos = 1.1574074074074074
525.9313 	EXP 	scale: markerPos = 1.1574074074074074
525.9756 	EXP 	scale: markerPos = 1.1574074074074074
526.0235 	EXP 	scale: markerPos = 1.1574074074074074
526.0685 	EXP 	scale: markerPos = 1.1574074074074074
526.1136 	EXP 	scale: markerPos = 1.261574074074074
526.1574 	EXP 	scale: markerPos = 1.261574074074074
526.2040 	EXP 	scale: markerPos = 1.261574074074074
526.2393 	EXP 	scale: markerPos = 1.261574074074074
526.2660 	EXP 	scale: markerPos = 1.261574074074074
526.3070 	EXP 	scale: markerPos = 1.284722222222222
526.3435 	EXP 	scale: markerPos = 1.3078703703703702
526.3734 	EXP 	scale: markerPos = 1.3310185185185186
526.4055 	EXP 	scale: markerPos = 1.365740740740741
526.4418 	EXP 	scale: markerPos = 1.377314814814815
526.4691 	EXP 	scale: markerPos = 1.4004629629629632
526.4961 	EXP 	scale: markerPos = 1.4004629629629632
526.5342 	EXP 	scale: markerPos = 1.4004629629629632
526.5901 	EXP 	scale: markerPos = 1.4004629629629632
526.6270 	EXP 	scale: markerPos = 1.4120370370370368
526.6544 	EXP 	scale: markerPos = 1.4120370370370368
526.6862 	EXP 	scale: markerPos = 1.435185185185185
526.7235 	EXP 	scale: markerPos = 1.435185185185185
526.7524 	EXP 	scale: markerPos = 1.435185185185185
526.7820 	EXP 	scale: markerPos = 1.435185185185185
526.8089 	EXP 	scale: markerPos = 1.435185185185185
526.8473 	EXP 	scale: markerPos = 1.435185185185185
526.8794 	EXP 	scale: markerPos = 1.435185185185185
526.9080 	EXP 	scale: markerPos = 1.435185185185185
526.9350 	EXP 	scale: markerPos = 1.435185185185185
526.9628 	EXP 	scale: markerPos = 1.435185185185185
526.9904 	EXP 	scale: markerPos = 1.435185185185185
527.0312 	EXP 	scale: markerPos = 1.435185185185185
527.0688 	EXP 	scale: markerPos = 1.435185185185185
527.1052 	DATA 	Mouse:  Left button up, pos=(436,328)
527.1074 	EXP 	scale: markerPos = 1.435185185185185
527.1353 	EXP 	scale: markerPos = 1.435185185185185
543.7836 	EXP 	textreproductionstart: autoDraw = False
543.7836 	EXP 	scale: autoDraw = False
543.7836 	EXP 	textrest: autoDraw = True
543.8131 	DATA 	KeyPress:  
568.7903 	EXP 	Sound sound_2 started
568.7902 	EXP 	textrest: autoDraw = False
568.7902 	EXP 	textready: autoDraw = True
569.3250 	EXP 	Sound sound_2 reached end of file
573.7799 	EXP 	New trial (rep=0, index=2): {'emo_pic': 'emo_pic\\pnegative_high_1300.jpg', 'duration': 3}
573.7957 	EXP 	Sound sound_1 started
573.7956 	EXP 	textrest: autoDraw = False
573.7956 	EXP 	textready: autoDraw = False
573.7956 	EXP 	textblank1000: autoDraw = True
574.3360 	EXP 	Sound sound_1 reached end of file
574.8119 	EXP 	textblank1000: autoDraw = False
574.8119 	EXP 	emopic: image = 'emo_pic\\pnegative_high_1300.jpg'
574.8119 	EXP 	emopic: autoDraw = True
577.8508 	EXP 	emopic: autoDraw = False
577.8508 	EXP 	emopic: autoDraw = False
577.8508 	EXP 	textreproductionstart: text = '時間估計作業\n\n請透過滑鼠將刺激呈現時間點在以下量尺中\n按下空白鍵進入下一題'
577.8508 	EXP 	scale: markerPos = None
577.8508 	EXP 	scale: markerPos = None
577.8508 	EXP 	textreproductionstart: autoDraw = True
577.8508 	EXP 	scale: autoDraw = True
583.0207 	DATA 	Mouse: Left button down, pos=(659,313)
583.0503 	EXP 	scale: markerPos = 4.027777777777778
583.0803 	EXP 	scale: markerPos = 4.027777777777778
583.1074 	EXP 	scale: markerPos = 4.027777777777778
583.1369 	EXP 	scale: markerPos = 4.027777777777778
583.1701 	EXP 	scale: markerPos = 4.027777777777778
583.1977 	EXP 	scale: markerPos = 4.027777777777778
583.2263 	EXP 	scale: markerPos = 4.027777777777778
583.2552 	EXP 	scale: markerPos = 4.027777777777778
583.2882 	EXP 	scale: markerPos = 4.027777777777778
583.3159 	EXP 	scale: markerPos = 4.027777777777778
583.3466 	EXP 	scale: markerPos = 4.027777777777778
583.3873 	EXP 	scale: markerPos = 4.039351851851852
583.4187 	EXP 	scale: markerPos = 4.062500000000001
583.4505 	EXP 	scale: markerPos = 4.062500000000001
583.4799 	EXP 	scale: markerPos = 4.0740740740740735
583.5090 	EXP 	scale: markerPos = 4.0740740740740735
583.5366 	EXP 	scale: markerPos = 4.0740740740740735
583.5686 	EXP 	scale: markerPos = 4.0740740740740735
583.5958 	EXP 	scale: markerPos = 4.0740740740740735
583.6236 	EXP 	scale: markerPos = 4.0740740740740735
583.6558 	EXP 	scale: markerPos = 4.0740740740740735
583.6913 	EXP 	scale: markerPos = 4.0740740740740735
583.7217 	EXP 	scale: markerPos = 4.0740740740740735
583.7541 	EXP 	scale: markerPos = 4.0740740740740735
583.7820 	EXP 	scale: markerPos = 4.0740740740740735
583.8175 	EXP 	scale: markerPos = 4.0740740740740735
583.8551 	EXP 	scale: markerPos = 4.0740740740740735
583.8941 	EXP 	scale: markerPos = 4.0740740740740735
583.9338 	EXP 	scale: markerPos = 4.0740740740740735
583.9662 	EXP 	scale: markerPos = 4.0740740740740735
583.9998 	EXP 	scale: markerPos = 4.0740740740740735
584.0317 	EXP 	scale: markerPos = 4.0740740740740735
584.0674 	EXP 	scale: markerPos = 4.050925925925926
584.0965 	EXP 	scale: markerPos = 4.050925925925926
584.1281 	EXP 	scale: markerPos = 4.050925925925926
584.1678 	EXP 	scale: markerPos = 4.050925925925926
584.2115 	EXP 	scale: markerPos = 4.039351851851852
584.2606 	EXP 	scale: markerPos = 4.027777777777778
584.2999 	EXP 	scale: markerPos = 4.004629629629629
584.3358 	EXP 	scale: markerPos = 4.004629629629629
584.3856 	EXP 	scale: markerPos = 4.004629629629629
584.4221 	EXP 	scale: markerPos = 4.004629629629629
584.4701 	EXP 	scale: markerPos = 3.993055555555556
584.5018 	EXP 	scale: markerPos = 3.993055555555556
584.5409 	EXP 	scale: markerPos = 3.993055555555556
584.5873 	EXP 	scale: markerPos = 3.993055555555556
584.6176 	EXP 	scale: markerPos = 3.993055555555556
584.6638 	EXP 	scale: markerPos = 3.993055555555556
584.7097 	EXP 	scale: markerPos = 3.993055555555556
584.7577 	EXP 	scale: markerPos = 3.9699074074074074
584.7998 	EXP 	scale: markerPos = 3.9699074074074074
584.8320 	EXP 	scale: markerPos = 3.9699074074074074
584.8593 	EXP 	scale: markerPos = 3.9699074074074074
584.8950 	EXP 	scale: markerPos = 3.9699074074074074
584.9215 	EXP 	scale: markerPos = 3.9699074074074074
584.9566 	DATA 	Mouse:  Left button up, pos=(655,300)
584.9593 	EXP 	scale: markerPos = 3.9699074074074074
584.9936 	EXP 	scale: markerPos = 3.9699074074074074
589.3204 	DATA 	Mouse: Left button down, pos=(1204,738)
589.6307 	DATA 	Mouse:  Left button up, pos=(1204,738)
603.6605 	DATA 	KeyPress:  
603.6634 	EXP 	textreproductionstart: autoDraw = False
603.6634 	EXP 	scale: autoDraw = False
603.6634 	EXP 	textrest: autoDraw = True
628.6559 	EXP 	Sound sound_2 started
628.6561 	EXP 	textready: autoDraw = True
628.6727 	EXP 	textrest: autoDraw = False
629.1947 	EXP 	Sound sound_2 reached end of file
633.6456 	EXP 	New trial (rep=0, index=3): {'emo_pic': 'emo_pic\\pneutral_7950.jpg', 'duration': 7}
633.6614 	EXP 	Sound sound_1 started
633.6615 	EXP 	textrest: autoDraw = False
633.6615 	EXP 	textready: autoDraw = False
633.6615 	EXP 	textblank1000: autoDraw = True
634.2023 	EXP 	Sound sound_1 reached end of file
634.6796 	EXP 	textblank1000: autoDraw = False
634.6796 	EXP 	emopic: image = 'emo_pic\\pneutral_7950.jpg'
634.6796 	EXP 	emopic: autoDraw = True
641.7141 	EXP 	emopic: autoDraw = False
641.7141 	EXP 	emopic: autoDraw = False
641.7141 	EXP 	textreproductionstart: text = '時間估計作業\n\n請透過滑鼠將刺激呈現時間點在以下量尺中\n按下空白鍵進入下一題'
641.7141 	EXP 	scale: markerPos = None
641.7141 	EXP 	scale: markerPos = None
641.7141 	EXP 	textreproductionstart: autoDraw = True
641.7141 	EXP 	scale: autoDraw = True
645.4188 	DATA 	Mouse: Left button down, pos=(822,326)
645.4496 	EXP 	scale: markerPos = 5.902777777777778
645.4774 	EXP 	scale: markerPos = 5.902777777777778
645.5046 	EXP 	scale: markerPos = 5.902777777777778
645.5310 	EXP 	scale: markerPos = 5.914351851851852
645.5610 	EXP 	scale: markerPos = 5.914351851851852
645.5861 	EXP 	scale: markerPos = 5.9375
645.6241 	EXP 	scale: markerPos = 5.9375
645.6508 	EXP 	scale: markerPos = 5.983796296296296
645.6796 	EXP 	scale: markerPos = 5.983796296296296
645.7128 	EXP 	scale: markerPos = 6.006944444444445
645.7405 	EXP 	scale: markerPos = 6.018518518518519
645.7683 	EXP 	scale: markerPos = 6.018518518518519
645.7999 	EXP 	scale: markerPos = 6.018518518518519
645.8264 	EXP 	scale: markerPos = 6.018518518518519
645.8515 	EXP 	scale: markerPos = 6.018518518518519
645.8799 	EXP 	scale: markerPos = 6.018518518518519
645.9059 	EXP 	scale: markerPos = 6.018518518518519
645.9316 	EXP 	scale: markerPos = 6.018518518518519
645.9623 	EXP 	scale: markerPos = 6.018518518518519
645.9881 	EXP 	scale: markerPos = 6.018518518518519
646.0169 	EXP 	scale: markerPos = 6.018518518518519
646.0438 	EXP 	scale: markerPos = 6.030092592592593
646.0760 	EXP 	scale: markerPos = 6.030092592592593
646.1019 	EXP 	scale: markerPos = 6.030092592592593
646.1309 	EXP 	scale: markerPos = 6.030092592592593
646.1591 	EXP 	scale: markerPos = 6.053240740740741
646.1883 	EXP 	scale: markerPos = 6.099537037037036
646.2203 	EXP 	scale: markerPos = 6.168981481481481
646.2463 	EXP 	scale: markerPos = 6.168981481481481
646.2740 	EXP 	scale: markerPos = 6.168981481481481
646.3053 	EXP 	scale: markerPos = 6.168981481481481
646.3340 	EXP 	scale: markerPos = 6.168981481481481
646.3592 	EXP 	scale: markerPos = 6.168981481481481
646.3870 	EXP 	scale: markerPos = 6.168981481481481
646.4137 	EXP 	scale: markerPos = 6.168981481481481
646.4399 	EXP 	scale: markerPos = 6.168981481481481
646.4656 	EXP 	scale: markerPos = 6.168981481481481
646.4912 	EXP 	scale: markerPos = 6.168981481481481
646.5171 	EXP 	scale: markerPos = 6.168981481481481
646.5429 	EXP 	scale: markerPos = 6.168981481481481
646.5694 	EXP 	scale: markerPos = 6.168981481481481
646.5956 	EXP 	scale: markerPos = 6.168981481481481
646.6207 	EXP 	scale: markerPos = 6.168981481481481
646.6495 	EXP 	scale: markerPos = 6.168981481481481
646.6772 	EXP 	scale: markerPos = 6.168981481481481
646.7025 	EXP 	scale: markerPos = 6.168981481481481
646.7292 	EXP 	scale: markerPos = 6.168981481481481
646.7609 	EXP 	scale: markerPos = 6.168981481481481
646.7891 	EXP 	scale: markerPos = 6.168981481481481
646.8192 	EXP 	scale: markerPos = 6.168981481481481
646.8503 	EXP 	scale: markerPos = 6.168981481481481
646.8829 	EXP 	scale: markerPos = 6.168981481481481
646.9099 	EXP 	scale: markerPos = 6.168981481481481
646.9419 	EXP 	scale: markerPos = 6.168981481481481
646.9674 	EXP 	scale: markerPos = 6.168981481481481
646.9933 	EXP 	scale: markerPos = 6.168981481481481
647.0216 	EXP 	scale: markerPos = 6.168981481481481
647.0551 	EXP 	scale: markerPos = 6.168981481481481
647.0831 	EXP 	scale: markerPos = 6.168981481481481
647.1085 	EXP 	scale: markerPos = 6.168981481481481
647.1350 	EXP 	scale: markerPos = 6.168981481481481
647.1656 	EXP 	scale: markerPos = 6.168981481481481
647.1961 	EXP 	scale: markerPos = 6.168981481481481
647.2213 	EXP 	scale: markerPos = 6.168981481481481
647.2474 	EXP 	scale: markerPos = 6.168981481481481
647.2728 	EXP 	scale: markerPos = 6.168981481481481
647.2988 	EXP 	scale: markerPos = 6.168981481481481
647.3262 	EXP 	scale: markerPos = 6.168981481481481
647.3521 	EXP 	scale: markerPos = 6.168981481481481
647.3775 	EXP 	scale: markerPos = 6.168981481481481
647.4031 	EXP 	scale: markerPos = 6.168981481481481
647.4293 	EXP 	scale: markerPos = 6.168981481481481
647.4584 	EXP 	scale: markerPos = 6.168981481481481
647.4849 	EXP 	scale: markerPos = 6.168981481481481
647.5107 	EXP 	scale: markerPos = 6.168981481481481
647.5388 	EXP 	scale: markerPos = 6.168981481481481
647.5648 	EXP 	scale: markerPos = 6.168981481481481
647.5928 	EXP 	scale: markerPos = 6.168981481481481
647.6210 	EXP 	scale: markerPos = 6.168981481481481
647.6501 	EXP 	scale: markerPos = 6.168981481481481
647.6775 	EXP 	scale: markerPos = 6.168981481481481
647.7059 	EXP 	scale: markerPos = 6.168981481481481
647.7329 	EXP 	scale: markerPos = 6.168981481481481
647.7636 	EXP 	scale: markerPos = 6.168981481481481
647.7891 	EXP 	scale: markerPos = 6.168981481481481
647.8188 	EXP 	scale: markerPos = 6.168981481481481
647.8459 	EXP 	scale: markerPos = 6.168981481481481
647.8711 	EXP 	scale: markerPos = 6.168981481481481
647.8973 	EXP 	scale: markerPos = 6.168981481481481
647.9270 	EXP 	scale: markerPos = 6.168981481481481
647.9529 	EXP 	scale: markerPos = 6.145833333333333
647.9866 	EXP 	scale: markerPos = 6.145833333333333
648.0164 	EXP 	scale: markerPos = 6.064814814814815
648.0573 	EXP 	scale: markerPos = 6.030092592592593
648.0887 	EXP 	scale: markerPos = 6.018518518518519
648.1160 	EXP 	scale: markerPos = 6.018518518518519
648.1421 	EXP 	scale: markerPos = 6.018518518518519
648.1720 	EXP 	scale: markerPos = 6.018518518518519
648.1978 	EXP 	scale: markerPos = 6.018518518518519
648.2231 	EXP 	scale: markerPos = 6.018518518518519
648.2491 	EXP 	scale: markerPos = 6.018518518518519
648.2790 	EXP 	scale: markerPos = 6.018518518518519
648.3065 	EXP 	scale: markerPos = 6.018518518518519
648.3349 	EXP 	scale: markerPos = 6.018518518518519
648.3678 	EXP 	scale: markerPos = 6.030092592592593
648.3944 	EXP 	scale: markerPos = 6.030092592592593
648.4250 	EXP 	scale: markerPos = 6.030092592592593
648.4508 	EXP 	scale: markerPos = 6.053240740740741
648.4814 	EXP 	scale: markerPos = 6.053240740740741
648.5122 	EXP 	scale: markerPos = 6.122685185185185
648.5380 	EXP 	scale: markerPos = 6.180555555555555
648.5692 	EXP 	scale: markerPos = 6.180555555555555
648.5947 	EXP 	scale: markerPos = 6.180555555555555
648.6264 	EXP 	scale: markerPos = 6.180555555555555
648.6537 	EXP 	scale: markerPos = 6.180555555555555
648.6828 	EXP 	scale: markerPos = 6.180555555555555
648.7111 	EXP 	scale: markerPos = 6.180555555555555
648.7374 	EXP 	scale: markerPos = 6.180555555555555
648.7634 	EXP 	scale: markerPos = 6.180555555555555
648.7900 	EXP 	scale: markerPos = 6.180555555555555
648.8200 	EXP 	scale: markerPos = 6.180555555555555
648.8487 	EXP 	scale: markerPos = 6.180555555555555
648.8764 	EXP 	scale: markerPos = 6.180555555555555
648.9254 	EXP 	scale: markerPos = 6.180555555555555
648.9686 	EXP 	scale: markerPos = 6.180555555555555
649.0074 	EXP 	scale: markerPos = 6.180555555555555
649.0553 	EXP 	scale: markerPos = 6.180555555555555
649.0952 	EXP 	scale: markerPos = 6.180555555555555
649.1325 	EXP 	scale: markerPos = 6.180555555555555
649.1789 	EXP 	scale: markerPos = 6.157407407407407
649.2233 	EXP 	scale: markerPos = 6.157407407407407
649.2635 	EXP 	scale: markerPos = 6.157407407407407
649.3076 	EXP 	scale: markerPos = 6.145833333333333
649.3496 	EXP 	scale: markerPos = 6.145833333333333
649.3841 	EXP 	scale: markerPos = 6.145833333333333
649.4286 	EXP 	scale: markerPos = 6.145833333333333
649.4666 	EXP 	scale: markerPos = 6.145833333333333
649.5040 	EXP 	scale: markerPos = 6.145833333333333
649.5393 	DATA 	Mouse:  Left button up, pos=(843,327)
649.5414 	EXP 	scale: markerPos = 6.145833333333333
649.5711 	EXP 	scale: markerPos = 6.145833333333333
662.7123 	DATA 	KeyPress:  
662.7143 	EXP 	textreproductionstart: autoDraw = False
662.7143 	EXP 	scale: autoDraw = False
662.7143 	EXP 	textrest: autoDraw = True
687.7042 	EXP 	Sound sound_2 started
687.7045 	EXP 	textready: autoDraw = True
687.7211 	EXP 	textrest: autoDraw = False
688.2433 	EXP 	Sound sound_2 reached end of file
692.6946 	EXP 	New trial (rep=0, index=4): {'emo_pic': 'emo_pic\\pnegative_low_6010.jpg', 'duration': 3}
692.7098 	EXP 	Sound sound_1 started
692.7098 	EXP 	textready: autoDraw = False
692.7098 	EXP 	textrest: autoDraw = False
692.7098 	EXP 	textready: autoDraw = False
692.7098 	EXP 	textblank1000: autoDraw = True
693.2418 	EXP 	Sound sound_1 reached end of file
693.7280 	EXP 	textblank1000: autoDraw = False
693.7280 	EXP 	textblank1000: autoDraw = False
693.7280 	EXP 	emopic: image = 'emo_pic\\pnegative_low_6010.jpg'
693.7280 	EXP 	emopic: autoDraw = True
696.7662 	EXP 	emopic: autoDraw = False
696.7662 	EXP 	emopic: autoDraw = False
696.7662 	EXP 	textreproductionstart: text = '時間估計作業\n\n請透過滑鼠將刺激呈現時間點在以下量尺中\n按下空白鍵進入下一題'
696.7662 	EXP 	scale: markerPos = None
696.7662 	EXP 	scale: markerPos = None
696.7662 	EXP 	textreproductionstart: autoDraw = True
696.7662 	EXP 	scale: autoDraw = True
700.5669 	DATA 	Mouse: Left button down, pos=(561,323)
700.6118 	EXP 	scale: markerPos = 2.8819444444444446
700.6498 	EXP 	scale: markerPos = 2.9398148148148144
700.6954 	EXP 	scale: markerPos = 2.997685185185185
700.7330 	EXP 	scale: markerPos = 3.0439814814814827
700.7803 	EXP 	scale: markerPos = 3.055555555555556
700.8234 	EXP 	scale: markerPos = 3.1018518518518516
700.8548 	EXP 	scale: markerPos = 3.1249999999999996
700.8956 	EXP 	scale: markerPos = 3.1249999999999996
700.9389 	EXP 	scale: markerPos = 3.1249999999999996
700.9808 	EXP 	scale: markerPos = 3.1249999999999996
701.0107 	EXP 	scale: markerPos = 3.1249999999999996
701.0427 	EXP 	scale: markerPos = 3.1249999999999996
701.0738 	EXP 	scale: markerPos = 3.1249999999999996
701.1093 	EXP 	scale: markerPos = 3.1249999999999996
701.1455 	DATA 	Mouse:  Left button up, pos=(580,320)
701.1483 	EXP 	scale: markerPos = 3.1249999999999996
701.1825 	EXP 	scale: markerPos = 3.1249999999999996
717.6679 	DATA 	KeyPress:  
717.6704 	EXP 	textreproductionstart: autoDraw = False
717.6704 	EXP 	scale: autoDraw = False
717.6704 	EXP 	textrest: autoDraw = True
742.6646 	EXP 	Sound sound_2 started
742.6647 	EXP 	textready: autoDraw = True
742.6815 	EXP 	textrest: autoDraw = False
743.2041 	EXP 	Sound sound_2 reached end of file
747.6541 	EXP 	New trial (rep=0, index=5): {'emo_pic': 'emo_pic\\positive_low_2314.jpg', 'duration': 5}
747.6700 	EXP 	Sound sound_1 started
747.6703 	EXP 	textrest: autoDraw = False
747.6703 	EXP 	textready: autoDraw = False
747.6703 	EXP 	textblank1000: autoDraw = True
748.1714 	EXP 	Sound sound_1 reached end of file
748.7070 	EXP 	textblank1000: autoDraw = False
748.7070 	EXP 	emopic: image = 'emo_pic\\positive_low_2314.jpg'
748.7070 	EXP 	emopic: autoDraw = True
753.7512 	EXP 	emopic: autoDraw = False
753.7512 	EXP 	emopic: autoDraw = False
753.7512 	EXP 	textreproductionstart: text = '時間估計作業\n\n請透過滑鼠將刺激呈現時間點在以下量尺中\n按下空白鍵進入下一題'
753.7512 	EXP 	scale: markerPos = None
753.7512 	EXP 	scale: markerPos = None
753.7512 	EXP 	textreproductionstart: autoDraw = True
753.7512 	EXP 	scale: autoDraw = True
757.5419 	DATA 	Mouse: Left button down, pos=(732,336)
757.5827 	EXP 	scale: markerPos = 4.861111111111111
757.6272 	EXP 	scale: markerPos = 4.861111111111111
757.6571 	EXP 	scale: markerPos = 4.861111111111111
757.6856 	EXP 	scale: markerPos = 4.861111111111111
757.7147 	EXP 	scale: markerPos = 4.861111111111111
757.7562 	EXP 	scale: markerPos = 4.8842592592592595
757.8029 	EXP 	scale: markerPos = 4.918981481481482
757.8388 	EXP 	scale: markerPos = 4.930555555555555
757.8766 	EXP 	scale: markerPos = 4.953703703703704
757.9095 	EXP 	scale: markerPos = 4.953703703703704
757.9362 	EXP 	scale: markerPos = 4.953703703703704
757.9656 	EXP 	scale: markerPos = 4.953703703703704
758.0049 	EXP 	scale: markerPos = 4.953703703703704
758.0329 	EXP 	scale: markerPos = 4.953703703703704
758.0616 	EXP 	scale: markerPos = 4.953703703703704
758.0943 	EXP 	scale: markerPos = 4.953703703703704
758.1312 	EXP 	scale: markerPos = 4.942129629629629
758.1667 	EXP 	scale: markerPos = 4.930555555555555
758.2077 	EXP 	scale: markerPos = 4.930555555555555
758.2352 	EXP 	scale: markerPos = 4.918981481481482
758.2702 	EXP 	scale: markerPos = 4.918981481481482
758.3127 	EXP 	scale: markerPos = 4.895833333333333
758.3390 	EXP 	scale: markerPos = 4.895833333333333
758.3641 	EXP 	scale: markerPos = 4.895833333333333
758.4093 	EXP 	scale: markerPos = 4.895833333333333
758.4502 	EXP 	scale: markerPos = 4.895833333333333
758.4794 	DATA 	Mouse:  Left button up, pos=(735,334)
758.4816 	EXP 	scale: markerPos = 4.895833333333333
758.5173 	EXP 	scale: markerPos = 4.895833333333333
773.0761 	DATA 	KeyPress:  
773.0782 	EXP 	textreproductionstart: autoDraw = False
773.0782 	EXP 	scale: autoDraw = False
773.0782 	EXP 	textrest: autoDraw = True
798.0590 	EXP 	Sound sound_2 started
798.0591 	EXP 	textready: autoDraw = True
798.0922 	EXP 	textrest: autoDraw = False
798.5940 	EXP 	Sound sound_2 reached end of file
803.0498 	EXP 	New trial (rep=0, index=6): {'emo_pic': 'emo_pic\\positive_low_7325.jpg', 'duration': 3}
803.0645 	EXP 	Sound sound_1 started
803.0645 	EXP 	textready: autoDraw = False
803.0645 	EXP 	textrest: autoDraw = False
803.0645 	EXP 	textready: autoDraw = False
803.0645 	EXP 	textblank1000: autoDraw = True
803.6045 	EXP 	Sound sound_1 reached end of file
804.0790 	EXP 	textblank1000: autoDraw = False
804.0790 	EXP 	textblank1000: autoDraw = False
804.0790 	EXP 	emopic: image = 'emo_pic\\positive_low_7325.jpg'
804.0790 	EXP 	emopic: autoDraw = True
807.1254 	EXP 	emopic: autoDraw = False
807.1254 	EXP 	emopic: autoDraw = False
807.1254 	EXP 	textreproductionstart: text = '時間估計作業\n\n請透過滑鼠將刺激呈現時間點在以下量尺中\n按下空白鍵進入下一題'
807.1254 	EXP 	scale: markerPos = None
807.1254 	EXP 	scale: markerPos = None
807.1254 	EXP 	textreproductionstart: autoDraw = True
807.1254 	EXP 	scale: autoDraw = True
810.5676 	DATA 	Mouse: Left button down, pos=(510,332)
810.5950 	EXP 	scale: markerPos = 2.291666666666667
810.6200 	EXP 	scale: markerPos = 2.291666666666667
810.6464 	EXP 	scale: markerPos = 2.291666666666667
810.6744 	EXP 	scale: markerPos = 2.291666666666667
810.7044 	EXP 	scale: markerPos = 2.303240740740741
810.7313 	EXP 	scale: markerPos = 2.303240740740741
810.7577 	EXP 	scale: markerPos = 2.303240740740741
810.7952 	EXP 	scale: markerPos = 2.303240740740741
810.8333 	EXP 	scale: markerPos = 2.303240740740741
810.8605 	EXP 	scale: markerPos = 2.314814814814815
810.8912 	DATA 	Mouse:  Left button up, pos=(512,330)
810.8937 	EXP 	scale: markerPos = 2.314814814814815
810.9228 	EXP 	scale: markerPos = 2.314814814814815
811.2931 	DATA 	Mouse: Left button down, pos=(512,330)
811.3304 	EXP 	scale: markerPos = 2.314814814814815
811.3659 	EXP 	scale: markerPos = 2.314814814814815
811.4022 	EXP 	scale: markerPos = 2.303240740740741
811.4409 	EXP 	scale: markerPos = 2.2685185185185186
811.4740 	EXP 	scale: markerPos = 2.2453703703703702
811.5093 	EXP 	scale: markerPos = 2.2337962962962963
811.5563 	EXP 	scale: markerPos = 2.2337962962962963
811.5989 	EXP 	scale: markerPos = 2.2337962962962963
811.6353 	EXP 	scale: markerPos = 2.2337962962962963
811.6776 	EXP 	scale: markerPos = 2.2337962962962963
811.7179 	EXP 	scale: markerPos = 2.2337962962962963
811.7494 	EXP 	scale: markerPos = 2.2337962962962963
811.7870 	EXP 	scale: markerPos = 2.2337962962962963
811.8193 	EXP 	scale: markerPos = 2.2337962962962963
811.8505 	EXP 	scale: markerPos = 2.2337962962962963
811.8968 	DATA 	Mouse:  Left button up, pos=(505,327)
811.8990 	EXP 	scale: markerPos = 2.2337962962962963
811.9296 	EXP 	scale: markerPos = 2.2337962962962963
828.7754 	DATA 	KeyPress:  
828.7779 	EXP 	textreproductionstart: autoDraw = False
828.7779 	EXP 	scale: autoDraw = False
828.7779 	EXP 	textrest: autoDraw = True
853.7702 	EXP 	Sound sound_2 started
853.7708 	EXP 	textready: autoDraw = True
853.7876 	EXP 	textrest: autoDraw = False
854.3112 	EXP 	Sound sound_2 reached end of file
858.7601 	EXP 	New trial (rep=0, index=7): {'emo_pic': 'emo_pic\\pnegative_low_2520.jpg', 'duration': 5}
858.7760 	EXP 	Sound sound_1 started
858.7762 	EXP 	textrest: autoDraw = False
858.7762 	EXP 	textready: autoDraw = False
858.7762 	EXP 	textblank1000: autoDraw = True
859.3164 	EXP 	Sound sound_1 reached end of file
859.8231 	EXP 	textblank1000: autoDraw = False
859.8231 	EXP 	emopic: image = 'emo_pic\\pnegative_low_2520.jpg'
859.8231 	EXP 	emopic: autoDraw = True
864.8663 	EXP 	emopic: autoDraw = False
864.8663 	EXP 	emopic: autoDraw = False
864.8663 	EXP 	textreproductionstart: text = '時間估計作業\n\n請透過滑鼠將刺激呈現時間點在以下量尺中\n按下空白鍵進入下一題'
864.8663 	EXP 	scale: markerPos = None
864.8663 	EXP 	scale: markerPos = None
864.8663 	EXP 	textreproductionstart: autoDraw = True
864.8663 	EXP 	scale: autoDraw = True
868.1248 	DATA 	Mouse: Left button down, pos=(740,325)
868.1514 	EXP 	scale: markerPos = 4.953703703703704
868.1783 	EXP 	scale: markerPos = 4.953703703703704
868.2128 	EXP 	scale: markerPos = 4.953703703703704
868.2523 	EXP 	scale: markerPos = 4.953703703703704
868.2960 	EXP 	scale: markerPos = 4.953703703703704
868.3414 	EXP 	scale: markerPos = 4.953703703703704
868.3828 	EXP 	scale: markerPos = 4.953703703703704
868.4096 	EXP 	scale: markerPos = 4.953703703703704
868.4405 	EXP 	scale: markerPos = 4.953703703703704
868.4856 	EXP 	scale: markerPos = 4.953703703703704
868.5352 	EXP 	scale: markerPos = 4.942129629629629
868.5699 	EXP 	scale: markerPos = 4.918981481481482
868.6105 	EXP 	scale: markerPos = 4.895833333333333
868.6473 	EXP 	scale: markerPos = 4.895833333333333
868.6928 	EXP 	scale: markerPos = 4.895833333333333
868.7422 	EXP 	scale: markerPos = 4.895833333333333
868.7846 	EXP 	scale: markerPos = 4.895833333333333
868.8147 	EXP 	scale: markerPos = 4.895833333333333
868.8471 	EXP 	scale: markerPos = 4.895833333333333
868.8903 	EXP 	scale: markerPos = 4.895833333333333
868.9212 	EXP 	scale: markerPos = 4.895833333333333
868.9623 	EXP 	scale: markerPos = 4.895833333333333
869.0026 	EXP 	scale: markerPos = 4.895833333333333
869.0348 	EXP 	scale: markerPos = 4.895833333333333
869.0788 	EXP 	scale: markerPos = 4.895833333333333
869.1287 	EXP 	scale: markerPos = 4.895833333333333
869.1784 	EXP 	scale: markerPos = 4.895833333333333
869.2057 	EXP 	scale: markerPos = 4.895833333333333
869.2345 	EXP 	scale: markerPos = 4.895833333333333
869.2610 	EXP 	scale: markerPos = 4.895833333333333
869.2891 	EXP 	scale: markerPos = 4.895833333333333
869.3251 	EXP 	scale: markerPos = 4.895833333333333
869.3633 	EXP 	scale: markerPos = 4.895833333333333
869.3933 	EXP 	scale: markerPos = 4.895833333333333
869.4213 	EXP 	scale: markerPos = 4.895833333333333
869.4530 	EXP 	scale: markerPos = 4.895833333333333
869.4915 	DATA 	Mouse:  Left button up, pos=(735,325)
869.4937 	EXP 	scale: markerPos = 4.895833333333333
869.5195 	EXP 	scale: markerPos = 4.895833333333333
880.1530 	DATA 	KeyPress:  
880.1549 	EXP 	textreproductionstart: autoDraw = False
880.1549 	EXP 	scale: autoDraw = False
880.1549 	EXP 	textrest: autoDraw = True
905.1438 	EXP 	Sound sound_2 started
905.1437 	EXP 	textready: autoDraw = True
905.1603 	EXP 	textrest: autoDraw = False
905.6823 	EXP 	Sound sound_2 reached end of file
910.1331 	EXP 	New trial (rep=0, index=8): {'emo_pic': 'emo_pic\\pnegative_low_2100.jpg', 'duration': 7}
910.1489 	EXP 	Sound sound_1 started
910.1492 	EXP 	textrest: autoDraw = False
910.1492 	EXP 	textready: autoDraw = False
910.1492 	EXP 	textblank1000: autoDraw = True
910.6818 	EXP 	Sound sound_1 reached end of file
911.1661 	EXP 	textblank1000: autoDraw = False
911.1661 	EXP 	emopic: image = 'emo_pic\\pnegative_low_2100.jpg'
911.1661 	EXP 	emopic: autoDraw = True
918.1992 	EXP 	emopic: autoDraw = False
918.1992 	EXP 	emopic: autoDraw = False
918.1992 	EXP 	textreproductionstart: text = '時間估計作業\n\n請透過滑鼠將刺激呈現時間點在以下量尺中\n按下空白鍵進入下一題'
918.1992 	EXP 	scale: markerPos = None
918.1992 	EXP 	scale: markerPos = None
918.1992 	EXP 	textreproductionstart: autoDraw = True
918.1992 	EXP 	scale: autoDraw = True
921.5172 	DATA 	Mouse: Left button down, pos=(838,316)
921.5525 	EXP 	scale: markerPos = 6.087962962962964
921.5772 	EXP 	scale: markerPos = 6.087962962962964
921.6050 	EXP 	scale: markerPos = 6.087962962962964
921.6393 	EXP 	scale: markerPos = 6.087962962962964
921.6778 	EXP 	scale: markerPos = 6.087962962962964
921.7199 	EXP 	scale: markerPos = 6.087962962962964
921.7585 	EXP 	scale: markerPos = 6.087962962962964
921.7877 	EXP 	scale: markerPos = 6.087962962962964
921.8145 	EXP 	scale: markerPos = 6.087962962962964
921.8495 	EXP 	scale: markerPos = 6.087962962962964
921.8886 	EXP 	scale: markerPos = 6.087962962962964
921.9353 	EXP 	scale: markerPos = 6.087962962962964
921.9746 	DATA 	Mouse:  Left button up, pos=(838,316)
921.9770 	EXP 	scale: markerPos = 6.087962962962964
922.0147 	EXP 	scale: markerPos = 6.087962962962964
931.9453 	DATA 	KeyPress:  
931.9472 	EXP 	textreproductionstart: autoDraw = False
931.9472 	EXP 	scale: autoDraw = False
931.9472 	EXP 	textrest: autoDraw = True
956.9336 	EXP 	Sound sound_2 started
956.9338 	EXP 	textready: autoDraw = True
956.9504 	EXP 	textrest: autoDraw = False
957.4509 	EXP 	Sound sound_2 reached end of file
961.9232 	EXP 	New trial (rep=0, index=9): {'emo_pic': 'emo_pic\\pnegative_high_1120.jpg', 'duration': 7}
961.9390 	EXP 	Sound sound_1 started
961.9392 	EXP 	textrest: autoDraw = False
961.9392 	EXP 	textready: autoDraw = False
961.9392 	EXP 	textblank1000: autoDraw = True
962.4721 	EXP 	Sound sound_1 reached end of file
962.9534 	EXP 	textblank1000: autoDraw = False
962.9534 	EXP 	emopic: image = 'emo_pic\\pnegative_high_1120.jpg'
962.9534 	EXP 	emopic: autoDraw = True
970.0056 	EXP 	emopic: autoDraw = False
970.0056 	EXP 	emopic: autoDraw = False
970.0056 	EXP 	textreproductionstart: text = '時間估計作業\n\n請透過滑鼠將刺激呈現時間點在以下量尺中\n按下空白鍵進入下一題'
970.0056 	EXP 	scale: markerPos = None
970.0056 	EXP 	scale: markerPos = None
970.0056 	EXP 	textreproductionstart: autoDraw = True
970.0056 	EXP 	scale: autoDraw = True
974.1697 	DATA 	Mouse: Left button down, pos=(899,322)
974.2050 	EXP 	scale: markerPos = 6.793981481481482
974.2321 	EXP 	scale: markerPos = 6.793981481481482
974.2694 	EXP 	scale: markerPos = 6.793981481481482
974.3137 	EXP 	scale: markerPos = 6.793981481481482
974.3628 	EXP 	scale: markerPos = 6.793981481481482
974.3993 	EXP 	scale: markerPos = 6.793981481481482
974.4264 	EXP 	scale: markerPos = 6.793981481481482
974.4538 	EXP 	scale: markerPos = 6.793981481481482
974.4875 	EXP 	scale: markerPos = 6.793981481481482
974.5242 	EXP 	scale: markerPos = 6.793981481481482
974.5654 	EXP 	scale: markerPos = 6.793981481481482
974.5967 	EXP 	scale: markerPos = 6.793981481481482
974.6239 	EXP 	scale: markerPos = 6.793981481481482
974.6605 	EXP 	scale: markerPos = 6.793981481481482
974.6939 	EXP 	scale: markerPos = 6.793981481481482
974.7405 	DATA 	Mouse:  Left button up, pos=(899,322)
974.7428 	EXP 	scale: markerPos = 6.793981481481482
974.7756 	EXP 	scale: markerPos = 6.793981481481482
995.9622 	DATA 	KeyPress:  
995.9649 	EXP 	textreproductionstart: autoDraw = False
995.9649 	EXP 	scale: autoDraw = False
995.9649 	EXP 	textrest: autoDraw = True
1020.9374 	EXP 	Sound sound_2 started
1020.9376 	EXP 	textready: autoDraw = True
1020.9709 	EXP 	textrest: autoDraw = False
1021.4725 	EXP 	Sound sound_2 reached end of file
1025.9274 	EXP 	New trial (rep=0, index=10): {'emo_pic': 'emo_pic\\positive_high_5621.jpg', 'duration': 5}
1025.9432 	EXP 	Sound sound_1 started
1025.9427 	EXP 	textrest: autoDraw = False
1025.9427 	EXP 	textready: autoDraw = False
1025.9427 	EXP 	textblank1000: autoDraw = True
1026.4817 	EXP 	Sound sound_1 reached end of file
1026.9625 	EXP 	textblank1000: autoDraw = False
1026.9625 	EXP 	emopic: image = 'emo_pic\\positive_high_5621.jpg'
1026.9625 	EXP 	emopic: autoDraw = True
1032.0010 	EXP 	emopic: autoDraw = False
1032.0010 	EXP 	emopic: autoDraw = False
1032.0010 	EXP 	textreproductionstart: text = '時間估計作業\n\n請透過滑鼠將刺激呈現時間點在以下量尺中\n按下空白鍵進入下一題'
1032.0010 	EXP 	scale: markerPos = None
1032.0010 	EXP 	scale: markerPos = None
1032.0010 	EXP 	textreproductionstart: autoDraw = True
1032.0010 	EXP 	scale: autoDraw = True
1034.7868 	DATA 	Mouse: Left button down, pos=(725,323)
1034.8229 	EXP 	scale: markerPos = 4.7800925925925934
1034.8532 	EXP 	scale: markerPos = 4.7800925925925934
1034.8898 	EXP 	scale: markerPos = 4.7800925925925934
1034.9231 	EXP 	scale: markerPos = 4.791666666666666
1034.9604 	EXP 	scale: markerPos = 4.791666666666666
1035.0070 	EXP 	scale: markerPos = 4.791666666666666
1035.0514 	EXP 	scale: markerPos = 4.791666666666666
1035.0951 	EXP 	scale: markerPos = 4.791666666666666
1035.1378 	EXP 	scale: markerPos = 4.791666666666666
1035.1800 	EXP 	scale: markerPos = 4.791666666666666
1035.2147 	EXP 	scale: markerPos = 4.791666666666666
1035.2183 	DATA 	Mouse:  Left button up, pos=(726,322)
1035.2501 	EXP 	scale: markerPos = 4.791666666666666
1038.2906 	DATA 	Mouse: Left button down, pos=(723,312)
1038.3350 	EXP 	scale: markerPos = 4.756944444444445
1038.3724 	EXP 	scale: markerPos = 4.756944444444445
1038.4005 	EXP 	scale: markerPos = 4.756944444444445
1038.4282 	EXP 	scale: markerPos = 4.756944444444445
1038.4612 	EXP 	scale: markerPos = 4.756944444444445
1038.5011 	EXP 	scale: markerPos = 4.756944444444445
1038.5305 	EXP 	scale: markerPos = 4.756944444444445
1038.5598 	EXP 	scale: markerPos = 4.756944444444445
1038.5969 	EXP 	scale: markerPos = 4.756944444444445
1038.6332 	EXP 	scale: markerPos = 4.756944444444445
1038.6716 	EXP 	scale: markerPos = 4.756944444444445
1038.7015 	EXP 	scale: markerPos = 4.756944444444445
1038.7295 	EXP 	scale: markerPos = 4.756944444444445
1038.7555 	EXP 	scale: markerPos = 4.756944444444445
1038.7952 	EXP 	scale: markerPos = 4.756944444444445
1038.8360 	EXP 	scale: markerPos = 4.756944444444445
1038.8643 	EXP 	scale: markerPos = 4.756944444444445
1038.8925 	DATA 	Mouse:  Left button up, pos=(723,312)
1038.8944 	EXP 	scale: markerPos = 4.756944444444445
1038.9324 	EXP 	scale: markerPos = 4.756944444444445
1047.3408 	DATA 	KeyPress:  
1047.3427 	EXP 	textreproductionstart: autoDraw = False
1047.3427 	EXP 	scale: autoDraw = False
1047.3427 	EXP 	textrest: autoDraw = True
1072.3275 	EXP 	Sound sound_2 started
1072.3284 	EXP 	textready: autoDraw = True
1072.3438 	EXP 	textrest: autoDraw = False
1072.8655 	EXP 	Sound sound_2 reached end of file
1077.3171 	EXP 	New trial (rep=0, index=11): {'emo_pic': 'emo_pic\\pneutral_7100.jpg', 'duration': 3}
1077.3326 	EXP 	Sound sound_1 started
1077.3329 	EXP 	textready: autoDraw = False
1077.3329 	EXP 	textrest: autoDraw = False
1077.3329 	EXP 	textready: autoDraw = False
1077.3329 	EXP 	textblank1000: autoDraw = True
1077.8717 	EXP 	Sound sound_1 reached end of file
1078.3525 	EXP 	textblank1000: autoDraw = False
1078.3525 	EXP 	emopic: image = 'emo_pic\\pneutral_7100.jpg'
1078.3525 	EXP 	emopic: autoDraw = True
1081.3850 	EXP 	emopic: autoDraw = False
1081.3850 	EXP 	emopic: autoDraw = False
1081.3850 	EXP 	textreproductionstart: text = '時間估計作業\n\n請透過滑鼠將刺激呈現時間點在以下量尺中\n按下空白鍵進入下一題'
1081.3850 	EXP 	scale: markerPos = None
1081.3850 	EXP 	scale: markerPos = None
1081.3850 	EXP 	textreproductionstart: autoDraw = True
1081.3850 	EXP 	scale: autoDraw = True
1085.1024 	DATA 	Mouse: Left button down, pos=(574,323)
1085.1371 	EXP 	scale: markerPos = 3.0324074074074074
1085.1834 	EXP 	scale: markerPos = 3.0324074074074074
1085.2125 	DATA 	Mouse:  Left button up, pos=(574,323)
1085.2149 	EXP 	scale: markerPos = 3.0324074074074074
1085.2414 	EXP 	scale: markerPos = 3.0324074074074074
1097.7685 	DATA 	KeyPress:  
1097.7706 	EXP 	textreproductionstart: autoDraw = False
1097.7706 	EXP 	scale: autoDraw = False
1097.7706 	EXP 	textrest: autoDraw = True
1122.7496 	EXP 	Sound sound_2 started
1122.7496 	EXP 	textready: autoDraw = True
1122.7829 	EXP 	textrest: autoDraw = False
1123.2905 	EXP 	Sound sound_2 reached end of file
1127.7398 	EXP 	New trial (rep=0, index=12): {'emo_pic': 'emo_pic\\pnegative_high_1201.jpg', 'duration': 5}
1127.7549 	EXP 	Sound sound_1 started
1127.7552 	EXP 	textready: autoDraw = False
1127.7552 	EXP 	textrest: autoDraw = False
1127.7552 	EXP 	textready: autoDraw = False
1127.7552 	EXP 	textblank1000: autoDraw = True
1128.2902 	EXP 	Sound sound_1 reached end of file
1128.7773 	EXP 	textblank1000: autoDraw = False
1128.7773 	EXP 	textblank1000: autoDraw = False
1128.7773 	EXP 	emopic: image = 'emo_pic\\pnegative_high_1201.jpg'
1128.7773 	EXP 	emopic: autoDraw = True
1133.8102 	EXP 	emopic: autoDraw = False
1133.8102 	EXP 	emopic: autoDraw = False
1133.8102 	EXP 	textreproductionstart: text = '時間估計作業\n\n請透過滑鼠將刺激呈現時間點在以下量尺中\n按下空白鍵進入下一題'
1133.8102 	EXP 	scale: markerPos = None
1133.8102 	EXP 	scale: markerPos = None
1133.8102 	EXP 	textreproductionstart: autoDraw = True
1133.8102 	EXP 	scale: autoDraw = True
1137.1030 	DATA 	Mouse: Left button down, pos=(668,321)
1137.1415 	EXP 	scale: markerPos = 4.12037037037037
1137.1796 	EXP 	scale: markerPos = 4.12037037037037
1137.2234 	EXP 	scale: markerPos = 4.12037037037037
1137.2553 	EXP 	scale: markerPos = 4.12037037037037
1137.2910 	EXP 	scale: markerPos = 4.12037037037037
1137.3310 	EXP 	scale: markerPos = 4.12037037037037
1137.3751 	DATA 	Mouse:  Left button up, pos=(668,321)
1137.3773 	EXP 	scale: markerPos = 4.12037037037037
1137.4176 	EXP 	scale: markerPos = 4.12037037037037
1137.5655 	DATA 	Mouse: Left button down, pos=(668,321)
1137.5999 	EXP 	scale: markerPos = 4.12037037037037
1137.6369 	EXP 	scale: markerPos = 4.108796296296296
1137.6750 	EXP 	scale: markerPos = 4.108796296296296
1137.7125 	EXP 	scale: markerPos = 4.097222222222222
1137.7436 	EXP 	scale: markerPos = 4.0740740740740735
1137.7716 	EXP 	scale: markerPos = 4.062500000000001
1137.7977 	EXP 	scale: markerPos = 4.050925925925926
1137.8249 	EXP 	scale: markerPos = 4.027777777777778
1137.8539 	EXP 	scale: markerPos = 4.016203703703703
1137.8873 	EXP 	scale: markerPos = 4.016203703703703
1137.9164 	EXP 	scale: markerPos = 4.016203703703703
1137.9509 	EXP 	scale: markerPos = 4.016203703703703
1137.9769 	EXP 	scale: markerPos = 4.016203703703703
1138.0137 	EXP 	scale: markerPos = 4.016203703703703
1138.0410 	EXP 	scale: markerPos = 4.016203703703703
1138.0770 	EXP 	scale: markerPos = 4.016203703703703
1138.1040 	EXP 	scale: markerPos = 4.016203703703703
1138.1357 	EXP 	scale: markerPos = 4.016203703703703
1138.1651 	EXP 	scale: markerPos = 4.016203703703703
1138.1948 	EXP 	scale: markerPos = 4.016203703703703
1138.2233 	EXP 	scale: markerPos = 4.016203703703703
1138.2603 	EXP 	scale: markerPos = 4.016203703703703
1138.2955 	DATA 	Mouse:  Left button up, pos=(659,324)
1138.2979 	EXP 	scale: markerPos = 4.016203703703703
1138.3317 	EXP 	scale: markerPos = 4.016203703703703
1143.4948 	DATA 	Mouse: Left button down, pos=(672,307)
1143.5234 	EXP 	scale: markerPos = 4.166666666666667
1143.5539 	EXP 	scale: markerPos = 4.166666666666667
1143.5924 	EXP 	scale: markerPos = 4.166666666666667
1143.6272 	EXP 	scale: markerPos = 4.166666666666667
1143.6545 	EXP 	scale: markerPos = 4.166666666666667
1143.6869 	EXP 	scale: markerPos = 4.166666666666667
1143.7200 	EXP 	scale: markerPos = 4.166666666666667
1143.7593 	EXP 	scale: markerPos = 4.166666666666667
1143.7947 	EXP 	scale: markerPos = 4.166666666666667
1143.8213 	EXP 	scale: markerPos = 4.166666666666667
1143.8480 	EXP 	scale: markerPos = 4.166666666666667
1143.8839 	EXP 	scale: markerPos = 4.166666666666667
1143.9113 	EXP 	scale: markerPos = 4.166666666666667
1143.9386 	EXP 	scale: markerPos = 4.166666666666667
1143.9758 	EXP 	scale: markerPos = 4.166666666666667
1144.0168 	EXP 	scale: markerPos = 4.166666666666667
1144.0480 	EXP 	scale: markerPos = 4.166666666666667
1144.0776 	EXP 	scale: markerPos = 4.166666666666667
1144.1122 	EXP 	scale: markerPos = 4.166666666666667
1144.1482 	EXP 	scale: markerPos = 4.166666666666667
1144.1952 	EXP 	scale: markerPos = 4.166666666666667
1144.2375 	EXP 	scale: markerPos = 4.166666666666667
1144.2787 	EXP 	scale: markerPos = 4.166666666666667
1144.3080 	EXP 	scale: markerPos = 4.166666666666667
1144.3460 	EXP 	scale: markerPos = 4.166666666666667
1144.3888 	EXP 	scale: markerPos = 4.166666666666667
1144.4196 	EXP 	scale: markerPos = 4.166666666666667
1144.4552 	EXP 	scale: markerPos = 4.166666666666667
1144.4987 	EXP 	scale: markerPos = 4.166666666666667
1144.5412 	EXP 	scale: markerPos = 4.166666666666667
1144.5881 	EXP 	scale: markerPos = 4.166666666666667
1144.6378 	DATA 	Mouse:  Left button up, pos=(672,307)
1144.6398 	EXP 	scale: markerPos = 4.166666666666667
1144.6896 	DATA 	Mouse: Left button down, pos=(672,307)
1144.6919 	EXP 	scale: markerPos = 4.166666666666667
1144.7356 	EXP 	scale: markerPos = 4.166666666666667
1144.7694 	EXP 	scale: markerPos = 4.166666666666667
1144.8124 	EXP 	scale: markerPos = 4.166666666666667
1144.8475 	EXP 	scale: markerPos = 4.166666666666667
1144.8808 	DATA 	Mouse:  Left button up, pos=(672,307)
1144.8830 	EXP 	scale: markerPos = 4.166666666666667
1144.9125 	EXP 	scale: markerPos = 4.166666666666667
1147.9607 	DATA 	KeyPress:  
1147.9629 	EXP 	textreproductionstart: autoDraw = False
1147.9629 	EXP 	scale: autoDraw = False
1147.9629 	EXP 	textrest: autoDraw = True
1172.9548 	EXP 	Sound sound_2 started
1172.9548 	EXP 	textready: autoDraw = True
1172.9715 	EXP 	textrest: autoDraw = False
1173.4924 	EXP 	Sound sound_2 reached end of file
1177.9451 	EXP 	New trial (rep=0, index=13): {'emo_pic': 'emo_pic\\positive_low_7340.jpg', 'duration': 1}
1177.9601 	EXP 	Sound sound_1 started
1177.9602 	EXP 	textready: autoDraw = False
1177.9602 	EXP 	textrest: autoDraw = False
1177.9602 	EXP 	textready: autoDraw = False
1177.9602 	EXP 	textblank1000: autoDraw = True
1178.5001 	EXP 	Sound sound_1 reached end of file
1178.9789 	EXP 	textblank1000: autoDraw = False
1178.9789 	EXP 	textblank1000: autoDraw = False
1178.9789 	EXP 	emopic: image = 'emo_pic\\positive_low_7340.jpg'
1178.9789 	EXP 	emopic: autoDraw = True
1180.0125 	EXP 	emopic: autoDraw = False
1180.0125 	EXP 	emopic: autoDraw = False
1180.0125 	EXP 	textreproductionstart: text = '時間估計作業\n\n請透過滑鼠將刺激呈現時間點在以下量尺中\n按下空白鍵進入下一題'
1180.0125 	EXP 	scale: markerPos = None
1180.0125 	EXP 	scale: markerPos = None
1180.0125 	EXP 	textreproductionstart: autoDraw = True
1180.0125 	EXP 	scale: autoDraw = True
1183.9687 	DATA 	Mouse: Left button down, pos=(417,325)
1183.9950 	EXP 	scale: markerPos = 1.2037037037037042
1184.0214 	EXP 	scale: markerPos = 1.2037037037037042
1184.0461 	EXP 	scale: markerPos = 1.2037037037037042
1184.0712 	EXP 	scale: markerPos = 1.2037037037037042
1184.1005 	DATA 	Mouse:  Left button up, pos=(416,325)
1184.1030 	EXP 	scale: markerPos = 1.2037037037037042
1184.1348 	EXP 	scale: markerPos = 1.2037037037037042
1195.2798 	DATA 	KeyPress:  
1195.2816 	EXP 	textreproductionstart: autoDraw = False
1195.2816 	EXP 	scale: autoDraw = False
1195.2816 	EXP 	textrest: autoDraw = True
1220.2733 	EXP 	Sound sound_2 started
1220.2736 	EXP 	textready: autoDraw = True
1220.2902 	EXP 	textrest: autoDraw = False
1220.8121 	EXP 	Sound sound_2 reached end of file
1225.2633 	EXP 	New trial (rep=0, index=14): {'emo_pic': 'emo_pic\\pneutral_7233.jpg', 'duration': 5}
1225.2788 	EXP 	Sound sound_1 started
1225.2787 	EXP 	textrest: autoDraw = False
1225.2787 	EXP 	textready: autoDraw = False
1225.2787 	EXP 	textblank1000: autoDraw = True
1225.8201 	EXP 	Sound sound_1 reached end of file
1226.3013 	EXP 	textblank1000: autoDraw = False
1226.3013 	EXP 	emopic: image = 'emo_pic\\pneutral_7233.jpg'
1226.3013 	EXP 	emopic: autoDraw = True
1231.3352 	EXP 	emopic: autoDraw = False
1231.3352 	EXP 	emopic: autoDraw = False
1231.3352 	EXP 	textreproductionstart: text = '時間估計作業\n\n請透過滑鼠將刺激呈現時間點在以下量尺中\n按下空白鍵進入下一題'
1231.3352 	EXP 	scale: markerPos = None
1231.3352 	EXP 	scale: markerPos = None
1231.3352 	EXP 	textreproductionstart: autoDraw = True
1231.3352 	EXP 	scale: autoDraw = True
1234.6491 	DATA 	Mouse: Left button down, pos=(688,321)
1234.6761 	EXP 	scale: markerPos = 4.351851851851852
1234.7036 	EXP 	scale: markerPos = 4.351851851851852
1234.7298 	EXP 	scale: markerPos = 4.351851851851852
1234.7559 	EXP 	scale: markerPos = 4.351851851851852
1234.7847 	DATA 	Mouse:  Left button up, pos=(688,321)
1234.7870 	EXP 	scale: markerPos = 4.351851851851852
1234.8199 	EXP 	scale: markerPos = 4.351851851851852
1246.9836 	DATA 	KeyPress:  
1246.9857 	EXP 	textreproductionstart: autoDraw = False
1246.9857 	EXP 	scale: autoDraw = False
1246.9857 	EXP 	textrest: autoDraw = True
1271.9467 	EXP 	Sound sound_2 started
1271.9470 	EXP 	textready: autoDraw = True
1271.9971 	EXP 	textrest: autoDraw = False
1272.4646 	EXP 	Sound sound_2 reached end of file
1276.9367 	EXP 	New trial (rep=0, index=15): {'emo_pic': 'emo_pic\\positive_high_8370.jpg', 'duration': 7}
1276.9522 	EXP 	Sound sound_1 started
1276.9524 	EXP 	textready: autoDraw = False
1276.9524 	EXP 	textrest: autoDraw = False
1276.9524 	EXP 	textready: autoDraw = False
1276.9524 	EXP 	textblank1000: autoDraw = True
1277.4799 	EXP 	Sound sound_1 reached end of file
1277.9741 	EXP 	textblank1000: autoDraw = False
1277.9741 	EXP 	textblank1000: autoDraw = False
1277.9741 	EXP 	emopic: image = 'emo_pic\\positive_high_8370.jpg'
1277.9741 	EXP 	emopic: autoDraw = True
1285.0080 	EXP 	emopic: autoDraw = False
1285.0080 	EXP 	emopic: autoDraw = False
1285.0080 	EXP 	textreproductionstart: text = '時間估計作業\n\n請透過滑鼠將刺激呈現時間點在以下量尺中\n按下空白鍵進入下一題'
1285.0080 	EXP 	scale: markerPos = None
1285.0080 	EXP 	scale: markerPos = None
1285.0080 	EXP 	textreproductionstart: autoDraw = True
1285.0080 	EXP 	scale: autoDraw = True
1289.9161 	DATA 	Mouse: Left button down, pos=(753,321)
1289.9506 	EXP 	scale: markerPos = 5.127314814814815
1289.9788 	EXP 	scale: markerPos = 5.127314814814815
1290.0067 	EXP 	scale: markerPos = 5.127314814814815
1290.0448 	DATA 	Mouse:  Left button up, pos=(755,313)
1290.0469 	EXP 	scale: markerPos = 5.127314814814815
1290.0742 	EXP 	scale: markerPos = 5.127314814814815
1299.1482 	DATA 	KeyPress:  
1299.1501 	EXP 	textreproductionstart: autoDraw = False
1299.1501 	EXP 	scale: autoDraw = False
1299.1501 	EXP 	textrest: autoDraw = True
1324.1377 	EXP 	Sound sound_2 started
1324.1378 	EXP 	textready: autoDraw = True
1324.1544 	EXP 	textrest: autoDraw = False
1324.6723 	EXP 	Sound sound_2 reached end of file
1329.1272 	EXP 	New trial (rep=0, index=16): {'emo_pic': 'emo_pic\\positive_low_2156.jpg', 'duration': 7}
1329.1430 	EXP 	Sound sound_1 started
1329.1433 	EXP 	textrest: autoDraw = False
1329.1433 	EXP 	textready: autoDraw = False
1329.1433 	EXP 	textblank1000: autoDraw = True
1329.6836 	EXP 	Sound sound_1 reached end of file
1330.1692 	EXP 	textblank1000: autoDraw = False
1330.1692 	EXP 	emopic: image = 'emo_pic\\positive_low_2156.jpg'
1330.1692 	EXP 	emopic: autoDraw = True
1337.2039 	EXP 	emopic: autoDraw = False
1337.2039 	EXP 	emopic: autoDraw = False
1337.2039 	EXP 	textreproductionstart: text = '時間估計作業\n\n請透過滑鼠將刺激呈現時間點在以下量尺中\n按下空白鍵進入下一題'
1337.2039 	EXP 	scale: markerPos = None
1337.2039 	EXP 	scale: markerPos = None
1337.2039 	EXP 	textreproductionstart: autoDraw = True
1337.2039 	EXP 	scale: autoDraw = True
1340.3728 	DATA 	Mouse: Left button down, pos=(829,326)
1340.4111 	EXP 	scale: markerPos = 5.983796296296296
1340.4439 	EXP 	scale: markerPos = 5.983796296296296
1340.4861 	EXP 	scale: markerPos = 5.983796296296296
1340.5252 	DATA 	Mouse:  Left button up, pos=(832,324)
1340.5274 	EXP 	scale: markerPos = 5.99537037037037
1340.5751 	EXP 	scale: markerPos = 5.99537037037037
1357.1293 	DATA 	KeyPress:  
1357.1312 	EXP 	textreproductionstart: autoDraw = False
1357.1312 	EXP 	scale: autoDraw = False
1357.1312 	EXP 	textrest: autoDraw = True
1382.1185 	EXP 	Sound sound_2 started
1382.1181 	EXP 	textready: autoDraw = True
1382.1347 	EXP 	textrest: autoDraw = False
1382.6595 	EXP 	Sound sound_2 reached end of file
1387.1078 	EXP 	New trial (rep=0, index=17): {'emo_pic': 'emo_pic\\positive_high_8300.jpg', 'duration': 3}
1387.1235 	EXP 	Sound sound_1 started
1387.1239 	EXP 	textrest: autoDraw = False
1387.1239 	EXP 	textready: autoDraw = False
1387.1239 	EXP 	textblank1000: autoDraw = True
1387.6643 	EXP 	Sound sound_1 reached end of file
1388.1403 	EXP 	textblank1000: autoDraw = False
1388.1403 	EXP 	emopic: image = 'emo_pic\\positive_high_8300.jpg'
1388.1403 	EXP 	emopic: autoDraw = True
1391.1807 	EXP 	emopic: autoDraw = False
1391.1807 	EXP 	emopic: autoDraw = False
1391.1807 	EXP 	textreproductionstart: text = '時間估計作業\n\n請透過滑鼠將刺激呈現時間點在以下量尺中\n按下空白鍵進入下一題'
1391.1807 	EXP 	scale: markerPos = None
1391.1807 	EXP 	scale: markerPos = None
1391.1807 	EXP 	textreproductionstart: autoDraw = True
1391.1807 	EXP 	scale: autoDraw = True
1394.1645 	DATA 	Mouse: Left button down, pos=(509,322)
1394.2083 	EXP 	scale: markerPos = 2.2800925925925926
1394.2464 	EXP 	scale: markerPos = 2.2800925925925926
1394.2762 	EXP 	scale: markerPos = 2.2800925925925926
1394.2794 	DATA 	Mouse:  Left button up, pos=(509,322)
1394.3040 	EXP 	scale: markerPos = 2.2800925925925926
1395.5254 	DATA 	Mouse: Left button down, pos=(509,321)
1395.5563 	EXP 	scale: markerPos = 2.2685185185185186
1395.5842 	EXP 	scale: markerPos = 2.1759259259259256
1395.6103 	EXP 	scale: markerPos = 2.0717592592592595
1395.6357 	EXP 	scale: markerPos = 2.0370370370370368
1395.6641 	EXP 	scale: markerPos = 2.0370370370370368
1395.6941 	EXP 	scale: markerPos = 2.0370370370370368
1395.7255 	EXP 	scale: markerPos = 2.0370370370370368
1395.7532 	EXP 	scale: markerPos = 2.0370370370370368
1395.7793 	EXP 	scale: markerPos = 2.0370370370370368
1395.8081 	EXP 	scale: markerPos = 2.0370370370370368
1395.8371 	EXP 	scale: markerPos = 2.0370370370370368
1395.8700 	EXP 	scale: markerPos = 2.0949074074074074
1395.9030 	EXP 	scale: markerPos = 2.141203703703704
1395.9299 	EXP 	scale: markerPos = 2.1759259259259256
1395.9695 	EXP 	scale: markerPos = 2.1759259259259256
1395.9985 	EXP 	scale: markerPos = 2.1759259259259256
1396.0313 	EXP 	scale: markerPos = 2.1759259259259256
1396.0628 	EXP 	scale: markerPos = 2.1759259259259256
1396.0899 	EXP 	scale: markerPos = 2.1759259259259256
1396.1179 	EXP 	scale: markerPos = 2.1759259259259256
1396.1449 	EXP 	scale: markerPos = 2.1759259259259256
1396.1717 	EXP 	scale: markerPos = 2.1759259259259256
1396.1999 	EXP 	scale: markerPos = 2.1759259259259256
1396.2340 	DATA 	Mouse:  Left button up, pos=(500,312)
1396.2362 	EXP 	scale: markerPos = 2.1759259259259256
1396.2719 	EXP 	scale: markerPos = 2.1759259259259256
1408.5061 	DATA 	KeyPress:  
1408.5081 	EXP 	textreproductionstart: autoDraw = False
1408.5081 	EXP 	scale: autoDraw = False
1408.5081 	EXP 	textrest: autoDraw = True
1433.4912 	EXP 	Sound sound_2 started
1433.4915 	EXP 	textready: autoDraw = True
1433.5080 	EXP 	textrest: autoDraw = False
1434.0322 	EXP 	Sound sound_2 reached end of file
1438.4816 	EXP 	New trial (rep=0, index=18): {'emo_pic': 'emo_pic\\positive_high_8492.jpg', 'duration': 1}
1438.4967 	EXP 	Sound sound_1 started
1438.4968 	EXP 	textready: autoDraw = False
1438.4968 	EXP 	textrest: autoDraw = False
1438.4968 	EXP 	textready: autoDraw = False
1438.4968 	EXP 	textblank1000: autoDraw = True
1439.0313 	EXP 	Sound sound_1 reached end of file
1439.5540 	EXP 	textblank1000: autoDraw = False
1439.5540 	EXP 	textblank1000: autoDraw = False
1439.5540 	EXP 	emopic: image = 'emo_pic\\positive_high_8492.jpg'
1439.5540 	EXP 	emopic: autoDraw = True
1440.6043 	EXP 	emopic: autoDraw = False
1440.6043 	EXP 	emopic: autoDraw = False
1440.6043 	EXP 	textreproductionstart: text = '時間估計作業\n\n請透過滑鼠將刺激呈現時間點在以下量尺中\n按下空白鍵進入下一題'
1440.6043 	EXP 	scale: markerPos = None
1440.6043 	EXP 	scale: markerPos = None
1440.6043 	EXP 	textreproductionstart: autoDraw = True
1440.6043 	EXP 	scale: autoDraw = True
1445.9052 	DATA 	Mouse: Left button down, pos=(428,324)
1445.9461 	EXP 	scale: markerPos = 1.3425925925925928
1445.9882 	EXP 	scale: markerPos = 1.3425925925925928
1445.9917 	DATA 	Mouse:  Left button up, pos=(428,324)
1446.0175 	EXP 	scale: markerPos = 1.3425925925925928
1456.4790 	DATA 	KeyPress:  
1456.4810 	EXP 	textreproductionstart: autoDraw = False
1456.4810 	EXP 	scale: autoDraw = False
1456.4810 	EXP 	textrest: autoDraw = True
1481.4607 	EXP 	Sound sound_2 started
1481.4613 	EXP 	textready: autoDraw = True
1481.4943 	EXP 	textrest: autoDraw = False
1482.0012 	EXP 	Sound sound_2 reached end of file
1486.4510 	EXP 	New trial (rep=0, index=19): {'emo_pic': 'emo_pic\\pnegative_high_6230.jpg', 'duration': 1}
1486.4665 	EXP 	Sound sound_1 started
1486.4660 	EXP 	textready: autoDraw = False
1486.4660 	EXP 	textrest: autoDraw = False
1486.4660 	EXP 	textready: autoDraw = False
1486.4660 	EXP 	textblank1000: autoDraw = True
1487.0090 	EXP 	Sound sound_1 reached end of file
1487.4800 	EXP 	textblank1000: autoDraw = False
1487.4800 	EXP 	textblank1000: autoDraw = False
1487.4800 	EXP 	emopic: image = 'emo_pic\\pnegative_high_6230.jpg'
1487.4800 	EXP 	emopic: autoDraw = True
1488.5217 	EXP 	emopic: autoDraw = False
1488.5217 	EXP 	emopic: autoDraw = False
1488.5217 	EXP 	textreproductionstart: text = '時間估計作業\n\n請透過滑鼠將刺激呈現時間點在以下量尺中\n按下空白鍵進入下一題'
1488.5217 	EXP 	scale: markerPos = None
1488.5217 	EXP 	scale: markerPos = None
1488.5217 	EXP 	textreproductionstart: autoDraw = True
1488.5217 	EXP 	scale: autoDraw = True
1491.9834 	DATA 	Mouse: Left button down, pos=(406,327)
1492.0190 	EXP 	scale: markerPos = 1.0879629629629628
1492.0473 	EXP 	scale: markerPos = 1.0879629629629628
1492.0753 	EXP 	scale: markerPos = 1.0879629629629628
1492.1006 	DATA 	Mouse:  Left button up, pos=(406,322)
1492.1032 	EXP 	scale: markerPos = 1.0879629629629628
1492.1380 	EXP 	scale: markerPos = 1.0879629629629628
1492.4468 	DATA 	Mouse: Left button down, pos=(404,321)
1492.4885 	EXP 	scale: markerPos = 1.0648148148148144
1492.5156 	EXP 	scale: markerPos = 1.0648148148148144
1492.5505 	EXP 	scale: markerPos = 1.0648148148148144
1492.5862 	EXP 	scale: markerPos = 1.0648148148148144
1492.6209 	EXP 	scale: markerPos = 1.0532407407407405
1492.6672 	EXP 	scale: markerPos = 1.0416666666666663
1492.7006 	EXP 	scale: markerPos = 1.0416666666666663
1492.7311 	EXP 	scale: markerPos = 1.0185185185185188
1492.7719 	EXP 	scale: markerPos = 1.0185185185185188
1492.8165 	EXP 	scale: markerPos = 1.0185185185185188
1492.8618 	EXP 	scale: markerPos = 1.0185185185185188
1492.9052 	EXP 	scale: markerPos = 1.0185185185185188
1492.9541 	EXP 	scale: markerPos = 1.0185185185185188
1493.0038 	EXP 	scale: markerPos = 1.0185185185185188
1493.0345 	EXP 	scale: markerPos = 1.0185185185185188
1493.0669 	EXP 	scale: markerPos = 1.0185185185185188
1493.0982 	EXP 	scale: markerPos = 1.0185185185185188
1493.1280 	EXP 	scale: markerPos = 1.0185185185185188
1493.1669 	DATA 	Mouse:  Left button up, pos=(400,324)
1493.1693 	EXP 	scale: markerPos = 1.0185185185185188
1493.2131 	EXP 	scale: markerPos = 1.0185185185185188
1504.5918 	DATA 	KeyPress:  
1504.6019 	EXP 	textreproductionstart: autoDraw = False
1504.6019 	EXP 	scale: autoDraw = False
1504.6019 	EXP 	textrest: autoDraw = True
1529.5971 	EXP 	Sound sound_2 started
1529.5969 	EXP 	textready: autoDraw = True
1529.6138 	EXP 	textrest: autoDraw = False
1530.1313 	EXP 	Sound sound_2 reached end of file
1534.6024 	EXP 	textready: autoDraw = False
1534.6024 	EXP 	textrest: autoDraw = False
1534.6024 	EXP 	textready: autoDraw = False
1534.6024 	EXP 	textEndMessage: autoDraw = True
1564.6024 	EXP 	textEndMessage: autoDraw = False
1564.6024 	EXP 	textEndMessage: autoDraw = False
1564.8686 	EXP 	window1: mouseVisible = True
