48.6353 	WARNING 	User requested fullscreen with size [1536  864], but screen is actually [1920, 1080]. Using actual size
49.2286 	EXP 	Created window1 = Window(allowGUI=True, allowStencil=False, autoLog=True, backendConf=UNKNOWN, bitsMode=UNKNOWN, blendMode='avg', bpc=(8, 8, 8), color=array([0, 0, 0]), colorSpace='rgb', depthBits=8, fullscr=<method-wrapper '__getattribute__' of attributeSetter object at 0x000002EB98DD0BE0>, gamma=None, gammaErrorPolicy='raise', lms=UNKNOWN, monitor=<psychopy.monitors.calibTools.Monitor object at 0x000002EB9EF57E50>, multiSample=False, name='window1', numSamples=2, pos=(0, 0), screen=0, size=array([1920, 1080]), stencilBits=0, stereo=False, units='height', useFBO=True, useRetina=False, viewOri=0.0, viewPos=None, viewScale=None, waitBlanking=True, winType='pyglet')
49.2286 	EXP 	window1: mouseVisible = True
49.2287 	EXP 	window1: mouseVisible = False
49.2287 	EXP 	window1: Attempting to measure frame rate of screen (0) ...
49.2287 	EXP 	window1: recordFrameIntervals = False
49.3949 	EXP 	window1: recordFrameIntervals = True
49.5783 	EXP 	Screen (0) actual frame rate measured at 60.01Hz
49.5783 	EXP 	window1: recordFrameIntervals = False
51.2637 	EXP 	Created textreproductionstart = TextStim(__class__=<class 'psychopy.visual.text.TextStim'>, alignHoriz=method-wrapper(...), alignText='center', alignVert=method-wrapper(...), anchorHoriz='center', anchorVert='center', antialias=True, autoDraw=False, autoLog=True, bold=False, color=array([1, 1, 1]), colorSpace='rgb', contrast=1.0, depth=0.0, flipHoriz=False, flipVert=False, font='Open Sans', fontFiles=[], height=0.05, italic=False, languageStyle='LTR', name='textreproductionstart', opacity=1.0, ori=0.0, pos=array([0., 0.]), rgb=UNKNOWN, text='', units='height', win=Window(...), wrapWidth=1)
51.2674 	EXP 	window1: mouseVisible = True
51.3870 	EXP 	Created scale = Slider(__class__=<class 'psychopy.visual.slider.Slider'>, autoDraw=False, autoLog=True, borderColor=None, color=None, colorSpace='rgb', depth=-1, fillColor=None, flip=False, font='Open Sans', granularity=0.0, labelColor=None, labelHeight=0.04, labelWrapWidth=None, labels=list(...), lineColor=None, markerColor=None, name='scale', opacity=None, ori=0.0, pos=array([ 0. , -0.2]), readOnly=False, self=UNKNOWN, size=array([1.2 , 0.04]), startValue=None, style='rating', styleTweaks=['triangleMarker'], ticks=ndarray(...), units='height', win=Window(...))
51.4272 	EXP 	Created textWelcomeMessage = TextStim(__class__=<class 'psychopy.visual.text.TextStim'>, alignHoriz=method-wrapper(...), alignText='center', alignVert=method-wrapper(...), anchorHoriz='center', anchorVert='center', antialias=True, autoDraw=False, autoLog=True, bold=False, color=array([1, 1, 1]), colorSpace='rgb', contrast=1.0, depth=0.0, flipHoriz=False, flipVert=False, font='Open Sans', fontFiles=[], height=0.05, italic=False, languageStyle='LTR', name='textWelcomeMessage', opacity=1.0, ori=0.0, pos=array([0., 0.]), rgb=UNKNOWN, text='歡迎來到本次的實驗\n\n請按"空白鍵"開始實驗', units='height', win=Window(...), wrapWidth=1)
51.4295 	EXP 	Created textblank1000 = TextStim(__class__=<class 'psychopy.visual.text.TextStim'>, alignHoriz=method-wrapper(...), alignText='center', alignVert=method-wrapper(...), anchorHoriz='center', anchorVert='center', antialias=True, autoDraw=False, autoLog=True, bold=False, color=array([1, 1, 1]), colorSpace='rgb', contrast=1.0, depth=0.0, flipHoriz=False, flipVert=False, font='Open Sans', fontFiles=[], height=0.05, italic=False, languageStyle='LTR', name='textblank1000', opacity=1.0, ori=0.0, pos=array([0., 0.]), rgb=UNKNOWN, text='+', units='height', win=Window(...), wrapWidth=1)
51.4943 	EXP 	Sound sound_1 set volume 1.000
51.4992 	EXP 	Created image = ImageStim(__class__=<class 'psychopy.visual.image.ImageStim'>, anchor=('center', 'center'), autoLog=True, color=array([1, 1, 1]), colorSpace='rgb', contrast=1.0, depth=0.0, flipHoriz=False, flipVert=False, image='sin', interpolate=True, mask=None, maskParams=None, name='image', opacity=1.0, ori=0.0, pos=array([0., 0.]), size=array([0.95, 0.7 ]), texRes=128.0, units='height', win=Window(...))
51.4997 	EXP 	Created textreproductionstart = TextStim(__class__=<class 'psychopy.visual.text.TextStim'>, alignHoriz=method-wrapper(...), alignText='center', alignVert=method-wrapper(...), anchorHoriz='center', anchorVert='center', antialias=True, autoDraw=False, autoLog=True, bold=False, color=array([1, 1, 1]), colorSpace='rgb', contrast=1.0, depth=0.0, flipHoriz=False, flipVert=False, font='Open Sans', fontFiles=[], height=0.05, italic=False, languageStyle='LTR', name='textreproductionstart', opacity=1.0, ori=0.0, pos=array([0., 0.]), rgb=UNKNOWN, text='', units='height', win=Window(...), wrapWidth=1)
51.5014 	EXP 	window1: mouseVisible = True
51.5874 	EXP 	Created scale = Slider(__class__=<class 'psychopy.visual.slider.Slider'>, autoDraw=False, autoLog=True, borderColor=None, color=None, colorSpace='rgb', depth=-1, fillColor=None, flip=False, font='Open Sans', granularity=0.0, labelColor=None, labelHeight=0.04, labelWrapWidth=None, labels=list(...), lineColor=None, markerColor=None, name='scale', opacity=None, ori=0.0, pos=array([ 0. , -0.2]), readOnly=False, self=UNKNOWN, size=array([1.2 , 0.04]), startValue=None, style='rating', styleTweaks=['triangleMarker'], ticks=ndarray(...), units='height', win=Window(...))
51.5989 	EXP 	Created textrest = TextStim(__class__=<class 'psychopy.visual.text.TextStim'>, alignHoriz=method-wrapper(...), alignText='center', alignVert=method-wrapper(...), anchorHoriz='center', anchorVert='center', antialias=True, autoDraw=False, autoLog=True, bold=False, color=array([1, 1, 1]), colorSpace='rgb', contrast=1.0, depth=0.0, flipHoriz=False, flipVert=False, font='Open Sans', fontFiles=[], height=0.05, italic=False, languageStyle='LTR', name='textrest', opacity=1.0, ori=0.0, pos=array([0., 0.]), rgb=UNKNOWN, text='休息時間\n\n時間結束會自動進入下一題', units='height', win=Window(...), wrapWidth=1)
51.6021 	EXP 	Created textready = TextStim(__class__=<class 'psychopy.visual.text.TextStim'>, alignHoriz=method-wrapper(...), alignText='center', alignVert=method-wrapper(...), anchorHoriz='center', anchorVert='center', antialias=True, autoDraw=False, autoLog=True, bold=False, color=array([1, 1, 1]), colorSpace='rgb', contrast=1.0, depth=-1.0, flipHoriz=False, flipVert=False, font='Open Sans', fontFiles=[], height=0.05, italic=False, languageStyle='LTR', name='textready', opacity=1.0, ori=0.0, pos=array([0., 0.]), rgb=UNKNOWN, text='即將進入下一題', units='height', win=Window(...), wrapWidth=1)
51.6033 	EXP 	Sound sound_2 set volume 1.000
51.6120 	EXP 	Created text = TextStim(__class__=<class 'psychopy.visual.text.TextStim'>, alignHoriz=method-wrapper(...), alignText='center', alignVert=method-wrapper(...), anchorHoriz='center', anchorVert='center', antialias=True, autoDraw=False, autoLog=True, bold=False, color=array([1, 1, 1]), colorSpace='rgb', contrast=1.0, depth=0.0, flipHoriz=False, flipVert=False, font='Open Sans', fontFiles=[], height=0.05, italic=False, languageStyle='LTR', name='text', opacity=1.0, ori=0.0, pos=array([0., 0.]), rgb=UNKNOWN, text='練習階段結束\n\n準備好請按"空白鍵"開始正式階段', units='height', win=Window(...), wrapWidth=1)
51.6135 	EXP 	Created textblank1000 = TextStim(__class__=<class 'psychopy.visual.text.TextStim'>, alignHoriz=method-wrapper(...), alignText='center', alignVert=method-wrapper(...), anchorHoriz='center', anchorVert='center', antialias=True, autoDraw=False, autoLog=True, bold=False, color=array([1, 1, 1]), colorSpace='rgb', contrast=1.0, depth=0.0, flipHoriz=False, flipVert=False, font='Open Sans', fontFiles=[], height=0.05, italic=False, languageStyle='LTR', name='textblank1000', opacity=1.0, ori=0.0, pos=array([0., 0.]), rgb=UNKNOWN, text='+', units='height', win=Window(...), wrapWidth=1)
51.6146 	EXP 	Sound sound_1 set volume 1.000
51.6179 	EXP 	Created emopic = ImageStim(__class__=<class 'psychopy.visual.image.ImageStim'>, anchor=('center', 'center'), autoLog=True, color=array([1, 1, 1]), colorSpace='rgb', contrast=1.0, depth=0.0, flipHoriz=False, flipVert=False, image='sin', interpolate=True, mask=None, maskParams=None, name='emopic', opacity=1.0, ori=0.0, pos=array([0., 0.]), size=array([1., 1.]), texRes=128.0, units='height', win=Window(...))
51.6183 	EXP 	Created textreproductionstart = TextStim(__class__=<class 'psychopy.visual.text.TextStim'>, alignHoriz=method-wrapper(...), alignText='center', alignVert=method-wrapper(...), anchorHoriz='center', anchorVert='center', antialias=True, autoDraw=False, autoLog=True, bold=False, color=array([1, 1, 1]), colorSpace='rgb', contrast=1.0, depth=0.0, flipHoriz=False, flipVert=False, font='Open Sans', fontFiles=[], height=0.05, italic=False, languageStyle='LTR', name='textreproductionstart', opacity=1.0, ori=0.0, pos=array([0., 0.]), rgb=UNKNOWN, text='', units='height', win=Window(...), wrapWidth=1)
51.6200 	EXP 	window1: mouseVisible = True
51.7042 	EXP 	Created scale = Slider(__class__=<class 'psychopy.visual.slider.Slider'>, autoDraw=False, autoLog=True, borderColor=None, color=None, colorSpace='rgb', depth=-1, fillColor=None, flip=False, font='Open Sans', granularity=0.0, labelColor=None, labelHeight=0.04, labelWrapWidth=None, labels=list(...), lineColor=None, markerColor=None, name='scale', opacity=None, ori=0.0, pos=array([ 0. , -0.2]), readOnly=False, self=UNKNOWN, size=array([1.2 , 0.04]), startValue=None, style='rating', styleTweaks=['triangleMarker'], ticks=ndarray(...), units='height', win=Window(...))
51.7072 	EXP 	Created textrest = TextStim(__class__=<class 'psychopy.visual.text.TextStim'>, alignHoriz=method-wrapper(...), alignText='center', alignVert=method-wrapper(...), anchorHoriz='center', anchorVert='center', antialias=True, autoDraw=False, autoLog=True, bold=False, color=array([1, 1, 1]), colorSpace='rgb', contrast=1.0, depth=0.0, flipHoriz=False, flipVert=False, font='Open Sans', fontFiles=[], height=0.05, italic=False, languageStyle='LTR', name='textrest', opacity=1.0, ori=0.0, pos=array([0., 0.]), rgb=UNKNOWN, text='休息時間\n\n時間結束會自動進入下一題', units='height', win=Window(...), wrapWidth=1)
51.7090 	EXP 	Created textready = TextStim(__class__=<class 'psychopy.visual.text.TextStim'>, alignHoriz=method-wrapper(...), alignText='center', alignVert=method-wrapper(...), anchorHoriz='center', anchorVert='center', antialias=True, autoDraw=False, autoLog=True, bold=False, color=array([1, 1, 1]), colorSpace='rgb', contrast=1.0, depth=-1.0, flipHoriz=False, flipVert=False, font='Open Sans', fontFiles=[], height=0.05, italic=False, languageStyle='LTR', name='textready', opacity=1.0, ori=0.0, pos=array([0., 0.]), rgb=UNKNOWN, text='即將進入下一題', units='height', win=Window(...), wrapWidth=1)
51.7102 	EXP 	Sound sound_2 set volume 1.000
51.7176 	EXP 	Created textEndMessage = TextStim(__class__=<class 'psychopy.visual.text.TextStim'>, alignHoriz=method-wrapper(...), alignText='center', alignVert=method-wrapper(...), anchorHoriz='center', anchorVert='center', antialias=True, autoDraw=False, autoLog=True, bold=False, color=array([1, 1, 1]), colorSpace='rgb', contrast=1.0, depth=0.0, flipHoriz=False, flipVert=False, font='Open Sans', fontFiles=[], height=0.05, italic=False, languageStyle='LTR', name='textEndMessage', opacity=1.0, ori=0.0, pos=array([0., 0.]), rgb=UNKNOWN, text='本次實驗到此結束\n\n感謝您的參與', units='height', win=Window(...), wrapWidth=1)
51.7871 	EXP 	scale: autoLog = True
51.7871 	EXP 	scale: markerPos = None
51.7871 	EXP 	scale: styleTweaks = []
51.7871 	EXP 	scale: styleTweaks = []
51.7871 	EXP 	scale: styleTweaks = ['triangleMarker']
51.7871 	EXP 	scale: styleTweaks = ['triangleMarker']
51.7871 	EXP 	scale: contrast = 1.0
51.7871 	EXP 	scale: autoLog = True
51.7871 	EXP 	scale: autoLog = True
51.7871 	EXP 	scale: markerPos = None
51.7871 	EXP 	scale: styleTweaks = []
51.7871 	EXP 	scale: styleTweaks = []
51.7871 	EXP 	scale: styleTweaks = ['triangleMarker']
51.7871 	EXP 	scale: styleTweaks = ['triangleMarker']
51.7871 	EXP 	scale: contrast = 1.0
51.7871 	EXP 	scale: autoLog = True
51.7871 	EXP 	scale: autoLog = True
51.7871 	EXP 	scale: markerPos = None
51.7871 	EXP 	scale: styleTweaks = []
51.7871 	EXP 	scale: styleTweaks = []
51.7871 	EXP 	scale: styleTweaks = ['triangleMarker']
51.7871 	EXP 	scale: styleTweaks = ['triangleMarker']
51.7871 	EXP 	scale: contrast = 1.0
51.7871 	EXP 	scale: autoLog = True
51.7871 	EXP 	textreproductionstart: height = 0.05
51.7871 	EXP 	textreproductionstart: height = 0.05
51.7871 	EXP 	textreproductionstart: height = 0.05
51.7871 	EXP 	textreproductionstart: text = '時間估計作業\n\n請透過滑鼠將刺激呈現時間點在以下量尺中\n按下空白鍵進入下一題'
51.7871 	EXP 	scale: markerPos = None
51.7871 	EXP 	scale: markerPos = None
51.7871 	EXP 	textreproductionstart: autoDraw = True
51.7871 	EXP 	scale: autoDraw = True
111.2972 	DATA 	Mouse: Left button down, pos=(475,337)
111.3297 	EXP 	scale: markerPos = 1.9097222222222223
111.3630 	EXP 	scale: markerPos = 2.3495370370370368
111.3963 	EXP 	scale: markerPos = 2.627314814814815
111.4297 	EXP 	scale: markerPos = 2.7430555555555554
111.4630 	EXP 	scale: markerPos = 2.8819444444444446
111.4963 	EXP 	scale: markerPos = 2.9745370370370368
111.5297 	EXP 	scale: markerPos = 2.9745370370370368
111.5630 	EXP 	scale: markerPos = 2.9745370370370368
111.5963 	EXP 	scale: markerPos = 2.7430555555555554
111.6297 	EXP 	scale: markerPos = 2.3263888888888893
111.6630 	EXP 	scale: markerPos = 2.1643518518518516
111.6963 	EXP 	scale: markerPos = 2.1643518518518516
111.7297 	EXP 	scale: markerPos = 2.1643518518518516
111.7630 	EXP 	scale: markerPos = 2.1874999999999996
111.7963 	EXP 	scale: markerPos = 2.569444444444444
111.8297 	EXP 	scale: markerPos = 3.0208333333333335
111.8630 	EXP 	scale: markerPos = 3.0439814814814827
111.8963 	EXP 	scale: markerPos = 3.0439814814814827
111.9297 	EXP 	scale: markerPos = 3.0439814814814827
111.9630 	EXP 	scale: markerPos = 2.5578703703703702
111.9963 	EXP 	scale: markerPos = 2.453703703703703
112.0297 	EXP 	scale: markerPos = 2.453703703703703
112.0630 	EXP 	scale: markerPos = 2.4652777777777777
112.1130 	EXP 	scale: markerPos = 4.12037037037037
112.1463 	EXP 	scale: markerPos = 4.976851851851851
112.1797 	EXP 	scale: markerPos = 5.509259259259259
112.2130 	EXP 	scale: markerPos = 5.509259259259259
112.2463 	EXP 	scale: markerPos = 5.486111111111111
112.2796 	EXP 	scale: markerPos = 5.127314814814815
112.3130 	EXP 	scale: markerPos = 4.62962962962963
112.3463 	EXP 	scale: markerPos = 4.016203703703703
112.3797 	EXP 	scale: markerPos = 3.4490740740740744
112.4130 	EXP 	scale: markerPos = 3.321759259259259
112.4463 	EXP 	scale: markerPos = 3.229166666666667
112.4797 	EXP 	scale: markerPos = 3.1944444444444446
112.5130 	EXP 	scale: markerPos = 3.1944444444444446
112.5463 	EXP 	scale: markerPos = 3.1828703703703702
112.5797 	EXP 	scale: markerPos = 3.1828703703703702
112.6130 	EXP 	scale: markerPos = 3.1828703703703702
112.6463 	EXP 	scale: markerPos = 3.1828703703703702
112.6797 	EXP 	scale: markerPos = 3.1828703703703702
112.7130 	EXP 	scale: markerPos = 3.1597222222222223
112.7464 	EXP 	scale: markerPos = 3.090277777777778
112.7797 	EXP 	scale: markerPos = 3.0671296296296298
112.8130 	EXP 	scale: markerPos = 3.0671296296296298
112.8464 	EXP 	scale: markerPos = 3.0671296296296298
112.8797 	EXP 	scale: markerPos = 3.0671296296296298
112.8805 	DATA 	Mouse:  Left button up, pos=(577,305)
112.9130 	EXP 	scale: markerPos = 3.0671296296296298
189.9484 	DATA 	Mouse: Left button down, pos=(588,321)
189.9809 	EXP 	scale: markerPos = 3.1944444444444446
190.0143 	EXP 	scale: markerPos = 3.1944444444444446
190.0476 	EXP 	scale: markerPos = 3.1944444444444446
190.0809 	EXP 	scale: markerPos = 3.1944444444444446
190.1142 	EXP 	scale: markerPos = 3.310185185185185
190.1476 	EXP 	scale: markerPos = 3.472222222222222
190.1809 	EXP 	scale: markerPos = 3.483796296296296
190.2143 	EXP 	scale: markerPos = 3.4953703703703702
190.2476 	EXP 	scale: markerPos = 3.4953703703703702
190.2809 	EXP 	scale: markerPos = 3.4953703703703702
190.3142 	EXP 	scale: markerPos = 3.5300925925925926
190.3476 	EXP 	scale: markerPos = 3.5300925925925926
190.3810 	EXP 	scale: markerPos = 3.5300925925925926
190.4143 	EXP 	scale: markerPos = 3.5300925925925926
190.4476 	EXP 	scale: markerPos = 3.5300925925925926
190.4809 	EXP 	scale: markerPos = 3.5300925925925926
190.5143 	EXP 	scale: markerPos = 3.5300925925925926
190.5476 	EXP 	scale: markerPos = 3.5300925925925926
190.5809 	EXP 	scale: markerPos = 3.5300925925925926
190.6142 	EXP 	scale: markerPos = 3.5300925925925926
190.6476 	EXP 	scale: markerPos = 3.4953703703703702
190.6809 	EXP 	scale: markerPos = 3.4953703703703702
190.7143 	EXP 	scale: markerPos = 3.4953703703703702
190.7476 	EXP 	scale: markerPos = 3.4953703703703702
190.7809 	EXP 	scale: markerPos = 3.4953703703703702
190.8142 	EXP 	scale: markerPos = 3.4953703703703702
190.8476 	EXP 	scale: markerPos = 3.4953703703703702
190.8809 	EXP 	scale: markerPos = 3.4953703703703702
190.9143 	EXP 	scale: markerPos = 3.4953703703703702
190.9150 	DATA 	Mouse:  Left button up, pos=(614,315)
190.9476 	EXP 	scale: markerPos = 3.4953703703703702
193.9216 	DATA 	KeyPress:  
193.9312 	EXP 	textreproductionstart: autoDraw = False
193.9312 	EXP 	scale: autoDraw = False
193.9312 	EXP 	textWelcomeMessage: autoDraw = True
198.0693 	EXP 	Imported pink_con.xlsx as conditions, 3 conditions, 2 params
198.0696 	EXP 	Created sequence: random, trialTypes=3, nReps=1, seed=None
198.0698 	EXP 	New trial (rep=0, index=0): {'pink': 'pink.png', 'pra_duration': 6}
198.0810 	EXP 	Sound sound_1 started
198.0810 	EXP 	textWelcomeMessage: autoDraw = False
198.0810 	EXP 	textblank1000: autoDraw = True
198.0865 	DATA 	KeyPress:  
198.6237 	EXP 	Sound sound_1 reached end of file
199.1977 	EXP 	textblank1000: autoDraw = False
199.1977 	EXP 	textblank1000: autoDraw = False
199.1977 	EXP 	image: image = 'pink.png'
199.1977 	EXP 	image: autoDraw = True
205.2145 	EXP 	image: autoDraw = False
205.2145 	EXP 	image: autoDraw = False
205.2145 	EXP 	textreproductionstart: text = '時間估計作業\n\n請透過滑鼠將刺激呈現時間點在以下量尺中\n按下空白鍵進入下一題'
205.2145 	EXP 	scale: markerPos = None
205.2145 	EXP 	scale: markerPos = None
205.2145 	EXP 	textreproductionstart: autoDraw = True
205.2145 	EXP 	scale: autoDraw = True
208.0153 	DATA 	Mouse: Left button down, pos=(767,326)
208.0479 	EXP 	scale: markerPos = 5.266203703703704
208.0812 	EXP 	scale: markerPos = 5.266203703703704
208.1145 	EXP 	scale: markerPos = 5.266203703703704
208.1479 	EXP 	scale: markerPos = 5.266203703703704
208.1812 	EXP 	scale: markerPos = 5.266203703703704
208.2145 	EXP 	scale: markerPos = 5.3009259259259265
208.2479 	EXP 	scale: markerPos = 5.324074074074074
208.2812 	EXP 	scale: markerPos = 5.324074074074074
208.3145 	EXP 	scale: markerPos = 5.324074074074074
208.3479 	EXP 	scale: markerPos = 5.324074074074074
208.3812 	EXP 	scale: markerPos = 5.324074074074074
208.4145 	EXP 	scale: markerPos = 5.324074074074074
208.4479 	EXP 	scale: markerPos = 5.324074074074074
208.4812 	EXP 	scale: markerPos = 5.324074074074074
208.5145 	EXP 	scale: markerPos = 5.324074074074074
208.5479 	EXP 	scale: markerPos = 5.324074074074074
208.5812 	EXP 	scale: markerPos = 5.312499999999999
208.6145 	EXP 	scale: markerPos = 5.312499999999999
208.6479 	EXP 	scale: markerPos = 5.312499999999999
208.6812 	EXP 	scale: markerPos = 5.312499999999999
208.7145 	EXP 	scale: markerPos = 5.312499999999999
208.7479 	EXP 	scale: markerPos = 5.312499999999999
208.7812 	EXP 	scale: markerPos = 5.312499999999999
208.8145 	EXP 	scale: markerPos = 5.312499999999999
208.8479 	EXP 	scale: markerPos = 5.312499999999999
208.8812 	EXP 	scale: markerPos = 5.312499999999999
208.9145 	EXP 	scale: markerPos = 5.312499999999999
208.9479 	EXP 	scale: markerPos = 5.289351851851852
208.9812 	EXP 	scale: markerPos = 5.289351851851852
209.0145 	EXP 	scale: markerPos = 5.289351851851852
209.0479 	EXP 	scale: markerPos = 5.289351851851852
209.0812 	EXP 	scale: markerPos = 5.289351851851852
209.1146 	EXP 	scale: markerPos = 5.289351851851852
209.1479 	EXP 	scale: markerPos = 5.289351851851852
209.1812 	EXP 	scale: markerPos = 5.289351851851852
209.2146 	EXP 	scale: markerPos = 5.289351851851852
209.2479 	EXP 	scale: markerPos = 5.289351851851852
209.2812 	EXP 	scale: markerPos = 5.289351851851852
209.2973 	DATA 	Mouse:  Left button up, pos=(769,325)
209.3146 	EXP 	scale: markerPos = 5.289351851851852
209.3479 	EXP 	scale: markerPos = 5.289351851851852
227.9315 	EXP 	textreproductionstart: autoDraw = False
227.9315 	EXP 	scale: autoDraw = False
227.9315 	EXP 	textrest: autoDraw = True
227.9371 	DATA 	KeyPress:  
252.9153 	EXP 	Sound sound_2 started
252.9152 	EXP 	textready: autoDraw = True
252.9319 	EXP 	textrest: autoDraw = False
253.4544 	EXP 	Sound sound_2 reached end of file
257.8991 	EXP 	New trial (rep=0, index=1): {'pink': 'pink.png', 'pra_duration': 4}
257.9153 	EXP 	Sound sound_1 started
257.9153 	EXP 	textready: autoDraw = False
257.9153 	EXP 	textrest: autoDraw = False
257.9153 	EXP 	textready: autoDraw = False
257.9153 	EXP 	textblank1000: autoDraw = True
258.4546 	EXP 	Sound sound_1 reached end of file
258.9653 	EXP 	textblank1000: autoDraw = False
258.9653 	EXP 	textblank1000: autoDraw = False
258.9653 	EXP 	image: image = 'pink.png'
258.9653 	EXP 	image: autoDraw = True
262.9821 	EXP 	image: autoDraw = False
262.9821 	EXP 	image: autoDraw = False
262.9821 	EXP 	textreproductionstart: text = '時間估計作業\n\n請透過滑鼠將刺激呈現時間點在以下量尺中\n按下空白鍵進入下一題'
262.9821 	EXP 	scale: markerPos = None
262.9821 	EXP 	scale: markerPos = None
262.9821 	EXP 	textreproductionstart: autoDraw = True
262.9821 	EXP 	scale: autoDraw = True
266.6973 	DATA 	Mouse: Left button down, pos=(574,327)
266.7488 	EXP 	scale: markerPos = 3.0324074074074074
266.7821 	EXP 	scale: markerPos = 3.0324074074074074
266.8154 	EXP 	scale: markerPos = 3.0324074074074074
266.8488 	EXP 	scale: markerPos = 3.0324074074074074
266.8496 	DATA 	Mouse:  Left button up, pos=(574,327)
266.8821 	EXP 	scale: markerPos = 3.0324074074074074
267.3162 	DATA 	Mouse: Left button down, pos=(572,327)
267.3488 	EXP 	scale: markerPos = 3.0092592592592595
267.3821 	EXP 	scale: markerPos = 3.0092592592592595
267.4154 	EXP 	scale: markerPos = 3.0092592592592595
267.4488 	EXP 	scale: markerPos = 3.0092592592592595
267.4821 	EXP 	scale: markerPos = 3.0092592592592595
267.5154 	EXP 	scale: markerPos = 3.0092592592592595
267.5488 	EXP 	scale: markerPos = 2.997685185185185
267.5822 	EXP 	scale: markerPos = 2.997685185185185
267.6155 	EXP 	scale: markerPos = 2.997685185185185
267.6488 	EXP 	scale: markerPos = 2.997685185185185
267.6821 	EXP 	scale: markerPos = 2.997685185185185
267.7154 	EXP 	scale: markerPos = 2.986111111111111
267.7488 	EXP 	scale: markerPos = 2.986111111111111
267.7822 	EXP 	scale: markerPos = 2.986111111111111
267.8155 	EXP 	scale: markerPos = 2.986111111111111
267.8488 	EXP 	scale: markerPos = 2.986111111111111
267.8821 	EXP 	scale: markerPos = 2.986111111111111
267.9154 	EXP 	scale: markerPos = 2.986111111111111
267.9488 	EXP 	scale: markerPos = 2.986111111111111
267.9822 	EXP 	scale: markerPos = 2.986111111111111
268.0154 	EXP 	scale: markerPos = 2.986111111111111
268.0488 	EXP 	scale: markerPos = 2.986111111111111
268.0822 	EXP 	scale: markerPos = 2.986111111111111
268.1154 	EXP 	scale: markerPos = 2.986111111111111
268.1488 	EXP 	scale: markerPos = 2.986111111111111
268.1822 	EXP 	scale: markerPos = 2.986111111111111
268.1830 	DATA 	Mouse:  Left button up, pos=(570,326)
268.2155 	EXP 	scale: markerPos = 2.986111111111111
284.9324 	EXP 	textreproductionstart: autoDraw = False
284.9324 	EXP 	scale: autoDraw = False
284.9324 	EXP 	textrest: autoDraw = True
284.9377 	DATA 	KeyPress:  
309.9161 	EXP 	Sound sound_2 started
309.9161 	EXP 	textready: autoDraw = True
309.9328 	EXP 	textrest: autoDraw = False
310.4551 	EXP 	Sound sound_2 reached end of file
314.8999 	EXP 	New trial (rep=0, index=2): {'pink': 'pink.png', 'pra_duration': 2}
314.9162 	EXP 	Sound sound_1 started
314.9162 	EXP 	textready: autoDraw = False
314.9162 	EXP 	textrest: autoDraw = False
314.9162 	EXP 	textready: autoDraw = False
314.9162 	EXP 	textblank1000: autoDraw = True
315.4558 	EXP 	Sound sound_1 reached end of file
315.9496 	EXP 	textblank1000: autoDraw = False
315.9496 	EXP 	textblank1000: autoDraw = False
315.9496 	EXP 	image: image = 'pink.png'
315.9496 	EXP 	image: autoDraw = True
317.9663 	EXP 	image: autoDraw = False
317.9663 	EXP 	image: autoDraw = False
317.9663 	EXP 	textreproductionstart: text = '時間估計作業\n\n請透過滑鼠將刺激呈現時間點在以下量尺中\n按下空白鍵進入下一題'
317.9663 	EXP 	scale: markerPos = None
317.9663 	EXP 	scale: markerPos = None
317.9663 	EXP 	textreproductionstart: autoDraw = True
317.9663 	EXP 	scale: autoDraw = True
322.5148 	DATA 	Mouse: Left button down, pos=(465,324)
322.5663 	EXP 	scale: markerPos = 1.7708333333333337
322.5996 	EXP 	scale: markerPos = 1.7708333333333337
322.6330 	EXP 	scale: markerPos = 1.7708333333333337
322.6664 	EXP 	scale: markerPos = 1.7476851851851856
322.6997 	EXP 	scale: markerPos = 1.6666666666666665
322.7330 	EXP 	scale: markerPos = 1.6435185185185184
322.7663 	EXP 	scale: markerPos = 1.6319444444444442
322.7997 	EXP 	scale: markerPos = 1.6319444444444442
322.8330 	EXP 	scale: markerPos = 1.6319444444444442
322.8664 	EXP 	scale: markerPos = 1.6319444444444442
322.8997 	EXP 	scale: markerPos = 1.6319444444444442
322.9330 	EXP 	scale: markerPos = 1.6319444444444442
322.9664 	EXP 	scale: markerPos = 1.6319444444444442
322.9997 	EXP 	scale: markerPos = 1.6319444444444442
323.0330 	EXP 	scale: markerPos = 1.6319444444444442
323.0664 	EXP 	scale: markerPos = 1.6319444444444442
323.0997 	EXP 	scale: markerPos = 1.6319444444444442
323.1330 	EXP 	scale: markerPos = 1.6319444444444442
323.1664 	EXP 	scale: markerPos = 1.6319444444444442
323.1997 	EXP 	scale: markerPos = 1.6319444444444442
323.2330 	EXP 	scale: markerPos = 1.6319444444444442
323.2664 	EXP 	scale: markerPos = 1.6319444444444442
323.2997 	EXP 	scale: markerPos = 1.6319444444444442
323.3330 	EXP 	scale: markerPos = 1.6319444444444442
323.3664 	EXP 	scale: markerPos = 1.6319444444444442
323.3997 	EXP 	scale: markerPos = 1.6319444444444442
323.4330 	EXP 	scale: markerPos = 1.6319444444444442
323.4664 	EXP 	scale: markerPos = 1.6319444444444442
323.4997 	EXP 	scale: markerPos = 1.6319444444444442
323.5330 	EXP 	scale: markerPos = 1.6319444444444442
323.5664 	EXP 	scale: markerPos = 1.6319444444444442
323.5997 	EXP 	scale: markerPos = 1.6087962962962967
323.6330 	EXP 	scale: markerPos = 1.6087962962962967
323.6664 	EXP 	scale: markerPos = 1.6087962962962967
323.6997 	EXP 	scale: markerPos = 1.6087962962962967
323.7330 	EXP 	scale: markerPos = 1.6087962962962967
323.7664 	EXP 	scale: markerPos = 1.6087962962962967
323.7997 	EXP 	scale: markerPos = 1.6087962962962967
323.8330 	EXP 	scale: markerPos = 1.6087962962962967
323.8664 	EXP 	scale: markerPos = 1.6087962962962967
323.8997 	EXP 	scale: markerPos = 1.6087962962962967
323.9330 	EXP 	scale: markerPos = 1.6087962962962967
323.9664 	EXP 	scale: markerPos = 1.6087962962962967
323.9997 	EXP 	scale: markerPos = 1.6087962962962967
324.0330 	EXP 	scale: markerPos = 1.6087962962962967
324.0664 	EXP 	scale: markerPos = 1.6087962962962967
324.0997 	EXP 	scale: markerPos = 1.6087962962962967
324.1330 	EXP 	scale: markerPos = 1.6087962962962967
324.1664 	EXP 	scale: markerPos = 1.6087962962962967
324.1997 	EXP 	scale: markerPos = 1.6087962962962967
324.2330 	EXP 	scale: markerPos = 1.6087962962962967
324.2664 	EXP 	scale: markerPos = 1.6087962962962967
324.2997 	EXP 	scale: markerPos = 1.6087962962962967
324.3330 	EXP 	scale: markerPos = 1.6087962962962967
324.3664 	EXP 	scale: markerPos = 1.6087962962962967
324.3997 	EXP 	scale: markerPos = 1.6087962962962967
324.4158 	DATA 	Mouse:  Left button up, pos=(451,320)
324.4330 	EXP 	scale: markerPos = 1.6087962962962967
324.4664 	EXP 	scale: markerPos = 1.6087962962962967
334.8411 	DATA 	KeyPress:  
334.8499 	EXP 	textreproductionstart: autoDraw = False
334.8499 	EXP 	scale: autoDraw = False
334.8499 	EXP 	textrest: autoDraw = True
359.8336 	EXP 	Sound sound_2 started
359.8336 	EXP 	textready: autoDraw = True
359.8503 	EXP 	textrest: autoDraw = False
360.3735 	EXP 	Sound sound_2 reached end of file
364.8337 	EXP 	textready: autoDraw = False
364.8337 	EXP 	textrest: autoDraw = False
364.8337 	EXP 	textready: autoDraw = False
364.8337 	EXP 	text: autoDraw = True
368.3223 	EXP 	Imported pic_condition.xlsx as conditions, 20 conditions, 2 params
368.3228 	EXP 	Created sequence: random, trialTypes=20, nReps=1, seed=None
368.3230 	EXP 	New trial (rep=0, index=0): {'emo_pic': 'emo_pic\\pnegative_low_9331.jpg', 'duration': 1}
368.3337 	EXP 	Sound sound_1 started
368.3337 	EXP 	text: autoDraw = False
368.3337 	EXP 	textblank1000: autoDraw = True
368.3379 	DATA 	KeyPress:  
368.8733 	EXP 	Sound sound_1 reached end of file
369.3673 	EXP 	textblank1000: autoDraw = False
369.3673 	EXP 	textblank1000: autoDraw = False
369.3673 	EXP 	emopic: image = 'emo_pic\\pnegative_low_9331.jpg'
369.3673 	EXP 	emopic: autoDraw = True
370.3836 	EXP 	emopic: autoDraw = False
370.3836 	EXP 	emopic: autoDraw = False
370.3836 	EXP 	textreproductionstart: text = '時間估計作業\n\n請透過滑鼠將刺激呈現時間點在以下量尺中\n按下空白鍵進入下一題'
370.3836 	EXP 	scale: markerPos = None
370.3836 	EXP 	scale: markerPos = None
370.3836 	EXP 	textreproductionstart: autoDraw = True
370.3836 	EXP 	scale: autoDraw = True
375.2180 	DATA 	Mouse: Left button down, pos=(361,319)
375.2505 	EXP 	scale: markerPos = 0.5671296296296297
375.2838 	EXP 	scale: markerPos = 0.5671296296296297
375.3172 	EXP 	scale: markerPos = 0.5671296296296297
375.3505 	EXP 	scale: markerPos = 0.5671296296296297
375.3838 	EXP 	scale: markerPos = 0.5671296296296297
375.4172 	EXP 	scale: markerPos = 0.5671296296296297
375.4505 	EXP 	scale: markerPos = 0.5671296296296297
375.4838 	EXP 	scale: markerPos = 0.5671296296296297
375.5172 	EXP 	scale: markerPos = 0.5671296296296297
375.5505 	EXP 	scale: markerPos = 0.5671296296296297
375.5839 	EXP 	scale: markerPos = 0.5671296296296297
375.6172 	EXP 	scale: markerPos = 0.5671296296296297
375.6505 	EXP 	scale: markerPos = 0.5671296296296297
375.6839 	EXP 	scale: markerPos = 0.5671296296296297
375.7172 	EXP 	scale: markerPos = 0.5671296296296297
375.7505 	EXP 	scale: markerPos = 0.5671296296296297
375.7839 	EXP 	scale: markerPos = 0.5671296296296297
375.8172 	EXP 	scale: markerPos = 0.5671296296296297
375.8505 	EXP 	scale: markerPos = 0.5671296296296297
375.8839 	EXP 	scale: markerPos = 0.5671296296296297
375.8999 	DATA 	Mouse:  Left button up, pos=(361,319)
375.9172 	EXP 	scale: markerPos = 0.5671296296296297
375.9505 	EXP 	scale: markerPos = 0.5671296296296297
376.5991 	DATA 	Mouse: Left button down, pos=(362,319)
376.6505 	EXP 	scale: markerPos = 0.5787037037037037
376.6839 	EXP 	scale: markerPos = 0.5787037037037037
376.7172 	EXP 	scale: markerPos = 0.5787037037037037
376.7505 	EXP 	scale: markerPos = 0.5787037037037037
376.7839 	EXP 	scale: markerPos = 0.5787037037037037
376.8172 	EXP 	scale: markerPos = 0.5787037037037037
376.8505 	EXP 	scale: markerPos = 0.5787037037037037
376.8839 	EXP 	scale: markerPos = 0.5555555555555556
376.9172 	EXP 	scale: markerPos = 0.5208333333333331
376.9506 	EXP 	scale: markerPos = 0.5208333333333331
376.9839 	EXP 	scale: markerPos = 0.5208333333333331
377.0172 	EXP 	scale: markerPos = 0.5092592592592591
377.0505 	EXP 	scale: markerPos = 0.5092592592592591
377.0839 	EXP 	scale: markerPos = 0.5092592592592591
377.1172 	EXP 	scale: markerPos = 0.5092592592592591
377.1505 	EXP 	scale: markerPos = 0.5092592592592591
377.1839 	EXP 	scale: markerPos = 0.5092592592592591
377.2172 	EXP 	scale: markerPos = 0.5092592592592591
377.2505 	EXP 	scale: markerPos = 0.5092592592592591
377.2839 	EXP 	scale: markerPos = 0.5092592592592591
377.3172 	EXP 	scale: markerPos = 0.5092592592592591
377.3506 	EXP 	scale: markerPos = 0.5092592592592591
377.3839 	EXP 	scale: markerPos = 0.5092592592592591
377.4172 	EXP 	scale: markerPos = 0.5092592592592591
377.4506 	EXP 	scale: markerPos = 0.5092592592592591
377.4839 	EXP 	scale: markerPos = 0.5092592592592591
377.5172 	EXP 	scale: markerPos = 0.4976851851851849
377.5505 	EXP 	scale: markerPos = 0.4976851851851849
377.5839 	EXP 	scale: markerPos = 0.4976851851851849
377.6172 	EXP 	scale: markerPos = 0.4976851851851849
377.6506 	EXP 	scale: markerPos = 0.4976851851851849
377.6839 	EXP 	scale: markerPos = 0.4976851851851849
377.7172 	EXP 	scale: markerPos = 0.4976851851851849
377.7505 	EXP 	scale: markerPos = 0.4976851851851849
377.7839 	EXP 	scale: markerPos = 0.47453703703703665
377.8172 	EXP 	scale: markerPos = 0.4398148148148151
377.8506 	EXP 	scale: markerPos = 0.4398148148148151
377.8839 	EXP 	scale: markerPos = 0.4398148148148151
377.9172 	EXP 	scale: markerPos = 0.4398148148148151
377.9506 	EXP 	scale: markerPos = 0.4398148148148151
377.9839 	EXP 	scale: markerPos = 0.4398148148148151
378.0172 	EXP 	scale: markerPos = 0.4398148148148151
378.0506 	EXP 	scale: markerPos = 0.4398148148148151
378.0839 	EXP 	scale: markerPos = 0.4398148148148151
378.1172 	EXP 	scale: markerPos = 0.4398148148148151
378.1506 	EXP 	scale: markerPos = 0.4398148148148151
378.1839 	EXP 	scale: markerPos = 0.4398148148148151
378.2172 	EXP 	scale: markerPos = 0.4398148148148151
378.2506 	EXP 	scale: markerPos = 0.4398148148148151
378.2839 	EXP 	scale: markerPos = 0.45138888888888923
378.3172 	EXP 	scale: markerPos = 0.46296296296296335
378.3506 	EXP 	scale: markerPos = 0.46296296296296335
378.3839 	EXP 	scale: markerPos = 0.46296296296296335
378.4172 	EXP 	scale: markerPos = 0.46296296296296335
378.4506 	EXP 	scale: markerPos = 0.46296296296296335
378.4839 	EXP 	scale: markerPos = 0.46296296296296335
378.5172 	EXP 	scale: markerPos = 0.46296296296296335
378.5506 	EXP 	scale: markerPos = 0.46296296296296335
378.5839 	EXP 	scale: markerPos = 0.46296296296296335
378.6172 	EXP 	scale: markerPos = 0.47453703703703665
378.6506 	EXP 	scale: markerPos = 0.47453703703703665
378.6839 	EXP 	scale: markerPos = 0.47453703703703665
378.7172 	EXP 	scale: markerPos = 0.47453703703703665
378.7506 	EXP 	scale: markerPos = 0.47453703703703665
378.7839 	EXP 	scale: markerPos = 0.47453703703703665
378.8172 	EXP 	scale: markerPos = 0.47453703703703665
378.8506 	EXP 	scale: markerPos = 0.47453703703703665
378.8514 	DATA 	Mouse:  Left button up, pos=(353,312)
378.8839 	EXP 	scale: markerPos = 0.47453703703703665
390.1007 	EXP 	textreproductionstart: autoDraw = False
390.1007 	EXP 	scale: autoDraw = False
390.1007 	EXP 	textrest: autoDraw = True
390.1059 	DATA 	KeyPress:  
415.0845 	EXP 	Sound sound_2 started
415.0844 	EXP 	textready: autoDraw = True
415.1011 	EXP 	textrest: autoDraw = False
415.6237 	EXP 	Sound sound_2 reached end of file
420.0683 	EXP 	New trial (rep=0, index=1): {'emo_pic': 'emo_pic\\pnegative_low_2100.jpg', 'duration': 7}
420.0846 	EXP 	Sound sound_1 started
420.0845 	EXP 	textready: autoDraw = False
420.0845 	EXP 	textrest: autoDraw = False
420.0845 	EXP 	textready: autoDraw = False
420.0845 	EXP 	textblank1000: autoDraw = True
420.6242 	EXP 	Sound sound_1 reached end of file
421.1012 	EXP 	textblank1000: autoDraw = False
421.1012 	EXP 	textblank1000: autoDraw = False
421.1012 	EXP 	emopic: image = 'emo_pic\\pnegative_low_2100.jpg'
421.1012 	EXP 	emopic: autoDraw = True
428.1178 	EXP 	emopic: autoDraw = False
428.1178 	EXP 	emopic: autoDraw = False
428.1178 	EXP 	textreproductionstart: text = '時間估計作業\n\n請透過滑鼠將刺激呈現時間點在以下量尺中\n按下空白鍵進入下一題'
428.1178 	EXP 	scale: markerPos = None
428.1178 	EXP 	scale: markerPos = None
428.1178 	EXP 	textreproductionstart: autoDraw = True
428.1178 	EXP 	scale: autoDraw = True
431.2189 	DATA 	Mouse: Left button down, pos=(875,324)
431.2514 	EXP 	scale: markerPos = 6.516203703703703
431.2847 	EXP 	scale: markerPos = 6.516203703703703
431.3181 	EXP 	scale: markerPos = 6.493055555555555
431.3514 	EXP 	scale: markerPos = 6.446759259259259
431.3847 	EXP 	scale: markerPos = 6.388888888888889
431.4181 	EXP 	scale: markerPos = 6.388888888888889
431.4514 	EXP 	scale: markerPos = 6.388888888888889
431.4847 	EXP 	scale: markerPos = 6.388888888888889
431.5181 	EXP 	scale: markerPos = 6.388888888888889
431.5514 	EXP 	scale: markerPos = 6.388888888888889
431.5847 	EXP 	scale: markerPos = 6.388888888888889
431.6181 	EXP 	scale: markerPos = 6.388888888888889
431.6514 	EXP 	scale: markerPos = 6.388888888888889
431.6847 	EXP 	scale: markerPos = 6.388888888888889
431.7181 	EXP 	scale: markerPos = 6.388888888888889
431.7514 	EXP 	scale: markerPos = 6.388888888888889
431.7847 	EXP 	scale: markerPos = 6.388888888888889
431.8181 	EXP 	scale: markerPos = 6.388888888888889
431.8514 	EXP 	scale: markerPos = 6.388888888888889
431.8847 	EXP 	scale: markerPos = 6.388888888888889
431.9181 	EXP 	scale: markerPos = 6.388888888888889
431.9514 	EXP 	scale: markerPos = 6.388888888888889
431.9847 	EXP 	scale: markerPos = 6.388888888888889
432.0181 	EXP 	scale: markerPos = 6.388888888888889
432.0514 	EXP 	scale: markerPos = 6.388888888888889
432.0847 	EXP 	scale: markerPos = 6.388888888888889
432.1181 	EXP 	scale: markerPos = 6.388888888888889
432.1514 	EXP 	scale: markerPos = 6.388888888888889
432.1847 	EXP 	scale: markerPos = 6.388888888888889
432.2181 	EXP 	scale: markerPos = 6.388888888888889
432.2514 	EXP 	scale: markerPos = 6.388888888888889
432.2847 	EXP 	scale: markerPos = 6.388888888888889
432.3181 	EXP 	scale: markerPos = 6.388888888888889
432.3514 	EXP 	scale: markerPos = 6.388888888888889
432.3847 	EXP 	scale: markerPos = 6.388888888888889
432.4181 	EXP 	scale: markerPos = 6.388888888888889
432.4514 	EXP 	scale: markerPos = 6.388888888888889
432.4847 	EXP 	scale: markerPos = 6.388888888888889
432.5180 	EXP 	scale: markerPos = 6.388888888888889
432.5514 	EXP 	scale: markerPos = 6.388888888888889
432.5847 	EXP 	scale: markerPos = 6.388888888888889
432.6181 	EXP 	scale: markerPos = 6.388888888888889
432.6514 	EXP 	scale: markerPos = 6.388888888888889
432.6847 	EXP 	scale: markerPos = 6.388888888888889
432.7181 	EXP 	scale: markerPos = 6.388888888888889
432.7514 	EXP 	scale: markerPos = 6.388888888888889
432.7847 	EXP 	scale: markerPos = 6.388888888888889
432.8181 	EXP 	scale: markerPos = 6.388888888888889
432.8514 	EXP 	scale: markerPos = 6.388888888888889
432.8847 	EXP 	scale: markerPos = 6.388888888888889
432.9181 	EXP 	scale: markerPos = 6.388888888888889
432.9514 	EXP 	scale: markerPos = 6.388888888888889
432.9848 	EXP 	scale: markerPos = 6.388888888888889
433.0181 	EXP 	scale: markerPos = 6.388888888888889
433.0189 	DATA 	Mouse:  Left button up, pos=(864,320)
433.0514 	EXP 	scale: markerPos = 6.388888888888889
435.6916 	DATA 	KeyPress:  
435.7015 	EXP 	textreproductionstart: autoDraw = False
435.7015 	EXP 	scale: autoDraw = False
435.7015 	EXP 	textrest: autoDraw = True
460.6852 	EXP 	Sound sound_2 started
460.6852 	EXP 	textready: autoDraw = True
460.7019 	EXP 	textrest: autoDraw = False
461.2242 	EXP 	Sound sound_2 reached end of file
465.6690 	EXP 	New trial (rep=0, index=2): {'emo_pic': 'emo_pic\\pnegative_low_6010.jpg', 'duration': 3}
465.6853 	EXP 	Sound sound_1 started
465.6852 	EXP 	textready: autoDraw = False
465.6852 	EXP 	textrest: autoDraw = False
465.6852 	EXP 	textready: autoDraw = False
465.6852 	EXP 	textblank1000: autoDraw = True
466.2248 	EXP 	Sound sound_1 reached end of file
466.7019 	EXP 	textblank1000: autoDraw = False
466.7019 	EXP 	textblank1000: autoDraw = False
466.7019 	EXP 	emopic: image = 'emo_pic\\pnegative_low_6010.jpg'
466.7019 	EXP 	emopic: autoDraw = True
469.7182 	EXP 	emopic: autoDraw = False
469.7182 	EXP 	emopic: autoDraw = False
469.7182 	EXP 	textreproductionstart: text = '時間估計作業\n\n請透過滑鼠將刺激呈現時間點在以下量尺中\n按下空白鍵進入下一題'
469.7182 	EXP 	scale: markerPos = None
469.7182 	EXP 	scale: markerPos = None
469.7182 	EXP 	textreproductionstart: autoDraw = True
469.7182 	EXP 	scale: autoDraw = True
473.5166 	DATA 	Mouse: Left button down, pos=(536,326)
473.5516 	EXP 	scale: markerPos = 2.5925925925925926
473.5849 	EXP 	scale: markerPos = 2.5925925925925926
473.6016 	EXP 	scale: markerPos = 2.5925925925925926
473.6349 	EXP 	scale: markerPos = 2.5925925925925926
473.6683 	EXP 	scale: markerPos = 2.5925925925925926
473.7016 	EXP 	scale: markerPos = 2.5925925925925926
473.7349 	EXP 	scale: markerPos = 2.5925925925925926
473.7683 	EXP 	scale: markerPos = 2.5578703703703702
473.8016 	EXP 	scale: markerPos = 2.5231481481481484
473.8349 	EXP 	scale: markerPos = 2.5115740740740744
473.8683 	EXP 	scale: markerPos = 2.5000000000000004
473.9016 	EXP 	scale: markerPos = 2.5000000000000004
473.9349 	EXP 	scale: markerPos = 2.488425925925926
473.9683 	EXP 	scale: markerPos = 2.4652777777777777
474.0016 	EXP 	scale: markerPos = 2.4421296296296298
474.0349 	EXP 	scale: markerPos = 2.4421296296296298
474.0683 	EXP 	scale: markerPos = 2.4421296296296298
474.1016 	EXP 	scale: markerPos = 2.4421296296296298
474.1349 	EXP 	scale: markerPos = 2.4305555555555554
474.1683 	EXP 	scale: markerPos = 2.4189814814814814
474.2016 	EXP 	scale: markerPos = 2.4189814814814814
474.2349 	EXP 	scale: markerPos = 2.4189814814814814
474.2683 	EXP 	scale: markerPos = 2.4189814814814814
474.3016 	EXP 	scale: markerPos = 2.4189814814814814
474.3349 	EXP 	scale: markerPos = 2.4189814814814814
474.3683 	EXP 	scale: markerPos = 2.4189814814814814
474.4016 	EXP 	scale: markerPos = 2.4189814814814814
474.4349 	EXP 	scale: markerPos = 2.4189814814814814
474.4516 	EXP 	scale: markerPos = 2.4189814814814814
474.4849 	EXP 	scale: markerPos = 2.4189814814814814
474.5183 	EXP 	scale: markerPos = 2.4189814814814814
474.5516 	EXP 	scale: markerPos = 2.4189814814814814
474.5849 	EXP 	scale: markerPos = 2.4189814814814814
474.6183 	EXP 	scale: markerPos = 2.4189814814814814
474.6516 	EXP 	scale: markerPos = 2.4189814814814814
474.6849 	EXP 	scale: markerPos = 2.4189814814814814
474.7012 	DATA 	Mouse:  Left button up, pos=(521,319)
474.7183 	EXP 	scale: markerPos = 2.4189814814814814
474.7516 	EXP 	scale: markerPos = 2.4189814814814814
486.4189 	EXP 	textreproductionstart: autoDraw = False
486.4189 	EXP 	scale: autoDraw = False
486.4189 	EXP 	textrest: autoDraw = True
486.4241 	DATA 	KeyPress:  
511.4026 	EXP 	Sound sound_2 started
511.4026 	EXP 	textready: autoDraw = True
511.4193 	EXP 	textrest: autoDraw = False
511.9434 	EXP 	Sound sound_2 reached end of file
516.3864 	EXP 	New trial (rep=0, index=3): {'emo_pic': 'emo_pic\\pnegative_low_2520.jpg', 'duration': 5}
516.4027 	EXP 	Sound sound_1 started
516.4027 	EXP 	textready: autoDraw = False
516.4027 	EXP 	textrest: autoDraw = False
516.4027 	EXP 	textready: autoDraw = False
516.4027 	EXP 	textblank1000: autoDraw = True
516.9439 	EXP 	Sound sound_1 reached end of file
517.4194 	EXP 	textblank1000: autoDraw = False
517.4194 	EXP 	textblank1000: autoDraw = False
517.4194 	EXP 	emopic: image = 'emo_pic\\pnegative_low_2520.jpg'
517.4194 	EXP 	emopic: autoDraw = True
522.4357 	EXP 	emopic: autoDraw = False
522.4357 	EXP 	emopic: autoDraw = False
522.4357 	EXP 	textreproductionstart: text = '時間估計作業\n\n請透過滑鼠將刺激呈現時間點在以下量尺中\n按下空白鍵進入下一題'
522.4357 	EXP 	scale: markerPos = None
522.4357 	EXP 	scale: markerPos = None
522.4357 	EXP 	textreproductionstart: autoDraw = True
522.4357 	EXP 	scale: autoDraw = True
525.0342 	DATA 	Mouse: Left button down, pos=(696,323)
525.0691 	EXP 	scale: markerPos = 4.444444444444445
525.1024 	EXP 	scale: markerPos = 4.444444444444445
525.1357 	EXP 	scale: markerPos = 4.444444444444445
525.1691 	EXP 	scale: markerPos = 4.444444444444445
525.2024 	EXP 	scale: markerPos = 4.444444444444445
525.2357 	EXP 	scale: markerPos = 4.444444444444445
525.2691 	EXP 	scale: markerPos = 4.444444444444445
525.3024 	EXP 	scale: markerPos = 4.444444444444445
525.3357 	EXP 	scale: markerPos = 4.444444444444445
525.3691 	EXP 	scale: markerPos = 4.444444444444445
525.4024 	EXP 	scale: markerPos = 4.467592592592593
525.4358 	EXP 	scale: markerPos = 4.4907407407407405
525.4691 	EXP 	scale: markerPos = 4.4907407407407405
525.5024 	EXP 	scale: markerPos = 4.4907407407407405
525.5357 	EXP 	scale: markerPos = 4.4907407407407405
525.5691 	EXP 	scale: markerPos = 4.4907407407407405
525.6024 	EXP 	scale: markerPos = 4.4907407407407405
525.6357 	EXP 	scale: markerPos = 4.4907407407407405
525.6691 	EXP 	scale: markerPos = 4.4907407407407405
525.7024 	EXP 	scale: markerPos = 4.4907407407407405
525.7357 	EXP 	scale: markerPos = 4.4907407407407405
525.7691 	EXP 	scale: markerPos = 4.4907407407407405
525.8024 	EXP 	scale: markerPos = 4.4907407407407405
525.8357 	EXP 	scale: markerPos = 4.4907407407407405
525.8691 	EXP 	scale: markerPos = 4.479166666666667
525.9024 	EXP 	scale: markerPos = 4.456018518518518
525.9357 	EXP 	scale: markerPos = 4.456018518518518
525.9691 	EXP 	scale: markerPos = 4.456018518518518
525.9857 	EXP 	scale: markerPos = 4.456018518518518
526.0191 	EXP 	scale: markerPos = 4.456018518518518
526.0524 	EXP 	scale: markerPos = 4.456018518518518
526.0858 	EXP 	scale: markerPos = 4.456018518518518
526.1024 	EXP 	scale: markerPos = 4.456018518518518
526.1357 	EXP 	scale: markerPos = 4.456018518518518
526.1691 	EXP 	scale: markerPos = 4.456018518518518
526.2024 	EXP 	scale: markerPos = 4.456018518518518
526.2358 	EXP 	scale: markerPos = 4.456018518518518
526.2691 	EXP 	scale: markerPos = 4.456018518518518
526.3024 	EXP 	scale: markerPos = 4.456018518518518
526.3358 	EXP 	scale: markerPos = 4.456018518518518
526.3521 	DATA 	Mouse:  Left button up, pos=(697,322)
526.3691 	EXP 	scale: markerPos = 4.456018518518518
526.4024 	EXP 	scale: markerPos = 4.456018518518518
536.8781 	DATA 	KeyPress:  
536.8863 	EXP 	textreproductionstart: autoDraw = False
536.8863 	EXP 	scale: autoDraw = False
536.8863 	EXP 	textrest: autoDraw = True
561.8701 	EXP 	Sound sound_2 started
561.8701 	EXP 	textready: autoDraw = True
561.8868 	EXP 	textrest: autoDraw = False
562.4091 	EXP 	Sound sound_2 reached end of file
566.8539 	EXP 	New trial (rep=0, index=4): {'emo_pic': 'emo_pic\\pnegative_high_1120.jpg', 'duration': 7}
566.8702 	EXP 	Sound sound_1 started
566.8702 	EXP 	textready: autoDraw = False
566.8702 	EXP 	textrest: autoDraw = False
566.8702 	EXP 	textready: autoDraw = False
566.8702 	EXP 	textblank1000: autoDraw = True
567.4093 	EXP 	Sound sound_1 reached end of file
567.8869 	EXP 	textblank1000: autoDraw = False
567.8869 	EXP 	textblank1000: autoDraw = False
567.8869 	EXP 	emopic: image = 'emo_pic\\pnegative_high_1120.jpg'
567.8869 	EXP 	emopic: autoDraw = True
574.9032 	EXP 	emopic: autoDraw = False
574.9032 	EXP 	emopic: autoDraw = False
574.9032 	EXP 	textreproductionstart: text = '時間估計作業\n\n請透過滑鼠將刺激呈現時間點在以下量尺中\n按下空白鍵進入下一題'
574.9032 	EXP 	scale: markerPos = None
574.9032 	EXP 	scale: markerPos = None
574.9032 	EXP 	textreproductionstart: autoDraw = True
574.9032 	EXP 	scale: autoDraw = True
578.0518 	DATA 	Mouse: Left button down, pos=(835,324)
578.0866 	EXP 	scale: markerPos = 6.053240740740741
578.1199 	EXP 	scale: markerPos = 6.064814814814815
578.1532 	EXP 	scale: markerPos = 6.064814814814815
578.1866 	EXP 	scale: markerPos = 6.064814814814815
578.2199 	EXP 	scale: markerPos = 6.064814814814815
578.2532 	EXP 	scale: markerPos = 6.064814814814815
578.2866 	EXP 	scale: markerPos = 6.064814814814815
578.3199 	EXP 	scale: markerPos = 6.064814814814815
578.3532 	EXP 	scale: markerPos = 6.076388888888888
578.3866 	EXP 	scale: markerPos = 6.076388888888888
578.4199 	EXP 	scale: markerPos = 6.076388888888888
578.4532 	EXP 	scale: markerPos = 6.076388888888888
578.4866 	EXP 	scale: markerPos = 6.076388888888888
578.5032 	EXP 	scale: markerPos = 6.076388888888888
578.5366 	EXP 	scale: markerPos = 6.076388888888888
578.5699 	EXP 	scale: markerPos = 6.076388888888888
578.6032 	EXP 	scale: markerPos = 6.076388888888888
578.6366 	EXP 	scale: markerPos = 6.076388888888888
578.6699 	EXP 	scale: markerPos = 6.076388888888888
578.7033 	EXP 	scale: markerPos = 6.076388888888888
578.7041 	DATA 	Mouse:  Left button up, pos=(837,324)
578.7366 	EXP 	scale: markerPos = 6.076388888888888
581.0939 	DATA 	KeyPress:  
581.1033 	EXP 	textreproductionstart: autoDraw = False
581.1033 	EXP 	scale: autoDraw = False
581.1033 	EXP 	textrest: autoDraw = True
606.0875 	EXP 	Sound sound_2 started
606.0875 	EXP 	textready: autoDraw = True
606.1041 	EXP 	textrest: autoDraw = False
606.6266 	EXP 	Sound sound_2 reached end of file
611.0713 	EXP 	New trial (rep=0, index=5): {'emo_pic': 'emo_pic\\pnegative_high_6230.jpg', 'duration': 1}
611.0875 	EXP 	Sound sound_1 started
611.0875 	EXP 	textready: autoDraw = False
611.0875 	EXP 	textrest: autoDraw = False
611.0875 	EXP 	textready: autoDraw = False
611.0875 	EXP 	textblank1000: autoDraw = True
611.6265 	EXP 	Sound sound_1 reached end of file
612.1042 	EXP 	textblank1000: autoDraw = False
612.1042 	EXP 	textblank1000: autoDraw = False
612.1042 	EXP 	emopic: image = 'emo_pic\\pnegative_high_6230.jpg'
612.1042 	EXP 	emopic: autoDraw = True
613.1207 	EXP 	emopic: autoDraw = False
613.1207 	EXP 	emopic: autoDraw = False
613.1207 	EXP 	textreproductionstart: text = '時間估計作業\n\n請透過滑鼠將刺激呈現時間點在以下量尺中\n按下空白鍵進入下一題'
613.1207 	EXP 	scale: markerPos = None
613.1207 	EXP 	scale: markerPos = None
613.1207 	EXP 	textreproductionstart: autoDraw = True
613.1207 	EXP 	scale: autoDraw = True
616.9883 	DATA 	Mouse: Left button down, pos=(357,319)
617.0208 	EXP 	scale: markerPos = 0.5208333333333331
617.0541 	EXP 	scale: markerPos = 0.5208333333333331
617.0875 	EXP 	scale: markerPos = 0.5208333333333331
617.1208 	EXP 	scale: markerPos = 0.5208333333333331
617.1541 	EXP 	scale: markerPos = 0.5208333333333331
617.1875 	EXP 	scale: markerPos = 0.5208333333333331
617.1883 	DATA 	Mouse:  Left button up, pos=(357,319)
617.2208 	EXP 	scale: markerPos = 0.5208333333333331
620.8375 	EXP 	textreproductionstart: autoDraw = False
620.8375 	EXP 	scale: autoDraw = False
620.8375 	EXP 	textrest: autoDraw = True
620.8429 	DATA 	KeyPress:  
645.8214 	EXP 	Sound sound_2 started
645.8214 	EXP 	textready: autoDraw = True
645.8381 	EXP 	textrest: autoDraw = False
646.3638 	EXP 	Sound sound_2 reached end of file
650.8052 	EXP 	New trial (rep=0, index=6): {'emo_pic': 'emo_pic\\pneutral_7233.jpg', 'duration': 5}
650.8215 	EXP 	Sound sound_1 started
650.8215 	EXP 	textready: autoDraw = False
650.8215 	EXP 	textrest: autoDraw = False
650.8215 	EXP 	textready: autoDraw = False
650.8215 	EXP 	textblank1000: autoDraw = True
651.3640 	EXP 	Sound sound_1 reached end of file
651.8381 	EXP 	textblank1000: autoDraw = False
651.8381 	EXP 	textblank1000: autoDraw = False
651.8381 	EXP 	emopic: image = 'emo_pic\\pneutral_7233.jpg'
651.8381 	EXP 	emopic: autoDraw = True
656.8545 	EXP 	emopic: autoDraw = False
656.8545 	EXP 	emopic: autoDraw = False
656.8545 	EXP 	textreproductionstart: text = '時間估計作業\n\n請透過滑鼠將刺激呈現時間點在以下量尺中\n按下空白鍵進入下一題'
656.8545 	EXP 	scale: markerPos = None
656.8545 	EXP 	scale: markerPos = None
656.8545 	EXP 	textreproductionstart: autoDraw = True
656.8545 	EXP 	scale: autoDraw = True
659.9030 	DATA 	Mouse: Left button down, pos=(712,324)
659.9378 	EXP 	scale: markerPos = 4.62962962962963
659.9712 	EXP 	scale: markerPos = 4.62962962962963
660.0045 	EXP 	scale: markerPos = 4.618055555555555
660.0378 	EXP 	scale: markerPos = 4.606481481481482
660.0712 	EXP 	scale: markerPos = 4.5949074074074066
660.1045 	EXP 	scale: markerPos = 4.5949074074074066
660.1378 	EXP 	scale: markerPos = 4.5949074074074066
660.1711 	EXP 	scale: markerPos = 4.5949074074074066
660.2045 	EXP 	scale: markerPos = 4.5949074074074066
660.2378 	EXP 	scale: markerPos = 4.5949074074074066
660.2712 	EXP 	scale: markerPos = 4.5949074074074066
660.3045 	EXP 	scale: markerPos = 4.5949074074074066
660.3378 	EXP 	scale: markerPos = 4.5949074074074066
660.3712 	EXP 	scale: markerPos = 4.5949074074074066
660.3878 	EXP 	scale: markerPos = 4.5949074074074066
660.4212 	EXP 	scale: markerPos = 4.5949074074074066
660.4545 	EXP 	scale: markerPos = 4.5949074074074066
660.4878 	EXP 	scale: markerPos = 4.5949074074074066
660.5212 	EXP 	scale: markerPos = 4.583333333333334
660.5545 	EXP 	scale: markerPos = 4.571759259259259
660.5878 	EXP 	scale: markerPos = 4.560185185185185
660.6212 	EXP 	scale: markerPos = 4.560185185185185
660.6545 	EXP 	scale: markerPos = 4.560185185185185
660.6712 	EXP 	scale: markerPos = 4.560185185185185
660.7045 	EXP 	scale: markerPos = 4.560185185185185
660.7378 	EXP 	scale: markerPos = 4.560185185185185
660.7545 	EXP 	scale: markerPos = 4.560185185185185
660.7712 	EXP 	scale: markerPos = 4.560185185185185
660.7874 	DATA 	Mouse:  Left button up, pos=(706,324)
660.8045 	EXP 	scale: markerPos = 4.560185185185185
660.8378 	EXP 	scale: markerPos = 4.560185185185185
661.7879 	EXP 	textreproductionstart: autoDraw = False
661.7879 	EXP 	scale: autoDraw = False
661.7879 	EXP 	textrest: autoDraw = True
661.7932 	DATA 	KeyPress:  
686.7717 	EXP 	Sound sound_2 started
686.7717 	EXP 	textready: autoDraw = True
686.7884 	EXP 	textrest: autoDraw = False
687.3135 	EXP 	Sound sound_2 reached end of file
691.7557 	EXP 	New trial (rep=0, index=7): {'emo_pic': 'emo_pic\\pnegative_high_1300.jpg', 'duration': 3}
691.7720 	EXP 	Sound sound_1 started
691.7721 	EXP 	textready: autoDraw = False
691.7721 	EXP 	textrest: autoDraw = False
691.7721 	EXP 	textready: autoDraw = False
691.7721 	EXP 	textblank1000: autoDraw = True
692.3137 	EXP 	Sound sound_1 reached end of file
692.7888 	EXP 	textblank1000: autoDraw = False
692.7888 	EXP 	textblank1000: autoDraw = False
692.7888 	EXP 	emopic: image = 'emo_pic\\pnegative_high_1300.jpg'
692.7888 	EXP 	emopic: autoDraw = True
695.8051 	EXP 	emopic: autoDraw = False
695.8051 	EXP 	emopic: autoDraw = False
695.8051 	EXP 	textreproductionstart: text = '時間估計作業\n\n請透過滑鼠將刺激呈現時間點在以下量尺中\n按下空白鍵進入下一題'
695.8051 	EXP 	scale: markerPos = None
695.8051 	EXP 	scale: markerPos = None
695.8051 	EXP 	textreproductionstart: autoDraw = True
695.8051 	EXP 	scale: autoDraw = True
698.7726 	DATA 	Mouse: Left button down, pos=(529,322)
698.8051 	EXP 	scale: markerPos = 2.5115740740740744
698.8384 	EXP 	scale: markerPos = 2.5115740740740744
698.8718 	EXP 	scale: markerPos = 2.5115740740740744
698.8879 	DATA 	Mouse:  Left button up, pos=(529,322)
698.9051 	EXP 	scale: markerPos = 2.5115740740740744
698.9384 	EXP 	scale: markerPos = 2.5115740740740744
699.3371 	DATA 	Mouse: Left button down, pos=(529,322)
699.3718 	EXP 	scale: markerPos = 2.5115740740740744
699.4051 	EXP 	scale: markerPos = 2.5115740740740744
699.4385 	EXP 	scale: markerPos = 2.5115740740740744
699.4718 	EXP 	scale: markerPos = 2.5115740740740744
699.5051 	EXP 	scale: markerPos = 2.5115740740740744
699.5385 	EXP 	scale: markerPos = 2.5000000000000004
699.5718 	EXP 	scale: markerPos = 2.488425925925926
699.6051 	EXP 	scale: markerPos = 2.476851851851852
699.6385 	EXP 	scale: markerPos = 2.476851851851852
699.6718 	EXP 	scale: markerPos = 2.476851851851852
699.7051 	EXP 	scale: markerPos = 2.476851851851852
699.7385 	EXP 	scale: markerPos = 2.476851851851852
699.7718 	EXP 	scale: markerPos = 2.476851851851852
699.8051 	EXP 	scale: markerPos = 2.476851851851852
699.8385 	EXP 	scale: markerPos = 2.476851851851852
699.8718 	EXP 	scale: markerPos = 2.476851851851852
699.8885 	EXP 	scale: markerPos = 2.476851851851852
699.9218 	EXP 	scale: markerPos = 2.476851851851852
699.9551 	EXP 	scale: markerPos = 2.476851851851852
699.9716 	DATA 	Mouse:  Left button up, pos=(526,322)
699.9885 	EXP 	scale: markerPos = 2.476851851851852
700.0218 	EXP 	scale: markerPos = 2.476851851851852
707.4957 	DATA 	KeyPress:  
707.5052 	EXP 	textreproductionstart: autoDraw = False
707.5052 	EXP 	scale: autoDraw = False
707.5052 	EXP 	textrest: autoDraw = True
732.4890 	EXP 	Sound sound_2 started
732.4890 	EXP 	textready: autoDraw = True
732.5056 	EXP 	textrest: autoDraw = False
733.0276 	EXP 	Sound sound_2 reached end of file
737.4728 	EXP 	New trial (rep=0, index=8): {'emo_pic': 'emo_pic\\positive_low_7325.jpg', 'duration': 3}
737.4890 	EXP 	Sound sound_1 started
737.4891 	EXP 	textready: autoDraw = False
737.4891 	EXP 	textrest: autoDraw = False
737.4891 	EXP 	textready: autoDraw = False
737.4891 	EXP 	textblank1000: autoDraw = True
738.0282 	EXP 	Sound sound_1 reached end of file
738.5059 	EXP 	textblank1000: autoDraw = False
738.5059 	EXP 	textblank1000: autoDraw = False
738.5059 	EXP 	emopic: image = 'emo_pic\\positive_low_7325.jpg'
738.5059 	EXP 	emopic: autoDraw = True
741.5225 	EXP 	emopic: autoDraw = False
741.5225 	EXP 	emopic: autoDraw = False
741.5225 	EXP 	textreproductionstart: text = '時間估計作業\n\n請透過滑鼠將刺激呈現時間點在以下量尺中\n按下空白鍵進入下一題'
741.5225 	EXP 	scale: markerPos = None
741.5225 	EXP 	scale: markerPos = None
741.5225 	EXP 	textreproductionstart: autoDraw = True
741.5225 	EXP 	scale: autoDraw = True
743.9710 	DATA 	Mouse: Left button down, pos=(552,322)
744.0058 	EXP 	scale: markerPos = 2.7777777777777777
744.0392 	EXP 	scale: markerPos = 2.7777777777777777
744.0558 	EXP 	scale: markerPos = 2.7777777777777777
744.0725 	EXP 	scale: markerPos = 2.7777777777777777
744.1058 	EXP 	scale: markerPos = 2.7777777777777777
744.1067 	DATA 	Mouse:  Left button up, pos=(552,322)
744.1392 	EXP 	scale: markerPos = 2.7777777777777777
745.8796 	DATA 	KeyPress:  
745.8891 	EXP 	textreproductionstart: autoDraw = False
745.8891 	EXP 	scale: autoDraw = False
745.8891 	EXP 	textrest: autoDraw = True
770.8729 	EXP 	Sound sound_2 started
770.8729 	EXP 	textready: autoDraw = True
770.8896 	EXP 	textrest: autoDraw = False
771.4137 	EXP 	Sound sound_2 reached end of file
775.8567 	EXP 	New trial (rep=0, index=9): {'emo_pic': 'emo_pic\\positive_high_5621.jpg', 'duration': 5}
775.8730 	EXP 	Sound sound_1 started
775.8730 	EXP 	textready: autoDraw = False
775.8730 	EXP 	textrest: autoDraw = False
775.8730 	EXP 	textready: autoDraw = False
775.8730 	EXP 	textblank1000: autoDraw = True
776.4136 	EXP 	Sound sound_1 reached end of file
776.8730 	EXP 	textblank1000: autoDraw = False
776.8730 	EXP 	textblank1000: autoDraw = False
776.8730 	EXP 	emopic: image = 'emo_pic\\positive_high_5621.jpg'
776.8730 	EXP 	emopic: autoDraw = True
781.8898 	EXP 	emopic: autoDraw = False
781.8898 	EXP 	emopic: autoDraw = False
781.8898 	EXP 	textreproductionstart: text = '時間估計作業\n\n請透過滑鼠將刺激呈現時間點在以下量尺中\n按下空白鍵進入下一題'
781.8898 	EXP 	scale: markerPos = None
781.8898 	EXP 	scale: markerPos = None
781.8898 	EXP 	textreproductionstart: autoDraw = True
781.8898 	EXP 	scale: autoDraw = True
784.7715 	DATA 	Mouse: Left button down, pos=(806,322)
784.8065 	EXP 	scale: markerPos = 5.7175925925925934
784.8398 	EXP 	scale: markerPos = 5.7175925925925934
784.8731 	EXP 	scale: markerPos = 5.7175925925925934
784.8740 	DATA 	Mouse:  Left button up, pos=(806,322)
784.9065 	EXP 	scale: markerPos = 5.7175925925925934
786.0634 	DATA 	KeyPress:  
786.0731 	EXP 	textreproductionstart: autoDraw = False
786.0731 	EXP 	scale: autoDraw = False
786.0731 	EXP 	textrest: autoDraw = True
811.0573 	EXP 	Sound sound_2 started
811.0573 	EXP 	textready: autoDraw = True
811.0740 	EXP 	textrest: autoDraw = False
811.5963 	EXP 	Sound sound_2 reached end of file
816.0411 	EXP 	New trial (rep=0, index=10): {'emo_pic': 'emo_pic\\pnegative_high_1201.jpg', 'duration': 5}
816.0574 	EXP 	Sound sound_1 started
816.0574 	EXP 	textready: autoDraw = False
816.0574 	EXP 	textrest: autoDraw = False
816.0574 	EXP 	textready: autoDraw = False
816.0574 	EXP 	textblank1000: autoDraw = True
816.5968 	EXP 	Sound sound_1 reached end of file
817.0741 	EXP 	textblank1000: autoDraw = False
817.0741 	EXP 	textblank1000: autoDraw = False
817.0741 	EXP 	emopic: image = 'emo_pic\\pnegative_high_1201.jpg'
817.0741 	EXP 	emopic: autoDraw = True
822.0904 	EXP 	emopic: autoDraw = False
822.0904 	EXP 	emopic: autoDraw = False
822.0904 	EXP 	textreproductionstart: text = '時間估計作業\n\n請透過滑鼠將刺激呈現時間點在以下量尺中\n按下空白鍵進入下一題'
822.0904 	EXP 	scale: markerPos = None
822.0904 	EXP 	scale: markerPos = None
822.0904 	EXP 	textreproductionstart: autoDraw = True
822.0904 	EXP 	scale: autoDraw = True
825.7559 	DATA 	Mouse: Left button down, pos=(813,320)
825.7905 	EXP 	scale: markerPos = 5.798611111111111
825.8238 	EXP 	scale: markerPos = 5.798611111111111
825.8571 	EXP 	scale: markerPos = 5.798611111111111
825.8905 	EXP 	scale: markerPos = 5.798611111111111
825.8912 	DATA 	Mouse:  Left button up, pos=(813,320)
825.9238 	EXP 	scale: markerPos = 5.798611111111111
827.4979 	DATA 	KeyPress:  
827.5071 	EXP 	textreproductionstart: autoDraw = False
827.5071 	EXP 	scale: autoDraw = False
827.5071 	EXP 	textrest: autoDraw = True
852.4913 	EXP 	Sound sound_2 started
852.4913 	EXP 	textready: autoDraw = True
852.5080 	EXP 	textrest: autoDraw = False
853.0304 	EXP 	Sound sound_2 reached end of file
857.4752 	EXP 	New trial (rep=0, index=11): {'emo_pic': 'emo_pic\\positive_high_8370.jpg', 'duration': 7}
857.4914 	EXP 	Sound sound_1 started
857.4914 	EXP 	textready: autoDraw = False
857.4914 	EXP 	textrest: autoDraw = False
857.4914 	EXP 	textready: autoDraw = False
857.4914 	EXP 	textblank1000: autoDraw = True
858.0342 	EXP 	Sound sound_1 reached end of file
858.5081 	EXP 	textblank1000: autoDraw = False
858.5081 	EXP 	textblank1000: autoDraw = False
858.5081 	EXP 	emopic: image = 'emo_pic\\positive_high_8370.jpg'
858.5081 	EXP 	emopic: autoDraw = True
865.5244 	EXP 	emopic: autoDraw = False
865.5244 	EXP 	emopic: autoDraw = False
865.5244 	EXP 	textreproductionstart: text = '時間估計作業\n\n請透過滑鼠將刺激呈現時間點在以下量尺中\n按下空白鍵進入下一題'
865.5244 	EXP 	scale: markerPos = None
865.5244 	EXP 	scale: markerPos = None
865.5244 	EXP 	textreproductionstart: autoDraw = True
865.5244 	EXP 	scale: autoDraw = True
868.1064 	DATA 	Mouse: Left button down, pos=(889,323)
868.1411 	EXP 	scale: markerPos = 6.6782407407407405
868.1745 	EXP 	scale: markerPos = 6.6782407407407405
868.1908 	DATA 	Mouse:  Left button up, pos=(889,323)
868.2078 	EXP 	scale: markerPos = 6.6782407407407405
868.2411 	EXP 	scale: markerPos = 6.6782407407407405
869.1649 	DATA 	KeyPress:  
869.1745 	EXP 	textreproductionstart: autoDraw = False
869.1745 	EXP 	scale: autoDraw = False
869.1745 	EXP 	textrest: autoDraw = True
894.1582 	EXP 	Sound sound_2 started
894.1582 	EXP 	textready: autoDraw = True
894.1749 	EXP 	textrest: autoDraw = False
894.6968 	EXP 	Sound sound_2 reached end of file
899.1425 	EXP 	New trial (rep=0, index=12): {'emo_pic': 'emo_pic\\positive_high_8492.jpg', 'duration': 1}
899.1588 	EXP 	Sound sound_1 started
899.1587 	EXP 	textready: autoDraw = False
899.1587 	EXP 	textrest: autoDraw = False
899.1587 	EXP 	textready: autoDraw = False
899.1587 	EXP 	textblank1000: autoDraw = True
899.6974 	EXP 	Sound sound_1 reached end of file
900.1754 	EXP 	textblank1000: autoDraw = False
900.1754 	EXP 	textblank1000: autoDraw = False
900.1754 	EXP 	emopic: image = 'emo_pic\\positive_high_8492.jpg'
900.1754 	EXP 	emopic: autoDraw = True
901.1917 	EXP 	emopic: autoDraw = False
901.1917 	EXP 	emopic: autoDraw = False
901.1917 	EXP 	textreproductionstart: text = '時間估計作業\n\n請透過滑鼠將刺激呈現時間點在以下量尺中\n按下空白鍵進入下一題'
901.1917 	EXP 	scale: markerPos = None
901.1917 	EXP 	scale: markerPos = None
901.1917 	EXP 	textreproductionstart: autoDraw = True
901.1917 	EXP 	scale: autoDraw = True
904.8570 	DATA 	Mouse: Left button down, pos=(350,320)
904.8917 	EXP 	scale: markerPos = 0.4398148148148151
904.9251 	EXP 	scale: markerPos = 0.4398148148148151
904.9259 	DATA 	Mouse:  Left button up, pos=(350,320)
904.9584 	EXP 	scale: markerPos = 0.4398148148148151
906.2156 	DATA 	KeyPress:  
906.2250 	EXP 	textreproductionstart: autoDraw = False
906.2250 	EXP 	scale: autoDraw = False
906.2250 	EXP 	textrest: autoDraw = True
931.2088 	EXP 	Sound sound_2 started
931.2088 	EXP 	textready: autoDraw = True
931.2255 	EXP 	textrest: autoDraw = False
931.7478 	EXP 	Sound sound_2 reached end of file
936.1926 	EXP 	New trial (rep=0, index=13): {'emo_pic': 'emo_pic\\pneutral_7100.jpg', 'duration': 3}
936.2089 	EXP 	Sound sound_1 started
936.2089 	EXP 	textready: autoDraw = False
936.2089 	EXP 	textrest: autoDraw = False
936.2089 	EXP 	textready: autoDraw = False
936.2089 	EXP 	textblank1000: autoDraw = True
936.7477 	EXP 	Sound sound_1 reached end of file
937.2256 	EXP 	textblank1000: autoDraw = False
937.2256 	EXP 	textblank1000: autoDraw = False
937.2256 	EXP 	emopic: image = 'emo_pic\\pneutral_7100.jpg'
937.2256 	EXP 	emopic: autoDraw = True
940.2423 	EXP 	emopic: autoDraw = False
940.2423 	EXP 	emopic: autoDraw = False
940.2423 	EXP 	textreproductionstart: text = '時間估計作業\n\n請透過滑鼠將刺激呈現時間點在以下量尺中\n按下空白鍵進入下一題'
940.2423 	EXP 	scale: markerPos = None
940.2423 	EXP 	scale: markerPos = None
940.2423 	EXP 	textreproductionstart: autoDraw = True
940.2423 	EXP 	scale: autoDraw = True
943.3245 	DATA 	Mouse: Left button down, pos=(567,323)
943.3590 	EXP 	scale: markerPos = 2.951388888888889
943.3923 	EXP 	scale: markerPos = 2.951388888888889
943.4257 	EXP 	scale: markerPos = 2.951388888888889
943.4590 	EXP 	scale: markerPos = 2.951388888888889
943.4923 	EXP 	scale: markerPos = 2.951388888888889
943.5257 	EXP 	scale: markerPos = 2.951388888888889
943.5265 	DATA 	Mouse:  Left button up, pos=(567,323)
943.5590 	EXP 	scale: markerPos = 2.951388888888889
944.7163 	DATA 	KeyPress:  
944.7257 	EXP 	textreproductionstart: autoDraw = False
944.7257 	EXP 	scale: autoDraw = False
944.7257 	EXP 	textrest: autoDraw = True
969.7099 	EXP 	Sound sound_2 started
969.7099 	EXP 	textready: autoDraw = True
969.7265 	EXP 	textrest: autoDraw = False
970.2491 	EXP 	Sound sound_2 reached end of file
974.6937 	EXP 	New trial (rep=0, index=14): {'emo_pic': 'emo_pic\\pneutral_7950.jpg', 'duration': 7}
974.7100 	EXP 	Sound sound_1 started
974.7100 	EXP 	textready: autoDraw = False
974.7100 	EXP 	textrest: autoDraw = False
974.7100 	EXP 	textready: autoDraw = False
974.7100 	EXP 	textblank1000: autoDraw = True
975.2489 	EXP 	Sound sound_1 reached end of file
975.7266 	EXP 	textblank1000: autoDraw = False
975.7266 	EXP 	textblank1000: autoDraw = False
975.7266 	EXP 	emopic: image = 'emo_pic\\pneutral_7950.jpg'
975.7266 	EXP 	emopic: autoDraw = True
982.7430 	EXP 	emopic: autoDraw = False
982.7430 	EXP 	emopic: autoDraw = False
982.7430 	EXP 	textreproductionstart: text = '時間估計作業\n\n請透過滑鼠將刺激呈現時間點在以下量尺中\n按下空白鍵進入下一題'
982.7430 	EXP 	scale: markerPos = None
982.7430 	EXP 	scale: markerPos = None
982.7430 	EXP 	textreproductionstart: autoDraw = True
982.7430 	EXP 	scale: autoDraw = True
985.4254 	DATA 	Mouse: Left button down, pos=(877,323)
985.4597 	EXP 	scale: markerPos = 6.539351851851852
985.4930 	EXP 	scale: markerPos = 6.539351851851852
985.5263 	EXP 	scale: markerPos = 6.539351851851852
985.5425 	DATA 	Mouse:  Left button up, pos=(877,323)
985.5597 	EXP 	scale: markerPos = 6.539351851851852
985.5930 	EXP 	scale: markerPos = 6.539351851851852
986.4764 	EXP 	textreproductionstart: autoDraw = False
986.4764 	EXP 	scale: autoDraw = False
986.4764 	EXP 	textrest: autoDraw = True
986.4822 	DATA 	KeyPress:  
1011.4605 	EXP 	Sound sound_2 started
1011.4605 	EXP 	textready: autoDraw = True
1011.4772 	EXP 	textrest: autoDraw = False
1011.9994 	EXP 	Sound sound_2 reached end of file
1016.4443 	EXP 	New trial (rep=0, index=15): {'emo_pic': 'emo_pic\\positive_high_8300.jpg', 'duration': 3}
1016.4606 	EXP 	Sound sound_1 started
1016.4606 	EXP 	textready: autoDraw = False
1016.4606 	EXP 	textrest: autoDraw = False
1016.4606 	EXP 	textready: autoDraw = False
1016.4606 	EXP 	textblank1000: autoDraw = True
1017.0037 	EXP 	Sound sound_1 reached end of file
1017.4773 	EXP 	textblank1000: autoDraw = False
1017.4773 	EXP 	textblank1000: autoDraw = False
1017.4773 	EXP 	emopic: image = 'emo_pic\\positive_high_8300.jpg'
1017.4773 	EXP 	emopic: autoDraw = True
1020.4936 	EXP 	emopic: autoDraw = False
1020.4936 	EXP 	emopic: autoDraw = False
1020.4936 	EXP 	textreproductionstart: text = '時間估計作業\n\n請透過滑鼠將刺激呈現時間點在以下量尺中\n按下空白鍵進入下一題'
1020.4936 	EXP 	scale: markerPos = None
1020.4936 	EXP 	scale: markerPos = None
1020.4936 	EXP 	textreproductionstart: autoDraw = True
1020.4936 	EXP 	scale: autoDraw = True
1023.0278 	DATA 	Mouse: Left button down, pos=(514,321)
1023.0603 	EXP 	scale: markerPos = 2.3379629629629632
1023.0936 	EXP 	scale: markerPos = 2.3379629629629632
1023.1269 	EXP 	scale: markerPos = 2.3379629629629632
1023.1603 	EXP 	scale: markerPos = 2.3379629629629632
1023.1617 	DATA 	Mouse:  Left button up, pos=(514,321)
1023.1936 	EXP 	scale: markerPos = 2.3379629629629632
1024.3342 	DATA 	KeyPress:  
1024.3436 	EXP 	textreproductionstart: autoDraw = False
1024.3436 	EXP 	scale: autoDraw = False
1024.3436 	EXP 	textrest: autoDraw = True
1049.3273 	EXP 	Sound sound_2 started
1049.3274 	EXP 	textready: autoDraw = True
1049.3440 	EXP 	textrest: autoDraw = False
1049.8666 	EXP 	Sound sound_2 reached end of file
1054.3111 	EXP 	New trial (rep=0, index=16): {'emo_pic': 'emo_pic\\positive_low_2314.jpg', 'duration': 5}
1054.3274 	EXP 	Sound sound_1 started
1054.3274 	EXP 	textready: autoDraw = False
1054.3274 	EXP 	textrest: autoDraw = False
1054.3274 	EXP 	textready: autoDraw = False
1054.3274 	EXP 	textblank1000: autoDraw = True
1054.8666 	EXP 	Sound sound_1 reached end of file
1055.3442 	EXP 	textblank1000: autoDraw = False
1055.3442 	EXP 	textblank1000: autoDraw = False
1055.3442 	EXP 	emopic: image = 'emo_pic\\positive_low_2314.jpg'
1055.3442 	EXP 	emopic: autoDraw = True
1060.3609 	EXP 	emopic: autoDraw = False
1060.3609 	EXP 	emopic: autoDraw = False
1060.3609 	EXP 	textreproductionstart: text = '時間估計作業\n\n請透過滑鼠將刺激呈現時間點在以下量尺中\n按下空白鍵進入下一題'
1060.3609 	EXP 	scale: markerPos = None
1060.3609 	EXP 	scale: markerPos = None
1060.3609 	EXP 	textreproductionstart: autoDraw = True
1060.3609 	EXP 	scale: autoDraw = True
1062.4117 	DATA 	Mouse: Left button down, pos=(780,326)
1062.4442 	EXP 	scale: markerPos = 5.416666666666667
1062.4776 	EXP 	scale: markerPos = 5.416666666666667
1062.5109 	EXP 	scale: markerPos = 5.416666666666667
1062.5442 	EXP 	scale: markerPos = 5.416666666666667
1062.5605 	DATA 	Mouse:  Left button up, pos=(780,326)
1062.5776 	EXP 	scale: markerPos = 5.416666666666667
1062.6109 	EXP 	scale: markerPos = 5.416666666666667
1063.6443 	EXP 	textreproductionstart: autoDraw = False
1063.6443 	EXP 	scale: autoDraw = False
1063.6443 	EXP 	textrest: autoDraw = True
1063.6494 	DATA 	KeyPress:  
1088.6280 	EXP 	Sound sound_2 started
1088.6280 	EXP 	textready: autoDraw = True
1088.6447 	EXP 	textrest: autoDraw = False
1089.1673 	EXP 	Sound sound_2 reached end of file
1093.6118 	EXP 	New trial (rep=0, index=17): {'emo_pic': 'emo_pic\\positive_low_2156.jpg', 'duration': 7}
1093.6280 	EXP 	Sound sound_1 started
1093.6280 	EXP 	textready: autoDraw = False
1093.6280 	EXP 	textrest: autoDraw = False
1093.6280 	EXP 	textready: autoDraw = False
1093.6280 	EXP 	textblank1000: autoDraw = True
1094.1670 	EXP 	Sound sound_1 reached end of file
1094.6281 	EXP 	textblank1000: autoDraw = False
1094.6281 	EXP 	textblank1000: autoDraw = False
1094.6281 	EXP 	emopic: image = 'emo_pic\\positive_low_2156.jpg'
1094.6281 	EXP 	emopic: autoDraw = True
1101.6449 	EXP 	emopic: autoDraw = False
1101.6449 	EXP 	emopic: autoDraw = False
1101.6449 	EXP 	textreproductionstart: text = '時間估計作業\n\n請透過滑鼠將刺激呈現時間點在以下量尺中\n按下空白鍵進入下一題'
1101.6449 	EXP 	scale: markerPos = None
1101.6449 	EXP 	scale: markerPos = None
1101.6449 	EXP 	textreproductionstart: autoDraw = True
1101.6449 	EXP 	scale: autoDraw = True
1103.9459 	DATA 	Mouse: Left button down, pos=(922,321)
1103.9784 	EXP 	scale: markerPos = 7.060185185185185
1104.0117 	EXP 	scale: markerPos = 7.060185185185185
1104.0450 	EXP 	scale: markerPos = 7.060185185185185
1104.0458 	DATA 	Mouse:  Left button up, pos=(922,321)
1104.0784 	EXP 	scale: markerPos = 7.060185185185185
1104.7124 	DATA 	Mouse: Left button down, pos=(922,321)
1104.7450 	EXP 	scale: markerPos = 7.060185185185185
1104.7784 	EXP 	scale: markerPos = 7.060185185185185
1104.8117 	EXP 	scale: markerPos = 7.060185185185185
1104.8450 	EXP 	scale: markerPos = 7.060185185185185
1104.8784 	EXP 	scale: markerPos = 7.060185185185185
1104.9117 	EXP 	scale: markerPos = 7.060185185185185
1104.9450 	EXP 	scale: markerPos = 7.060185185185185
1104.9784 	EXP 	scale: markerPos = 7.060185185185185
1105.0117 	EXP 	scale: markerPos = 7.060185185185185
1105.0451 	EXP 	scale: markerPos = 7.060185185185185
1105.0784 	EXP 	scale: markerPos = 7.060185185185185
1105.1117 	EXP 	scale: markerPos = 7.060185185185185
1105.1451 	EXP 	scale: markerPos = 7.060185185185185
1105.1784 	EXP 	scale: markerPos = 7.060185185185185
1105.2117 	EXP 	scale: markerPos = 7.048611111111112
1105.2450 	EXP 	scale: markerPos = 7.025462962962964
1105.2784 	EXP 	scale: markerPos = 7.013888888888889
1105.3117 	EXP 	scale: markerPos = 7.013888888888889
1105.3451 	EXP 	scale: markerPos = 7.013888888888889
1105.3784 	EXP 	scale: markerPos = 7.013888888888889
1105.4117 	EXP 	scale: markerPos = 7.013888888888889
1105.4450 	EXP 	scale: markerPos = 7.013888888888889
1105.4784 	EXP 	scale: markerPos = 7.013888888888889
1105.5117 	EXP 	scale: markerPos = 7.013888888888889
1105.5450 	EXP 	scale: markerPos = 7.013888888888889
1105.5784 	EXP 	scale: markerPos = 7.013888888888889
1105.6117 	EXP 	scale: markerPos = 7.013888888888889
1105.6451 	EXP 	scale: markerPos = 7.013888888888889
1105.6784 	EXP 	scale: markerPos = 7.013888888888889
1105.6945 	DATA 	Mouse:  Left button up, pos=(918,319)
1105.7117 	EXP 	scale: markerPos = 7.013888888888889
1105.7451 	EXP 	scale: markerPos = 7.013888888888889
1106.7523 	DATA 	KeyPress:  
1106.7621 	EXP 	textreproductionstart: autoDraw = False
1106.7621 	EXP 	scale: autoDraw = False
1106.7621 	EXP 	textrest: autoDraw = True
1131.7458 	EXP 	Sound sound_2 started
1131.7457 	EXP 	textready: autoDraw = True
1131.7625 	EXP 	textrest: autoDraw = False
1132.2854 	EXP 	Sound sound_2 reached end of file
1136.7296 	EXP 	New trial (rep=0, index=18): {'emo_pic': 'emo_pic\\pneutral_5500.jpg', 'duration': 1}
1136.7459 	EXP 	Sound sound_1 started
1136.7459 	EXP 	textready: autoDraw = False
1136.7459 	EXP 	textrest: autoDraw = False
1136.7459 	EXP 	textready: autoDraw = False
1136.7459 	EXP 	textblank1000: autoDraw = True
1137.2852 	EXP 	Sound sound_1 reached end of file
1137.7626 	EXP 	textblank1000: autoDraw = False
1137.7626 	EXP 	textblank1000: autoDraw = False
1137.7626 	EXP 	emopic: image = 'emo_pic\\pneutral_5500.jpg'
1137.7626 	EXP 	emopic: autoDraw = True
1138.7788 	EXP 	emopic: autoDraw = False
1138.7788 	EXP 	emopic: autoDraw = False
1138.7788 	EXP 	textreproductionstart: text = '時間估計作業\n\n請透過滑鼠將刺激呈現時間點在以下量尺中\n按下空白鍵進入下一題'
1138.7788 	EXP 	scale: markerPos = None
1138.7788 	EXP 	scale: markerPos = None
1138.7788 	EXP 	textreproductionstart: autoDraw = True
1138.7788 	EXP 	scale: autoDraw = True
1141.6607 	DATA 	Mouse: Left button down, pos=(388,325)
1141.6955 	EXP 	scale: markerPos = 0.8796296296296293
1141.7288 	EXP 	scale: markerPos = 0.8796296296296293
1141.7622 	EXP 	scale: markerPos = 0.8796296296296293
1141.7783 	DATA 	Mouse:  Left button up, pos=(388,325)
1141.7955 	EXP 	scale: markerPos = 0.8796296296296293
1141.8288 	EXP 	scale: markerPos = 0.8796296296296293
1142.5609 	DATA 	Mouse: Left button down, pos=(388,325)
1142.5955 	EXP 	scale: markerPos = 0.8796296296296293
1142.6289 	EXP 	scale: markerPos = 0.8796296296296293
1142.6622 	EXP 	scale: markerPos = 0.8796296296296293
1142.6955 	EXP 	scale: markerPos = 0.8796296296296293
1142.7288 	EXP 	scale: markerPos = 0.8796296296296293
1142.7622 	EXP 	scale: markerPos = 0.8796296296296293
1142.7955 	EXP 	scale: markerPos = 0.8333333333333337
1142.8289 	EXP 	scale: markerPos = 0.8333333333333337
1142.8622 	EXP 	scale: markerPos = 0.8333333333333337
1142.8955 	EXP 	scale: markerPos = 0.8333333333333337
1142.9289 	EXP 	scale: markerPos = 0.8333333333333337
1142.9622 	EXP 	scale: markerPos = 0.8333333333333337
1142.9955 	EXP 	scale: markerPos = 0.8333333333333337
1143.0289 	EXP 	scale: markerPos = 0.8333333333333337
1143.0622 	EXP 	scale: markerPos = 0.8333333333333337
1143.0955 	EXP 	scale: markerPos = 0.8333333333333337
1143.1289 	EXP 	scale: markerPos = 0.8333333333333337
1143.1622 	EXP 	scale: markerPos = 0.8333333333333337
1143.1955 	EXP 	scale: markerPos = 0.8333333333333337
1143.2289 	EXP 	scale: markerPos = 0.8333333333333337
1143.2297 	DATA 	Mouse:  Left button up, pos=(384,325)
1143.2622 	EXP 	scale: markerPos = 0.8333333333333337
1144.1362 	DATA 	KeyPress:  
1144.1455 	EXP 	textreproductionstart: autoDraw = False
1144.1455 	EXP 	scale: autoDraw = False
1144.1455 	EXP 	textrest: autoDraw = True
1169.1297 	EXP 	Sound sound_2 started
1169.1297 	EXP 	textready: autoDraw = True
1169.1464 	EXP 	textrest: autoDraw = False
1169.6688 	EXP 	Sound sound_2 reached end of file
1174.1135 	EXP 	New trial (rep=0, index=19): {'emo_pic': 'emo_pic\\positive_low_7340.jpg', 'duration': 1}
1174.1298 	EXP 	Sound sound_1 started
1174.1298 	EXP 	textready: autoDraw = False
1174.1298 	EXP 	textrest: autoDraw = False
1174.1298 	EXP 	textready: autoDraw = False
1174.1298 	EXP 	textblank1000: autoDraw = True
1174.6693 	EXP 	Sound sound_1 reached end of file
1175.1465 	EXP 	textblank1000: autoDraw = False
1175.1465 	EXP 	textblank1000: autoDraw = False
1175.1465 	EXP 	emopic: image = 'emo_pic\\positive_low_7340.jpg'
1175.1465 	EXP 	emopic: autoDraw = True
1176.1627 	EXP 	emopic: autoDraw = False
1176.1627 	EXP 	emopic: autoDraw = False
1176.1627 	EXP 	textreproductionstart: text = '時間估計作業\n\n請透過滑鼠將刺激呈現時間點在以下量尺中\n按下空白鍵進入下一題'
1176.1627 	EXP 	scale: markerPos = None
1176.1627 	EXP 	scale: markerPos = None
1176.1627 	EXP 	textreproductionstart: autoDraw = True
1176.1627 	EXP 	scale: autoDraw = True
1178.2124 	DATA 	Mouse: Left button down, pos=(384,325)
1178.2627 	EXP 	scale: markerPos = 0.8333333333333337
1178.2963 	EXP 	scale: markerPos = 0.8333333333333337
1178.3294 	EXP 	scale: markerPos = 0.8333333333333337
1178.3458 	DATA 	Mouse:  Left button up, pos=(384,325)
1178.3628 	EXP 	scale: markerPos = 0.8333333333333337
1178.3961 	EXP 	scale: markerPos = 0.8333333333333337
1180.2035 	DATA 	KeyPress:  
1180.2128 	EXP 	textreproductionstart: autoDraw = False
1180.2128 	EXP 	scale: autoDraw = False
1180.2128 	EXP 	textrest: autoDraw = True
1205.1965 	EXP 	Sound sound_2 started
1205.1965 	EXP 	textready: autoDraw = True
1205.2132 	EXP 	textrest: autoDraw = False
1205.7351 	EXP 	Sound sound_2 reached end of file
1210.1966 	EXP 	textready: autoDraw = False
1210.1966 	EXP 	textrest: autoDraw = False
1210.1966 	EXP 	textready: autoDraw = False
1210.1966 	EXP 	textEndMessage: autoDraw = True
1219.3647 	DATA 	Keypress: escape
1220.0349 	EXP 	window1: mouseVisible = True
