5.7298 	WARNING 	Font Manager failed to load file C:\Users\jimmy\AppData\Local\Microsoft\Windows\Fonts\文鼎海報體.TTF
6.0835 	WARNING 	Font Manager failed to load file C:\Users\jimmy\AppData\Local\Microsoft\Windows\Fonts\文鼎新藝體.TTF
6.0910 	WARNING 	Font Manager failed to load file C:\Users\jimmy\AppData\Local\Microsoft\Windows\Fonts\文鼎花瓣體.TTF
6.3517 	WARNING 	Font Manager failed to load file C:\Users\jimmy\AppData\Local\Microsoft\Windows\Fonts\複製 -DFFN_0.TTC
6.4247 	WARNING 	Font Manager failed to load file C:\Users\jimmy\AppData\Local\Microsoft\Windows\Fonts\華康超特圓體(P).ttc
6.4787 	WARNING 	Font Manager failed to load file C:\Users\jimmy\AppData\Local\Microsoft\Windows\Fonts\文鼎粗行楷.TTF
6.5735 	WARNING 	Font Manager failed to load file C:\Users\jimmy\AppData\Local\Microsoft\Windows\Fonts\文鼎勘亭.TTF
6.6171 	WARNING 	Font Manager failed to load file C:\Users\jimmy\AppData\Local\Microsoft\Windows\Fonts\華康超特明體(P).ttc
6.7161 	WARNING 	Font Manager failed to load file C:\Users\jimmy\AppData\Local\Microsoft\Windows\Fonts\複製 -DFFN.TTC
6.8491 	WARNING 	Font Manager failed to load file C:\Users\jimmy\AppData\Local\Microsoft\Windows\Fonts\華康超特黑體(P).ttc
7.1251 	WARNING 	Font Manager failed to load file C:\Users\jimmy\AppData\Local\Microsoft\Windows\Fonts\wp010-05王漢宗中明體注音.ttf
7.3159 	WARNING 	Font Manager failed to load file C:\Users\jimmy\AppData\Local\Microsoft\Windows\Fonts\華康童童體(P).TTC
7.4409 	WARNING 	Font Manager failed to load file C:\Users\jimmy\AppData\Local\Microsoft\Windows\Fonts\文鼎古印體.TTF
7.5076 	WARNING 	Font Manager failed to load file C:\Users\jimmy\AppData\Local\Microsoft\Windows\Fonts\華康娃娃體.TTC
7.6687 	WARNING 	Font Manager failed to load file C:\Users\jimmy\AppData\Local\Microsoft\Windows\Fonts\wp010-08王漢宗中楷體注音.ttf
8.2163 	WARNING 	Font Manager failed to load file C:\Users\jimmy\AppData\Local\Microsoft\Windows\Fonts\文鼎海報體.TTF
8.2752 	WARNING 	Font Manager failed to load file C:\Users\jimmy\AppData\Local\Microsoft\Windows\Fonts\文鼎新藝體.TTF
8.2773 	WARNING 	Font Manager failed to load file C:\Users\jimmy\AppData\Local\Microsoft\Windows\Fonts\文鼎花瓣體.TTF
8.3341 	WARNING 	Font Manager failed to load file C:\Users\jimmy\AppData\Local\Microsoft\Windows\Fonts\複製 -DFFN_0.TTC
8.3504 	WARNING 	Font Manager failed to load file C:\Users\jimmy\AppData\Local\Microsoft\Windows\Fonts\華康超特圓體(P).ttc
8.3617 	WARNING 	Font Manager failed to load file C:\Users\jimmy\AppData\Local\Microsoft\Windows\Fonts\文鼎粗行楷.TTF
8.3830 	WARNING 	Font Manager failed to load file C:\Users\jimmy\AppData\Local\Microsoft\Windows\Fonts\文鼎勘亭.TTF
8.3899 	WARNING 	Font Manager failed to load file C:\Users\jimmy\AppData\Local\Microsoft\Windows\Fonts\華康超特明體(P).ttc
8.4060 	WARNING 	Font Manager failed to load file C:\Users\jimmy\AppData\Local\Microsoft\Windows\Fonts\複製 -DFFN.TTC
8.4299 	WARNING 	Font Manager failed to load file C:\Users\jimmy\AppData\Local\Microsoft\Windows\Fonts\華康超特黑體(P).ttc
8.4919 	WARNING 	Font Manager failed to load file C:\Users\jimmy\AppData\Local\Microsoft\Windows\Fonts\wp010-05王漢宗中明體注音.ttf
8.5423 	WARNING 	Font Manager failed to load file C:\Users\jimmy\AppData\Local\Microsoft\Windows\Fonts\華康童童體(P).TTC
8.5724 	WARNING 	Font Manager failed to load file C:\Users\jimmy\AppData\Local\Microsoft\Windows\Fonts\文鼎古印體.TTF
8.5895 	WARNING 	Font Manager failed to load file C:\Users\jimmy\AppData\Local\Microsoft\Windows\Fonts\華康娃娃體.TTC
8.6389 	WARNING 	Font Manager failed to load file C:\Users\jimmy\AppData\Local\Microsoft\Windows\Fonts\wp010-08王漢宗中楷體注音.ttf
12.3587 	WARNING 	User requested fullscreen with size [1280  720], but screen is actually [2736, 1824]. Using actual size
15.6703 	EXP 	Created window1 = Window(allowGUI=True, allowStencil=False, autoLog=True, backendConf=UNKNOWN, bitsMode=UNKNOWN, blendMode='avg', bpc=(8, 8, 8), color=array([0, 0, 0]), colorSpace='rgb', depthBits=8, fullscr=<method-wrapper '__getattribute__' of attributeSetter object at 0x000001FF89C52F70>, gamma=None, gammaErrorPolicy='raise', lms=UNKNOWN, monitor=<psychopy.monitors.calibTools.Monitor object at 0x000001FF8BCE3E20>, multiSample=False, name='window1', numSamples=2, pos=(0, 0), screen=0, size=array([2736, 1824]), stencilBits=0, stereo=False, units='height', useFBO=True, useRetina=False, viewOri=0.0, viewPos=None, viewScale=None, waitBlanking=True, winType='pyglet')
15.6719 	EXP 	window1: mouseVisible = True
15.6726 	EXP 	window1: mouseVisible = False
15.6727 	EXP 	window1: Attempting to measure frame rate of screen (0) ...
15.6727 	EXP 	window1: recordFrameIntervals = False
15.8363 	EXP 	window1: recordFrameIntervals = True
16.0198 	EXP 	Screen (0) actual frame rate measured at 60.01Hz
16.0198 	EXP 	window1: recordFrameIntervals = False
20.1612 	EXP 	Created textWelcomeMessage = TextStim(__class__=<class 'psychopy.visual.text.TextStim'>, alignHoriz=method-wrapper(...), alignText='center', alignVert=method-wrapper(...), anchorHoriz='center', anchorVert='center', antialias=True, autoDraw=False, autoLog=True, bold=False, color=array([1, 1, 1]), colorSpace='rgb', contrast=1.0, depth=0.0, flipHoriz=False, flipVert=False, font='Open Sans', fontFiles=[], height=0.05, italic=False, languageStyle='LTR', name='textWelcomeMessage', opacity=1.0, ori=0.0, pos=array([0., 0.]), rgb=UNKNOWN, text='歡迎來到本次的實驗\n\n請按"空白鍵"開始實驗', units='height', win=Window(...), wrapWidth=1)
20.1684 	EXP 	Created textblank1000 = TextStim(__class__=<class 'psychopy.visual.text.TextStim'>, alignHoriz=method-wrapper(...), alignText='center', alignVert=method-wrapper(...), anchorHoriz='center', anchorVert='center', antialias=True, autoDraw=False, autoLog=True, bold=False, color=array([1, 1, 1]), colorSpace='rgb', contrast=1.0, depth=0.0, flipHoriz=False, flipVert=False, font='Open Sans', fontFiles=[], height=0.05, italic=False, languageStyle='LTR', name='textblank1000', opacity=1.0, ori=0.0, pos=array([0., 0.]), rgb=UNKNOWN, text='+', units='height', win=Window(...), wrapWidth=1)
20.7260 	EXP 	Sound sound_1 set volume 1.000
20.7559 	EXP 	Created emopic = ImageStim(__class__=<class 'psychopy.visual.image.ImageStim'>, anchor=('center', 'center'), autoLog=True, color=array([1, 1, 1]), colorSpace='rgb', contrast=1.0, depth=0.0, flipHoriz=False, flipVert=False, image='sin', interpolate=True, mask=None, maskParams=None, name='emopic', opacity=1.0, ori=0.0, pos=array([0., 0.]), size=array([1., 1.]), texRes=128.0, units='height', win=Window(...))
20.7565 	EXP 	Created textreproductionstart = TextStim(__class__=<class 'psychopy.visual.text.TextStim'>, alignHoriz=method-wrapper(...), alignText='center', alignVert=method-wrapper(...), anchorHoriz='center', anchorVert='center', antialias=True, autoDraw=False, autoLog=True, bold=False, color=array([1, 1, 1]), colorSpace='rgb', contrast=1.0, depth=0.0, flipHoriz=False, flipVert=False, font='Open Sans', fontFiles=[], height=0.05, italic=False, languageStyle='LTR', name='textreproductionstart', opacity=1.0, ori=0.0, pos=array([0., 0.]), rgb=UNKNOWN, text='', units='height', win=Window(...), wrapWidth=1)
20.7658 	EXP 	window1: mouseVisible = True
21.3524 	EXP 	Created scale = Slider(__class__=<class 'psychopy.visual.slider.Slider'>, autoDraw=False, autoLog=True, borderColor=None, color=None, colorSpace='rgb', depth=-1, fillColor=None, flip=False, font='Open Sans', granularity=0.0, labelColor=None, labelHeight=0.04000000000000001, labelWrapWidth=None, labels=list(...), lineColor=None, markerColor=None, name='scale', opacity=None, ori=0.0, pos=array([ 0. , -0.2]), readOnly=False, self=UNKNOWN, size=array([1.2 , 0.04]), startValue=None, style='rating', styleTweaks=['triangleMarker'], ticks=ndarray(...), units='height', win=Window(...))
21.4297 	EXP 	Created textrest = TextStim(__class__=<class 'psychopy.visual.text.TextStim'>, alignHoriz=method-wrapper(...), alignText='center', alignVert=method-wrapper(...), anchorHoriz='center', anchorVert='center', antialias=True, autoDraw=False, autoLog=True, bold=False, color=array([1, 1, 1]), colorSpace='rgb', contrast=1.0, depth=0.0, flipHoriz=False, flipVert=False, font='Open Sans', fontFiles=[], height=0.05, italic=False, languageStyle='LTR', name='textrest', opacity=1.0, ori=0.0, pos=array([0., 0.]), rgb=UNKNOWN, text='休息一分鐘\n\n時間結束會自動進入下一題', units='height', win=Window(...), wrapWidth=1)
21.4427 	EXP 	Created textready = TextStim(__class__=<class 'psychopy.visual.text.TextStim'>, alignHoriz=method-wrapper(...), alignText='center', alignVert=method-wrapper(...), anchorHoriz='center', anchorVert='center', antialias=True, autoDraw=False, autoLog=True, bold=False, color=array([1, 1, 1]), colorSpace='rgb', contrast=1.0, depth=-1.0, flipHoriz=False, flipVert=False, font='Open Sans', fontFiles=[], height=0.05, italic=False, languageStyle='LTR', name='textready', opacity=1.0, ori=0.0, pos=array([0., 0.]), rgb=UNKNOWN, text='即將進入下一題', units='height', win=Window(...), wrapWidth=1)
21.4716 	EXP 	Created textEndMessage = TextStim(__class__=<class 'psychopy.visual.text.TextStim'>, alignHoriz=method-wrapper(...), alignText='center', alignVert=method-wrapper(...), anchorHoriz='center', anchorVert='center', antialias=True, autoDraw=False, autoLog=True, bold=False, color=array([1, 1, 1]), colorSpace='rgb', contrast=1.0, depth=0.0, flipHoriz=False, flipVert=False, font='Open Sans', fontFiles=[], height=0.05, italic=False, languageStyle='LTR', name='textEndMessage', opacity=1.0, ori=0.0, pos=array([0., 0.]), rgb=UNKNOWN, text='本次實驗到此結束\n\n感謝您的參與', units='height', win=Window(...), wrapWidth=1)
21.4926 	EXP 	scale: autoLog = True
21.4926 	EXP 	scale: markerPos = None
21.4926 	EXP 	scale: styleTweaks = []
21.4926 	EXP 	scale: styleTweaks = []
21.4926 	EXP 	scale: styleTweaks = ['triangleMarker']
21.4926 	EXP 	scale: styleTweaks = ['triangleMarker']
21.4926 	EXP 	scale: contrast = 1.0
21.4926 	EXP 	scale: autoLog = True
21.4926 	EXP 	textWelcomeMessage: autoDraw = True
23.1321 	EXP 	Imported pic_condition.xlsx as conditions, 20 conditions, 2 params
23.1374 	EXP 	Created sequence: random, trialTypes=20, nReps=1, seed=None
23.1377 	EXP 	New trial (rep=0, index=0): {'emo_pic': None, 'duration': 5}
23.1591 	EXP 	Sound sound_1 started
23.1567 	EXP 	textWelcomeMessage: autoDraw = False
23.1567 	EXP 	textblank1000: autoDraw = True
23.2019 	DATA 	KeyPress:  
23.5082 	EXP 	Sound sound_1 stopped
23.5127 	EXP 	textblank1000: autoDraw = False
23.5127 	EXP 	emopic: image = None
23.5127 	EXP 	emopic: autoDraw = True
28.6284 	EXP 	emopic: autoDraw = False
28.6284 	EXP 	emopic: autoDraw = False
28.6284 	EXP 	textreproductionstart: height = 0.05
28.6284 	EXP 	textreproductionstart: height = 0.05
28.6284 	EXP 	textreproductionstart: height = 0.05
28.6284 	EXP 	textreproductionstart: text = '時間估計作業\n請透過滑鼠將刺激呈現時間點在以下量尺中\n按下空白鍵進入下一題'
28.6284 	EXP 	scale: markerPos = None
28.6284 	EXP 	scale: markerPos = None
28.6284 	EXP 	textreproductionstart: autoDraw = True
28.6284 	EXP 	scale: autoDraw = True
30.0986 	DATA 	Mouse: Left button down, pos=(1315,535)
30.1323 	EXP 	scale: markerPos = 7.136787280701754
30.1565 	EXP 	scale: markerPos = 7.136787280701754
30.1781 	EXP 	scale: markerPos = 7.136787280701754
30.1992 	EXP 	scale: markerPos = 7.136787280701754
30.2214 	EXP 	scale: markerPos = 7.136787280701754
30.2417 	EXP 	scale: markerPos = 7.136787280701754
30.2627 	EXP 	scale: markerPos = 7.136787280701754
30.2864 	EXP 	scale: markerPos = 7.136787280701754
30.3113 	EXP 	scale: markerPos = 7.15734649122807
30.3363 	EXP 	scale: markerPos = 7.431469298245614
30.3622 	EXP 	scale: markerPos = 7.657620614035087
30.3857 	EXP 	scale: markerPos = 7.863212719298246
30.4094 	EXP 	scale: markerPos = 7.897478070175438
30.4358 	EXP 	scale: markerPos = 7.9454495614035086
30.4625 	EXP 	scale: markerPos = 8.007127192982455
30.4884 	EXP 	scale: markerPos = 8.068804824561402
30.5137 	EXP 	scale: markerPos = 8.171600877192983
30.5385 	EXP 	scale: markerPos = 8.199013157894736
30.5629 	EXP 	scale: markerPos = 8.233278508771932
30.5881 	EXP 	scale: markerPos = 8.274396929824562
30.6142 	EXP 	scale: markerPos = 8.322368421052632
30.6379 	EXP 	scale: markerPos = 8.370339912280702
30.6664 	EXP 	scale: markerPos = 8.404605263157896
30.6903 	EXP 	scale: markerPos = 8.486842105263158
30.7160 	EXP 	scale: markerPos = 8.569078947368421
30.7402 	EXP 	scale: markerPos = 8.617050438596491
30.7625 	EXP 	scale: markerPos = 8.630756578947368
30.7856 	EXP 	scale: markerPos = 8.630756578947368
30.8091 	EXP 	scale: markerPos = 8.630756578947368
30.8313 	EXP 	scale: markerPos = 8.630756578947368
30.8640 	EXP 	scale: markerPos = 8.630756578947368
30.8906 	EXP 	scale: markerPos = 8.630756578947368
30.9167 	DATA 	Mouse:  Left button up, pos=(1533,537)
30.9207 	EXP 	scale: markerPos = 8.630756578947368
30.9430 	EXP 	scale: markerPos = 8.630756578947368
31.3814 	DATA 	Mouse: Left button down, pos=(1533,537)
31.4076 	EXP 	scale: markerPos = 8.630756578947368
31.4297 	EXP 	scale: markerPos = 8.630756578947368
31.4533 	EXP 	scale: markerPos = 8.630756578947368
31.4774 	EXP 	scale: markerPos = 8.630756578947368
31.4813 	DATA 	Mouse:  Left button up, pos=(1533,537)
31.5012 	EXP 	scale: markerPos = 8.630756578947368
33.0580 	DATA 	KeyPress:  
33.0619 	EXP 	textreproductionstart: autoDraw = False
33.0619 	EXP 	scale: autoDraw = False
33.0619 	EXP 	textrest: autoDraw = True
34.2834 	DATA 	Keypress: escape
35.1295 	EXP 	window1: mouseVisible = True
