4.3815 	WARNING 	Font Manager failed to load file C:\Users\jimmy\AppData\Local\Microsoft\Windows\Fonts\華康超特黑體(P).ttc
4.3899 	WARNING 	Font Manager failed to load file C:\Users\jimmy\AppData\Local\Microsoft\Windows\Fonts\華康童童體(P).TTC
4.4094 	WARNING 	Font Manager failed to load file C:\Users\jimmy\AppData\Local\Microsoft\Windows\Fonts\華康娃娃體.TTC
4.4119 	WARNING 	Font Manager failed to load file C:\Users\jimmy\AppData\Local\Microsoft\Windows\Fonts\wp010-05王漢宗中明體注音.ttf
4.4413 	WARNING 	Font Manager failed to load file C:\Users\jimmy\AppData\Local\Microsoft\Windows\Fonts\複製 -DFFN.TTC
4.4551 	WARNING 	Font Manager failed to load file C:\Users\jimmy\AppData\Local\Microsoft\Windows\Fonts\文鼎粗行楷.TTF
4.4834 	WARNING 	Font Manager failed to load file C:\Users\jimmy\AppData\Local\Microsoft\Windows\Fonts\華康超特明體(P).ttc
4.4896 	WARNING 	Font Manager failed to load file C:\Users\jimmy\AppData\Local\Microsoft\Windows\Fonts\文鼎海報體.TTF
4.5708 	WARNING 	Font Manager failed to load file C:\Users\jimmy\AppData\Local\Microsoft\Windows\Fonts\wp010-08王漢宗中楷體注音.ttf
4.5739 	WARNING 	Font Manager failed to load file C:\Users\jimmy\AppData\Local\Microsoft\Windows\Fonts\華康超特圓體(P).ttc
4.6528 	WARNING 	Font Manager failed to load file C:\Users\jimmy\AppData\Local\Microsoft\Windows\Fonts\複製 -DFFN_0.TTC
4.6687 	WARNING 	Font Manager failed to load file C:\Users\jimmy\AppData\Local\Microsoft\Windows\Fonts\文鼎勘亭.TTF
4.6723 	WARNING 	Font Manager failed to load file C:\Users\jimmy\AppData\Local\Microsoft\Windows\Fonts\文鼎古印體.TTF
4.7326 	WARNING 	Font Manager failed to load file C:\Users\jimmy\AppData\Local\Microsoft\Windows\Fonts\文鼎新藝體.TTF
4.7903 	WARNING 	Font Manager failed to load file C:\Users\jimmy\AppData\Local\Microsoft\Windows\Fonts\文鼎花瓣體.TTF
5.1850 	WARNING 	Font Manager failed to load file C:\Users\jimmy\AppData\Local\Microsoft\Windows\Fonts\華康超特黑體(P).ttc
5.1965 	WARNING 	Font Manager failed to load file C:\Users\jimmy\AppData\Local\Microsoft\Windows\Fonts\華康童童體(P).TTC
5.2162 	WARNING 	Font Manager failed to load file C:\Users\jimmy\AppData\Local\Microsoft\Windows\Fonts\華康娃娃體.TTC
5.2184 	WARNING 	Font Manager failed to load file C:\Users\jimmy\AppData\Local\Microsoft\Windows\Fonts\wp010-05王漢宗中明體注音.ttf
5.2552 	WARNING 	Font Manager failed to load file C:\Users\jimmy\AppData\Local\Microsoft\Windows\Fonts\複製 -DFFN.TTC
5.2686 	WARNING 	Font Manager failed to load file C:\Users\jimmy\AppData\Local\Microsoft\Windows\Fonts\文鼎粗行楷.TTF
5.2976 	WARNING 	Font Manager failed to load file C:\Users\jimmy\AppData\Local\Microsoft\Windows\Fonts\華康超特明體(P).ttc
5.3044 	WARNING 	Font Manager failed to load file C:\Users\jimmy\AppData\Local\Microsoft\Windows\Fonts\文鼎海報體.TTF
5.3803 	WARNING 	Font Manager failed to load file C:\Users\jimmy\AppData\Local\Microsoft\Windows\Fonts\wp010-08王漢宗中楷體注音.ttf
5.3839 	WARNING 	Font Manager failed to load file C:\Users\jimmy\AppData\Local\Microsoft\Windows\Fonts\華康超特圓體(P).ttc
5.4612 	WARNING 	Font Manager failed to load file C:\Users\jimmy\AppData\Local\Microsoft\Windows\Fonts\複製 -DFFN_0.TTC
5.4766 	WARNING 	Font Manager failed to load file C:\Users\jimmy\AppData\Local\Microsoft\Windows\Fonts\文鼎勘亭.TTF
5.4834 	WARNING 	Font Manager failed to load file C:\Users\jimmy\AppData\Local\Microsoft\Windows\Fonts\文鼎古印體.TTF
5.5516 	WARNING 	Font Manager failed to load file C:\Users\jimmy\AppData\Local\Microsoft\Windows\Fonts\文鼎新藝體.TTF
5.6224 	WARNING 	Font Manager failed to load file C:\Users\jimmy\AppData\Local\Microsoft\Windows\Fonts\文鼎花瓣體.TTF
9.4572 	WARNING 	User requested fullscreen with size [1280  720], but screen is actually [2736, 1824]. Using actual size
11.5510 	EXP 	Created window1 = Window(allowGUI=True, allowStencil=False, autoLog=True, backendConf=UNKNOWN, bitsMode=UNKNOWN, blendMode='avg', bpc=(8, 8, 8), color=array([0, 0, 0]), colorSpace='rgb', depthBits=8, fullscr=<method-wrapper '__getattribute__' of attributeSetter object at 0x0000026F8D9BE0D0>, gamma=None, gammaErrorPolicy='raise', lms=UNKNOWN, monitor=<psychopy.monitors.calibTools.Monitor object at 0x0000026F8EA74EE0>, multiSample=False, name='window1', numSamples=2, pos=(0, 0), screen=0, size=array([2736, 1824]), stencilBits=0, stereo=False, units='height', useFBO=True, useRetina=False, viewOri=0.0, viewPos=None, viewScale=None, waitBlanking=True, winType='pyglet')
11.5522 	EXP 	window1: mouseVisible = True
11.5528 	EXP 	window1: mouseVisible = False
11.5529 	EXP 	window1: Attempting to measure frame rate of screen (0) ...
11.5530 	EXP 	window1: recordFrameIntervals = False
11.7171 	EXP 	window1: recordFrameIntervals = True
11.8994 	EXP 	Screen (0) actual frame rate measured at 59.97Hz
11.8994 	EXP 	window1: recordFrameIntervals = False
14.8766 	EXP 	Created textWelcomeMessage = TextStim(__class__=<class 'psychopy.visual.text.TextStim'>, alignHoriz=method-wrapper(...), alignText='center', alignVert=method-wrapper(...), anchorHoriz='center', anchorVert='center', antialias=True, autoDraw=False, autoLog=True, bold=False, color=array([1, 1, 1]), colorSpace='rgb', contrast=1.0, depth=0.0, flipHoriz=False, flipVert=False, font='Open Sans', fontFiles=[], height=0.05, italic=False, languageStyle='LTR', name='textWelcomeMessage', opacity=1.0, ori=0.0, pos=array([0., 0.]), rgb=UNKNOWN, text='歡迎來到本次的實驗\n\n請按"空白鍵"開始實驗', units='height', win=Window(...), wrapWidth=1)
14.8829 	EXP 	Created textblank1000 = TextStim(__class__=<class 'psychopy.visual.text.TextStim'>, alignHoriz=method-wrapper(...), alignText='center', alignVert=method-wrapper(...), anchorHoriz='center', anchorVert='center', antialias=True, autoDraw=False, autoLog=True, bold=False, color=array([1, 1, 1]), colorSpace='rgb', contrast=1.0, depth=0.0, flipHoriz=False, flipVert=False, font='Open Sans', fontFiles=[], height=0.05, italic=False, languageStyle='LTR', name='textblank1000', opacity=1.0, ori=0.0, pos=array([0., 0.]), rgb=UNKNOWN, text='+', units='height', win=Window(...), wrapWidth=1)
15.2774 	EXP 	Sound sound_1 set volume 1.000
15.2995 	EXP 	Created emopic = ImageStim(__class__=<class 'psychopy.visual.image.ImageStim'>, anchor=('center', 'center'), autoLog=True, color=array([1, 1, 1]), colorSpace='rgb', contrast=1.0, depth=0.0, flipHoriz=False, flipVert=False, image='sin', interpolate=True, mask=None, maskParams=None, name='emopic', opacity=1.0, ori=0.0, pos=array([0., 0.]), size=array([1., 1.]), texRes=128.0, units='height', win=Window(...))
15.3004 	EXP 	Created textreproductionstart = TextStim(__class__=<class 'psychopy.visual.text.TextStim'>, alignHoriz=method-wrapper(...), alignText='center', alignVert=method-wrapper(...), anchorHoriz='center', anchorVert='center', antialias=True, autoDraw=False, autoLog=True, bold=False, color=array([1, 1, 1]), colorSpace='rgb', contrast=1.0, depth=0.0, flipHoriz=False, flipVert=False, font='Open Sans', fontFiles=[], height=0.05, italic=False, languageStyle='LTR', name='textreproductionstart', opacity=1.0, ori=0.0, pos=array([0., 0.]), rgb=UNKNOWN, text='', units='height', win=Window(...), wrapWidth=1)
15.3060 	EXP 	window1: mouseVisible = True
15.9062 	EXP 	Created scale = Slider(__class__=<class 'psychopy.visual.slider.Slider'>, autoDraw=False, autoLog=True, borderColor=None, color=None, colorSpace='rgb', depth=-1, fillColor=None, flip=False, font='Open Sans', granularity=0.0, labelColor=None, labelHeight=0.04000000000000001, labelWrapWidth=None, labels=list(...), lineColor=None, markerColor=None, name='scale', opacity=None, ori=0.0, pos=array([ 0. , -0.2]), readOnly=False, self=UNKNOWN, size=array([1.2 , 0.04]), startValue=None, style='rating', styleTweaks=['triangleMarker'], ticks=ndarray(...), units='height', win=Window(...))
15.9619 	EXP 	Created textrest = TextStim(__class__=<class 'psychopy.visual.text.TextStim'>, alignHoriz=method-wrapper(...), alignText='center', alignVert=method-wrapper(...), anchorHoriz='center', anchorVert='center', antialias=True, autoDraw=False, autoLog=True, bold=False, color=array([1, 1, 1]), colorSpace='rgb', contrast=1.0, depth=0.0, flipHoriz=False, flipVert=False, font='Open Sans', fontFiles=[], height=0.05, italic=False, languageStyle='LTR', name='textrest', opacity=1.0, ori=0.0, pos=array([0., 0.]), rgb=UNKNOWN, text='休息一分鐘\n\n時間結束會自動進入下一題', units='height', win=Window(...), wrapWidth=1)
15.9731 	EXP 	Created textready = TextStim(__class__=<class 'psychopy.visual.text.TextStim'>, alignHoriz=method-wrapper(...), alignText='center', alignVert=method-wrapper(...), anchorHoriz='center', anchorVert='center', antialias=True, autoDraw=False, autoLog=True, bold=False, color=array([1, 1, 1]), colorSpace='rgb', contrast=1.0, depth=-1.0, flipHoriz=False, flipVert=False, font='Open Sans', fontFiles=[], height=0.05, italic=False, languageStyle='LTR', name='textready', opacity=1.0, ori=0.0, pos=array([0., 0.]), rgb=UNKNOWN, text='即將進入下一題', units='height', win=Window(...), wrapWidth=1)
16.0007 	EXP 	Created textEndMessage = TextStim(__class__=<class 'psychopy.visual.text.TextStim'>, alignHoriz=method-wrapper(...), alignText='center', alignVert=method-wrapper(...), anchorHoriz='center', anchorVert='center', antialias=True, autoDraw=False, autoLog=True, bold=False, color=array([1, 1, 1]), colorSpace='rgb', contrast=1.0, depth=0.0, flipHoriz=False, flipVert=False, font='Open Sans', fontFiles=[], height=0.05, italic=False, languageStyle='LTR', name='textEndMessage', opacity=1.0, ori=0.0, pos=array([0., 0.]), rgb=UNKNOWN, text='本次實驗到此結束\n\n感謝您的參與', units='height', win=Window(...), wrapWidth=1)
16.0156 	EXP 	scale: autoLog = True
16.0156 	EXP 	scale: markerPos = None
16.0156 	EXP 	scale: styleTweaks = []
16.0156 	EXP 	scale: styleTweaks = []
16.0156 	EXP 	scale: styleTweaks = ['triangleMarker']
16.0156 	EXP 	scale: styleTweaks = ['triangleMarker']
16.0156 	EXP 	scale: contrast = 1.0
16.0156 	EXP 	scale: autoLog = True
16.0156 	EXP 	textWelcomeMessage: autoDraw = True
16.7121 	EXP 	Imported pic_condition.xlsx as conditions, 4 conditions, 2 params
16.7125 	EXP 	Created sequence: random, trialTypes=4, nReps=1, seed=None
16.7128 	EXP 	New trial (rep=0, index=0): {'emo_pic': 'emo_pic\\rdt-20210516-0143118280534424875981353.jpg', 'duration': 5}
16.7203 	EXP 	Sound sound_1 started
16.7231 	EXP 	textWelcomeMessage: autoDraw = False
16.7231 	EXP 	textblank1000: autoDraw = True
16.7793 	DATA 	KeyPress:  
17.2696 	EXP 	Sound sound_1 reached end of file
17.8343 	EXP 	textblank1000: autoDraw = False
17.8343 	EXP 	emopic: image = 'emo_pic\\rdt-20210516-0143118280534424875981353.jpg'
17.8343 	EXP 	emopic: autoDraw = True
22.9287 	EXP 	emopic: autoDraw = False
22.9287 	EXP 	emopic: autoDraw = False
22.9287 	EXP 	textreproductionstart: height = 0.05
22.9287 	EXP 	textreproductionstart: height = 0.05
22.9287 	EXP 	textreproductionstart: height = 0.05
22.9287 	EXP 	textreproductionstart: text = '時間估計作業\n請透過滑鼠將刺激呈現時間點在以下量尺中\n按下空白鍵進入下一題'
22.9287 	EXP 	scale: markerPos = None
22.9287 	EXP 	scale: markerPos = None
22.9287 	EXP 	textreproductionstart: autoDraw = True
22.9287 	EXP 	scale: autoDraw = True
23.9627 	DATA 	KeyPress:  
23.9668 	EXP 	textreproductionstart: autoDraw = False
23.9668 	EXP 	scale: autoDraw = False
23.9668 	EXP 	textrest: autoDraw = True
24.6331 	DATA 	KeyPress:  
25.4615 	DATA 	KeyPress:  
46.3086 	DATA 	Keypress: escape
47.2061 	EXP 	window1: mouseVisible = True
