3.7448 	WARNING 	Font Manager failed to load file C:\Users\jimmy\AppData\Local\Microsoft\Windows\Fonts\華康童童體(P).TTC
3.7527 	WARNING 	Font Manager failed to load file C:\Users\jimmy\AppData\Local\Microsoft\Windows\Fonts\文鼎花瓣體.TTF
3.7779 	WARNING 	Font Manager failed to load file C:\Users\jimmy\AppData\Local\Microsoft\Windows\Fonts\華康娃娃體.TTC
3.7818 	WARNING 	Font Manager failed to load file C:\Users\jimmy\AppData\Local\Microsoft\Windows\Fonts\華康超特圓體(P).ttc
3.8172 	WARNING 	Font Manager failed to load file C:\Users\jimmy\AppData\Local\Microsoft\Windows\Fonts\文鼎新藝體.TTF
3.8445 	WARNING 	Font Manager failed to load file C:\Users\jimmy\AppData\Local\Microsoft\Windows\Fonts\複製 -DFFN_0.TTC
4.1256 	WARNING 	Font Manager failed to load file C:\Users\jimmy\AppData\Local\Microsoft\Windows\Fonts\wp010-05王漢宗中明體注音.ttf
4.1379 	WARNING 	Font Manager failed to load file C:\Users\jimmy\AppData\Local\Microsoft\Windows\Fonts\wp010-08王漢宗中楷體注音.ttf
4.1407 	WARNING 	Font Manager failed to load file C:\Users\jimmy\AppData\Local\Microsoft\Windows\Fonts\文鼎勘亭.TTF
4.1426 	WARNING 	Font Manager failed to load file C:\Users\jimmy\AppData\Local\Microsoft\Windows\Fonts\華康超特明體(P).ttc
4.1427 	WARNING 	Font Manager failed to load file C:\Users\jimmy\AppData\Local\Microsoft\Windows\Fonts\文鼎粗行楷.TTF
4.1508 	WARNING 	Font Manager failed to load file C:\Users\jimmy\AppData\Local\Microsoft\Windows\Fonts\複製 -DFFN.TTC
4.1626 	WARNING 	Font Manager failed to load file C:\Users\jimmy\AppData\Local\Microsoft\Windows\Fonts\文鼎古印體.TTF
4.2110 	WARNING 	Font Manager failed to load file C:\Users\jimmy\AppData\Local\Microsoft\Windows\Fonts\華康超特黑體(P).ttc
4.2357 	WARNING 	Font Manager failed to load file C:\Users\jimmy\AppData\Local\Microsoft\Windows\Fonts\文鼎海報體.TTF
4.5799 	WARNING 	Font Manager failed to load file C:\Users\jimmy\AppData\Local\Microsoft\Windows\Fonts\華康童童體(P).TTC
4.5865 	WARNING 	Font Manager failed to load file C:\Users\jimmy\AppData\Local\Microsoft\Windows\Fonts\文鼎花瓣體.TTF
4.6108 	WARNING 	Font Manager failed to load file C:\Users\jimmy\AppData\Local\Microsoft\Windows\Fonts\華康娃娃體.TTC
4.6142 	WARNING 	Font Manager failed to load file C:\Users\jimmy\AppData\Local\Microsoft\Windows\Fonts\華康超特圓體(P).ttc
4.6517 	WARNING 	Font Manager failed to load file C:\Users\jimmy\AppData\Local\Microsoft\Windows\Fonts\文鼎新藝體.TTF
4.6773 	WARNING 	Font Manager failed to load file C:\Users\jimmy\AppData\Local\Microsoft\Windows\Fonts\複製 -DFFN_0.TTC
4.9679 	WARNING 	Font Manager failed to load file C:\Users\jimmy\AppData\Local\Microsoft\Windows\Fonts\wp010-05王漢宗中明體注音.ttf
4.9805 	WARNING 	Font Manager failed to load file C:\Users\jimmy\AppData\Local\Microsoft\Windows\Fonts\wp010-08王漢宗中楷體注音.ttf
4.9826 	WARNING 	Font Manager failed to load file C:\Users\jimmy\AppData\Local\Microsoft\Windows\Fonts\文鼎勘亭.TTF
4.9842 	WARNING 	Font Manager failed to load file C:\Users\jimmy\AppData\Local\Microsoft\Windows\Fonts\華康超特明體(P).ttc
4.9843 	WARNING 	Font Manager failed to load file C:\Users\jimmy\AppData\Local\Microsoft\Windows\Fonts\文鼎粗行楷.TTF
4.9936 	WARNING 	Font Manager failed to load file C:\Users\jimmy\AppData\Local\Microsoft\Windows\Fonts\複製 -DFFN.TTC
5.0050 	WARNING 	Font Manager failed to load file C:\Users\jimmy\AppData\Local\Microsoft\Windows\Fonts\文鼎古印體.TTF
5.0521 	WARNING 	Font Manager failed to load file C:\Users\jimmy\AppData\Local\Microsoft\Windows\Fonts\華康超特黑體(P).ttc
5.0758 	WARNING 	Font Manager failed to load file C:\Users\jimmy\AppData\Local\Microsoft\Windows\Fonts\文鼎海報體.TTF
7.9186 	WARNING 	User requested fullscreen with size [1024  768], but screen is actually [2736, 1824]. Using actual size
9.7466 	EXP 	Created window1 = Window(allowGUI=True, allowStencil=False, autoLog=True, backendConf=UNKNOWN, bitsMode=UNKNOWN, blendMode='avg', bpc=(8, 8, 8), color=array([0, 0, 0]), colorSpace='rgb', depthBits=8, fullscr=<method-wrapper '__getattribute__' of attributeSetter object at 0x0000023825212F10>, gamma=None, gammaErrorPolicy='raise', lms=UNKNOWN, monitor=<psychopy.monitors.calibTools.Monitor object at 0x00000238262D1DF0>, multiSample=False, name='window1', numSamples=2, pos=(0, 0), screen=0, size=array([2736, 1824]), stencilBits=0, stereo=False, units='height', useFBO=True, useRetina=False, viewOri=0.0, viewPos=None, viewScale=None, waitBlanking=True, winType='pyglet')
9.7467 	EXP 	window1: mouseVisible = True
9.7469 	EXP 	window1: mouseVisible = False
9.7469 	EXP 	window1: Attempting to measure frame rate of screen (0) ...
9.7470 	EXP 	window1: recordFrameIntervals = False
9.9123 	EXP 	window1: recordFrameIntervals = True
10.0974 	EXP 	Screen (0) actual frame rate measured at 59.53Hz
10.0975 	EXP 	window1: recordFrameIntervals = False
13.1408 	EXP 	Created textWelcomeMessage = TextStim(__class__=<class 'psychopy.visual.text.TextStim'>, alignHoriz=method-wrapper(...), alignText='center', alignVert=method-wrapper(...), anchorHoriz='center', anchorVert='center', antialias=True, autoDraw=False, autoLog=True, bold=False, color=array([1, 1, 1]), colorSpace='rgb', contrast=1.0, depth=0.0, flipHoriz=False, flipVert=False, font='Open Sans', fontFiles=[], height=0.05, italic=False, languageStyle='LTR', name='textWelcomeMessage', opacity=1.0, ori=0.0, pos=array([0., 0.]), rgb=UNKNOWN, text='歡迎來到本次的實驗\n\n請按"空白鍵"開始實驗', units='height', win=Window(...), wrapWidth=1)
13.1469 	EXP 	Created textblank1000 = TextStim(__class__=<class 'psychopy.visual.text.TextStim'>, alignHoriz=method-wrapper(...), alignText='center', alignVert=method-wrapper(...), anchorHoriz='center', anchorVert='center', antialias=True, autoDraw=False, autoLog=True, bold=False, color=array([1, 1, 1]), colorSpace='rgb', contrast=1.0, depth=0.0, flipHoriz=False, flipVert=False, font='Open Sans', fontFiles=[], height=0.05, italic=False, languageStyle='LTR', name='textblank1000', opacity=1.0, ori=0.0, pos=array([0., 0.]), rgb=UNKNOWN, text='+', units='height', win=Window(...), wrapWidth=1)
13.1613 	EXP 	Created emopic = ImageStim(__class__=<class 'psychopy.visual.image.ImageStim'>, anchor=('center', 'center'), autoLog=True, color=array([1, 1, 1]), colorSpace='rgb', contrast=1.0, depth=0.0, flipHoriz=False, flipVert=False, image='sin', interpolate=True, mask=None, maskParams=None, name='emopic', opacity=1.0, ori=0.0, pos=array([0., 0.]), size=array([1., 1.]), texRes=128.0, units='height', win=Window(...))
13.1619 	EXP 	Created textreproductionstart = TextStim(__class__=<class 'psychopy.visual.text.TextStim'>, alignHoriz=method-wrapper(...), alignText='center', alignVert=method-wrapper(...), anchorHoriz='center', anchorVert='center', antialias=True, autoDraw=False, autoLog=True, bold=False, color=array([1, 1, 1]), colorSpace='rgb', contrast=1.0, depth=0.0, flipHoriz=False, flipVert=False, font='Open Sans', fontFiles=[], height=0.05, italic=False, languageStyle='LTR', name='textreproductionstart', opacity=1.0, ori=0.0, pos=array([0., 0.]), rgb=UNKNOWN, text='', units='height', win=Window(...), wrapWidth=1)
13.1692 	EXP 	window1: mouseVisible = True
13.7373 	EXP 	Created scale = Slider(__class__=<class 'psychopy.visual.slider.Slider'>, autoDraw=False, autoLog=True, borderColor=None, color=None, colorSpace='rgb', depth=-1, fillColor=None, flip=False, font='Open Sans', granularity=0.0, labelColor=None, labelHeight=0.05, labelWrapWidth=None, labels=list(...), lineColor=None, markerColor=None, name='scale', opacity=None, ori=0.0, pos=array([ 0. , -0.2]), readOnly=False, self=UNKNOWN, size=array([1.  , 0.03]), startValue=None, style='rating', styleTweaks=[], ticks=ndarray(...), units='height', win=Window(...))
13.7742 	EXP 	Created textEndMessage = TextStim(__class__=<class 'psychopy.visual.text.TextStim'>, alignHoriz=method-wrapper(...), alignText='center', alignVert=method-wrapper(...), anchorHoriz='center', anchorVert='center', antialias=True, autoDraw=False, autoLog=True, bold=False, color=array([1, 1, 1]), colorSpace='rgb', contrast=1.0, depth=0.0, flipHoriz=False, flipVert=False, font='Open Sans', fontFiles=[], height=0.05, italic=False, languageStyle='LTR', name='textEndMessage', opacity=1.0, ori=0.0, pos=array([0., 0.]), rgb=UNKNOWN, text='本次實驗到此結束\n\n感謝您的參與', units='height', win=Window(...), wrapWidth=1)
13.7892 	EXP 	scale: autoLog = True
13.7892 	EXP 	scale: markerPos = None
13.7892 	EXP 	scale: styleTweaks = []
13.7892 	EXP 	scale: styleTweaks = []
13.7892 	EXP 	scale: styleTweaks = []
13.7892 	EXP 	scale: styleTweaks = []
13.7892 	EXP 	scale: contrast = 1.0
13.7892 	EXP 	scale: autoLog = True
13.7892 	EXP 	textWelcomeMessage: autoDraw = True
15.2556 	EXP 	Imported pic_condition.xlsx as conditions, 4 conditions, 2 params
15.2561 	EXP 	Created sequence: random, trialTypes=4, nReps=1, seed=None
15.2563 	EXP 	New trial (rep=0, index=0): {'emo_pic': 'emo_pic\\EBPgLdJe_400x400.png', 'duration': 1}
15.2690 	EXP 	textWelcomeMessage: autoDraw = False
15.2690 	EXP 	textblank1000: autoDraw = True
15.2948 	DATA 	KeyPress:  
16.3149 	EXP 	textblank1000: autoDraw = False
16.3149 	EXP 	emopic: image = 'emo_pic\\EBPgLdJe_400x400.png'
16.3149 	EXP 	emopic: autoDraw = True
17.4233 	EXP 	emopic: autoDraw = False
17.4233 	EXP 	emopic: autoDraw = False
17.4233 	EXP 	textreproductionstart: height = 0.05
17.4233 	EXP 	textreproductionstart: height = 0.05
17.4233 	EXP 	textreproductionstart: height = 0.05
17.4233 	EXP 	textreproductionstart: text = '時間估計作業\n請透過滑鼠將刺激呈現時間點在以下量尺中\n按下空白鍵進入下一題'
17.4233 	EXP 	scale: markerPos = None
17.4233 	EXP 	scale: markerPos = None
17.4233 	EXP 	textreproductionstart: autoDraw = True
17.4233 	EXP 	scale: autoDraw = True
20.7772 	DATA 	Keypress: escape
21.4667 	EXP 	window1: mouseVisible = True
