3.7912 	WARNING 	Font Manager failed to load file C:\Users\jimmy\AppData\Local\Microsoft\Windows\Fonts\文鼎古印體.TTF
3.8260 	WARNING 	Font Manager failed to load file C:\Users\jimmy\AppData\Local\Microsoft\Windows\Fonts\文鼎勘亭.TTF
3.8262 	WARNING 	Font Manager failed to load file C:\Users\jimmy\AppData\Local\Microsoft\Windows\Fonts\華康超特圓體(P).ttc
3.8418 	WARNING 	Font Manager failed to load file C:\Users\jimmy\AppData\Local\Microsoft\Windows\Fonts\文鼎花瓣體.TTF
3.8772 	WARNING 	Font Manager failed to load file C:\Users\jimmy\AppData\Local\Microsoft\Windows\Fonts\華康童童體(P).TTC
3.9118 	WARNING 	Font Manager failed to load file C:\Users\jimmy\AppData\Local\Microsoft\Windows\Fonts\wp010-08王漢宗中楷體注音.ttf
3.9287 	WARNING 	Font Manager failed to load file C:\Users\jimmy\AppData\Local\Microsoft\Windows\Fonts\華康超特黑體(P).ttc
3.9625 	WARNING 	Font Manager failed to load file C:\Users\jimmy\AppData\Local\Microsoft\Windows\Fonts\複製 -DFFN_0.TTC
4.0047 	WARNING 	Font Manager failed to load file C:\Users\jimmy\AppData\Local\Microsoft\Windows\Fonts\文鼎海報體.TTF
4.0938 	WARNING 	Font Manager failed to load file C:\Users\jimmy\AppData\Local\Microsoft\Windows\Fonts\複製 -DFFN.TTC
4.1001 	WARNING 	Font Manager failed to load file C:\Users\jimmy\AppData\Local\Microsoft\Windows\Fonts\文鼎粗行楷.TTF
4.1147 	WARNING 	Font Manager failed to load file C:\Users\jimmy\AppData\Local\Microsoft\Windows\Fonts\華康娃娃體.TTC
4.1246 	WARNING 	Font Manager failed to load file C:\Users\jimmy\AppData\Local\Microsoft\Windows\Fonts\wp010-05王漢宗中明體注音.ttf
4.2160 	WARNING 	Font Manager failed to load file C:\Users\jimmy\AppData\Local\Microsoft\Windows\Fonts\文鼎新藝體.TTF
4.2224 	WARNING 	Font Manager failed to load file C:\Users\jimmy\AppData\Local\Microsoft\Windows\Fonts\華康超特明體(P).ttc
4.6651 	WARNING 	Font Manager failed to load file C:\Users\jimmy\AppData\Local\Microsoft\Windows\Fonts\文鼎古印體.TTF
4.6992 	WARNING 	Font Manager failed to load file C:\Users\jimmy\AppData\Local\Microsoft\Windows\Fonts\文鼎勘亭.TTF
4.6993 	WARNING 	Font Manager failed to load file C:\Users\jimmy\AppData\Local\Microsoft\Windows\Fonts\華康超特圓體(P).ttc
4.7138 	WARNING 	Font Manager failed to load file C:\Users\jimmy\AppData\Local\Microsoft\Windows\Fonts\文鼎花瓣體.TTF
4.7506 	WARNING 	Font Manager failed to load file C:\Users\jimmy\AppData\Local\Microsoft\Windows\Fonts\華康童童體(P).TTC
4.7857 	WARNING 	Font Manager failed to load file C:\Users\jimmy\AppData\Local\Microsoft\Windows\Fonts\wp010-08王漢宗中楷體注音.ttf
4.8039 	WARNING 	Font Manager failed to load file C:\Users\jimmy\AppData\Local\Microsoft\Windows\Fonts\華康超特黑體(P).ttc
4.8364 	WARNING 	Font Manager failed to load file C:\Users\jimmy\AppData\Local\Microsoft\Windows\Fonts\複製 -DFFN_0.TTC
4.8721 	WARNING 	Font Manager failed to load file C:\Users\jimmy\AppData\Local\Microsoft\Windows\Fonts\文鼎海報體.TTF
4.9377 	WARNING 	Font Manager failed to load file C:\Users\jimmy\AppData\Local\Microsoft\Windows\Fonts\複製 -DFFN.TTC
4.9447 	WARNING 	Font Manager failed to load file C:\Users\jimmy\AppData\Local\Microsoft\Windows\Fonts\文鼎粗行楷.TTF
4.9563 	WARNING 	Font Manager failed to load file C:\Users\jimmy\AppData\Local\Microsoft\Windows\Fonts\華康娃娃體.TTC
4.9651 	WARNING 	Font Manager failed to load file C:\Users\jimmy\AppData\Local\Microsoft\Windows\Fonts\wp010-05王漢宗中明體注音.ttf
5.0602 	WARNING 	Font Manager failed to load file C:\Users\jimmy\AppData\Local\Microsoft\Windows\Fonts\文鼎新藝體.TTF
5.0673 	WARNING 	Font Manager failed to load file C:\Users\jimmy\AppData\Local\Microsoft\Windows\Fonts\華康超特明體(P).ttc
8.1180 	WARNING 	User requested fullscreen with size [1024  768], but screen is actually [2736, 1824]. Using actual size
10.0085 	EXP 	Created window1 = Window(allowGUI=True, allowStencil=False, autoLog=True, backendConf=UNKNOWN, bitsMode=UNKNOWN, blendMode='avg', bpc=(8, 8, 8), color=array([0, 0, 0]), colorSpace='rgb', depthBits=8, fullscr=<method-wrapper '__getattribute__' of attributeSetter object at 0x000002D44FD83F10>, gamma=None, gammaErrorPolicy='raise', lms=UNKNOWN, monitor=<psychopy.monitors.calibTools.Monitor object at 0x000002D450E41D90>, multiSample=False, name='window1', numSamples=2, pos=(0, 0), screen=0, size=array([2736, 1824]), stencilBits=0, stereo=False, units='height', useFBO=True, useRetina=False, viewOri=0.0, viewPos=None, viewScale=None, waitBlanking=True, winType='pyglet')
10.0087 	EXP 	window1: mouseVisible = True
10.0090 	EXP 	window1: mouseVisible = False
10.0090 	EXP 	window1: Attempting to measure frame rate of screen (0) ...
10.0090 	EXP 	window1: recordFrameIntervals = False
10.1754 	EXP 	window1: recordFrameIntervals = True
10.3585 	EXP 	Screen (0) actual frame rate measured at 59.83Hz
10.3586 	EXP 	window1: recordFrameIntervals = False
13.4477 	EXP 	Created textWelcomeMessage = TextStim(__class__=<class 'psychopy.visual.text.TextStim'>, alignHoriz=method-wrapper(...), alignText='center', alignVert=method-wrapper(...), anchorHoriz='center', anchorVert='center', antialias=True, autoDraw=False, autoLog=True, bold=False, color=array([1, 1, 1]), colorSpace='rgb', contrast=1.0, depth=0.0, flipHoriz=False, flipVert=False, font='Open Sans', fontFiles=[], height=0.05, italic=False, languageStyle='LTR', name='textWelcomeMessage', opacity=1.0, ori=0.0, pos=array([0., 0.]), rgb=UNKNOWN, text='歡迎來到本次的實驗\n\n請按"空白鍵"開始實驗', units='height', win=Window(...), wrapWidth=1)
13.4529 	EXP 	Created textblank1000 = TextStim(__class__=<class 'psychopy.visual.text.TextStim'>, alignHoriz=method-wrapper(...), alignText='center', alignVert=method-wrapper(...), anchorHoriz='center', anchorVert='center', antialias=True, autoDraw=False, autoLog=True, bold=False, color=array([1, 1, 1]), colorSpace='rgb', contrast=1.0, depth=0.0, flipHoriz=False, flipVert=False, font='Open Sans', fontFiles=[], height=0.05, italic=False, languageStyle='LTR', name='textblank1000', opacity=1.0, ori=0.0, pos=array([0., 0.]), rgb=UNKNOWN, text='+', units='height', win=Window(...), wrapWidth=1)
13.4645 	EXP 	Created emopic = ImageStim(__class__=<class 'psychopy.visual.image.ImageStim'>, anchor=('center', 'center'), autoLog=True, color=array([1, 1, 1]), colorSpace='rgb', contrast=1.0, depth=0.0, flipHoriz=False, flipVert=False, image='sin', interpolate=True, mask=None, maskParams=None, name='emopic', opacity=1.0, ori=0.0, pos=array([0., 0.]), size=array([1., 1.]), texRes=128.0, units='height', win=Window(...))
13.4652 	EXP 	Created textreproductionstart = TextStim(__class__=<class 'psychopy.visual.text.TextStim'>, alignHoriz=method-wrapper(...), alignText='center', alignVert=method-wrapper(...), anchorHoriz='center', anchorVert='center', antialias=True, autoDraw=False, autoLog=True, bold=False, color=array([1, 1, 1]), colorSpace='rgb', contrast=1.0, depth=0.0, flipHoriz=False, flipVert=False, font='Open Sans', fontFiles=[], height=0.05, italic=False, languageStyle='LTR', name='textreproductionstart', opacity=1.0, ori=0.0, pos=array([0., 0.]), rgb=UNKNOWN, text='', units='height', win=Window(...), wrapWidth=1)
13.4734 	EXP 	window1: mouseVisible = True
13.8676 	EXP 	Created scale = Slider(__class__=<class 'psychopy.visual.slider.Slider'>, autoDraw=False, autoLog=True, borderColor=None, color=None, colorSpace='rgb', depth=-1, fillColor=None, flip=False, font='Open Sans', granularity=0.0, labelColor=None, labelHeight=0.05, labelWrapWidth=None, labels=list(...), lineColor=None, markerColor=None, name='scale', opacity=None, ori=0.0, pos=array([ 0. , -0.4]), readOnly=False, self=UNKNOWN, size=array([1.3 , 0.03]), startValue=None, style='rating', styleTweaks=[], ticks=ndarray(...), units='height', win=Window(...))
13.9011 	EXP 	Created textEndMessage = TextStim(__class__=<class 'psychopy.visual.text.TextStim'>, alignHoriz=method-wrapper(...), alignText='center', alignVert=method-wrapper(...), anchorHoriz='center', anchorVert='center', antialias=True, autoDraw=False, autoLog=True, bold=False, color=array([1, 1, 1]), colorSpace='rgb', contrast=1.0, depth=0.0, flipHoriz=False, flipVert=False, font='Open Sans', fontFiles=[], height=0.05, italic=False, languageStyle='LTR', name='textEndMessage', opacity=1.0, ori=0.0, pos=array([0., 0.]), rgb=UNKNOWN, text='本次實驗到此結束\n\n感謝您的參與', units='height', win=Window(...), wrapWidth=1)
13.9146 	EXP 	scale: autoLog = True
13.9146 	EXP 	scale: markerPos = None
13.9146 	EXP 	scale: styleTweaks = []
13.9146 	EXP 	scale: styleTweaks = []
13.9146 	EXP 	scale: styleTweaks = []
13.9146 	EXP 	scale: styleTweaks = []
13.9146 	EXP 	scale: contrast = 1.0
13.9146 	EXP 	scale: autoLog = True
13.9146 	EXP 	textWelcomeMessage: autoDraw = True
16.9367 	EXP 	Imported pic_condition.xlsx as conditions, 4 conditions, 2 params
16.9372 	EXP 	Created sequence: random, trialTypes=4, nReps=1, seed=None
16.9376 	EXP 	New trial (rep=0, index=0): {'emo_pic': 'emo_pic\\rdt-20210516-0143118280534424875981353.jpg', 'duration': 5}
16.9461 	EXP 	textWelcomeMessage: autoDraw = False
16.9461 	EXP 	textblank1000: autoDraw = True
16.9925 	DATA 	KeyPress:  
19.1745 	EXP 	textblank1000: autoDraw = False
19.1745 	EXP 	textblank1000: autoDraw = False
19.1745 	EXP 	emopic: image = 'emo_pic\\rdt-20210516-0143118280534424875981353.jpg'
19.1745 	EXP 	emopic: autoDraw = True
24.2690 	EXP 	emopic: autoDraw = False
24.2690 	EXP 	emopic: autoDraw = False
24.2690 	EXP 	textreproductionstart: height = 0.05
24.2690 	EXP 	textreproductionstart: height = 0.05
24.2690 	EXP 	textreproductionstart: height = 0.05
24.2690 	EXP 	textreproductionstart: text = '時間估計作業\n請透過滑鼠將刺激呈現時間點在以下量尺中\n按下空白鍵進入下一題'
24.2690 	EXP 	scale: markerPos = None
24.2690 	EXP 	scale: markerPos = None
24.2690 	EXP 	textreproductionstart: autoDraw = True
24.2690 	EXP 	scale: autoDraw = True
32.8427 	DATA 	Mouse: Left button down, pos=(260,210)
32.8601 	EXP 	scale: markerPos = 0.3272604588394068
32.8809 	EXP 	scale: markerPos = 0.3272604588394068
32.9047 	EXP 	scale: markerPos = 0.3272604588394068
32.9302 	EXP 	scale: markerPos = 0.3272604588394068
32.9536 	EXP 	scale: markerPos = 0.3272604588394068
32.9786 	EXP 	scale: markerPos = 0.3272604588394068
33.0071 	EXP 	scale: markerPos = 0.3272604588394068
33.0331 	EXP 	scale: markerPos = 0.3272604588394068
33.0585 	EXP 	scale: markerPos = 0.3272604588394068
33.0786 	EXP 	scale: markerPos = 0.3272604588394068
33.0981 	EXP 	scale: markerPos = 0.3272604588394068
33.1197 	EXP 	scale: markerPos = 0.3272604588394068
33.1424 	EXP 	scale: markerPos = 0.36521592442645134
33.1631 	EXP 	scale: markerPos = 0.4917341430499328
33.1833 	EXP 	scale: markerPos = 0.6140350877192985
33.2034 	EXP 	scale: markerPos = 0.6730769230769235
33.2274 	EXP 	scale: markerPos = 0.7068151147098523
33.2504 	EXP 	scale: markerPos = 0.7953778677462892
33.2727 	EXP 	scale: markerPos = 0.9893724696356276
33.2916 	EXP 	scale: markerPos = 1.061066126855601
33.3128 	EXP 	scale: markerPos = 1.1707152496626183
33.3317 	EXP 	scale: markerPos = 1.280364372469636
33.3495 	EXP 	scale: markerPos = 1.3815789473684215
33.3709 	EXP 	scale: markerPos = 1.5629217273954121
33.3901 	EXP 	scale: markerPos = 1.7358299595141702
33.4103 	EXP 	scale: markerPos = 1.8412618083670718
33.4314 	EXP 	scale: markerPos = 2.119601889338732
33.4492 	EXP 	scale: markerPos = 2.427462887989204
33.4705 	EXP 	scale: markerPos = 2.4780701754385968
33.4905 	EXP 	scale: markerPos = 2.6172402159244266
33.5122 	EXP 	scale: markerPos = 2.6720647773279356
33.5336 	EXP 	scale: markerPos = 2.7311066126855605
33.5524 	EXP 	scale: markerPos = 2.9208839406207825
33.5726 	EXP 	scale: markerPos = 3.0895748987854255
33.5938 	EXP 	scale: markerPos = 3.3173076923076925
33.6131 	EXP 	scale: markerPos = 3.4438259109311744
33.6347 	EXP 	scale: markerPos = 3.5281713900134952
33.6549 	EXP 	scale: markerPos = 3.595647773279352
33.6732 	EXP 	scale: markerPos = 3.6420377867746287
33.6970 	EXP 	scale: markerPos = 3.68421052631579
33.7180 	EXP 	scale: markerPos = 3.72638326585695
33.7383 	EXP 	scale: markerPos = 3.7938596491228074
33.7599 	EXP 	scale: markerPos = 3.8992914979757085
33.7815 	EXP 	scale: markerPos = 4.097503373819164
33.8012 	EXP 	scale: markerPos = 4.392712550607287
33.8228 	EXP 	scale: markerPos = 4.5993589743589745
33.8428 	EXP 	scale: markerPos = 4.772267206477733
33.8628 	EXP 	scale: markerPos = 4.86082995951417
33.8836 	EXP 	scale: markerPos = 5.0
33.9041 	EXP 	scale: markerPos = 5.105431848852902
33.9255 	EXP 	scale: markerPos = 5.193994601889339
33.9479 	EXP 	scale: markerPos = 5.248819163292847
33.9693 	EXP 	scale: markerPos = 5.345816464237517
33.9882 	EXP 	scale: markerPos = 5.421727395411606
34.0094 	EXP 	scale: markerPos = 5.5187246963562755
34.0295 	EXP 	scale: markerPos = 5.548245614035087
34.0531 	EXP 	scale: markerPos = 5.569331983805668
34.0742 	EXP 	scale: markerPos = 5.607287449392713
34.0931 	EXP 	scale: markerPos = 5.674763832658569
34.1111 	EXP 	scale: markerPos = 5.71693657219973
34.1308 	EXP 	scale: markerPos = 5.71693657219973
34.1494 	EXP 	scale: markerPos = 5.729588394062079
34.1678 	EXP 	scale: markerPos = 5.729588394062079
34.1857 	EXP 	scale: markerPos = 5.729588394062079
34.2029 	EXP 	scale: markerPos = 5.729588394062079
34.2208 	EXP 	scale: markerPos = 5.729588394062079
34.2389 	EXP 	scale: markerPos = 5.729588394062079
34.2559 	EXP 	scale: markerPos = 5.729588394062079
34.2772 	EXP 	scale: markerPos = 5.721153846153846
34.2955 	EXP 	scale: markerPos = 5.712719298245615
34.3135 	EXP 	scale: markerPos = 5.704284750337382
34.3332 	EXP 	scale: markerPos = 5.704284750337382
34.3530 	EXP 	scale: markerPos = 5.683198380566802
34.3740 	EXP 	scale: markerPos = 5.628373819163293
34.3957 	EXP 	scale: markerPos = 5.548245614035087
34.4164 	EXP 	scale: markerPos = 5.480769230769232
34.4364 	EXP 	scale: markerPos = 5.442813765182186
34.4594 	EXP 	scale: markerPos = 5.4090755735492575
34.4802 	EXP 	scale: markerPos = 5.392206477732794
34.4997 	EXP 	scale: markerPos = 5.383771929824562
34.5202 	EXP 	scale: markerPos = 5.371120107962213
34.5421 	EXP 	scale: markerPos = 5.354251012145749
34.5631 	EXP 	scale: markerPos = 5.312078272604587
34.5843 	EXP 	scale: markerPos = 5.2952091767881235
34.6037 	EXP 	scale: markerPos = 5.265688259109311
34.6235 	EXP 	scale: markerPos = 5.244601889338732
34.6406 	EXP 	scale: markerPos = 5.244601889338732
34.6600 	EXP 	scale: markerPos = 5.244601889338732
34.6802 	EXP 	scale: markerPos = 5.236167341430499
34.6996 	EXP 	scale: markerPos = 5.219298245614034
34.7196 	EXP 	scale: markerPos = 5.206646423751687
34.7379 	EXP 	scale: markerPos = 5.198211875843455
34.7583 	EXP 	scale: markerPos = 5.198211875843455
34.7769 	EXP 	scale: markerPos = 5.189777327935222
34.7962 	EXP 	scale: markerPos = 5.1813427800269904
34.8156 	EXP 	scale: markerPos = 5.1813427800269904
34.8345 	EXP 	scale: markerPos = 5.1813427800269904
34.8534 	EXP 	scale: markerPos = 5.1813427800269904
34.8720 	EXP 	scale: markerPos = 5.1813427800269904
34.8912 	EXP 	scale: markerPos = 5.1813427800269904
34.9086 	EXP 	scale: markerPos = 5.1813427800269904
34.9273 	EXP 	scale: markerPos = 5.1813427800269904
34.9477 	EXP 	scale: markerPos = 5.1813427800269904
34.9706 	EXP 	scale: markerPos = 5.1686909581646425
34.9895 	EXP 	scale: markerPos = 5.1686909581646425
35.0069 	EXP 	scale: markerPos = 5.1686909581646425
35.0258 	EXP 	scale: markerPos = 5.1686909581646425
35.0444 	EXP 	scale: markerPos = 5.1686909581646425
35.0651 	EXP 	scale: markerPos = 5.1686909581646425
35.0860 	EXP 	scale: markerPos = 5.185560053981106
35.1082 	EXP 	scale: markerPos = 5.253036437246964
35.1277 	EXP 	scale: markerPos = 5.4132928475033735
35.1487 	EXP 	scale: markerPos = 5.451248313090419
35.1701 	EXP 	scale: markerPos = 5.480769230769232
35.1893 	EXP 	scale: markerPos = 5.510290148448043
35.2112 	EXP 	scale: markerPos = 5.531376518218623
35.2334 	EXP 	scale: markerPos = 5.560897435897436
35.2560 	EXP 	scale: markerPos = 5.590418353576249
35.2751 	EXP 	scale: markerPos = 5.632591093117409
35.2977 	EXP 	scale: markerPos = 5.6494601889338725
35.3200 	EXP 	scale: markerPos = 5.670546558704453
35.3390 	EXP 	scale: markerPos = 5.687415654520917
35.3583 	EXP 	scale: markerPos = 5.729588394062079
35.3803 	EXP 	scale: markerPos = 5.771761133603239
35.4028 	EXP 	scale: markerPos = 5.801282051282051
35.4293 	EXP 	scale: markerPos = 5.8645411605937925
35.4503 	EXP 	scale: markerPos = 5.927800269905533
35.4701 	EXP 	scale: markerPos = 5.978407557354926
35.4893 	EXP 	scale: markerPos = 6.007928475033738
35.5098 	EXP 	scale: markerPos = 6.050101214574899
35.5316 	EXP 	scale: markerPos = 6.092273954116059
35.5524 	EXP 	scale: markerPos = 6.109143049932523
35.5709 	EXP 	scale: markerPos = 6.130229419703104
35.5899 	EXP 	scale: markerPos = 6.130229419703104
35.6081 	EXP 	scale: markerPos = 6.138663967611336
35.6312 	EXP 	scale: markerPos = 6.159750337381916
35.6520 	EXP 	scale: markerPos = 6.189271255060729
35.6711 	EXP 	scale: markerPos = 6.19770580296896
35.6887 	EXP 	scale: markerPos = 6.19770580296896
35.7079 	EXP 	scale: markerPos = 6.19770580296896
35.7255 	EXP 	scale: markerPos = 6.19770580296896
35.7428 	EXP 	scale: markerPos = 6.19770580296896
35.7613 	EXP 	scale: markerPos = 6.19770580296896
35.7801 	EXP 	scale: markerPos = 6.19770580296896
35.7992 	EXP 	scale: markerPos = 6.19770580296896
35.8188 	EXP 	scale: markerPos = 6.19770580296896
35.8378 	EXP 	scale: markerPos = 6.19770580296896
35.8563 	EXP 	scale: markerPos = 6.19770580296896
35.8739 	EXP 	scale: markerPos = 6.19770580296896
35.8923 	EXP 	scale: markerPos = 6.19770580296896
35.9112 	EXP 	scale: markerPos = 6.19770580296896
35.9321 	EXP 	scale: markerPos = 6.19770580296896
35.9530 	EXP 	scale: markerPos = 6.260964912280702
35.9746 	EXP 	scale: markerPos = 6.357962213225371
35.9963 	EXP 	scale: markerPos = 6.421221322537112
36.0171 	EXP 	scale: markerPos = 6.442307692307692
36.0356 	EXP 	scale: markerPos = 6.480263157894736
36.0545 	EXP 	scale: markerPos = 6.488697705802968
36.0743 	EXP 	scale: markerPos = 6.509784075573549
36.0941 	EXP 	scale: markerPos = 6.539304993252362
36.1155 	EXP 	scale: markerPos = 6.568825910931174
36.1381 	EXP 	scale: markerPos = 6.598346828609987
36.1583 	EXP 	scale: markerPos = 6.644736842105264
36.1787 	EXP 	scale: markerPos = 6.644736842105264
36.1982 	EXP 	scale: markerPos = 6.6784750337381915
36.2174 	EXP 	scale: markerPos = 6.6869095816464235
36.2385 	EXP 	scale: markerPos = 6.703778677462888
36.2610 	EXP 	scale: markerPos = 6.716430499325236
36.2813 	EXP 	scale: markerPos = 6.745951417004048
36.3024 	EXP 	scale: markerPos = 6.754385964912281
36.3222 	EXP 	scale: markerPos = 6.771255060728745
36.3423 	EXP 	scale: markerPos = 6.800775978407557
36.3634 	EXP 	scale: markerPos = 6.821862348178137
36.3863 	EXP 	scale: markerPos = 6.864035087719298
36.4086 	EXP 	scale: markerPos = 6.914642375168691
36.4297 	EXP 	scale: markerPos = 6.952597840755735
36.4525 	EXP 	scale: markerPos = 6.965249662618084
36.4743 	EXP 	scale: markerPos = 7.015856950067477
36.4954 	EXP 	scale: markerPos = 7.079116059379218
36.5157 	EXP 	scale: markerPos = 7.138157894736842
36.5362 	EXP 	scale: markerPos = 7.176113360323885
36.5579 	EXP 	scale: markerPos = 7.2056342780027
36.5821 	EXP 	scale: markerPos = 7.235155195681511
36.6018 	EXP 	scale: markerPos = 7.277327935222671
36.6207 	EXP 	scale: markerPos = 7.298414304993253
36.6414 	EXP 	scale: markerPos = 7.327935222672064
36.6613 	EXP 	scale: markerPos = 7.357456140350878
36.6794 	EXP 	scale: markerPos = 7.3785425101214575
36.7014 	EXP 	scale: markerPos = 7.395411605937921
36.7224 	EXP 	scale: markerPos = 7.424932523616734
36.7419 	EXP 	scale: markerPos = 7.454453441295547
36.7614 	EXP 	scale: markerPos = 7.496626180836707
36.7855 	EXP 	scale: markerPos = 7.589406207827261
36.8071 	EXP 	scale: markerPos = 7.762314439946019
36.8300 	EXP 	scale: markerPos = 7.84665991902834
36.8527 	EXP 	scale: markerPos = 7.9689608636977045
36.8743 	EXP 	scale: markerPos = 8.078609986504723
36.8963 	EXP 	scale: markerPos = 8.137651821862349
36.9183 	EXP 	scale: markerPos = 8.230431848852902
36.9413 	EXP 	scale: markerPos = 8.302125506072874
36.9628 	EXP 	scale: markerPos = 8.44551282051282
36.9845 	EXP 	scale: markerPos = 8.504554655870445
37.0070 	EXP 	scale: markerPos = 8.538292847503373
37.0320 	EXP 	scale: markerPos = 8.593117408906883
37.0533 	EXP 	scale: markerPos = 8.694331983805668
37.0747 	EXP 	scale: markerPos = 8.736504723346828
37.0977 	EXP 	scale: markerPos = 8.787112010796221
37.1178 	EXP 	scale: markerPos = 8.829284750337381
37.1384 	EXP 	scale: markerPos = 8.879892037786774
37.1584 	EXP 	scale: markerPos = 8.922064777327934
37.1797 	EXP 	scale: markerPos = 8.993758434547907
37.2032 	EXP 	scale: markerPos = 9.08653846153846
37.2359 	EXP 	scale: markerPos = 9.18353576248313
37.2570 	EXP 	scale: markerPos = 9.331140350877192
37.2792 	EXP 	scale: markerPos = 9.390182186234817
37.3000 	EXP 	scale: markerPos = 9.49561403508772
37.3210 	EXP 	scale: markerPos = 9.60104588394062
37.3421 	EXP 	scale: markerPos = 9.710695006747638
37.3593 	EXP 	scale: markerPos = 9.757085020242915
37.3803 	EXP 	scale: markerPos = 9.757085020242915
37.4015 	EXP 	scale: markerPos = 9.765519568151147
37.4217 	EXP 	scale: markerPos = 9.773954116059379
37.4414 	EXP 	scale: markerPos = 9.773954116059379
37.4601 	EXP 	scale: markerPos = 9.773954116059379
37.4803 	EXP 	scale: markerPos = 9.773954116059379
37.5029 	EXP 	scale: markerPos = 9.78238866396761
37.5229 	EXP 	scale: markerPos = 9.803475033738192
37.5430 	EXP 	scale: markerPos = 9.811909581646423
37.5619 	EXP 	scale: markerPos = 9.82456140350877
37.5810 	EXP 	scale: markerPos = 9.82456140350877
37.5994 	EXP 	scale: markerPos = 9.82456140350877
37.6185 	EXP 	scale: markerPos = 9.82456140350877
37.6371 	EXP 	scale: markerPos = 9.82456140350877
37.6558 	EXP 	scale: markerPos = 9.82456140350877
37.6769 	EXP 	scale: markerPos = 9.82456140350877
37.6989 	EXP 	scale: markerPos = 9.769736842105264
37.7199 	EXP 	scale: markerPos = 9.664304993252362
37.7431 	EXP 	scale: markerPos = 9.415485829959513
37.7627 	EXP 	scale: markerPos = 9.14136302294197
37.7834 	EXP 	scale: markerPos = 8.79976383265857
37.8024 	EXP 	scale: markerPos = 8.458164642375168
37.8229 	EXP 	scale: markerPos = 8.458164642375168
37.8441 	EXP 	scale: markerPos = 8.074392712550607
37.8649 	EXP 	scale: markerPos = 7.467105263157894
37.8856 	EXP 	scale: markerPos = 7.058029689608637
37.9086 	EXP 	scale: markerPos = 6.627867746288798
37.9305 	EXP 	scale: markerPos = 6.357962213225371
37.9524 	EXP 	scale: markerPos = 6.176619433198381
37.9759 	EXP 	scale: markerPos = 6.024797570850202
38.0001 	EXP 	scale: markerPos = 5.915148448043185
38.0275 	EXP 	scale: markerPos = 5.624156545209177
38.0497 	EXP 	scale: markerPos = 5.421727395411606
38.0717 	EXP 	scale: markerPos = 5.269905533063428
38.0919 	EXP 	scale: markerPos = 5.143387314439946
38.1135 	EXP 	scale: markerPos = 5.02108636977058
38.1380 	EXP 	scale: markerPos = 4.919871794871796
38.1594 	EXP 	scale: markerPos = 4.692139001349528
38.1810 	EXP 	scale: markerPos = 4.434885290148448
38.2026 	EXP 	scale: markerPos = 4.202935222672065
38.2232 	EXP 	scale: markerPos = 4.084851551956815
38.2486 	EXP 	scale: markerPos = 3.928812415654521
38.2692 	EXP 	scale: markerPos = 3.7896423751686914
38.2908 	EXP 	scale: markerPos = 3.68421052631579
38.3134 	EXP 	scale: markerPos = 3.6125168690958165
38.3337 	EXP 	scale: markerPos = 3.4986504723346834
38.3545 	EXP 	scale: markerPos = 3.4564777327935223
38.3756 	EXP 	scale: markerPos = 3.376349527665318
38.3960 	EXP 	scale: markerPos = 3.359480431848853
38.4156 	EXP 	scale: markerPos = 3.3383940620782724
38.4351 	EXP 	scale: markerPos = 3.3383940620782724
38.4562 	DATA 	Mouse:  Left button up, pos=(970,170)
38.4698 	EXP 	scale: markerPos = 3.3299595141700404
38.4888 	EXP 	scale: markerPos = 3.3299595141700404
39.3409 	DATA 	Keypress: escape
39.9438 	EXP 	window1: mouseVisible = True
