3.7470 	WARNING 	Font Manager failed to load file C:\Users\jimmy\AppData\Local\Microsoft\Windows\Fonts\文鼎古印體.TTF
3.7497 	WARNING 	Font Manager failed to load file C:\Users\jimmy\AppData\Local\Microsoft\Windows\Fonts\複製 -DFFN.TTC
3.8065 	WARNING 	Font Manager failed to load file C:\Users\jimmy\AppData\Local\Microsoft\Windows\Fonts\文鼎粗行楷.TTF
3.8584 	WARNING 	Font Manager failed to load file C:\Users\jimmy\AppData\Local\Microsoft\Windows\Fonts\華康超特明體(P).ttc
3.8600 	WARNING 	Font Manager failed to load file C:\Users\jimmy\AppData\Local\Microsoft\Windows\Fonts\文鼎勘亭.TTF
3.8908 	WARNING 	Font Manager failed to load file C:\Users\jimmy\AppData\Local\Microsoft\Windows\Fonts\wp010-08王漢宗中楷體注音.ttf
3.9675 	WARNING 	Font Manager failed to load file C:\Users\jimmy\AppData\Local\Microsoft\Windows\Fonts\華康童童體(P).TTC
3.9851 	WARNING 	Font Manager failed to load file C:\Users\jimmy\AppData\Local\Microsoft\Windows\Fonts\文鼎新藝體.TTF
4.0070 	WARNING 	Font Manager failed to load file C:\Users\jimmy\AppData\Local\Microsoft\Windows\Fonts\華康超特黑體(P).ttc
4.0239 	WARNING 	Font Manager failed to load file C:\Users\jimmy\AppData\Local\Microsoft\Windows\Fonts\華康娃娃體.TTC
4.0307 	WARNING 	Font Manager failed to load file C:\Users\jimmy\AppData\Local\Microsoft\Windows\Fonts\文鼎花瓣體.TTF
4.0452 	WARNING 	Font Manager failed to load file C:\Users\jimmy\AppData\Local\Microsoft\Windows\Fonts\複製 -DFFN_0.TTC
4.1013 	WARNING 	Font Manager failed to load file C:\Users\jimmy\AppData\Local\Microsoft\Windows\Fonts\文鼎海報體.TTF
4.1223 	WARNING 	Font Manager failed to load file C:\Users\jimmy\AppData\Local\Microsoft\Windows\Fonts\wp010-05王漢宗中明體注音.ttf
4.2195 	WARNING 	Font Manager failed to load file C:\Users\jimmy\AppData\Local\Microsoft\Windows\Fonts\華康超特圓體(P).ttc
4.6061 	WARNING 	Font Manager failed to load file C:\Users\jimmy\AppData\Local\Microsoft\Windows\Fonts\文鼎古印體.TTF
4.6087 	WARNING 	Font Manager failed to load file C:\Users\jimmy\AppData\Local\Microsoft\Windows\Fonts\複製 -DFFN.TTC
4.6635 	WARNING 	Font Manager failed to load file C:\Users\jimmy\AppData\Local\Microsoft\Windows\Fonts\文鼎粗行楷.TTF
4.7151 	WARNING 	Font Manager failed to load file C:\Users\jimmy\AppData\Local\Microsoft\Windows\Fonts\華康超特明體(P).ttc
4.7165 	WARNING 	Font Manager failed to load file C:\Users\jimmy\AppData\Local\Microsoft\Windows\Fonts\文鼎勘亭.TTF
4.7450 	WARNING 	Font Manager failed to load file C:\Users\jimmy\AppData\Local\Microsoft\Windows\Fonts\wp010-08王漢宗中楷體注音.ttf
4.8199 	WARNING 	Font Manager failed to load file C:\Users\jimmy\AppData\Local\Microsoft\Windows\Fonts\華康童童體(P).TTC
4.8353 	WARNING 	Font Manager failed to load file C:\Users\jimmy\AppData\Local\Microsoft\Windows\Fonts\文鼎新藝體.TTF
4.8507 	WARNING 	Font Manager failed to load file C:\Users\jimmy\AppData\Local\Microsoft\Windows\Fonts\華康超特黑體(P).ttc
4.8662 	WARNING 	Font Manager failed to load file C:\Users\jimmy\AppData\Local\Microsoft\Windows\Fonts\華康娃娃體.TTC
4.8728 	WARNING 	Font Manager failed to load file C:\Users\jimmy\AppData\Local\Microsoft\Windows\Fonts\文鼎花瓣體.TTF
4.8871 	WARNING 	Font Manager failed to load file C:\Users\jimmy\AppData\Local\Microsoft\Windows\Fonts\複製 -DFFN_0.TTC
4.9603 	WARNING 	Font Manager failed to load file C:\Users\jimmy\AppData\Local\Microsoft\Windows\Fonts\文鼎海報體.TTF
4.9841 	WARNING 	Font Manager failed to load file C:\Users\jimmy\AppData\Local\Microsoft\Windows\Fonts\wp010-05王漢宗中明體注音.ttf
5.0881 	WARNING 	Font Manager failed to load file C:\Users\jimmy\AppData\Local\Microsoft\Windows\Fonts\華康超特圓體(P).ttc
8.1759 	WARNING 	User requested fullscreen with size [1024  768], but screen is actually [2736, 1824]. Using actual size
10.0356 	EXP 	Created window1 = Window(allowGUI=True, allowStencil=False, autoLog=True, backendConf=UNKNOWN, bitsMode=UNKNOWN, blendMode='avg', bpc=(8, 8, 8), color=array([0, 0, 0]), colorSpace='rgb', depthBits=8, fullscr=<method-wrapper '__getattribute__' of attributeSetter object at 0x000001DC47AD1F40>, gamma=None, gammaErrorPolicy='raise', lms=UNKNOWN, monitor=<psychopy.monitors.calibTools.Monitor object at 0x000001DC48B91DF0>, multiSample=False, name='window1', numSamples=2, pos=(0, 0), screen=0, size=array([2736, 1824]), stencilBits=0, stereo=False, units='height', useFBO=True, useRetina=False, viewOri=0.0, viewPos=None, viewScale=None, waitBlanking=True, winType='pyglet')
10.0358 	EXP 	window1: mouseVisible = True
10.0361 	EXP 	window1: mouseVisible = False
10.0361 	EXP 	window1: Attempting to measure frame rate of screen (0) ...
10.0362 	EXP 	window1: recordFrameIntervals = False
10.2015 	EXP 	window1: recordFrameIntervals = True
10.3846 	EXP 	Screen (0) actual frame rate measured at 60.31Hz
10.3846 	EXP 	window1: recordFrameIntervals = False
13.5007 	EXP 	Created textWelcomeMessage = TextStim(__class__=<class 'psychopy.visual.text.TextStim'>, alignHoriz=method-wrapper(...), alignText='center', alignVert=method-wrapper(...), anchorHoriz='center', anchorVert='center', antialias=True, autoDraw=False, autoLog=True, bold=False, color=array([1, 1, 1]), colorSpace='rgb', contrast=1.0, depth=0.0, flipHoriz=False, flipVert=False, font='Open Sans', fontFiles=[], height=0.05, italic=False, languageStyle='LTR', name='textWelcomeMessage', opacity=1.0, ori=0.0, pos=array([0., 0.]), rgb=UNKNOWN, text='歡迎來到本次的實驗\n\n請按"空白鍵"開始實驗', units='height', win=Window(...), wrapWidth=1)
13.5067 	EXP 	Created textblank1000 = TextStim(__class__=<class 'psychopy.visual.text.TextStim'>, alignHoriz=method-wrapper(...), alignText='center', alignVert=method-wrapper(...), anchorHoriz='center', anchorVert='center', antialias=True, autoDraw=False, autoLog=True, bold=False, color=array([1, 1, 1]), colorSpace='rgb', contrast=1.0, depth=0.0, flipHoriz=False, flipVert=False, font='Open Sans', fontFiles=[], height=0.05, italic=False, languageStyle='LTR', name='textblank1000', opacity=1.0, ori=0.0, pos=array([0., 0.]), rgb=UNKNOWN, text='+', units='height', win=Window(...), wrapWidth=1)
13.5175 	EXP 	Created emopic = ImageStim(__class__=<class 'psychopy.visual.image.ImageStim'>, anchor=('center', 'center'), autoLog=True, color=array([1, 1, 1]), colorSpace='rgb', contrast=1.0, depth=0.0, flipHoriz=False, flipVert=False, image='sin', interpolate=True, mask=None, maskParams=None, name='emopic', opacity=1.0, ori=0.0, pos=array([0., 0.]), size=array([1., 1.]), texRes=128.0, units='height', win=Window(...))
13.5183 	EXP 	Created textreproductionstart = TextStim(__class__=<class 'psychopy.visual.text.TextStim'>, alignHoriz=method-wrapper(...), alignText='center', alignVert=method-wrapper(...), anchorHoriz='center', anchorVert='center', antialias=True, autoDraw=False, autoLog=True, bold=False, color=array([1, 1, 1]), colorSpace='rgb', contrast=1.0, depth=0.0, flipHoriz=False, flipVert=False, font='Open Sans', fontFiles=[], height=0.05, italic=False, languageStyle='LTR', name='textreproductionstart', opacity=1.0, ori=0.0, pos=array([0., 0.]), rgb=UNKNOWN, text='', units='height', win=Window(...), wrapWidth=1)
13.5253 	EXP 	window1: mouseVisible = True
14.1009 	EXP 	Created scale = Slider(__class__=<class 'psychopy.visual.slider.Slider'>, autoDraw=False, autoLog=True, borderColor=None, color=None, colorSpace='rgb', depth=-1, fillColor=None, flip=False, font='Open Sans', granularity=0.0, labelColor=None, labelHeight=0.05, labelWrapWidth=None, labels=list(...), lineColor=None, markerColor=None, name='scale', opacity=None, ori=0.0, pos=array([ 0. , -0.2]), readOnly=False, self=UNKNOWN, size=array([1.3 , 0.03]), startValue=None, style='rating', styleTweaks=[], ticks=ndarray(...), units='height', win=Window(...))
14.1329 	EXP 	Created textEndMessage = TextStim(__class__=<class 'psychopy.visual.text.TextStim'>, alignHoriz=method-wrapper(...), alignText='center', alignVert=method-wrapper(...), anchorHoriz='center', anchorVert='center', antialias=True, autoDraw=False, autoLog=True, bold=False, color=array([1, 1, 1]), colorSpace='rgb', contrast=1.0, depth=0.0, flipHoriz=False, flipVert=False, font='Open Sans', fontFiles=[], height=0.05, italic=False, languageStyle='LTR', name='textEndMessage', opacity=1.0, ori=0.0, pos=array([0., 0.]), rgb=UNKNOWN, text='本次實驗到此結束\n\n感謝您的參與', units='height', win=Window(...), wrapWidth=1)
14.1461 	EXP 	scale: autoLog = True
14.1461 	EXP 	scale: markerPos = None
14.1461 	EXP 	scale: styleTweaks = []
14.1461 	EXP 	scale: styleTweaks = []
14.1461 	EXP 	scale: styleTweaks = []
14.1461 	EXP 	scale: styleTweaks = []
14.1461 	EXP 	scale: contrast = 1.0
14.1461 	EXP 	scale: autoLog = True
14.1461 	EXP 	textWelcomeMessage: autoDraw = True
15.7512 	EXP 	Imported pic_condition.xlsx as conditions, 4 conditions, 2 params
15.7517 	EXP 	Created sequence: random, trialTypes=4, nReps=1, seed=None
15.7519 	EXP 	New trial (rep=0, index=0): {'emo_pic': 'emo_pic\\rdt-20210516-0143118280534424875981353.jpg', 'duration': 5}
15.7564 	EXP 	textWelcomeMessage: autoDraw = False
15.7564 	EXP 	textblank1000: autoDraw = True
15.8144 	DATA 	KeyPress:  
16.0460 	DATA 	KeyPress:  
16.8287 	EXP 	textblank1000: autoDraw = False
16.8287 	EXP 	textblank1000: autoDraw = False
16.8287 	EXP 	emopic: image = 'emo_pic\\rdt-20210516-0143118280534424875981353.jpg'
16.8287 	EXP 	emopic: autoDraw = True
21.9211 	EXP 	emopic: autoDraw = False
21.9211 	EXP 	emopic: autoDraw = False
21.9211 	EXP 	textreproductionstart: height = 0.05
21.9211 	EXP 	textreproductionstart: height = 0.05
21.9211 	EXP 	textreproductionstart: height = 0.05
21.9211 	EXP 	textreproductionstart: text = '時間估計作業\n請透過滑鼠將刺激呈現時間點在以下量尺中\n按下空白鍵進入下一題'
21.9211 	EXP 	scale: markerPos = None
21.9211 	EXP 	scale: markerPos = None
21.9211 	EXP 	textreproductionstart: autoDraw = True
21.9211 	EXP 	scale: autoDraw = True
32.0746 	DATA 	Keypress: escape
32.8765 	EXP 	window1: mouseVisible = True
