6.9884 	WARNING 	User requested fullscreen with size [1536  864], but screen is actually [1920, 1080]. Using actual size
7.5034 	EXP 	Created window1 = Window(allowGUI=True, allowStencil=False, autoLog=True, backendConf=UNKNOWN, bitsMode=UNKNOWN, blendMode='avg', bpc=(8, 8, 8), color=array([0, 0, 0]), colorSpace='rgb', depthBits=8, fullscr=<method-wrapper '__getattribute__' of attributeSetter object at 0x000001FC9888EC70>, gamma=None, gammaErrorPolicy='raise', lms=UNKNOWN, monitor=<psychopy.monitors.calibTools.Monitor object at 0x000001FC9EB45E50>, multiSample=False, name='window1', numSamples=2, pos=(0, 0), screen=0, size=array([1920, 1080]), stencilBits=0, stereo=False, units='height', useFBO=True, useRetina=False, viewOri=0.0, viewPos=None, viewScale=None, waitBlanking=True, winType='pyglet')
7.5035 	EXP 	window1: mouseVisible = True
7.5036 	EXP 	window1: mouseVisible = False
7.5036 	EXP 	window1: Attempting to measure frame rate of screen (0) ...
7.5036 	EXP 	window1: recordFrameIntervals = False
7.6698 	EXP 	window1: recordFrameIntervals = True
7.8532 	EXP 	Screen (0) actual frame rate measured at 59.99Hz
7.8532 	EXP 	window1: recordFrameIntervals = False
9.5372 	EXP 	Created textreproductionstart = TextStim(__class__=<class 'psychopy.visual.text.TextStim'>, alignHoriz=method-wrapper(...), alignText='center', alignVert=method-wrapper(...), anchorHoriz='center', anchorVert='center', antialias=True, autoDraw=False, autoLog=True, bold=False, color=array([1, 1, 1]), colorSpace='rgb', contrast=1.0, depth=0.0, flipHoriz=False, flipVert=False, font='Open Sans', fontFiles=[], height=0.05, italic=False, languageStyle='LTR', name='textreproductionstart', opacity=1.0, ori=0.0, pos=array([0., 0.]), rgb=UNKNOWN, text='', units='height', win=Window(...), wrapWidth=1)
9.5410 	EXP 	window1: mouseVisible = True
9.6661 	EXP 	Created scale = Slider(__class__=<class 'psychopy.visual.slider.Slider'>, autoDraw=False, autoLog=True, borderColor=None, color=None, colorSpace='rgb', depth=-1, fillColor=None, flip=False, font='Open Sans', granularity=0.0, labelColor=None, labelHeight=0.04, labelWrapWidth=None, labels=list(...), lineColor=None, markerColor=None, name='scale', opacity=None, ori=0.0, pos=array([ 0. , -0.2]), readOnly=False, self=UNKNOWN, size=array([1.2 , 0.04]), startValue=None, style='rating', styleTweaks=['triangleMarker'], ticks=ndarray(...), units='height', win=Window(...))
9.7080 	EXP 	Created textWelcomeMessage = TextStim(__class__=<class 'psychopy.visual.text.TextStim'>, alignHoriz=method-wrapper(...), alignText='center', alignVert=method-wrapper(...), anchorHoriz='center', anchorVert='center', antialias=True, autoDraw=False, autoLog=True, bold=False, color=array([1, 1, 1]), colorSpace='rgb', contrast=1.0, depth=0.0, flipHoriz=False, flipVert=False, font='Open Sans', fontFiles=[], height=0.05, italic=False, languageStyle='LTR', name='textWelcomeMessage', opacity=1.0, ori=0.0, pos=array([0., 0.]), rgb=UNKNOWN, text='歡迎來到本次的實驗\n\n請按"空白鍵"開始實驗', units='height', win=Window(...), wrapWidth=1)
9.7104 	EXP 	Created textblank1000 = TextStim(__class__=<class 'psychopy.visual.text.TextStim'>, alignHoriz=method-wrapper(...), alignText='center', alignVert=method-wrapper(...), anchorHoriz='center', anchorVert='center', antialias=True, autoDraw=False, autoLog=True, bold=False, color=array([1, 1, 1]), colorSpace='rgb', contrast=1.0, depth=0.0, flipHoriz=False, flipVert=False, font='Open Sans', fontFiles=[], height=0.05, italic=False, languageStyle='LTR', name='textblank1000', opacity=1.0, ori=0.0, pos=array([0., 0.]), rgb=UNKNOWN, text='+', units='height', win=Window(...), wrapWidth=1)
9.7564 	EXP 	Sound sound_1 set volume 1.000
9.7611 	EXP 	Created image = ImageStim(__class__=<class 'psychopy.visual.image.ImageStim'>, anchor=('center', 'center'), autoLog=True, color=array([1, 1, 1]), colorSpace='rgb', contrast=1.0, depth=0.0, flipHoriz=False, flipVert=False, image='sin', interpolate=True, mask=None, maskParams=None, name='image', opacity=1.0, ori=0.0, pos=array([0., 0.]), size=array([0.95, 0.7 ]), texRes=128.0, units='height', win=Window(...))
9.7616 	EXP 	Created textreproductionstart = TextStim(__class__=<class 'psychopy.visual.text.TextStim'>, alignHoriz=method-wrapper(...), alignText='center', alignVert=method-wrapper(...), anchorHoriz='center', anchorVert='center', antialias=True, autoDraw=False, autoLog=True, bold=False, color=array([1, 1, 1]), colorSpace='rgb', contrast=1.0, depth=0.0, flipHoriz=False, flipVert=False, font='Open Sans', fontFiles=[], height=0.05, italic=False, languageStyle='LTR', name='textreproductionstart', opacity=1.0, ori=0.0, pos=array([0., 0.]), rgb=UNKNOWN, text='', units='height', win=Window(...), wrapWidth=1)
9.7634 	EXP 	window1: mouseVisible = True
9.8496 	EXP 	Created scale = Slider(__class__=<class 'psychopy.visual.slider.Slider'>, autoDraw=False, autoLog=True, borderColor=None, color=None, colorSpace='rgb', depth=-1, fillColor=None, flip=False, font='Open Sans', granularity=0.0, labelColor=None, labelHeight=0.04, labelWrapWidth=None, labels=list(...), lineColor=None, markerColor=None, name='scale', opacity=None, ori=0.0, pos=array([ 0. , -0.2]), readOnly=False, self=UNKNOWN, size=array([1.2 , 0.04]), startValue=None, style='rating', styleTweaks=['triangleMarker'], ticks=ndarray(...), units='height', win=Window(...))
9.8611 	EXP 	Created textrest = TextStim(__class__=<class 'psychopy.visual.text.TextStim'>, alignHoriz=method-wrapper(...), alignText='center', alignVert=method-wrapper(...), anchorHoriz='center', anchorVert='center', antialias=True, autoDraw=False, autoLog=True, bold=False, color=array([1, 1, 1]), colorSpace='rgb', contrast=1.0, depth=0.0, flipHoriz=False, flipVert=False, font='Open Sans', fontFiles=[], height=0.05, italic=False, languageStyle='LTR', name='textrest', opacity=1.0, ori=0.0, pos=array([0., 0.]), rgb=UNKNOWN, text='休息時間\n\n時間結束會自動進入下一題', units='height', win=Window(...), wrapWidth=1)
9.8642 	EXP 	Created textready = TextStim(__class__=<class 'psychopy.visual.text.TextStim'>, alignHoriz=method-wrapper(...), alignText='center', alignVert=method-wrapper(...), anchorHoriz='center', anchorVert='center', antialias=True, autoDraw=False, autoLog=True, bold=False, color=array([1, 1, 1]), colorSpace='rgb', contrast=1.0, depth=-1.0, flipHoriz=False, flipVert=False, font='Open Sans', fontFiles=[], height=0.05, italic=False, languageStyle='LTR', name='textready', opacity=1.0, ori=0.0, pos=array([0., 0.]), rgb=UNKNOWN, text='即將進入下一題', units='height', win=Window(...), wrapWidth=1)
9.8654 	EXP 	Sound sound_2 set volume 1.000
9.8741 	EXP 	Created text = TextStim(__class__=<class 'psychopy.visual.text.TextStim'>, alignHoriz=method-wrapper(...), alignText='center', alignVert=method-wrapper(...), anchorHoriz='center', anchorVert='center', antialias=True, autoDraw=False, autoLog=True, bold=False, color=array([1, 1, 1]), colorSpace='rgb', contrast=1.0, depth=0.0, flipHoriz=False, flipVert=False, font='Open Sans', fontFiles=[], height=0.05, italic=False, languageStyle='LTR', name='text', opacity=1.0, ori=0.0, pos=array([0., 0.]), rgb=UNKNOWN, text='練習階段結束\n\n準備好請按"空白鍵"開始正式階段', units='height', win=Window(...), wrapWidth=1)
9.8756 	EXP 	Created textblank1000 = TextStim(__class__=<class 'psychopy.visual.text.TextStim'>, alignHoriz=method-wrapper(...), alignText='center', alignVert=method-wrapper(...), anchorHoriz='center', anchorVert='center', antialias=True, autoDraw=False, autoLog=True, bold=False, color=array([1, 1, 1]), colorSpace='rgb', contrast=1.0, depth=0.0, flipHoriz=False, flipVert=False, font='Open Sans', fontFiles=[], height=0.05, italic=False, languageStyle='LTR', name='textblank1000', opacity=1.0, ori=0.0, pos=array([0., 0.]), rgb=UNKNOWN, text='+', units='height', win=Window(...), wrapWidth=1)
9.8766 	EXP 	Sound sound_1 set volume 1.000
9.8798 	EXP 	Created emopic = ImageStim(__class__=<class 'psychopy.visual.image.ImageStim'>, anchor=('center', 'center'), autoLog=True, color=array([1, 1, 1]), colorSpace='rgb', contrast=1.0, depth=0.0, flipHoriz=False, flipVert=False, image='sin', interpolate=True, mask=None, maskParams=None, name='emopic', opacity=1.0, ori=0.0, pos=array([0., 0.]), size=array([1., 1.]), texRes=128.0, units='height', win=Window(...))
9.8803 	EXP 	Created textreproductionstart = TextStim(__class__=<class 'psychopy.visual.text.TextStim'>, alignHoriz=method-wrapper(...), alignText='center', alignVert=method-wrapper(...), anchorHoriz='center', anchorVert='center', antialias=True, autoDraw=False, autoLog=True, bold=False, color=array([1, 1, 1]), colorSpace='rgb', contrast=1.0, depth=0.0, flipHoriz=False, flipVert=False, font='Open Sans', fontFiles=[], height=0.05, italic=False, languageStyle='LTR', name='textreproductionstart', opacity=1.0, ori=0.0, pos=array([0., 0.]), rgb=UNKNOWN, text='', units='height', win=Window(...), wrapWidth=1)
9.8820 	EXP 	window1: mouseVisible = True
9.9675 	EXP 	Created scale = Slider(__class__=<class 'psychopy.visual.slider.Slider'>, autoDraw=False, autoLog=True, borderColor=None, color=None, colorSpace='rgb', depth=-1, fillColor=None, flip=False, font='Open Sans', granularity=0.0, labelColor=None, labelHeight=0.04, labelWrapWidth=None, labels=list(...), lineColor=None, markerColor=None, name='scale', opacity=None, ori=0.0, pos=array([ 0. , -0.2]), readOnly=False, self=UNKNOWN, size=array([1.2 , 0.04]), startValue=None, style='rating', styleTweaks=['triangleMarker'], ticks=ndarray(...), units='height', win=Window(...))
9.9705 	EXP 	Created textrest = TextStim(__class__=<class 'psychopy.visual.text.TextStim'>, alignHoriz=method-wrapper(...), alignText='center', alignVert=method-wrapper(...), anchorHoriz='center', anchorVert='center', antialias=True, autoDraw=False, autoLog=True, bold=False, color=array([1, 1, 1]), colorSpace='rgb', contrast=1.0, depth=0.0, flipHoriz=False, flipVert=False, font='Open Sans', fontFiles=[], height=0.05, italic=False, languageStyle='LTR', name='textrest', opacity=1.0, ori=0.0, pos=array([0., 0.]), rgb=UNKNOWN, text='休息時間\n\n時間結束會自動進入下一題', units='height', win=Window(...), wrapWidth=1)
9.9723 	EXP 	Created textready = TextStim(__class__=<class 'psychopy.visual.text.TextStim'>, alignHoriz=method-wrapper(...), alignText='center', alignVert=method-wrapper(...), anchorHoriz='center', anchorVert='center', antialias=True, autoDraw=False, autoLog=True, bold=False, color=array([1, 1, 1]), colorSpace='rgb', contrast=1.0, depth=-1.0, flipHoriz=False, flipVert=False, font='Open Sans', fontFiles=[], height=0.05, italic=False, languageStyle='LTR', name='textready', opacity=1.0, ori=0.0, pos=array([0., 0.]), rgb=UNKNOWN, text='即將進入下一題', units='height', win=Window(...), wrapWidth=1)
9.9734 	EXP 	Sound sound_2 set volume 1.000
9.9810 	EXP 	Created textEndMessage = TextStim(__class__=<class 'psychopy.visual.text.TextStim'>, alignHoriz=method-wrapper(...), alignText='center', alignVert=method-wrapper(...), anchorHoriz='center', anchorVert='center', antialias=True, autoDraw=False, autoLog=True, bold=False, color=array([1, 1, 1]), colorSpace='rgb', contrast=1.0, depth=0.0, flipHoriz=False, flipVert=False, font='Open Sans', fontFiles=[], height=0.05, italic=False, languageStyle='LTR', name='textEndMessage', opacity=1.0, ori=0.0, pos=array([0., 0.]), rgb=UNKNOWN, text='本次實驗到此結束\n\n感謝您的參與', units='height', win=Window(...), wrapWidth=1)
10.0504 	EXP 	scale: autoLog = True
10.0504 	EXP 	scale: markerPos = None
10.0504 	EXP 	scale: styleTweaks = []
10.0504 	EXP 	scale: styleTweaks = []
10.0504 	EXP 	scale: styleTweaks = ['triangleMarker']
10.0504 	EXP 	scale: styleTweaks = ['triangleMarker']
10.0504 	EXP 	scale: contrast = 1.0
10.0504 	EXP 	scale: autoLog = True
10.0504 	EXP 	scale: autoLog = True
10.0504 	EXP 	scale: markerPos = None
10.0504 	EXP 	scale: styleTweaks = []
10.0504 	EXP 	scale: styleTweaks = []
10.0504 	EXP 	scale: styleTweaks = ['triangleMarker']
10.0504 	EXP 	scale: styleTweaks = ['triangleMarker']
10.0504 	EXP 	scale: contrast = 1.0
10.0504 	EXP 	scale: autoLog = True
10.0504 	EXP 	scale: autoLog = True
10.0504 	EXP 	scale: markerPos = None
10.0504 	EXP 	scale: styleTweaks = []
10.0504 	EXP 	scale: styleTweaks = []
10.0504 	EXP 	scale: styleTweaks = ['triangleMarker']
10.0504 	EXP 	scale: styleTweaks = ['triangleMarker']
10.0504 	EXP 	scale: contrast = 1.0
10.0504 	EXP 	scale: autoLog = True
10.0504 	EXP 	textreproductionstart: height = 0.05
10.0504 	EXP 	textreproductionstart: height = 0.05
10.0504 	EXP 	textreproductionstart: height = 0.05
10.0504 	EXP 	textreproductionstart: text = '時間估計作業\n\n請透過滑鼠將刺激呈現時間點在以下量尺中\n按下空白鍵進入下一題'
10.0504 	EXP 	scale: markerPos = None
10.0504 	EXP 	scale: markerPos = None
10.0504 	EXP 	textreproductionstart: autoDraw = True
10.0504 	EXP 	scale: autoDraw = True
435.9945 	DATA 	Mouse: Left button down, pos=(463,303)
436.0270 	EXP 	scale: markerPos = 1.7476851851851856
436.0604 	EXP 	scale: markerPos = 1.7476851851851856
436.0937 	EXP 	scale: markerPos = 1.7476851851851856
436.1270 	EXP 	scale: markerPos = 1.782407407407407
436.1604 	EXP 	scale: markerPos = 1.967592592592593
436.1937 	EXP 	scale: markerPos = 2.210648148148148
436.2270 	EXP 	scale: markerPos = 2.476851851851852
436.2604 	EXP 	scale: markerPos = 2.546296296296296
436.2937 	EXP 	scale: markerPos = 2.6041666666666665
436.3270 	EXP 	scale: markerPos = 2.627314814814815
436.3604 	EXP 	scale: markerPos = 2.627314814814815
436.3937 	EXP 	scale: markerPos = 2.627314814814815
436.4270 	EXP 	scale: markerPos = 2.627314814814815
436.4604 	EXP 	scale: markerPos = 2.627314814814815
436.4937 	EXP 	scale: markerPos = 2.5810185185185173
436.5270 	EXP 	scale: markerPos = 2.4189814814814814
436.5604 	EXP 	scale: markerPos = 2.303240740740741
436.5937 	EXP 	scale: markerPos = 2.291666666666667
436.6270 	EXP 	scale: markerPos = 2.291666666666667
436.6604 	EXP 	scale: markerPos = 2.291666666666667
436.6937 	EXP 	scale: markerPos = 2.2453703703703702
436.7270 	EXP 	scale: markerPos = 2.2453703703703702
436.7604 	EXP 	scale: markerPos = 2.2453703703703702
436.7937 	EXP 	scale: markerPos = 2.2453703703703702
436.8270 	EXP 	scale: markerPos = 2.2453703703703702
436.8603 	EXP 	scale: markerPos = 2.2222222222222223
436.8937 	EXP 	scale: markerPos = 2.199074074074074
436.9270 	EXP 	scale: markerPos = 2.152777777777778
436.9604 	EXP 	scale: markerPos = 2.0949074074074074
436.9937 	EXP 	scale: markerPos = 2.0717592592592595
437.0270 	EXP 	scale: markerPos = 2.0717592592592595
437.0604 	EXP 	scale: markerPos = 2.0717592592592595
437.0937 	EXP 	scale: markerPos = 2.0717592592592595
437.1270 	EXP 	scale: markerPos = 2.0717592592592595
437.1604 	EXP 	scale: markerPos = 2.0717592592592595
437.1937 	EXP 	scale: markerPos = 2.0717592592592595
437.2270 	EXP 	scale: markerPos = 2.0717592592592595
437.2434 	DATA 	Mouse:  Left button up, pos=(491,308)
437.2604 	EXP 	scale: markerPos = 2.0717592592592595
437.2937 	EXP 	scale: markerPos = 2.0717592592592595
536.0453 	EXP 	textreproductionstart: autoDraw = False
536.0453 	EXP 	scale: autoDraw = False
536.0453 	EXP 	textWelcomeMessage: autoDraw = True
536.0517 	DATA 	KeyPress:  
540.8336 	EXP 	Imported pink_con.xlsx as conditions, 3 conditions, 2 params
540.8340 	EXP 	Created sequence: random, trialTypes=3, nReps=1, seed=None
540.8342 	EXP 	New trial (rep=0, index=0): {'pink': 'pink.png', 'pra_duration': 2}
540.8454 	EXP 	Sound sound_1 started
540.8404 	DATA 	KeyPress:  
540.8453 	EXP 	textWelcomeMessage: autoDraw = False
540.8453 	EXP 	textblank1000: autoDraw = True
541.3853 	EXP 	Sound sound_1 reached end of file
541.9620 	EXP 	textblank1000: autoDraw = False
541.9620 	EXP 	textblank1000: autoDraw = False
541.9620 	EXP 	image: image = 'pink.png'
541.9620 	EXP 	image: autoDraw = True
543.9787 	EXP 	image: autoDraw = False
543.9787 	EXP 	image: autoDraw = False
543.9787 	EXP 	textreproductionstart: text = '時間估計作業\n\n請透過滑鼠將刺激呈現時間點在以下量尺中\n按下空白鍵進入下一題'
543.9787 	EXP 	scale: markerPos = None
543.9787 	EXP 	scale: markerPos = None
543.9787 	EXP 	textreproductionstart: autoDraw = True
543.9787 	EXP 	scale: autoDraw = True
547.7796 	DATA 	Mouse: Left button down, pos=(576,325)
547.8121 	EXP 	scale: markerPos = 3.055555555555556
547.8455 	EXP 	scale: markerPos = 3.055555555555556
547.8463 	DATA 	Mouse:  Left button up, pos=(576,325)
547.8788 	EXP 	scale: markerPos = 3.055555555555556
558.0956 	EXP 	textreproductionstart: autoDraw = False
558.0956 	EXP 	scale: autoDraw = False
558.0956 	EXP 	textrest: autoDraw = True
558.1008 	DATA 	KeyPress:  
583.0793 	EXP 	Sound sound_2 started
583.0793 	EXP 	textready: autoDraw = True
583.0960 	EXP 	textrest: autoDraw = False
583.6180 	EXP 	Sound sound_2 reached end of file
588.0632 	EXP 	New trial (rep=0, index=1): {'pink': 'pink.png', 'pra_duration': 6}
588.0794 	EXP 	Sound sound_1 started
588.0794 	EXP 	textready: autoDraw = False
588.0794 	EXP 	textrest: autoDraw = False
588.0794 	EXP 	textready: autoDraw = False
588.0794 	EXP 	textblank1000: autoDraw = True
588.6184 	EXP 	Sound sound_1 reached end of file
589.1127 	EXP 	textblank1000: autoDraw = False
589.1127 	EXP 	textblank1000: autoDraw = False
589.1127 	EXP 	image: image = 'pink.png'
589.1127 	EXP 	image: autoDraw = True
595.1295 	EXP 	image: autoDraw = False
595.1295 	EXP 	image: autoDraw = False
595.1295 	EXP 	textreproductionstart: text = '時間估計作業\n\n請透過滑鼠將刺激呈現時間點在以下量尺中\n按下空白鍵進入下一題'
595.1295 	EXP 	scale: markerPos = None
595.1295 	EXP 	scale: markerPos = None
595.1295 	EXP 	textreproductionstart: autoDraw = True
595.1295 	EXP 	scale: autoDraw = True
598.0449 	DATA 	Mouse: Left button down, pos=(920,321)
598.0962 	EXP 	scale: markerPos = 7.037037037037036
598.1127 	DATA 	Mouse:  Left button up, pos=(920,321)
598.1296 	EXP 	scale: markerPos = 7.037037037037036
598.1629 	EXP 	scale: markerPos = 7.037037037037036
610.8464 	EXP 	textreproductionstart: autoDraw = False
610.8464 	EXP 	scale: autoDraw = False
610.8464 	EXP 	textrest: autoDraw = True
610.8515 	DATA 	KeyPress:  
635.8302 	EXP 	Sound sound_2 started
635.8302 	EXP 	textready: autoDraw = True
635.8468 	EXP 	textrest: autoDraw = False
636.3692 	EXP 	Sound sound_2 reached end of file
640.8140 	EXP 	New trial (rep=0, index=2): {'pink': 'pink.png', 'pra_duration': 4}
640.8302 	EXP 	Sound sound_1 started
640.8302 	EXP 	textready: autoDraw = False
640.8302 	EXP 	textrest: autoDraw = False
640.8302 	EXP 	textready: autoDraw = False
640.8302 	EXP 	textblank1000: autoDraw = True
641.3692 	EXP 	Sound sound_1 reached end of file
641.8636 	EXP 	textblank1000: autoDraw = False
641.8636 	EXP 	textblank1000: autoDraw = False
641.8636 	EXP 	image: image = 'pink.png'
641.8636 	EXP 	image: autoDraw = True
645.8803 	EXP 	image: autoDraw = False
645.8803 	EXP 	image: autoDraw = False
645.8803 	EXP 	textreproductionstart: text = '時間估計作業\n\n請透過滑鼠將刺激呈現時間點在以下量尺中\n按下空白鍵進入下一題'
645.8803 	EXP 	scale: markerPos = None
645.8803 	EXP 	scale: markerPos = None
645.8803 	EXP 	textreproductionstart: autoDraw = True
645.8803 	EXP 	scale: autoDraw = True
648.7627 	DATA 	Mouse: Left button down, pos=(832,327)
648.8137 	EXP 	scale: markerPos = 6.018518518518519
648.8301 	DATA 	Mouse:  Left button up, pos=(832,327)
648.8471 	EXP 	scale: markerPos = 6.018518518518519
648.8804 	EXP 	scale: markerPos = 6.018518518518519
658.8884 	DATA 	KeyPress:  
658.8972 	EXP 	textreproductionstart: autoDraw = False
658.8972 	EXP 	scale: autoDraw = False
658.8972 	EXP 	textrest: autoDraw = True
683.8809 	EXP 	Sound sound_2 started
683.8809 	EXP 	textready: autoDraw = True
683.8976 	EXP 	textrest: autoDraw = False
684.4203 	EXP 	Sound sound_2 reached end of file
688.8810 	EXP 	textready: autoDraw = False
688.8810 	EXP 	textrest: autoDraw = False
688.8810 	EXP 	textready: autoDraw = False
688.8810 	EXP 	text: autoDraw = True
691.9527 	EXP 	Imported pic_condition.xlsx as conditions, 20 conditions, 2 params
691.9532 	EXP 	Created sequence: random, trialTypes=20, nReps=1, seed=None
691.9534 	EXP 	New trial (rep=0, index=0): {'emo_pic': 'emo_pic\\pnegative_low_6010.jpg', 'duration': 3}
691.9643 	EXP 	Sound sound_1 started
691.9595 	DATA 	KeyPress:  
691.9644 	EXP 	text: autoDraw = False
691.9644 	EXP 	textblank1000: autoDraw = True
692.5054 	EXP 	Sound sound_1 reached end of file
693.0147 	EXP 	textblank1000: autoDraw = False
693.0147 	EXP 	textblank1000: autoDraw = False
693.0147 	EXP 	emopic: image = 'emo_pic\\pnegative_low_6010.jpg'
693.0147 	EXP 	emopic: autoDraw = True
696.0308 	EXP 	emopic: autoDraw = False
696.0308 	EXP 	emopic: autoDraw = False
696.0308 	EXP 	textreproductionstart: text = '時間估計作業\n\n請透過滑鼠將刺激呈現時間點在以下量尺中\n按下空白鍵進入下一題'
696.0308 	EXP 	scale: markerPos = None
696.0308 	EXP 	scale: markerPos = None
696.0308 	EXP 	textreproductionstart: autoDraw = True
696.0308 	EXP 	scale: autoDraw = True
698.7985 	DATA 	Mouse: Left button down, pos=(658,324)
698.8310 	EXP 	scale: markerPos = 4.004629629629629
698.8644 	EXP 	scale: markerPos = 4.004629629629629
698.8651 	DATA 	Mouse:  Left button up, pos=(658,324)
698.8977 	EXP 	scale: markerPos = 4.004629629629629
704.2052 	DATA 	KeyPress:  
704.2146 	EXP 	textreproductionstart: autoDraw = False
704.2146 	EXP 	scale: autoDraw = False
704.2146 	EXP 	textrest: autoDraw = True
729.1983 	EXP 	Sound sound_2 started
729.1983 	EXP 	textready: autoDraw = True
729.2150 	EXP 	textrest: autoDraw = False
729.7375 	EXP 	Sound sound_2 reached end of file
734.1821 	EXP 	New trial (rep=0, index=1): {'emo_pic': 'emo_pic\\pneutral_7950.jpg', 'duration': 7}
734.1984 	EXP 	Sound sound_1 started
734.1984 	EXP 	textready: autoDraw = False
734.1984 	EXP 	textrest: autoDraw = False
734.1984 	EXP 	textready: autoDraw = False
734.1984 	EXP 	textblank1000: autoDraw = True
734.7374 	EXP 	Sound sound_1 reached end of file
735.2151 	EXP 	textblank1000: autoDraw = False
735.2151 	EXP 	textblank1000: autoDraw = False
735.2151 	EXP 	emopic: image = 'emo_pic\\pneutral_7950.jpg'
735.2151 	EXP 	emopic: autoDraw = True
742.2314 	EXP 	emopic: autoDraw = False
742.2314 	EXP 	emopic: autoDraw = False
742.2314 	EXP 	textreproductionstart: text = '時間估計作業\n\n請透過滑鼠將刺激呈現時間點在以下量尺中\n按下空白鍵進入下一題'
742.2314 	EXP 	scale: markerPos = None
742.2314 	EXP 	scale: markerPos = None
742.2314 	EXP 	textreproductionstart: autoDraw = True
742.2314 	EXP 	scale: autoDraw = True
745.4634 	DATA 	Mouse: Left button down, pos=(1265,324)
745.4981 	EXP 	scale: markerPos = 11.030092592592592
745.5145 	DATA 	Mouse:  Left button up, pos=(1265,324)
745.5314 	EXP 	scale: markerPos = 11.030092592592592
745.5648 	EXP 	scale: markerPos = 11.030092592592592
749.7983 	EXP 	textreproductionstart: autoDraw = False
749.7983 	EXP 	scale: autoDraw = False
749.7983 	EXP 	textrest: autoDraw = True
749.8037 	DATA 	KeyPress:  
774.7824 	EXP 	Sound sound_2 started
774.7824 	EXP 	textready: autoDraw = True
774.7990 	EXP 	textrest: autoDraw = False
775.3217 	EXP 	Sound sound_2 reached end of file
779.7661 	EXP 	New trial (rep=0, index=2): {'emo_pic': 'emo_pic\\positive_low_2314.jpg', 'duration': 5}
779.7824 	EXP 	Sound sound_1 started
779.7824 	EXP 	textready: autoDraw = False
779.7824 	EXP 	textrest: autoDraw = False
779.7824 	EXP 	textready: autoDraw = False
779.7824 	EXP 	textblank1000: autoDraw = True
780.3258 	EXP 	Sound sound_1 reached end of file
780.8158 	EXP 	textblank1000: autoDraw = False
780.8158 	EXP 	textblank1000: autoDraw = False
780.8158 	EXP 	emopic: image = 'emo_pic\\positive_low_2314.jpg'
780.8158 	EXP 	emopic: autoDraw = True
785.8321 	EXP 	emopic: autoDraw = False
785.8321 	EXP 	emopic: autoDraw = False
785.8321 	EXP 	textreproductionstart: text = '時間估計作業\n\n請透過滑鼠將刺激呈現時間點在以下量尺中\n按下空白鍵進入下一題'
785.8321 	EXP 	scale: markerPos = None
785.8321 	EXP 	scale: markerPos = None
785.8321 	EXP 	textreproductionstart: autoDraw = True
785.8321 	EXP 	scale: autoDraw = True
788.4807 	DATA 	Mouse: Left button down, pos=(1004,324)
788.5155 	EXP 	scale: markerPos = 8.00925925925926
788.5488 	EXP 	scale: markerPos = 8.00925925925926
788.5496 	DATA 	Mouse:  Left button up, pos=(1004,324)
788.5821 	EXP 	scale: markerPos = 8.00925925925926
796.4060 	DATA 	KeyPress:  
796.4156 	EXP 	textreproductionstart: autoDraw = False
796.4156 	EXP 	scale: autoDraw = False
796.4156 	EXP 	textrest: autoDraw = True
821.3997 	EXP 	Sound sound_2 started
821.3998 	EXP 	textready: autoDraw = True
821.4164 	EXP 	textrest: autoDraw = False
821.9389 	EXP 	Sound sound_2 reached end of file
826.3836 	EXP 	New trial (rep=0, index=3): {'emo_pic': 'emo_pic\\pnegative_low_9331.jpg', 'duration': 1}
826.3998 	EXP 	Sound sound_1 started
826.3998 	EXP 	textready: autoDraw = False
826.3998 	EXP 	textrest: autoDraw = False
826.3998 	EXP 	textready: autoDraw = False
826.3998 	EXP 	textblank1000: autoDraw = True
826.9390 	EXP 	Sound sound_1 reached end of file
827.4165 	EXP 	textblank1000: autoDraw = False
827.4165 	EXP 	textblank1000: autoDraw = False
827.4165 	EXP 	emopic: image = 'emo_pic\\pnegative_low_9331.jpg'
827.4165 	EXP 	emopic: autoDraw = True
828.4331 	EXP 	emopic: autoDraw = False
828.4331 	EXP 	emopic: autoDraw = False
828.4331 	EXP 	textreproductionstart: text = '時間估計作業\n\n請透過滑鼠將刺激呈現時間點在以下量尺中\n按下空白鍵進入下一題'
828.4331 	EXP 	scale: markerPos = None
828.4331 	EXP 	scale: markerPos = None
828.4331 	EXP 	textreproductionstart: autoDraw = True
828.4331 	EXP 	scale: autoDraw = True
832.6673 	DATA 	Mouse: Left button down, pos=(398,322)
832.6998 	EXP 	scale: markerPos = 0.9953703703703707
832.7331 	EXP 	scale: markerPos = 0.9953703703703707
832.7496 	DATA 	Mouse:  Left button up, pos=(398,322)
832.7665 	EXP 	scale: markerPos = 0.9953703703703707
832.7998 	EXP 	scale: markerPos = 0.9953703703703707
837.8069 	DATA 	KeyPress:  
837.8165 	EXP 	textreproductionstart: autoDraw = False
837.8165 	EXP 	scale: autoDraw = False
837.8165 	EXP 	textrest: autoDraw = True
862.8004 	EXP 	Sound sound_2 started
862.8004 	EXP 	textready: autoDraw = True
862.8170 	EXP 	textrest: autoDraw = False
863.3394 	EXP 	Sound sound_2 reached end of file
867.7842 	EXP 	New trial (rep=0, index=4): {'emo_pic': 'emo_pic\\pnegative_high_1120.jpg', 'duration': 7}
867.8005 	EXP 	Sound sound_1 started
867.8005 	EXP 	textready: autoDraw = False
867.8005 	EXP 	textrest: autoDraw = False
867.8005 	EXP 	textready: autoDraw = False
867.8005 	EXP 	textblank1000: autoDraw = True
868.3402 	EXP 	Sound sound_1 reached end of file
868.8171 	EXP 	textblank1000: autoDraw = False
868.8171 	EXP 	textblank1000: autoDraw = False
868.8171 	EXP 	emopic: image = 'emo_pic\\pnegative_high_1120.jpg'
868.8171 	EXP 	emopic: autoDraw = True
875.8335 	EXP 	emopic: autoDraw = False
875.8335 	EXP 	emopic: autoDraw = False
875.8335 	EXP 	textreproductionstart: text = '時間估計作業\n\n請透過滑鼠將刺激呈現時間點在以下量尺中\n按下空白鍵進入下一題'
875.8335 	EXP 	scale: markerPos = None
875.8335 	EXP 	scale: markerPos = None
875.8335 	EXP 	textreproductionstart: autoDraw = True
875.8335 	EXP 	scale: autoDraw = True
879.3824 	DATA 	Mouse: Left button down, pos=(1349,322)
879.4169 	EXP 	scale: markerPos = 12.002314814814813
879.4502 	EXP 	scale: markerPos = 12.002314814814813
879.4510 	DATA 	Mouse:  Left button up, pos=(1349,322)
879.4836 	EXP 	scale: markerPos = 12.002314814814813
896.4577 	DATA 	KeyPress:  
896.4671 	EXP 	textreproductionstart: autoDraw = False
896.4671 	EXP 	scale: autoDraw = False
896.4671 	EXP 	textrest: autoDraw = True
921.4513 	EXP 	Sound sound_2 started
921.4513 	EXP 	textready: autoDraw = True
921.4679 	EXP 	textrest: autoDraw = False
921.9907 	EXP 	Sound sound_2 reached end of file
926.4351 	EXP 	New trial (rep=0, index=5): {'emo_pic': 'emo_pic\\positive_low_7325.jpg', 'duration': 3}
926.4514 	EXP 	Sound sound_1 started
926.4514 	EXP 	textready: autoDraw = False
926.4514 	EXP 	textrest: autoDraw = False
926.4514 	EXP 	textready: autoDraw = False
926.4514 	EXP 	textblank1000: autoDraw = True
926.9909 	EXP 	Sound sound_1 reached end of file
927.4681 	EXP 	textblank1000: autoDraw = False
927.4681 	EXP 	textblank1000: autoDraw = False
927.4681 	EXP 	emopic: image = 'emo_pic\\positive_low_7325.jpg'
927.4681 	EXP 	emopic: autoDraw = True
930.4844 	EXP 	emopic: autoDraw = False
930.4844 	EXP 	emopic: autoDraw = False
930.4844 	EXP 	textreproductionstart: text = '時間估計作業\n\n請透過滑鼠將刺激呈現時間點在以下量尺中\n按下空白鍵進入下一題'
930.4844 	EXP 	scale: markerPos = None
930.4844 	EXP 	scale: markerPos = None
930.4844 	EXP 	textreproductionstart: autoDraw = True
930.4844 	EXP 	scale: autoDraw = True
933.8498 	DATA 	Mouse: Left button down, pos=(749,316)
933.8844 	EXP 	scale: markerPos = 5.05787037037037
933.9177 	EXP 	scale: markerPos = 5.05787037037037
933.9185 	DATA 	Mouse:  Left button up, pos=(749,316)
933.9511 	EXP 	scale: markerPos = 5.05787037037037
945.7250 	DATA 	KeyPress:  
945.7346 	EXP 	textreproductionstart: autoDraw = False
945.7346 	EXP 	scale: autoDraw = False
945.7346 	EXP 	textrest: autoDraw = True
970.7188 	EXP 	Sound sound_2 started
970.7188 	EXP 	textready: autoDraw = True
970.7354 	EXP 	textrest: autoDraw = False
971.2580 	EXP 	Sound sound_2 reached end of file
975.7026 	EXP 	New trial (rep=0, index=6): {'emo_pic': 'emo_pic\\pneutral_7100.jpg', 'duration': 3}
975.7189 	EXP 	Sound sound_1 started
975.7189 	EXP 	textready: autoDraw = False
975.7189 	EXP 	textrest: autoDraw = False
975.7189 	EXP 	textready: autoDraw = False
975.7189 	EXP 	textblank1000: autoDraw = True
976.2581 	EXP 	Sound sound_1 reached end of file
976.7522 	EXP 	textblank1000: autoDraw = False
976.7522 	EXP 	textblank1000: autoDraw = False
976.7522 	EXP 	emopic: image = 'emo_pic\\pneutral_7100.jpg'
976.7522 	EXP 	emopic: autoDraw = True
979.7685 	EXP 	emopic: autoDraw = False
979.7685 	EXP 	emopic: autoDraw = False
979.7685 	EXP 	textreproductionstart: text = '時間估計作業\n\n請透過滑鼠將刺激呈現時間點在以下量尺中\n按下空白鍵進入下一題'
979.7685 	EXP 	scale: markerPos = None
979.7685 	EXP 	scale: markerPos = None
979.7685 	EXP 	textreproductionstart: autoDraw = True
979.7685 	EXP 	scale: autoDraw = True
981.4505 	DATA 	Mouse: Left button down, pos=(749,316)
981.4852 	EXP 	scale: markerPos = 5.05787037037037
981.5185 	EXP 	scale: markerPos = 5.05787037037037
981.5194 	DATA 	Mouse:  Left button up, pos=(749,316)
981.5518 	EXP 	scale: markerPos = 5.05787037037037
993.5927 	DATA 	KeyPress:  
993.6020 	EXP 	textreproductionstart: autoDraw = False
993.6020 	EXP 	scale: autoDraw = False
993.6020 	EXP 	textrest: autoDraw = True
1018.5862 	EXP 	Sound sound_2 started
1018.5862 	EXP 	textready: autoDraw = True
1018.6029 	EXP 	textrest: autoDraw = False
1019.1256 	EXP 	Sound sound_2 reached end of file
1023.5700 	EXP 	New trial (rep=0, index=7): {'emo_pic': 'emo_pic\\pnegative_low_2520.jpg', 'duration': 5}
1023.5863 	EXP 	Sound sound_1 started
1023.5863 	EXP 	textready: autoDraw = False
1023.5863 	EXP 	textrest: autoDraw = False
1023.5863 	EXP 	textready: autoDraw = False
1023.5863 	EXP 	textblank1000: autoDraw = True
1024.1259 	EXP 	Sound sound_1 reached end of file
1024.6030 	EXP 	textblank1000: autoDraw = False
1024.6030 	EXP 	textblank1000: autoDraw = False
1024.6030 	EXP 	emopic: image = 'emo_pic\\pnegative_low_2520.jpg'
1024.6030 	EXP 	emopic: autoDraw = True
1029.6193 	EXP 	emopic: autoDraw = False
1029.6193 	EXP 	emopic: autoDraw = False
1029.6193 	EXP 	textreproductionstart: text = '時間估計作業\n\n請透過滑鼠將刺激呈現時間點在以下量尺中\n按下空白鍵進入下一題'
1029.6193 	EXP 	scale: markerPos = None
1029.6193 	EXP 	scale: markerPos = None
1029.6193 	EXP 	textreproductionstart: autoDraw = True
1029.6193 	EXP 	scale: autoDraw = True
1032.8847 	DATA 	Mouse: Left button down, pos=(926,324)
1032.9194 	EXP 	scale: markerPos = 7.106481481481481
1032.9359 	DATA 	Mouse:  Left button up, pos=(926,324)
1032.9527 	EXP 	scale: markerPos = 7.106481481481481
1032.9860 	EXP 	scale: markerPos = 7.106481481481481
1035.0015 	DATA 	Mouse: Left button down, pos=(918,323)
1035.0361 	EXP 	scale: markerPos = 7.013888888888889
1035.0694 	EXP 	scale: markerPos = 7.013888888888889
1035.1027 	EXP 	scale: markerPos = 7.013888888888889
1035.1035 	DATA 	Mouse:  Left button up, pos=(918,323)
1035.1361 	EXP 	scale: markerPos = 7.013888888888889
1047.0696 	EXP 	textreproductionstart: autoDraw = False
1047.0696 	EXP 	scale: autoDraw = False
1047.0696 	EXP 	textrest: autoDraw = True
1047.0748 	DATA 	KeyPress:  
1072.0538 	EXP 	Sound sound_2 started
1072.0538 	EXP 	textready: autoDraw = True
1072.0705 	EXP 	textrest: autoDraw = False
1072.5960 	EXP 	Sound sound_2 reached end of file
1077.0376 	EXP 	New trial (rep=0, index=8): {'emo_pic': 'emo_pic\\pnegative_low_2100.jpg', 'duration': 7}
1077.0539 	EXP 	Sound sound_1 started
1077.0539 	EXP 	textready: autoDraw = False
1077.0539 	EXP 	textrest: autoDraw = False
1077.0539 	EXP 	textready: autoDraw = False
1077.0539 	EXP 	textblank1000: autoDraw = True
1077.5960 	EXP 	Sound sound_1 reached end of file
1078.0705 	EXP 	textblank1000: autoDraw = False
1078.0705 	EXP 	textblank1000: autoDraw = False
1078.0705 	EXP 	emopic: image = 'emo_pic\\pnegative_low_2100.jpg'
1078.0705 	EXP 	emopic: autoDraw = True
1085.0871 	EXP 	emopic: autoDraw = False
1085.0871 	EXP 	emopic: autoDraw = False
1085.0871 	EXP 	textreproductionstart: text = '時間估計作業\n\n請透過滑鼠將刺激呈現時間點在以下量尺中\n按下空白鍵進入下一題'
1085.0871 	EXP 	scale: markerPos = None
1085.0871 	EXP 	scale: markerPos = None
1085.0871 	EXP 	textreproductionstart: autoDraw = True
1085.0871 	EXP 	scale: autoDraw = True
1088.2026 	DATA 	Mouse: Left button down, pos=(1196,323)
1088.2539 	EXP 	scale: markerPos = 10.231481481481483
1088.2872 	EXP 	scale: markerPos = 10.231481481481483
1088.2880 	DATA 	Mouse:  Left button up, pos=(1196,323)
1088.3206 	EXP 	scale: markerPos = 10.231481481481483
1091.3028 	DATA 	Mouse: Left button down, pos=(1181,325)
1091.3539 	EXP 	scale: markerPos = 10.05787037037037
1091.3873 	EXP 	scale: markerPos = 10.05787037037037
1091.4037 	DATA 	Mouse:  Left button up, pos=(1181,325)
1091.4206 	EXP 	scale: markerPos = 10.05787037037037
1091.4539 	EXP 	scale: markerPos = 10.05787037037037
1102.9374 	EXP 	textreproductionstart: autoDraw = False
1102.9374 	EXP 	scale: autoDraw = False
1102.9374 	EXP 	textrest: autoDraw = True
1102.9432 	DATA 	KeyPress:  
1127.9213 	EXP 	Sound sound_2 started
1127.9214 	EXP 	textready: autoDraw = True
1127.9380 	EXP 	textrest: autoDraw = False
1128.4605 	EXP 	Sound sound_2 reached end of file
1132.9051 	EXP 	New trial (rep=0, index=9): {'emo_pic': 'emo_pic\\positive_high_8300.jpg', 'duration': 3}
1132.9214 	EXP 	Sound sound_1 started
1132.9214 	EXP 	textready: autoDraw = False
1132.9214 	EXP 	textrest: autoDraw = False
1132.9214 	EXP 	textready: autoDraw = False
1132.9214 	EXP 	textblank1000: autoDraw = True
1133.4609 	EXP 	Sound sound_1 reached end of file
1133.9380 	EXP 	textblank1000: autoDraw = False
1133.9380 	EXP 	textblank1000: autoDraw = False
1133.9380 	EXP 	emopic: image = 'emo_pic\\positive_high_8300.jpg'
1133.9380 	EXP 	emopic: autoDraw = True
1136.9544 	EXP 	emopic: autoDraw = False
1136.9544 	EXP 	emopic: autoDraw = False
1136.9544 	EXP 	textreproductionstart: text = '時間估計作業\n\n請透過滑鼠將刺激呈現時間點在以下量尺中\n按下空白鍵進入下一題'
1136.9544 	EXP 	scale: markerPos = None
1136.9544 	EXP 	scale: markerPos = None
1136.9544 	EXP 	textreproductionstart: autoDraw = True
1136.9544 	EXP 	scale: autoDraw = True
1140.2363 	DATA 	Mouse: Left button down, pos=(780,328)
1140.2711 	EXP 	scale: markerPos = 5.416666666666667
1140.3044 	EXP 	scale: markerPos = 5.416666666666667
1140.3052 	DATA 	Mouse:  Left button up, pos=(780,328)
1140.3378 	EXP 	scale: markerPos = 5.416666666666667
1149.2954 	DATA 	KeyPress:  
1149.3046 	EXP 	textreproductionstart: autoDraw = False
1149.3046 	EXP 	scale: autoDraw = False
1149.3046 	EXP 	textrest: autoDraw = True
1174.2884 	EXP 	Sound sound_2 started
1174.2884 	EXP 	textready: autoDraw = True
1174.3051 	EXP 	textrest: autoDraw = False
1174.8281 	EXP 	Sound sound_2 reached end of file
1179.2726 	EXP 	New trial (rep=0, index=10): {'emo_pic': 'emo_pic\\positive_high_8370.jpg', 'duration': 7}
1179.2888 	EXP 	Sound sound_1 started
1179.2888 	EXP 	textready: autoDraw = False
1179.2888 	EXP 	textrest: autoDraw = False
1179.2888 	EXP 	textready: autoDraw = False
1179.2888 	EXP 	textblank1000: autoDraw = True
1179.8279 	EXP 	Sound sound_1 reached end of file
1180.3222 	EXP 	textblank1000: autoDraw = False
1180.3222 	EXP 	textblank1000: autoDraw = False
1180.3222 	EXP 	emopic: image = 'emo_pic\\positive_high_8370.jpg'
1180.3222 	EXP 	emopic: autoDraw = True
1187.3385 	EXP 	emopic: autoDraw = False
1187.3385 	EXP 	emopic: autoDraw = False
1187.3385 	EXP 	textreproductionstart: text = '時間估計作業\n\n請透過滑鼠將刺激呈現時間點在以下量尺中\n按下空白鍵進入下一題'
1187.3385 	EXP 	scale: markerPos = None
1187.3385 	EXP 	scale: markerPos = None
1187.3385 	EXP 	textreproductionstart: autoDraw = True
1187.3385 	EXP 	scale: autoDraw = True
1191.3207 	DATA 	Mouse: Left button down, pos=(1132,324)
1191.3552 	EXP 	scale: markerPos = 9.49074074074074
1191.3886 	EXP 	scale: markerPos = 9.49074074074074
1191.3894 	DATA 	Mouse:  Left button up, pos=(1132,324)
1191.4219 	EXP 	scale: markerPos = 9.49074074074074
1201.6294 	DATA 	KeyPress:  
1201.6387 	EXP 	textreproductionstart: autoDraw = False
1201.6387 	EXP 	scale: autoDraw = False
1201.6387 	EXP 	textrest: autoDraw = True
1226.6226 	EXP 	Sound sound_2 started
1226.6226 	EXP 	textready: autoDraw = True
1226.6392 	EXP 	textrest: autoDraw = False
1227.1614 	EXP 	Sound sound_2 reached end of file
1231.6067 	EXP 	New trial (rep=0, index=11): {'emo_pic': 'emo_pic\\pnegative_high_1300.jpg', 'duration': 3}
1231.6230 	EXP 	Sound sound_1 started
1231.6230 	EXP 	textready: autoDraw = False
1231.6230 	EXP 	textrest: autoDraw = False
1231.6230 	EXP 	textready: autoDraw = False
1231.6230 	EXP 	textblank1000: autoDraw = True
1232.1659 	EXP 	Sound sound_1 reached end of file
1232.6397 	EXP 	textblank1000: autoDraw = False
1232.6397 	EXP 	textblank1000: autoDraw = False
1232.6397 	EXP 	emopic: image = 'emo_pic\\pnegative_high_1300.jpg'
1232.6397 	EXP 	emopic: autoDraw = True
1235.6560 	EXP 	emopic: autoDraw = False
1235.6560 	EXP 	emopic: autoDraw = False
1235.6560 	EXP 	textreproductionstart: text = '時間估計作業\n\n請透過滑鼠將刺激呈現時間點在以下量尺中\n按下空白鍵進入下一題'
1235.6560 	EXP 	scale: markerPos = None
1235.6560 	EXP 	scale: markerPos = None
1235.6560 	EXP 	textreproductionstart: autoDraw = True
1235.6560 	EXP 	scale: autoDraw = True
1238.8546 	DATA 	Mouse: Left button down, pos=(609,324)
1238.8893 	EXP 	scale: markerPos = 3.4375000000000004
1238.9227 	EXP 	scale: markerPos = 3.4375000000000004
1238.9389 	DATA 	Mouse:  Left button up, pos=(609,324)
1238.9560 	EXP 	scale: markerPos = 3.4375000000000004
1238.9893 	EXP 	scale: markerPos = 3.4375000000000004
1257.5967 	DATA 	KeyPress:  
1257.6063 	EXP 	textreproductionstart: autoDraw = False
1257.6063 	EXP 	scale: autoDraw = False
1257.6063 	EXP 	textrest: autoDraw = True
1282.5905 	EXP 	Sound sound_2 started
1282.5905 	EXP 	textready: autoDraw = True
1282.6071 	EXP 	textrest: autoDraw = False
1283.1298 	EXP 	Sound sound_2 reached end of file
1287.5743 	EXP 	New trial (rep=0, index=12): {'emo_pic': 'emo_pic\\pnegative_high_6230.jpg', 'duration': 1}
1287.5906 	EXP 	Sound sound_1 started
1287.5906 	EXP 	textready: autoDraw = False
1287.5906 	EXP 	textrest: autoDraw = False
1287.5906 	EXP 	textready: autoDraw = False
1287.5906 	EXP 	textblank1000: autoDraw = True
1288.1292 	EXP 	Sound sound_1 reached end of file
1288.6072 	EXP 	textblank1000: autoDraw = False
1288.6072 	EXP 	textblank1000: autoDraw = False
1288.6072 	EXP 	emopic: image = 'emo_pic\\pnegative_high_6230.jpg'
1288.6072 	EXP 	emopic: autoDraw = True
1289.6238 	EXP 	emopic: autoDraw = False
1289.6238 	EXP 	emopic: autoDraw = False
1289.6238 	EXP 	textreproductionstart: text = '時間估計作業\n\n請透過滑鼠將刺激呈現時間點在以下量尺中\n按下空白鍵進入下一題'
1289.6238 	EXP 	scale: markerPos = None
1289.6238 	EXP 	scale: markerPos = None
1289.6238 	EXP 	textreproductionstart: autoDraw = True
1289.6238 	EXP 	scale: autoDraw = True
1292.9247 	DATA 	Mouse: Left button down, pos=(429,325)
1292.9572 	EXP 	scale: markerPos = 1.354166666666667
1292.9905 	EXP 	scale: markerPos = 1.354166666666667
1292.9913 	DATA 	Mouse:  Left button up, pos=(429,325)
1293.0238 	EXP 	scale: markerPos = 1.354166666666667
1312.8313 	DATA 	KeyPress:  
1312.8408 	EXP 	textreproductionstart: autoDraw = False
1312.8408 	EXP 	scale: autoDraw = False
1312.8408 	EXP 	textrest: autoDraw = True
1337.8247 	EXP 	Sound sound_2 started
1337.8247 	EXP 	textready: autoDraw = True
1337.8414 	EXP 	textrest: autoDraw = False
1338.3658 	EXP 	Sound sound_2 reached end of file
1342.8085 	EXP 	New trial (rep=0, index=13): {'emo_pic': 'emo_pic\\positive_low_2156.jpg', 'duration': 7}
1342.8248 	EXP 	Sound sound_1 started
1342.8248 	EXP 	textready: autoDraw = False
1342.8248 	EXP 	textrest: autoDraw = False
1342.8248 	EXP 	textready: autoDraw = False
1342.8248 	EXP 	textblank1000: autoDraw = True
1343.3661 	EXP 	Sound sound_1 reached end of file
1343.8414 	EXP 	textblank1000: autoDraw = False
1343.8414 	EXP 	textblank1000: autoDraw = False
1343.8414 	EXP 	emopic: image = 'emo_pic\\positive_low_2156.jpg'
1343.8414 	EXP 	emopic: autoDraw = True
1350.8578 	EXP 	emopic: autoDraw = False
1350.8578 	EXP 	emopic: autoDraw = False
1350.8578 	EXP 	textreproductionstart: text = '時間估計作業\n\n請透過滑鼠將刺激呈現時間點在以下量尺中\n按下空白鍵進入下一題'
1350.8578 	EXP 	scale: markerPos = None
1350.8578 	EXP 	scale: markerPos = None
1350.8578 	EXP 	textreproductionstart: autoDraw = True
1350.8578 	EXP 	scale: autoDraw = True
1354.4237 	DATA 	Mouse: Left button down, pos=(1304,323)
1354.4579 	EXP 	scale: markerPos = 11.481481481481483
1354.4912 	EXP 	scale: markerPos = 11.481481481481483
1354.4920 	DATA 	Mouse:  Left button up, pos=(1304,323)
1354.5245 	EXP 	scale: markerPos = 11.481481481481483
1359.6653 	DATA 	KeyPress:  
1359.6746 	EXP 	textreproductionstart: autoDraw = False
1359.6746 	EXP 	scale: autoDraw = False
1359.6746 	EXP 	textrest: autoDraw = True
1384.6588 	EXP 	Sound sound_2 started
1384.6588 	EXP 	textready: autoDraw = True
1384.6754 	EXP 	textrest: autoDraw = False
1385.1983 	EXP 	Sound sound_2 reached end of file
1389.6426 	EXP 	New trial (rep=0, index=14): {'emo_pic': 'emo_pic\\positive_low_7340.jpg', 'duration': 1}
1389.6589 	EXP 	Sound sound_1 started
1389.6589 	EXP 	textready: autoDraw = False
1389.6589 	EXP 	textrest: autoDraw = False
1389.6589 	EXP 	textready: autoDraw = False
1389.6589 	EXP 	textblank1000: autoDraw = True
1390.1981 	EXP 	Sound sound_1 reached end of file
1390.6922 	EXP 	textblank1000: autoDraw = False
1390.6922 	EXP 	textblank1000: autoDraw = False
1390.6922 	EXP 	emopic: image = 'emo_pic\\positive_low_7340.jpg'
1390.6922 	EXP 	emopic: autoDraw = True
1391.7084 	EXP 	emopic: autoDraw = False
1391.7084 	EXP 	emopic: autoDraw = False
1391.7084 	EXP 	textreproductionstart: text = '時間估計作業\n\n請透過滑鼠將刺激呈現時間點在以下量尺中\n按下空白鍵進入下一題'
1391.7084 	EXP 	scale: markerPos = None
1391.7084 	EXP 	scale: markerPos = None
1391.7084 	EXP 	textreproductionstart: autoDraw = True
1391.7084 	EXP 	scale: autoDraw = True
1397.3427 	DATA 	Mouse: Left button down, pos=(373,325)
1397.3752 	EXP 	scale: markerPos = 0.7060185185185184
1397.4085 	EXP 	scale: markerPos = 0.7060185185185184
1397.4094 	DATA 	Mouse:  Left button up, pos=(373,325)
1397.4419 	EXP 	scale: markerPos = 0.7060185185185184
1404.3490 	DATA 	KeyPress:  
1404.3586 	EXP 	textreproductionstart: autoDraw = False
1404.3586 	EXP 	scale: autoDraw = False
1404.3586 	EXP 	textrest: autoDraw = True
1429.3424 	EXP 	Sound sound_2 started
1429.3424 	EXP 	textready: autoDraw = True
1429.3590 	EXP 	textrest: autoDraw = False
1429.8813 	EXP 	Sound sound_2 reached end of file
1434.3262 	EXP 	New trial (rep=0, index=15): {'emo_pic': 'emo_pic\\positive_high_8492.jpg', 'duration': 1}
1434.3424 	EXP 	Sound sound_1 started
1434.3425 	EXP 	textready: autoDraw = False
1434.3425 	EXP 	textrest: autoDraw = False
1434.3425 	EXP 	textready: autoDraw = False
1434.3425 	EXP 	textblank1000: autoDraw = True
1434.8816 	EXP 	Sound sound_1 reached end of file
1435.3591 	EXP 	textblank1000: autoDraw = False
1435.3591 	EXP 	textblank1000: autoDraw = False
1435.3591 	EXP 	emopic: image = 'emo_pic\\positive_high_8492.jpg'
1435.3591 	EXP 	emopic: autoDraw = True
1436.3758 	EXP 	emopic: autoDraw = False
1436.3758 	EXP 	emopic: autoDraw = False
1436.3758 	EXP 	textreproductionstart: text = '時間估計作業\n\n請透過滑鼠將刺激呈現時間點在以下量尺中\n按下空白鍵進入下一題'
1436.3758 	EXP 	scale: markerPos = None
1436.3758 	EXP 	scale: markerPos = None
1436.3758 	EXP 	textreproductionstart: autoDraw = True
1436.3758 	EXP 	scale: autoDraw = True
1440.6938 	DATA 	Mouse: Left button down, pos=(361,328)
1440.7263 	EXP 	scale: markerPos = 0.5671296296296297
1440.7597 	EXP 	scale: markerPos = 0.5671296296296297
1440.7760 	DATA 	Mouse:  Left button up, pos=(361,328)
1440.7930 	EXP 	scale: markerPos = 0.5671296296296297
1440.8263 	EXP 	scale: markerPos = 0.5671296296296297
1442.2272 	DATA 	Mouse: Left button down, pos=(355,328)
1442.2597 	EXP 	scale: markerPos = 0.4976851851851849
1442.2762 	DATA 	Mouse:  Left button up, pos=(355,328)
1442.2930 	EXP 	scale: markerPos = 0.4976851851851849
1442.3264 	EXP 	scale: markerPos = 0.4976851851851849
1450.9670 	DATA 	KeyPress:  
1450.9765 	EXP 	textreproductionstart: autoDraw = False
1450.9765 	EXP 	scale: autoDraw = False
1450.9765 	EXP 	textrest: autoDraw = True
1475.9602 	EXP 	Sound sound_2 started
1475.9602 	EXP 	textready: autoDraw = True
1475.9769 	EXP 	textrest: autoDraw = False
1476.4999 	EXP 	Sound sound_2 reached end of file
1480.9440 	EXP 	New trial (rep=0, index=16): {'emo_pic': 'emo_pic\\pneutral_7233.jpg', 'duration': 5}
1480.9603 	EXP 	Sound sound_1 started
1480.9603 	EXP 	textready: autoDraw = False
1480.9603 	EXP 	textrest: autoDraw = False
1480.9603 	EXP 	textready: autoDraw = False
1480.9603 	EXP 	textblank1000: autoDraw = True
1481.5000 	EXP 	Sound sound_1 reached end of file
1481.9770 	EXP 	textblank1000: autoDraw = False
1481.9770 	EXP 	textblank1000: autoDraw = False
1481.9770 	EXP 	emopic: image = 'emo_pic\\pneutral_7233.jpg'
1481.9770 	EXP 	emopic: autoDraw = True
1486.9933 	EXP 	emopic: autoDraw = False
1486.9933 	EXP 	emopic: autoDraw = False
1486.9933 	EXP 	textreproductionstart: text = '時間估計作業\n\n請透過滑鼠將刺激呈現時間點在以下量尺中\n按下空白鍵進入下一題'
1486.9933 	EXP 	scale: markerPos = None
1486.9933 	EXP 	scale: markerPos = None
1486.9933 	EXP 	textreproductionstart: autoDraw = True
1486.9933 	EXP 	scale: autoDraw = True
1492.0947 	DATA 	Mouse: Left button down, pos=(897,322)
1492.1272 	EXP 	scale: markerPos = 6.770833333333333
1492.1605 	EXP 	scale: markerPos = 6.770833333333333
1492.1938 	EXP 	scale: markerPos = 6.770833333333333
1492.2272 	EXP 	scale: markerPos = 6.770833333333333
1492.2280 	DATA 	Mouse:  Left button up, pos=(897,322)
1492.2605 	EXP 	scale: markerPos = 6.770833333333333
1497.7772 	EXP 	textreproductionstart: autoDraw = False
1497.7772 	EXP 	scale: autoDraw = False
1497.7772 	EXP 	textrest: autoDraw = True
1497.7825 	DATA 	KeyPress:  
1522.7610 	EXP 	Sound sound_2 started
1522.7610 	EXP 	textready: autoDraw = True
1522.7776 	EXP 	textrest: autoDraw = False
1523.3006 	EXP 	Sound sound_2 reached end of file
1527.7448 	EXP 	New trial (rep=0, index=17): {'emo_pic': 'emo_pic\\positive_high_5621.jpg', 'duration': 5}
1527.7610 	EXP 	Sound sound_1 started
1527.7611 	EXP 	textready: autoDraw = False
1527.7611 	EXP 	textrest: autoDraw = False
1527.7611 	EXP 	textready: autoDraw = False
1527.7611 	EXP 	textblank1000: autoDraw = True
1528.3000 	EXP 	Sound sound_1 reached end of file
1528.7944 	EXP 	textblank1000: autoDraw = False
1528.7944 	EXP 	textblank1000: autoDraw = False
1528.7944 	EXP 	emopic: image = 'emo_pic\\positive_high_5621.jpg'
1528.7944 	EXP 	emopic: autoDraw = True
1533.8107 	EXP 	emopic: autoDraw = False
1533.8107 	EXP 	emopic: autoDraw = False
1533.8107 	EXP 	textreproductionstart: text = '時間估計作業\n\n請透過滑鼠將刺激呈現時間點在以下量尺中\n按下空白鍵進入下一題'
1533.8107 	EXP 	scale: markerPos = None
1533.8107 	EXP 	scale: markerPos = None
1533.8107 	EXP 	textreproductionstart: autoDraw = True
1533.8107 	EXP 	scale: autoDraw = True
1537.0925 	DATA 	Mouse: Left button down, pos=(972,322)
1537.1274 	EXP 	scale: markerPos = 7.638888888888889
1537.1607 	EXP 	scale: markerPos = 7.638888888888889
1537.1767 	DATA 	Mouse:  Left button up, pos=(972,322)
1537.1941 	EXP 	scale: markerPos = 7.638888888888889
1537.2274 	EXP 	scale: markerPos = 7.638888888888889
1541.6682 	DATA 	KeyPress:  
1541.6776 	EXP 	textreproductionstart: autoDraw = False
1541.6776 	EXP 	scale: autoDraw = False
1541.6776 	EXP 	textrest: autoDraw = True
1566.6617 	EXP 	Sound sound_2 started
1566.6616 	EXP 	textready: autoDraw = True
1566.6783 	EXP 	textrest: autoDraw = False
1567.2007 	EXP 	Sound sound_2 reached end of file
1571.6455 	EXP 	New trial (rep=0, index=18): {'emo_pic': 'emo_pic\\pnegative_high_1201.jpg', 'duration': 5}
1571.6617 	EXP 	Sound sound_1 started
1571.6617 	EXP 	textready: autoDraw = False
1571.6617 	EXP 	textrest: autoDraw = False
1571.6617 	EXP 	textready: autoDraw = False
1571.6617 	EXP 	textblank1000: autoDraw = True
1572.2014 	EXP 	Sound sound_1 reached end of file
1572.6951 	EXP 	textblank1000: autoDraw = False
1572.6951 	EXP 	textblank1000: autoDraw = False
1572.6951 	EXP 	emopic: image = 'emo_pic\\pnegative_high_1201.jpg'
1572.6951 	EXP 	emopic: autoDraw = True
1577.7114 	EXP 	emopic: autoDraw = False
1577.7114 	EXP 	emopic: autoDraw = False
1577.7114 	EXP 	textreproductionstart: text = '時間估計作業\n\n請透過滑鼠將刺激呈現時間點在以下量尺中\n按下空白鍵進入下一題'
1577.7114 	EXP 	scale: markerPos = None
1577.7114 	EXP 	scale: markerPos = None
1577.7114 	EXP 	textreproductionstart: autoDraw = True
1577.7114 	EXP 	scale: autoDraw = True
1580.9767 	DATA 	Mouse: Left button down, pos=(968,328)
1581.0114 	EXP 	scale: markerPos = 7.5925925925925934
1581.0448 	EXP 	scale: markerPos = 7.5925925925925934
1581.0456 	DATA 	Mouse:  Left button up, pos=(968,328)
1581.0781 	EXP 	scale: markerPos = 7.5925925925925934
1597.8859 	DATA 	KeyPress:  
1597.8955 	EXP 	textreproductionstart: autoDraw = False
1597.8955 	EXP 	scale: autoDraw = False
1597.8955 	EXP 	textrest: autoDraw = True
1622.8792 	EXP 	Sound sound_2 started
1622.8792 	EXP 	textready: autoDraw = True
1622.8959 	EXP 	textrest: autoDraw = False
1623.4184 	EXP 	Sound sound_2 reached end of file
1627.8630 	EXP 	New trial (rep=0, index=19): {'emo_pic': 'emo_pic\\pneutral_5500.jpg', 'duration': 1}
1627.8793 	EXP 	Sound sound_1 started
1627.8793 	EXP 	textready: autoDraw = False
1627.8793 	EXP 	textrest: autoDraw = False
1627.8793 	EXP 	textready: autoDraw = False
1627.8793 	EXP 	textblank1000: autoDraw = True
1628.4183 	EXP 	Sound sound_1 reached end of file
1628.8960 	EXP 	textblank1000: autoDraw = False
1628.8960 	EXP 	textblank1000: autoDraw = False
1628.8960 	EXP 	emopic: image = 'emo_pic\\pneutral_5500.jpg'
1628.8960 	EXP 	emopic: autoDraw = True
1629.9122 	EXP 	emopic: autoDraw = False
1629.9122 	EXP 	emopic: autoDraw = False
1629.9122 	EXP 	textreproductionstart: text = '時間估計作業\n\n請透過滑鼠將刺激呈現時間點在以下量尺中\n按下空白鍵進入下一題'
1629.9122 	EXP 	scale: markerPos = None
1629.9122 	EXP 	scale: markerPos = None
1629.9122 	EXP 	textreproductionstart: autoDraw = True
1629.9122 	EXP 	scale: autoDraw = True
1633.6110 	DATA 	Mouse: Left button down, pos=(380,327)
1633.6456 	EXP 	scale: markerPos = 0.7870370370370355
1633.6789 	EXP 	scale: markerPos = 0.7870370370370355
1633.6798 	DATA 	Mouse:  Left button up, pos=(380,327)
1633.7122 	EXP 	scale: markerPos = 0.7870370370370355
1638.8290 	EXP 	textreproductionstart: autoDraw = False
1638.8290 	EXP 	scale: autoDraw = False
1638.8290 	EXP 	textrest: autoDraw = True
1638.8340 	DATA 	KeyPress:  
1649.8303 	DATA 	Mouse: Left button down, pos=(914,322)
1649.8968 	DATA 	Mouse:  Left button up, pos=(914,322)
1650.6136 	DATA 	Mouse: Left button down, pos=(1220,545)
1650.7469 	DATA 	Mouse:  Left button up, pos=(1220,545)
1653.4303 	DATA 	Keypress: escape
1653.9337 	EXP 	window1: mouseVisible = True
